<?xml version="1.0" encoding="UTF-8"?>
<testsuite name="tourGuide.TestRewardsService" tests="3" skipped="0" failures="0" errors="0" timestamp="2022-07-13T08:16:39" hostname="DESKTOP-LLPVODE" time="14.801">
  <properties/>
  <testcase name="nearAllAttractions" classname="tourGuide.TestRewardsService" time="13.846"/>
  <testcase name="userGetRewards" classname="tourGuide.TestRewardsService" time="0.923"/>
  <testcase name="isWithinAttractionProximity" classname="tourGuide.TestRewardsService" time="0.011"/>
  <system-out><![CDATA[10:16:39.923 [Test worker] INFO tourGuide.service.TourGuideService - TestMode enabled
10:16:39.923 [Test worker] DEBUG tourGuide.service.TourGuideService - Initializing users
10:16:39.923 [Test worker] DEBUG tourGuide.service.TourGuideService - Created 1 internal test users.
10:16:39.923 [Test worker] DEBUG tourGuide.service.TourGuideService - Finished initializing users
10:16:39.923 [pool-3-thread-1] DEBUG tourGuide.tracker.Tracker - Begin Tracker. Tracking 1 users.
10:16:39.938 [Test worker] DEBUG tourGuide.service.RewardsService - Begin Tracker. #3.1.0 Tracking USER internalUser0
10:16:39.938 [Test worker] DEBUG tourGuide.service.RewardsService - Begin Tracker. #3.1.1 Tracking USER internalUser0 latitutde 15.374689756978938 longitude -73.90358768800424
10:16:39.975 [pool-3-thread-1] DEBUG tourGuide.service.TourGuideService - Begin Tracker. #1 Tracking USER internalUser0
10:16:53.730 [Test worker] DEBUG tourGuide.service.RewardsService - Begin Tracker. #3.1.2 Tracking USER internalUser0
10:16:53.730 [Test worker] DEBUG tourGuide.service.RewardsService - Begin Tracker. #3.1.1 Tracking USER internalUser0 latitutde 2.870465678634119 longitude 70.09383684552267
10:16:53.745 [Test worker] DEBUG tourGuide.service.RewardsService - Begin Tracker. #3.1.2 Tracking USER internalUser0
10:16:53.745 [Test worker] DEBUG tourGuide.service.RewardsService - Begin Tracker. #3.1.1 Tracking USER internalUser0 latitutde 43.09093733328456 longitude 22.615638443931317
10:16:53.745 [Test worker] DEBUG tourGuide.service.RewardsService - Begin Tracker. #3.1.2 Tracking USER internalUser0
10:16:53.745 [pool-3-thread-1] DEBUG tourGuide.service.TourGuideService - Begin Tracker. #2 Tracking USER internalUser0 latitutde 59.160731 longitude 174.548769
10:16:53.745 [Test worker] DEBUG tourGuide.service.RewardsService - Begin Tracker. #3.2 Tracking USER internalUser0
10:16:53.745 [Test worker] DEBUG tourGuide.tracker.Tracker - Tracker stopping (0)
10:16:53.745 [pool-3-thread-1] DEBUG tourGuide.service.RewardsService - Begin Tracker. #3.1.0 Tracking USER internalUser0
10:16:53.745 [pool-3-thread-1] DEBUG tourGuide.service.RewardsService - Begin Tracker. #3.1.1 Tracking USER internalUser0 latitutde 15.374689756978938 longitude -73.90358768800424
10:16:53.745 [pool-3-thread-1] DEBUG tourGuide.service.RewardsService - Begin Tracker. #3.1.2 Tracking USER internalUser0
10:16:53.745 [pool-3-thread-1] DEBUG tourGuide.service.RewardsService - Begin Tracker. #3.1.1 Tracking USER internalUser0 latitutde 2.870465678634119 longitude 70.09383684552267
10:16:53.745 [pool-3-thread-1] DEBUG tourGuide.service.RewardsService - Begin Tracker. #3.1.2 Tracking USER internalUser0
10:16:53.745 [pool-3-thread-1] DEBUG tourGuide.service.RewardsService - Begin Tracker. #3.1.1 Tracking USER internalUser0 latitutde 43.09093733328456 longitude 22.615638443931317
10:16:53.745 [pool-3-thread-1] DEBUG tourGuide.service.RewardsService - Begin Tracker. #3.1.2 Tracking USER internalUser0
10:16:53.745 [pool-3-thread-1] DEBUG tourGuide.service.RewardsService - Begin Tracker. #3.1.1 Tracking USER internalUser0 latitutde 59.160731 longitude 174.548769
10:16:53.745 [pool-3-thread-1] DEBUG tourGuide.service.RewardsService - Begin Tracker. #3.1.2 Tracking USER internalUser0
10:16:53.745 [pool-3-thread-1] DEBUG tourGuide.service.RewardsService - Begin Tracker. #3.2 Tracking USER internalUser0
10:16:53.745 [pool-3-thread-1] DEBUG tourGuide.service.TourGuideService - Begin Tracker. #4 Tracking USER internalUser0
10:16:53.745 [pool-3-thread-1] DEBUG tourGuide.tracker.Tracker - Tracker Time Elapsed: 13 seconds.
10:16:53.745 [pool-3-thread-1] DEBUG tourGuide.tracker.Tracker - Tracker sleeping
10:16:53.777 [Test worker] INFO tourGuide.service.TourGuideService - TestMode enabled
10:16:53.777 [Test worker] DEBUG tourGuide.service.TourGuideService - Initializing users
10:16:53.792 [Test worker] DEBUG tourGuide.service.TourGuideService - Created 0 internal test users.
10:16:53.792 [Test worker] DEBUG tourGuide.service.TourGuideService - Finished initializing users
10:16:53.797 [pool-4-thread-1] DEBUG tourGuide.tracker.Tracker - Begin Tracker. Tracking 0 users.
10:16:53.797 [pool-4-thread-1] DEBUG tourGuide.tracker.Tracker - Tracker Time Elapsed: 0 seconds.
10:16:53.797 [pool-4-thread-1] DEBUG tourGuide.tracker.Tracker - Tracker sleeping
10:16:53.906 [Test worker] DEBUG tourGuide.service.TourGuideService - Begin Tracker. #1 Tracking USER jon
10:16:53.906 [Test worker] DEBUG tourGuide.service.TourGuideService - Begin Tracker. #2 Tracking USER jon latitutde 82.726871 longitude 7.684228
10:16:53.921 [Test worker] DEBUG tourGuide.service.RewardsService - Begin Tracker. #3.1.0 Tracking USER jon
10:16:53.921 [Test worker] DEBUG tourGuide.service.RewardsService - Begin Tracker. #3.1.1 Tracking USER jon latitutde 33.817595 longitude -117.922008
10:16:54.700 [Test worker] DEBUG tourGuide.service.RewardsService - Begin Tracker. #3.1.2 Tracking USER jon
10:16:54.700 [Test worker] DEBUG tourGuide.service.RewardsService - Begin Tracker. #3.1.1 Tracking USER jon latitutde 82.726871 longitude 7.684228
10:16:54.700 [Test worker] DEBUG tourGuide.service.RewardsService - Begin Tracker. #3.1.2 Tracking USER jon
10:16:54.700 [Test worker] DEBUG tourGuide.service.RewardsService - Begin Tracker. #3.2 Tracking USER jon
10:16:54.700 [Test worker] DEBUG tourGuide.service.TourGuideService - Begin Tracker. #4 Tracking USER jon
10:16:54.700 [Test worker] DEBUG tourGuide.tracker.Tracker - Tracker stopping (0)
10:16:54.700 [pool-4-thread-1] DEBUG tourGuide.tracker.Tracker - Tracker stopping (2)
]]></system-out>
  <system-err><![CDATA[]]></system-err>
</testsuite>
