<?xml version="1.0" encoding="UTF-8"?>
<testsuite name="tourGuide.TestPerformance" tests="2" skipped="0" failures="0" errors="0" timestamp="2022-07-13T08:15:40" hostname="DESKTOP-LLPVODE" time="59.28">
  <properties/>
  <testcase name="highVolumeTrackLocation" classname="tourGuide.TestPerformance" time="8.884"/>
  <testcase name="highVolumeGetRewards" classname="tourGuide.TestPerformance" time="50.396"/>
  <system-out><![CDATA[10:15:40.895 [Test worker] INFO tourGuide.service.TourGuideService - TestMode enabled
10:15:40.910 [Test worker] DEBUG tourGuide.service.TourGuideService - Initializing users
10:15:41.164 [Test worker] DEBUG tourGuide.service.TourGuideService - Created 100 internal test users.
10:15:41.164 [Test worker] DEBUG tourGuide.service.TourGuideService - Finished initializing users
DÃ©but boucle
10:15:41.196 [pool-1-thread-1] DEBUG tourGuide.tracker.Tracker - Begin Tracker. Tracking 100 users.
10:15:41.244 [pool-1-thread-1] DEBUG tourGuide.service.TourGuideService - Begin Tracker. #1 Tracking USER internalUser78
10:15:41.244 [pool-1-thread-1] DEBUG tourGuide.service.TourGuideService - Begin Tracker. #2 Tracking USER internalUser78 latitutde -60.99788 longitude 86.648532
10:15:41.259 [pool-1-thread-1] DEBUG tourGuide.service.RewardsService - Begin Tracker. #3.1.0 Tracking USER internalUser78
10:15:41.259 [pool-1-thread-1] DEBUG tourGuide.service.RewardsService - Begin Tracker. #3.1.1 Tracking USER internalUser78 latitutde -48.47729582725916 longitude 72.95706499227705
10:15:41.275 [pool-1-thread-1] DEBUG tourGuide.service.RewardsService - Begin Tracker. #3.1.2 Tracking USER internalUser78
10:15:41.275 [pool-1-thread-1] DEBUG tourGuide.service.RewardsService - Begin Tracker. #3.1.1 Tracking USER internalUser78 latitutde 82.53015289302269 longitude 45.726980551565816
10:15:41.275 [pool-1-thread-1] DEBUG tourGuide.service.RewardsService - Begin Tracker. #3.1.2 Tracking USER internalUser78
10:15:41.275 [pool-1-thread-1] DEBUG tourGuide.service.RewardsService - Begin Tracker. #3.1.1 Tracking USER internalUser78 latitutde -24.5159943580138 longitude -96.80131385649702
10:15:41.275 [pool-1-thread-1] DEBUG tourGuide.service.RewardsService - Begin Tracker. #3.1.2 Tracking USER internalUser78
10:15:41.291 [pool-1-thread-1] DEBUG tourGuide.service.RewardsService - Begin Tracker. #3.1.1 Tracking USER internalUser78 latitutde -60.99788 longitude 86.648532
10:15:41.291 [pool-1-thread-1] DEBUG tourGuide.service.RewardsService - Begin Tracker. #3.1.2 Tracking USER internalUser78
10:15:41.291 [pool-1-thread-1] DEBUG tourGuide.service.RewardsService - Begin Tracker. #3.2 Tracking USER internalUser78
10:15:41.306 [pool-1-thread-1] DEBUG tourGuide.service.TourGuideService - Begin Tracker. #4 Tracking USER internalUser78
10:15:41.313 [Test worker] DEBUG tourGuide.service.TourGuideService - Begin Tracker. #1 Tracking USER internalUser78
10:15:41.318 [Test worker] DEBUG tourGuide.service.TourGuideService - Begin Tracker. #2 Tracking USER internalUser78 latitutde -53.475034 longitude 74.016595
10:15:41.334 [Test worker] DEBUG tourGuide.service.RewardsService - Begin Tracker. #3.1.0 Tracking USER internalUser78
10:15:41.336 [Test worker] DEBUG tourGuide.service.RewardsService - Begin Tracker. #3.1.1 Tracking USER internalUser78 latitutde -48.47729582725916 longitude 72.95706499227705
10:15:41.337 [Test worker] DEBUG tourGuide.service.RewardsService - Begin Tracker. #3.1.2 Tracking USER internalUser78
10:15:41.339 [Test worker] DEBUG tourGuide.service.RewardsService - Begin Tracker. #3.1.1 Tracking USER internalUser78 latitutde 82.53015289302269 longitude 45.726980551565816
10:15:41.340 [Test worker] DEBUG tourGuide.service.RewardsService - Begin Tracker. #3.1.2 Tracking USER internalUser78
10:15:41.341 [Test worker] DEBUG tourGuide.service.RewardsService - Begin Tracker. #3.1.1 Tracking USER internalUser78 latitutde -24.5159943580138 longitude -96.80131385649702
10:15:41.343 [Test worker] DEBUG tourGuide.service.RewardsService - Begin Tracker. #3.1.2 Tracking USER internalUser78
10:15:41.344 [Test worker] DEBUG tourGuide.service.RewardsService - Begin Tracker. #3.1.1 Tracking USER internalUser78 latitutde -60.99788 longitude 86.648532
10:15:41.345 [Test worker] DEBUG tourGuide.service.RewardsService - Begin Tracker. #3.1.2 Tracking USER internalUser78
10:15:41.345 [Test worker] DEBUG tourGuide.service.RewardsService - Begin Tracker. #3.1.1 Tracking USER internalUser78 latitutde -53.475034 longitude 74.016595
10:15:41.346 [Test worker] DEBUG tourGuide.service.RewardsService - Begin Tracker. #3.1.2 Tracking USER internalUser78
10:15:41.347 [Test worker] DEBUG tourGuide.service.RewardsService - Begin Tracker. #3.2 Tracking USER internalUser78
10:15:41.348 [Test worker] DEBUG tourGuide.service.TourGuideService - Begin Tracker. #4 Tracking USER internalUser78
10:15:41.360 [pool-1-thread-1] DEBUG tourGuide.service.TourGuideService - Begin Tracker. #1 Tracking USER internalUser77
10:15:41.360 [pool-1-thread-1] DEBUG tourGuide.service.TourGuideService - Begin Tracker. #2 Tracking USER internalUser77 latitutde 43.008643 longitude 60.812035
10:15:41.371 [pool-1-thread-1] DEBUG tourGuide.service.RewardsService - Begin Tracker. #3.1.0 Tracking USER internalUser77
10:15:41.372 [pool-1-thread-1] DEBUG tourGuide.service.RewardsService - Begin Tracker. #3.1.1 Tracking USER internalUser77 latitutde -39.511541714141416 longitude -98.27511477835851
10:15:41.377 [pool-1-thread-1] DEBUG tourGuide.service.RewardsService - Begin Tracker. #3.1.2 Tracking USER internalUser77
10:15:41.377 [pool-1-thread-1] DEBUG tourGuide.service.RewardsService - Begin Tracker. #3.1.1 Tracking USER internalUser77 latitutde 74.33373397093715 longitude -125.94283037165141
10:15:41.383 [pool-1-thread-1] DEBUG tourGuide.service.RewardsService - Begin Tracker. #3.1.2 Tracking USER internalUser77
10:15:41.383 [pool-1-thread-1] DEBUG tourGuide.service.RewardsService - Begin Tracker. #3.1.1 Tracking USER internalUser77 latitutde 6.223493121931938 longitude 36.32352289562067
10:15:41.385 [pool-1-thread-1] DEBUG tourGuide.service.RewardsService - Begin Tracker. #3.1.2 Tracking USER internalUser77
10:15:41.385 [pool-1-thread-1] DEBUG tourGuide.service.RewardsService - Begin Tracker. #3.1.1 Tracking USER internalUser77 latitutde 43.008643 longitude 60.812035
10:15:41.391 [pool-1-thread-1] DEBUG tourGuide.service.RewardsService - Begin Tracker. #3.1.2 Tracking USER internalUser77
10:15:41.393 [pool-1-thread-1] DEBUG tourGuide.service.RewardsService - Begin Tracker. #3.2 Tracking USER internalUser77
10:15:41.393 [pool-1-thread-1] DEBUG tourGuide.service.TourGuideService - Begin Tracker. #4 Tracking USER internalUser77
10:15:41.411 [Test worker] DEBUG tourGuide.service.TourGuideService - Begin Tracker. #1 Tracking USER internalUser77
10:15:41.411 [Test worker] DEBUG tourGuide.service.TourGuideService - Begin Tracker. #2 Tracking USER internalUser77 latitutde 33.495703 longitude -149.530668
10:15:41.432 [Test worker] DEBUG tourGuide.service.RewardsService - Begin Tracker. #3.1.0 Tracking USER internalUser77
10:15:41.432 [Test worker] DEBUG tourGuide.service.RewardsService - Begin Tracker. #3.1.1 Tracking USER internalUser77 latitutde -39.511541714141416 longitude -98.27511477835851
10:15:41.433 [Test worker] DEBUG tourGuide.service.RewardsService - Begin Tracker. #3.1.2 Tracking USER internalUser77
10:15:41.434 [Test worker] DEBUG tourGuide.service.RewardsService - Begin Tracker. #3.1.1 Tracking USER internalUser77 latitutde 74.33373397093715 longitude -125.94283037165141
10:15:41.438 [Test worker] DEBUG tourGuide.service.RewardsService - Begin Tracker. #3.1.2 Tracking USER internalUser77
10:15:41.441 [Test worker] DEBUG tourGuide.service.RewardsService - Begin Tracker. #3.1.1 Tracking USER internalUser77 latitutde 6.223493121931938 longitude 36.32352289562067
10:15:41.447 [Test worker] DEBUG tourGuide.service.RewardsService - Begin Tracker. #3.1.2 Tracking USER internalUser77
10:15:41.448 [Test worker] DEBUG tourGuide.service.RewardsService - Begin Tracker. #3.1.1 Tracking USER internalUser77 latitutde 43.008643 longitude 60.812035
10:15:41.450 [Test worker] DEBUG tourGuide.service.RewardsService - Begin Tracker. #3.1.2 Tracking USER internalUser77
10:15:41.451 [Test worker] DEBUG tourGuide.service.RewardsService - Begin Tracker. #3.1.1 Tracking USER internalUser77 latitutde 33.495703 longitude -149.530668
10:15:41.453 [Test worker] DEBUG tourGuide.service.RewardsService - Begin Tracker. #3.1.2 Tracking USER internalUser77
10:15:41.453 [Test worker] DEBUG tourGuide.service.RewardsService - Begin Tracker. #3.2 Tracking USER internalUser77
10:15:41.454 [Test worker] DEBUG tourGuide.service.TourGuideService - Begin Tracker. #4 Tracking USER internalUser77
10:15:41.455 [pool-1-thread-1] DEBUG tourGuide.service.TourGuideService - Begin Tracker. #1 Tracking USER internalUser79
10:15:41.456 [pool-1-thread-1] DEBUG tourGuide.service.TourGuideService - Begin Tracker. #2 Tracking USER internalUser79 latitutde 14.227574 longitude 134.691156
10:15:41.469 [pool-1-thread-1] DEBUG tourGuide.service.RewardsService - Begin Tracker. #3.1.0 Tracking USER internalUser79
10:15:41.472 [pool-1-thread-1] DEBUG tourGuide.service.RewardsService - Begin Tracker. #3.1.1 Tracking USER internalUser79 latitutde -7.308022712966263 longitude 9.083886485648009
10:15:41.472 [pool-1-thread-1] DEBUG tourGuide.service.RewardsService - Begin Tracker. #3.1.2 Tracking USER internalUser79
10:15:41.472 [pool-1-thread-1] DEBUG tourGuide.service.RewardsService - Begin Tracker. #3.1.1 Tracking USER internalUser79 latitutde -55.42704513200769 longitude 110.7494353909716
10:15:41.482 [pool-1-thread-1] DEBUG tourGuide.service.RewardsService - Begin Tracker. #3.1.2 Tracking USER internalUser79
10:15:41.482 [pool-1-thread-1] DEBUG tourGuide.service.RewardsService - Begin Tracker. #3.1.1 Tracking USER internalUser79 latitutde 78.8681219265329 longitude 41.158796978945475
10:15:41.483 [pool-1-thread-1] DEBUG tourGuide.service.RewardsService - Begin Tracker. #3.1.2 Tracking USER internalUser79
10:15:41.483 [pool-1-thread-1] DEBUG tourGuide.service.RewardsService - Begin Tracker. #3.1.1 Tracking USER internalUser79 latitutde 14.227574 longitude 134.691156
10:15:41.483 [pool-1-thread-1] DEBUG tourGuide.service.RewardsService - Begin Tracker. #3.1.2 Tracking USER internalUser79
10:15:41.483 [pool-1-thread-1] DEBUG tourGuide.service.RewardsService - Begin Tracker. #3.2 Tracking USER internalUser79
10:15:41.483 [pool-1-thread-1] DEBUG tourGuide.service.TourGuideService - Begin Tracker. #4 Tracking USER internalUser79
10:15:41.525 [pool-1-thread-1] DEBUG tourGuide.service.TourGuideService - Begin Tracker. #1 Tracking USER internalUser74
10:15:41.525 [pool-1-thread-1] DEBUG tourGuide.service.TourGuideService - Begin Tracker. #2 Tracking USER internalUser74 latitutde -11.582855 longitude 105.856062
10:15:41.528 [Test worker] DEBUG tourGuide.service.TourGuideService - Begin Tracker. #1 Tracking USER internalUser79
10:15:41.529 [Test worker] DEBUG tourGuide.service.TourGuideService - Begin Tracker. #2 Tracking USER internalUser79 latitutde -9.58732 longitude -2.364362
10:15:41.543 [pool-1-thread-1] DEBUG tourGuide.service.RewardsService - Begin Tracker. #3.1.0 Tracking USER internalUser74
10:15:41.544 [pool-1-thread-1] DEBUG tourGuide.service.RewardsService - Begin Tracker. #3.1.1 Tracking USER internalUser74 latitutde -52.58130753685906 longitude 86.27439036544962
10:15:41.546 [pool-1-thread-1] DEBUG tourGuide.service.RewardsService - Begin Tracker. #3.1.2 Tracking USER internalUser74
10:15:41.547 [pool-1-thread-1] DEBUG tourGuide.service.RewardsService - Begin Tracker. #3.1.1 Tracking USER internalUser74 latitutde -42.16531490531983 longitude -34.6152310718638
10:15:41.547 [pool-1-thread-1] DEBUG tourGuide.service.RewardsService - Begin Tracker. #3.1.2 Tracking USER internalUser74
10:15:41.547 [pool-1-thread-1] DEBUG tourGuide.service.RewardsService - Begin Tracker. #3.1.1 Tracking USER internalUser74 latitutde -10.751547865520209 longitude -178.01507287424272
10:15:41.547 [pool-1-thread-1] DEBUG tourGuide.service.RewardsService - Begin Tracker. #3.1.2 Tracking USER internalUser74
10:15:41.548 [pool-1-thread-1] DEBUG tourGuide.service.RewardsService - Begin Tracker. #3.1.1 Tracking USER internalUser74 latitutde -11.582855 longitude 105.856062
10:15:41.548 [pool-1-thread-1] DEBUG tourGuide.service.RewardsService - Begin Tracker. #3.1.2 Tracking USER internalUser74
10:15:41.548 [pool-1-thread-1] DEBUG tourGuide.service.RewardsService - Begin Tracker. #3.2 Tracking USER internalUser74
10:15:41.548 [pool-1-thread-1] DEBUG tourGuide.service.TourGuideService - Begin Tracker. #4 Tracking USER internalUser74
10:15:41.552 [Test worker] DEBUG tourGuide.service.RewardsService - Begin Tracker. #3.1.0 Tracking USER internalUser79
10:15:41.553 [Test worker] DEBUG tourGuide.service.RewardsService - Begin Tracker. #3.1.1 Tracking USER internalUser79 latitutde -7.308022712966263 longitude 9.083886485648009
10:15:41.553 [Test worker] DEBUG tourGuide.service.RewardsService - Begin Tracker. #3.1.2 Tracking USER internalUser79
10:15:41.553 [Test worker] DEBUG tourGuide.service.RewardsService - Begin Tracker. #3.1.1 Tracking USER internalUser79 latitutde -55.42704513200769 longitude 110.7494353909716
10:15:41.553 [Test worker] DEBUG tourGuide.service.RewardsService - Begin Tracker. #3.1.2 Tracking USER internalUser79
10:15:41.553 [Test worker] DEBUG tourGuide.service.RewardsService - Begin Tracker. #3.1.1 Tracking USER internalUser79 latitutde 78.8681219265329 longitude 41.158796978945475
10:15:41.554 [Test worker] DEBUG tourGuide.service.RewardsService - Begin Tracker. #3.1.2 Tracking USER internalUser79
10:15:41.554 [Test worker] DEBUG tourGuide.service.RewardsService - Begin Tracker. #3.1.1 Tracking USER internalUser79 latitutde 14.227574 longitude 134.691156
10:15:41.554 [Test worker] DEBUG tourGuide.service.RewardsService - Begin Tracker. #3.1.2 Tracking USER internalUser79
10:15:41.554 [Test worker] DEBUG tourGuide.service.RewardsService - Begin Tracker. #3.1.1 Tracking USER internalUser79 latitutde -9.58732 longitude -2.364362
10:15:41.554 [Test worker] DEBUG tourGuide.service.RewardsService - Begin Tracker. #3.1.2 Tracking USER internalUser79
10:15:41.554 [Test worker] DEBUG tourGuide.service.RewardsService - Begin Tracker. #3.2 Tracking USER internalUser79
10:15:41.554 [Test worker] DEBUG tourGuide.service.TourGuideService - Begin Tracker. #4 Tracking USER internalUser79
10:15:41.593 [Test worker] DEBUG tourGuide.service.TourGuideService - Begin Tracker. #1 Tracking USER internalUser74
10:15:41.594 [Test worker] DEBUG tourGuide.service.TourGuideService - Begin Tracker. #2 Tracking USER internalUser74 latitutde 77.068537 longitude -147.824968
10:15:41.605 [Test worker] DEBUG tourGuide.service.RewardsService - Begin Tracker. #3.1.0 Tracking USER internalUser74
10:15:41.605 [Test worker] DEBUG tourGuide.service.RewardsService - Begin Tracker. #3.1.1 Tracking USER internalUser74 latitutde -52.58130753685906 longitude 86.27439036544962
10:15:41.607 [Test worker] DEBUG tourGuide.service.RewardsService - Begin Tracker. #3.1.2 Tracking USER internalUser74
10:15:41.608 [Test worker] DEBUG tourGuide.service.RewardsService - Begin Tracker. #3.1.1 Tracking USER internalUser74 latitutde -42.16531490531983 longitude -34.6152310718638
10:15:41.612 [Test worker] DEBUG tourGuide.service.RewardsService - Begin Tracker. #3.1.2 Tracking USER internalUser74
10:15:41.614 [Test worker] DEBUG tourGuide.service.RewardsService - Begin Tracker. #3.1.1 Tracking USER internalUser74 latitutde -10.751547865520209 longitude -178.01507287424272
10:15:41.616 [Test worker] DEBUG tourGuide.service.RewardsService - Begin Tracker. #3.1.2 Tracking USER internalUser74
10:15:41.617 [Test worker] DEBUG tourGuide.service.RewardsService - Begin Tracker. #3.1.1 Tracking USER internalUser74 latitutde -11.582855 longitude 105.856062
10:15:41.618 [Test worker] DEBUG tourGuide.service.RewardsService - Begin Tracker. #3.1.2 Tracking USER internalUser74
10:15:41.618 [Test worker] DEBUG tourGuide.service.RewardsService - Begin Tracker. #3.1.1 Tracking USER internalUser74 latitutde 77.068537 longitude -147.824968
10:15:41.619 [Test worker] DEBUG tourGuide.service.RewardsService - Begin Tracker. #3.1.2 Tracking USER internalUser74
10:15:41.620 [Test worker] DEBUG tourGuide.service.RewardsService - Begin Tracker. #3.2 Tracking USER internalUser74
10:15:41.620 [Test worker] DEBUG tourGuide.service.TourGuideService - Begin Tracker. #4 Tracking USER internalUser74
10:15:41.629 [pool-1-thread-1] DEBUG tourGuide.service.TourGuideService - Begin Tracker. #1 Tracking USER internalUser73
10:15:41.630 [pool-1-thread-1] DEBUG tourGuide.service.TourGuideService - Begin Tracker. #2 Tracking USER internalUser73 latitutde 64.786295 longitude -30.63687
10:15:41.640 [pool-1-thread-1] DEBUG tourGuide.service.RewardsService - Begin Tracker. #3.1.0 Tracking USER internalUser73
10:15:41.640 [pool-1-thread-1] DEBUG tourGuide.service.RewardsService - Begin Tracker. #3.1.1 Tracking USER internalUser73 latitutde 78.46661631872928 longitude -178.82097349934153
10:15:41.645 [pool-1-thread-1] DEBUG tourGuide.service.RewardsService - Begin Tracker. #3.1.2 Tracking USER internalUser73
10:15:41.647 [pool-1-thread-1] DEBUG tourGuide.service.RewardsService - Begin Tracker. #3.1.1 Tracking USER internalUser73 latitutde 40.265800132308726 longitude -100.6829085651639
10:15:41.648 [pool-1-thread-1] DEBUG tourGuide.service.RewardsService - Begin Tracker. #3.1.2 Tracking USER internalUser73
10:15:41.650 [pool-1-thread-1] DEBUG tourGuide.service.RewardsService - Begin Tracker. #3.1.1 Tracking USER internalUser73 latitutde 27.33017897458069 longitude -98.91608750808255
10:15:41.651 [pool-1-thread-1] DEBUG tourGuide.service.RewardsService - Begin Tracker. #3.1.2 Tracking USER internalUser73
10:15:41.651 [pool-1-thread-1] DEBUG tourGuide.service.RewardsService - Begin Tracker. #3.1.1 Tracking USER internalUser73 latitutde 64.786295 longitude -30.63687
10:15:41.653 [pool-1-thread-1] DEBUG tourGuide.service.RewardsService - Begin Tracker. #3.1.2 Tracking USER internalUser73
10:15:41.653 [pool-1-thread-1] DEBUG tourGuide.service.RewardsService - Begin Tracker. #3.2 Tracking USER internalUser73
10:15:41.654 [pool-1-thread-1] DEBUG tourGuide.service.TourGuideService - Begin Tracker. #4 Tracking USER internalUser73
10:15:41.665 [Test worker] DEBUG tourGuide.service.TourGuideService - Begin Tracker. #1 Tracking USER internalUser73
10:15:41.665 [Test worker] DEBUG tourGuide.service.TourGuideService - Begin Tracker. #2 Tracking USER internalUser73 latitutde 28.703663 longitude -47.70263
10:15:41.686 [Test worker] DEBUG tourGuide.service.RewardsService - Begin Tracker. #3.1.0 Tracking USER internalUser73
10:15:41.686 [Test worker] DEBUG tourGuide.service.RewardsService - Begin Tracker. #3.1.1 Tracking USER internalUser73 latitutde 78.46661631872928 longitude -178.82097349934153
10:15:41.686 [Test worker] DEBUG tourGuide.service.RewardsService - Begin Tracker. #3.1.2 Tracking USER internalUser73
10:15:41.687 [Test worker] DEBUG tourGuide.service.RewardsService - Begin Tracker. #3.1.1 Tracking USER internalUser73 latitutde 40.265800132308726 longitude -100.6829085651639
10:15:41.688 [Test worker] DEBUG tourGuide.service.RewardsService - Begin Tracker. #3.1.2 Tracking USER internalUser73
10:15:41.696 [Test worker] DEBUG tourGuide.service.RewardsService - Begin Tracker. #3.1.1 Tracking USER internalUser73 latitutde 27.33017897458069 longitude -98.91608750808255
10:15:41.697 [Test worker] DEBUG tourGuide.service.RewardsService - Begin Tracker. #3.1.2 Tracking USER internalUser73
10:15:41.697 [Test worker] DEBUG tourGuide.service.RewardsService - Begin Tracker. #3.1.1 Tracking USER internalUser73 latitutde 64.786295 longitude -30.63687
10:15:41.697 [Test worker] DEBUG tourGuide.service.RewardsService - Begin Tracker. #3.1.2 Tracking USER internalUser73
10:15:41.699 [Test worker] DEBUG tourGuide.service.RewardsService - Begin Tracker. #3.1.1 Tracking USER internalUser73 latitutde 28.703663 longitude -47.70263
10:15:41.699 [Test worker] DEBUG tourGuide.service.RewardsService - Begin Tracker. #3.1.2 Tracking USER internalUser73
10:15:41.699 [Test worker] DEBUG tourGuide.service.RewardsService - Begin Tracker. #3.2 Tracking USER internalUser73
10:15:41.700 [Test worker] DEBUG tourGuide.service.TourGuideService - Begin Tracker. #4 Tracking USER internalUser73
10:15:41.735 [pool-1-thread-1] DEBUG tourGuide.service.TourGuideService - Begin Tracker. #1 Tracking USER internalUser76
10:15:41.735 [pool-1-thread-1] DEBUG tourGuide.service.TourGuideService - Begin Tracker. #2 Tracking USER internalUser76 latitutde 20.008057 longitude -171.478088
10:15:41.749 [pool-1-thread-1] DEBUG tourGuide.service.RewardsService - Begin Tracker. #3.1.0 Tracking USER internalUser76
10:15:41.750 [pool-1-thread-1] DEBUG tourGuide.service.RewardsService - Begin Tracker. #3.1.1 Tracking USER internalUser76 latitutde 83.48918363306424 longitude 30.552240054937414
10:15:41.751 [pool-1-thread-1] DEBUG tourGuide.service.RewardsService - Begin Tracker. #3.1.2 Tracking USER internalUser76
10:15:41.752 [pool-1-thread-1] DEBUG tourGuide.service.RewardsService - Begin Tracker. #3.1.1 Tracking USER internalUser76 latitutde 48.34177500075455 longitude 120.78887481286864
10:15:41.752 [pool-1-thread-1] DEBUG tourGuide.service.RewardsService - Begin Tracker. #3.1.2 Tracking USER internalUser76
10:15:41.752 [pool-1-thread-1] DEBUG tourGuide.service.RewardsService - Begin Tracker. #3.1.1 Tracking USER internalUser76 latitutde 9.131219702515182 longitude 20.406052323192682
10:15:41.752 [pool-1-thread-1] DEBUG tourGuide.service.RewardsService - Begin Tracker. #3.1.2 Tracking USER internalUser76
10:15:41.753 [pool-1-thread-1] DEBUG tourGuide.service.RewardsService - Begin Tracker. #3.1.1 Tracking USER internalUser76 latitutde 20.008057 longitude -171.478088
10:15:41.753 [pool-1-thread-1] DEBUG tourGuide.service.RewardsService - Begin Tracker. #3.1.2 Tracking USER internalUser76
10:15:41.753 [pool-1-thread-1] DEBUG tourGuide.service.RewardsService - Begin Tracker. #3.2 Tracking USER internalUser76
10:15:41.753 [pool-1-thread-1] DEBUG tourGuide.service.TourGuideService - Begin Tracker. #4 Tracking USER internalUser76
10:15:41.764 [Test worker] DEBUG tourGuide.service.TourGuideService - Begin Tracker. #1 Tracking USER internalUser76
10:15:41.764 [Test worker] DEBUG tourGuide.service.TourGuideService - Begin Tracker. #2 Tracking USER internalUser76 latitutde -26.656993 longitude 28.009652
10:15:41.780 [Test worker] DEBUG tourGuide.service.RewardsService - Begin Tracker. #3.1.0 Tracking USER internalUser76
10:15:41.780 [Test worker] DEBUG tourGuide.service.RewardsService - Begin Tracker. #3.1.1 Tracking USER internalUser76 latitutde 83.48918363306424 longitude 30.552240054937414
10:15:41.780 [Test worker] DEBUG tourGuide.service.RewardsService - Begin Tracker. #3.1.2 Tracking USER internalUser76
10:15:41.780 [Test worker] DEBUG tourGuide.service.RewardsService - Begin Tracker. #3.1.1 Tracking USER internalUser76 latitutde 48.34177500075455 longitude 120.78887481286864
10:15:41.781 [Test worker] DEBUG tourGuide.service.RewardsService - Begin Tracker. #3.1.2 Tracking USER internalUser76
10:15:41.781 [Test worker] DEBUG tourGuide.service.RewardsService - Begin Tracker. #3.1.1 Tracking USER internalUser76 latitutde 9.131219702515182 longitude 20.406052323192682
10:15:41.782 [Test worker] DEBUG tourGuide.service.RewardsService - Begin Tracker. #3.1.2 Tracking USER internalUser76
10:15:41.782 [Test worker] DEBUG tourGuide.service.RewardsService - Begin Tracker. #3.1.1 Tracking USER internalUser76 latitutde 20.008057 longitude -171.478088
10:15:41.783 [Test worker] DEBUG tourGuide.service.RewardsService - Begin Tracker. #3.1.2 Tracking USER internalUser76
10:15:41.784 [Test worker] DEBUG tourGuide.service.RewardsService - Begin Tracker. #3.1.1 Tracking USER internalUser76 latitutde -26.656993 longitude 28.009652
10:15:41.784 [Test worker] DEBUG tourGuide.service.RewardsService - Begin Tracker. #3.1.2 Tracking USER internalUser76
10:15:41.790 [Test worker] DEBUG tourGuide.service.RewardsService - Begin Tracker. #3.2 Tracking USER internalUser76
10:15:41.791 [Test worker] DEBUG tourGuide.service.TourGuideService - Begin Tracker. #4 Tracking USER internalUser76
10:15:41.827 [pool-1-thread-1] DEBUG tourGuide.service.TourGuideService - Begin Tracker. #1 Tracking USER internalUser75
10:15:41.828 [pool-1-thread-1] DEBUG tourGuide.service.TourGuideService - Begin Tracker. #2 Tracking USER internalUser75 latitutde 18.620598 longitude -175.676674
10:15:41.839 [pool-1-thread-1] DEBUG tourGuide.service.RewardsService - Begin Tracker. #3.1.0 Tracking USER internalUser75
10:15:41.839 [pool-1-thread-1] DEBUG tourGuide.service.RewardsService - Begin Tracker. #3.1.1 Tracking USER internalUser75 latitutde 49.91284644606807 longitude -23.18889588914115
10:15:41.840 [pool-1-thread-1] DEBUG tourGuide.service.RewardsService - Begin Tracker. #3.1.2 Tracking USER internalUser75
10:15:41.840 [pool-1-thread-1] DEBUG tourGuide.service.RewardsService - Begin Tracker. #3.1.1 Tracking USER internalUser75 latitutde 41.45416373468568 longitude -83.66459004264
10:15:41.841 [pool-1-thread-1] DEBUG tourGuide.service.RewardsService - Begin Tracker. #3.1.2 Tracking USER internalUser75
10:15:41.843 [pool-1-thread-1] DEBUG tourGuide.service.RewardsService - Begin Tracker. #3.1.1 Tracking USER internalUser75 latitutde -0.05959581303534378 longitude -77.72264491137712
10:15:41.845 [pool-1-thread-1] DEBUG tourGuide.service.RewardsService - Begin Tracker. #3.1.2 Tracking USER internalUser75
10:15:41.849 [pool-1-thread-1] DEBUG tourGuide.service.RewardsService - Begin Tracker. #3.1.1 Tracking USER internalUser75 latitutde 18.620598 longitude -175.676674
10:15:41.851 [pool-1-thread-1] DEBUG tourGuide.service.RewardsService - Begin Tracker. #3.1.2 Tracking USER internalUser75
10:15:41.853 [pool-1-thread-1] DEBUG tourGuide.service.RewardsService - Begin Tracker. #3.2 Tracking USER internalUser75
10:15:41.857 [pool-1-thread-1] DEBUG tourGuide.service.TourGuideService - Begin Tracker. #4 Tracking USER internalUser75
10:15:41.879 [Test worker] DEBUG tourGuide.service.TourGuideService - Begin Tracker. #1 Tracking USER internalUser75
10:15:41.883 [Test worker] DEBUG tourGuide.service.TourGuideService - Begin Tracker. #2 Tracking USER internalUser75 latitutde -20.189088 longitude 37.235902
10:15:41.893 [Test worker] DEBUG tourGuide.service.RewardsService - Begin Tracker. #3.1.0 Tracking USER internalUser75
10:15:41.896 [Test worker] DEBUG tourGuide.service.RewardsService - Begin Tracker. #3.1.1 Tracking USER internalUser75 latitutde 49.91284644606807 longitude -23.18889588914115
10:15:41.897 [Test worker] DEBUG tourGuide.service.RewardsService - Begin Tracker. #3.1.2 Tracking USER internalUser75
10:15:41.900 [Test worker] DEBUG tourGuide.service.RewardsService - Begin Tracker. #3.1.1 Tracking USER internalUser75 latitutde 41.45416373468568 longitude -83.66459004264
10:15:41.904 [Test worker] DEBUG tourGuide.service.RewardsService - Begin Tracker. #3.1.2 Tracking USER internalUser75
10:15:41.907 [Test worker] DEBUG tourGuide.service.RewardsService - Begin Tracker. #3.1.1 Tracking USER internalUser75 latitutde -0.05959581303534378 longitude -77.72264491137712
10:15:41.907 [Test worker] DEBUG tourGuide.service.RewardsService - Begin Tracker. #3.1.2 Tracking USER internalUser75
10:15:41.909 [Test worker] DEBUG tourGuide.service.RewardsService - Begin Tracker. #3.1.1 Tracking USER internalUser75 latitutde 18.620598 longitude -175.676674
10:15:41.910 [Test worker] DEBUG tourGuide.service.RewardsService - Begin Tracker. #3.1.2 Tracking USER internalUser75
10:15:41.910 [Test worker] DEBUG tourGuide.service.RewardsService - Begin Tracker. #3.1.1 Tracking USER internalUser75 latitutde -20.189088 longitude 37.235902
10:15:41.911 [Test worker] DEBUG tourGuide.service.RewardsService - Begin Tracker. #3.1.2 Tracking USER internalUser75
10:15:41.912 [Test worker] DEBUG tourGuide.service.RewardsService - Begin Tracker. #3.2 Tracking USER internalUser75
10:15:41.913 [Test worker] DEBUG tourGuide.service.TourGuideService - Begin Tracker. #4 Tracking USER internalUser75
10:15:41.940 [pool-1-thread-1] DEBUG tourGuide.service.TourGuideService - Begin Tracker. #1 Tracking USER internalUser70
10:15:41.940 [pool-1-thread-1] DEBUG tourGuide.service.TourGuideService - Begin Tracker. #2 Tracking USER internalUser70 latitutde 40.847479 longitude -41.707145
10:15:41.946 [Test worker] DEBUG tourGuide.service.TourGuideService - Begin Tracker. #1 Tracking USER internalUser70
10:15:41.946 [Test worker] DEBUG tourGuide.service.TourGuideService - Begin Tracker. #2 Tracking USER internalUser70 latitutde 66.206213 longitude 54.054069
10:15:41.952 [pool-1-thread-1] DEBUG tourGuide.service.RewardsService - Begin Tracker. #3.1.0 Tracking USER internalUser70
10:15:41.952 [pool-1-thread-1] DEBUG tourGuide.service.RewardsService - Begin Tracker. #3.1.1 Tracking USER internalUser70 latitutde 49.22080151877208 longitude -165.4144619242445
10:15:41.954 [pool-1-thread-1] DEBUG tourGuide.service.RewardsService - Begin Tracker. #3.1.2 Tracking USER internalUser70
10:15:41.956 [pool-1-thread-1] DEBUG tourGuide.service.RewardsService - Begin Tracker. #3.1.1 Tracking USER internalUser70 latitutde 52.68924869674498 longitude -143.440066576851
10:15:41.956 [pool-1-thread-1] DEBUG tourGuide.service.RewardsService - Begin Tracker. #3.1.2 Tracking USER internalUser70
10:15:41.957 [pool-1-thread-1] DEBUG tourGuide.service.RewardsService - Begin Tracker. #3.1.1 Tracking USER internalUser70 latitutde -79.32372283877304 longitude 152.2777647096454
10:15:41.959 [pool-1-thread-1] DEBUG tourGuide.service.RewardsService - Begin Tracker. #3.1.2 Tracking USER internalUser70
10:15:41.960 [pool-1-thread-1] DEBUG tourGuide.service.RewardsService - Begin Tracker. #3.1.1 Tracking USER internalUser70 latitutde 40.847479 longitude -41.707145
10:15:41.960 [pool-1-thread-1] DEBUG tourGuide.service.RewardsService - Begin Tracker. #3.1.2 Tracking USER internalUser70
10:15:41.961 [pool-1-thread-1] DEBUG tourGuide.service.RewardsService - Begin Tracker. #3.1.1 Tracking USER internalUser70 latitutde 66.206213 longitude 54.054069
10:15:41.962 [pool-1-thread-1] DEBUG tourGuide.service.RewardsService - Begin Tracker. #3.1.2 Tracking USER internalUser70
10:15:41.963 [pool-1-thread-1] DEBUG tourGuide.service.RewardsService - Begin Tracker. #3.2 Tracking USER internalUser70
10:15:41.965 [pool-1-thread-1] DEBUG tourGuide.service.TourGuideService - Begin Tracker. #4 Tracking USER internalUser70
10:15:41.968 [Test worker] DEBUG tourGuide.service.RewardsService - Begin Tracker. #3.1.0 Tracking USER internalUser70
10:15:41.971 [Test worker] DEBUG tourGuide.service.RewardsService - Begin Tracker. #3.1.1 Tracking USER internalUser70 latitutde 49.22080151877208 longitude -165.4144619242445
10:15:41.971 [Test worker] DEBUG tourGuide.service.RewardsService - Begin Tracker. #3.1.2 Tracking USER internalUser70
10:15:41.972 [Test worker] DEBUG tourGuide.service.RewardsService - Begin Tracker. #3.1.1 Tracking USER internalUser70 latitutde 52.68924869674498 longitude -143.440066576851
10:15:41.972 [Test worker] DEBUG tourGuide.service.RewardsService - Begin Tracker. #3.1.2 Tracking USER internalUser70
10:15:41.972 [Test worker] DEBUG tourGuide.service.RewardsService - Begin Tracker. #3.1.1 Tracking USER internalUser70 latitutde -79.32372283877304 longitude 152.2777647096454
10:15:41.973 [Test worker] DEBUG tourGuide.service.RewardsService - Begin Tracker. #3.1.2 Tracking USER internalUser70
10:15:41.973 [Test worker] DEBUG tourGuide.service.RewardsService - Begin Tracker. #3.1.1 Tracking USER internalUser70 latitutde 40.847479 longitude -41.707145
10:15:41.973 [Test worker] DEBUG tourGuide.service.RewardsService - Begin Tracker. #3.1.2 Tracking USER internalUser70
10:15:41.973 [Test worker] DEBUG tourGuide.service.RewardsService - Begin Tracker. #3.1.1 Tracking USER internalUser70 latitutde 66.206213 longitude 54.054069
10:15:41.974 [Test worker] DEBUG tourGuide.service.RewardsService - Begin Tracker. #3.1.2 Tracking USER internalUser70
10:15:41.974 [Test worker] DEBUG tourGuide.service.RewardsService - Begin Tracker. #3.2 Tracking USER internalUser70
10:15:41.974 [Test worker] DEBUG tourGuide.service.TourGuideService - Begin Tracker. #4 Tracking USER internalUser70
10:15:42.019 [Test worker] DEBUG tourGuide.service.TourGuideService - Begin Tracker. #1 Tracking USER internalUser72
10:15:42.019 [Test worker] DEBUG tourGuide.service.TourGuideService - Begin Tracker. #2 Tracking USER internalUser72 latitutde -61.99092 longitude -164.272852
10:15:42.030 [Test worker] DEBUG tourGuide.service.RewardsService - Begin Tracker. #3.1.0 Tracking USER internalUser72
10:15:42.030 [Test worker] DEBUG tourGuide.service.RewardsService - Begin Tracker. #3.1.1 Tracking USER internalUser72 latitutde 44.05890547415319 longitude 172.86591442759214
10:15:42.031 [Test worker] DEBUG tourGuide.service.RewardsService - Begin Tracker. #3.1.2 Tracking USER internalUser72
10:15:42.032 [Test worker] DEBUG tourGuide.service.RewardsService - Begin Tracker. #3.1.1 Tracking USER internalUser72 latitutde -1.4345046236121846 longitude -54.87471628572135
10:15:42.033 [Test worker] DEBUG tourGuide.service.RewardsService - Begin Tracker. #3.1.2 Tracking USER internalUser72
10:15:42.035 [Test worker] DEBUG tourGuide.service.RewardsService - Begin Tracker. #3.1.1 Tracking USER internalUser72 latitutde -33.37349121249247 longitude -40.387154117101346
10:15:42.036 [Test worker] DEBUG tourGuide.service.RewardsService - Begin Tracker. #3.1.2 Tracking USER internalUser72
10:15:42.036 [Test worker] DEBUG tourGuide.service.RewardsService - Begin Tracker. #3.1.1 Tracking USER internalUser72 latitutde -61.99092 longitude -164.272852
10:15:42.039 [Test worker] DEBUG tourGuide.service.RewardsService - Begin Tracker. #3.1.2 Tracking USER internalUser72
10:15:42.040 [Test worker] DEBUG tourGuide.service.RewardsService - Begin Tracker. #3.2 Tracking USER internalUser72
10:15:42.041 [Test worker] DEBUG tourGuide.service.TourGuideService - Begin Tracker. #4 Tracking USER internalUser72
10:15:42.061 [pool-1-thread-1] DEBUG tourGuide.service.TourGuideService - Begin Tracker. #1 Tracking USER internalUser72
10:15:42.061 [pool-1-thread-1] DEBUG tourGuide.service.TourGuideService - Begin Tracker. #2 Tracking USER internalUser72 latitutde -1.130157 longitude -17.988934
10:15:42.073 [pool-1-thread-1] DEBUG tourGuide.service.RewardsService - Begin Tracker. #3.1.0 Tracking USER internalUser72
10:15:42.073 [pool-1-thread-1] DEBUG tourGuide.service.RewardsService - Begin Tracker. #3.1.1 Tracking USER internalUser72 latitutde 44.05890547415319 longitude 172.86591442759214
10:15:42.074 [pool-1-thread-1] DEBUG tourGuide.service.RewardsService - Begin Tracker. #3.1.2 Tracking USER internalUser72
10:15:42.075 [pool-1-thread-1] DEBUG tourGuide.service.RewardsService - Begin Tracker. #3.1.1 Tracking USER internalUser72 latitutde -1.4345046236121846 longitude -54.87471628572135
10:15:42.077 [pool-1-thread-1] DEBUG tourGuide.service.RewardsService - Begin Tracker. #3.1.2 Tracking USER internalUser72
10:15:42.078 [pool-1-thread-1] DEBUG tourGuide.service.RewardsService - Begin Tracker. #3.1.1 Tracking USER internalUser72 latitutde -33.37349121249247 longitude -40.387154117101346
10:15:42.080 [pool-1-thread-1] DEBUG tourGuide.service.RewardsService - Begin Tracker. #3.1.2 Tracking USER internalUser72
10:15:42.080 [pool-1-thread-1] DEBUG tourGuide.service.RewardsService - Begin Tracker. #3.1.1 Tracking USER internalUser72 latitutde -61.99092 longitude -164.272852
10:15:42.082 [pool-1-thread-1] DEBUG tourGuide.service.RewardsService - Begin Tracker. #3.1.2 Tracking USER internalUser72
10:15:42.083 [pool-1-thread-1] DEBUG tourGuide.service.RewardsService - Begin Tracker. #3.1.1 Tracking USER internalUser72 latitutde -1.130157 longitude -17.988934
10:15:42.084 [pool-1-thread-1] DEBUG tourGuide.service.RewardsService - Begin Tracker. #3.1.2 Tracking USER internalUser72
10:15:42.085 [pool-1-thread-1] DEBUG tourGuide.service.RewardsService - Begin Tracker. #3.2 Tracking USER internalUser72
10:15:42.086 [pool-1-thread-1] DEBUG tourGuide.service.TourGuideService - Begin Tracker. #4 Tracking USER internalUser72
10:15:42.091 [Test worker] DEBUG tourGuide.service.TourGuideService - Begin Tracker. #1 Tracking USER internalUser71
10:15:42.091 [Test worker] DEBUG tourGuide.service.TourGuideService - Begin Tracker. #2 Tracking USER internalUser71 latitutde -2.120067 longitude -45.035614
10:15:42.101 [Test worker] DEBUG tourGuide.service.RewardsService - Begin Tracker. #3.1.0 Tracking USER internalUser71
10:15:42.101 [Test worker] DEBUG tourGuide.service.RewardsService - Begin Tracker. #3.1.1 Tracking USER internalUser71 latitutde -62.076364849043706 longitude 111.68700416475644
10:15:42.101 [Test worker] DEBUG tourGuide.service.RewardsService - Begin Tracker. #3.1.2 Tracking USER internalUser71
10:15:42.101 [Test worker] DEBUG tourGuide.service.RewardsService - Begin Tracker. #3.1.1 Tracking USER internalUser71 latitutde -47.6176791236996 longitude 110.61731625919049
10:15:42.101 [Test worker] DEBUG tourGuide.service.RewardsService - Begin Tracker. #3.1.2 Tracking USER internalUser71
10:15:42.102 [Test worker] DEBUG tourGuide.service.RewardsService - Begin Tracker. #3.1.1 Tracking USER internalUser71 latitutde -14.593667940886903 longitude -19.662312633294533
10:15:42.102 [Test worker] DEBUG tourGuide.service.RewardsService - Begin Tracker. #3.1.2 Tracking USER internalUser71
10:15:42.103 [Test worker] DEBUG tourGuide.service.RewardsService - Begin Tracker. #3.1.1 Tracking USER internalUser71 latitutde -2.120067 longitude -45.035614
10:15:42.103 [Test worker] DEBUG tourGuide.service.RewardsService - Begin Tracker. #3.1.2 Tracking USER internalUser71
10:15:42.104 [Test worker] DEBUG tourGuide.service.RewardsService - Begin Tracker. #3.2 Tracking USER internalUser71
10:15:42.105 [Test worker] DEBUG tourGuide.service.TourGuideService - Begin Tracker. #4 Tracking USER internalUser71
10:15:42.159 [pool-1-thread-1] DEBUG tourGuide.service.TourGuideService - Begin Tracker. #1 Tracking USER internalUser71
10:15:42.159 [pool-1-thread-1] DEBUG tourGuide.service.TourGuideService - Begin Tracker. #2 Tracking USER internalUser71 latitutde -18.034348 longitude -160.485818
10:15:42.169 [pool-1-thread-1] DEBUG tourGuide.service.RewardsService - Begin Tracker. #3.1.0 Tracking USER internalUser71
10:15:42.177 [pool-1-thread-1] DEBUG tourGuide.service.RewardsService - Begin Tracker. #3.1.1 Tracking USER internalUser71 latitutde -62.076364849043706 longitude 111.68700416475644
10:15:42.178 [pool-1-thread-1] DEBUG tourGuide.service.RewardsService - Begin Tracker. #3.1.2 Tracking USER internalUser71
10:15:42.178 [pool-1-thread-1] DEBUG tourGuide.service.RewardsService - Begin Tracker. #3.1.1 Tracking USER internalUser71 latitutde -47.6176791236996 longitude 110.61731625919049
10:15:42.179 [pool-1-thread-1] DEBUG tourGuide.service.RewardsService - Begin Tracker. #3.1.2 Tracking USER internalUser71
10:15:42.180 [pool-1-thread-1] DEBUG tourGuide.service.RewardsService - Begin Tracker. #3.1.1 Tracking USER internalUser71 latitutde -14.593667940886903 longitude -19.662312633294533
10:15:42.183 [pool-1-thread-1] DEBUG tourGuide.service.RewardsService - Begin Tracker. #3.1.2 Tracking USER internalUser71
10:15:42.185 [pool-1-thread-1] DEBUG tourGuide.service.RewardsService - Begin Tracker. #3.1.1 Tracking USER internalUser71 latitutde -2.120067 longitude -45.035614
10:15:42.187 [pool-1-thread-1] DEBUG tourGuide.service.RewardsService - Begin Tracker. #3.1.2 Tracking USER internalUser71
10:15:42.187 [pool-1-thread-1] DEBUG tourGuide.service.RewardsService - Begin Tracker. #3.1.1 Tracking USER internalUser71 latitutde -18.034348 longitude -160.485818
10:15:42.187 [pool-1-thread-1] DEBUG tourGuide.service.RewardsService - Begin Tracker. #3.1.2 Tracking USER internalUser71
10:15:42.187 [pool-1-thread-1] DEBUG tourGuide.service.RewardsService - Begin Tracker. #3.2 Tracking USER internalUser71
10:15:42.188 [pool-1-thread-1] DEBUG tourGuide.service.TourGuideService - Begin Tracker. #4 Tracking USER internalUser71
10:15:42.192 [Test worker] DEBUG tourGuide.service.TourGuideService - Begin Tracker. #1 Tracking USER internalUser90
10:15:42.193 [Test worker] DEBUG tourGuide.service.TourGuideService - Begin Tracker. #2 Tracking USER internalUser90 latitutde 40.270439 longitude -24.039117
10:15:42.205 [Test worker] DEBUG tourGuide.service.RewardsService - Begin Tracker. #3.1.0 Tracking USER internalUser90
10:15:42.205 [Test worker] DEBUG tourGuide.service.RewardsService - Begin Tracker. #3.1.1 Tracking USER internalUser90 latitutde 12.391260579232494 longitude 30.589933343231706
10:15:42.205 [Test worker] DEBUG tourGuide.service.RewardsService - Begin Tracker. #3.1.2 Tracking USER internalUser90
10:15:42.205 [Test worker] DEBUG tourGuide.service.RewardsService - Begin Tracker. #3.1.1 Tracking USER internalUser90 latitutde 50.26756821246914 longitude -87.86855688093252
10:15:42.205 [Test worker] DEBUG tourGuide.service.RewardsService - Begin Tracker. #3.1.2 Tracking USER internalUser90
10:15:42.206 [Test worker] DEBUG tourGuide.service.RewardsService - Begin Tracker. #3.1.1 Tracking USER internalUser90 latitutde 63.55621732633611 longitude 21.319790336426763
10:15:42.206 [Test worker] DEBUG tourGuide.service.RewardsService - Begin Tracker. #3.1.2 Tracking USER internalUser90
10:15:42.206 [Test worker] DEBUG tourGuide.service.RewardsService - Begin Tracker. #3.1.1 Tracking USER internalUser90 latitutde 40.270439 longitude -24.039117
10:15:42.207 [Test worker] DEBUG tourGuide.service.RewardsService - Begin Tracker. #3.1.2 Tracking USER internalUser90
10:15:42.207 [Test worker] DEBUG tourGuide.service.RewardsService - Begin Tracker. #3.2 Tracking USER internalUser90
10:15:42.207 [Test worker] DEBUG tourGuide.service.TourGuideService - Begin Tracker. #4 Tracking USER internalUser90
10:15:42.282 [pool-1-thread-1] DEBUG tourGuide.service.TourGuideService - Begin Tracker. #1 Tracking USER internalUser90
10:15:42.282 [pool-1-thread-1] DEBUG tourGuide.service.TourGuideService - Begin Tracker. #2 Tracking USER internalUser90 latitutde 12.428302 longitude -4.600225
10:15:42.293 [pool-1-thread-1] DEBUG tourGuide.service.RewardsService - Begin Tracker. #3.1.0 Tracking USER internalUser90
10:15:42.293 [pool-1-thread-1] DEBUG tourGuide.service.RewardsService - Begin Tracker. #3.1.1 Tracking USER internalUser90 latitutde 12.391260579232494 longitude 30.589933343231706
10:15:42.293 [pool-1-thread-1] DEBUG tourGuide.service.RewardsService - Begin Tracker. #3.1.2 Tracking USER internalUser90
10:15:42.294 [pool-1-thread-1] DEBUG tourGuide.service.RewardsService - Begin Tracker. #3.1.1 Tracking USER internalUser90 latitutde 50.26756821246914 longitude -87.86855688093252
10:15:42.294 [pool-1-thread-1] DEBUG tourGuide.service.RewardsService - Begin Tracker. #3.1.2 Tracking USER internalUser90
10:15:42.295 [pool-1-thread-1] DEBUG tourGuide.service.RewardsService - Begin Tracker. #3.1.1 Tracking USER internalUser90 latitutde 63.55621732633611 longitude 21.319790336426763
10:15:42.295 [pool-1-thread-1] DEBUG tourGuide.service.RewardsService - Begin Tracker. #3.1.2 Tracking USER internalUser90
10:15:42.295 [pool-1-thread-1] DEBUG tourGuide.service.RewardsService - Begin Tracker. #3.1.1 Tracking USER internalUser90 latitutde 40.270439 longitude -24.039117
10:15:42.295 [pool-1-thread-1] DEBUG tourGuide.service.RewardsService - Begin Tracker. #3.1.2 Tracking USER internalUser90
10:15:42.295 [pool-1-thread-1] DEBUG tourGuide.service.RewardsService - Begin Tracker. #3.1.1 Tracking USER internalUser90 latitutde 12.428302 longitude -4.600225
10:15:42.296 [pool-1-thread-1] DEBUG tourGuide.service.RewardsService - Begin Tracker. #3.1.2 Tracking USER internalUser90
10:15:42.296 [pool-1-thread-1] DEBUG tourGuide.service.RewardsService - Begin Tracker. #3.2 Tracking USER internalUser90
10:15:42.296 [pool-1-thread-1] DEBUG tourGuide.service.TourGuideService - Begin Tracker. #4 Tracking USER internalUser90
10:15:42.302 [Test worker] DEBUG tourGuide.service.TourGuideService - Begin Tracker. #1 Tracking USER internalUser89
10:15:42.302 [Test worker] DEBUG tourGuide.service.TourGuideService - Begin Tracker. #2 Tracking USER internalUser89 latitutde -35.511992 longitude -116.139014
10:15:42.313 [Test worker] DEBUG tourGuide.service.RewardsService - Begin Tracker. #3.1.0 Tracking USER internalUser89
10:15:42.313 [Test worker] DEBUG tourGuide.service.RewardsService - Begin Tracker. #3.1.1 Tracking USER internalUser89 latitutde -57.84361161831637 longitude 25.016468954315826
10:15:42.313 [Test worker] DEBUG tourGuide.service.RewardsService - Begin Tracker. #3.1.2 Tracking USER internalUser89
10:15:42.314 [Test worker] DEBUG tourGuide.service.RewardsService - Begin Tracker. #3.1.1 Tracking USER internalUser89 latitutde 34.262169571525035 longitude 2.5296659182369012
10:15:42.314 [Test worker] DEBUG tourGuide.service.RewardsService - Begin Tracker. #3.1.2 Tracking USER internalUser89
10:15:42.315 [Test worker] DEBUG tourGuide.service.RewardsService - Begin Tracker. #3.1.1 Tracking USER internalUser89 latitutde 27.690494134678488 longitude 167.19302956480277
10:15:42.316 [Test worker] DEBUG tourGuide.service.RewardsService - Begin Tracker. #3.1.2 Tracking USER internalUser89
10:15:42.316 [Test worker] DEBUG tourGuide.service.RewardsService - Begin Tracker. #3.1.1 Tracking USER internalUser89 latitutde -35.511992 longitude -116.139014
10:15:42.318 [Test worker] DEBUG tourGuide.service.RewardsService - Begin Tracker. #3.1.2 Tracking USER internalUser89
10:15:42.319 [Test worker] DEBUG tourGuide.service.RewardsService - Begin Tracker. #3.2 Tracking USER internalUser89
10:15:42.319 [Test worker] DEBUG tourGuide.service.TourGuideService - Begin Tracker. #4 Tracking USER internalUser89
10:15:42.348 [pool-1-thread-1] DEBUG tourGuide.service.TourGuideService - Begin Tracker. #1 Tracking USER internalUser89
10:15:42.349 [pool-1-thread-1] DEBUG tourGuide.service.TourGuideService - Begin Tracker. #2 Tracking USER internalUser89 latitutde 64.914536 longitude -102.312314
10:15:42.359 [pool-1-thread-1] DEBUG tourGuide.service.RewardsService - Begin Tracker. #3.1.0 Tracking USER internalUser89
10:15:42.360 [pool-1-thread-1] DEBUG tourGuide.service.RewardsService - Begin Tracker. #3.1.1 Tracking USER internalUser89 latitutde -57.84361161831637 longitude 25.016468954315826
10:15:42.360 [pool-1-thread-1] DEBUG tourGuide.service.RewardsService - Begin Tracker. #3.1.2 Tracking USER internalUser89
10:15:42.361 [pool-1-thread-1] DEBUG tourGuide.service.RewardsService - Begin Tracker. #3.1.1 Tracking USER internalUser89 latitutde 34.262169571525035 longitude 2.5296659182369012
10:15:42.362 [pool-1-thread-1] DEBUG tourGuide.service.RewardsService - Begin Tracker. #3.1.2 Tracking USER internalUser89
10:15:42.362 [pool-1-thread-1] DEBUG tourGuide.service.RewardsService - Begin Tracker. #3.1.1 Tracking USER internalUser89 latitutde 27.690494134678488 longitude 167.19302956480277
10:15:42.363 [pool-1-thread-1] DEBUG tourGuide.service.RewardsService - Begin Tracker. #3.1.2 Tracking USER internalUser89
10:15:42.363 [pool-1-thread-1] DEBUG tourGuide.service.RewardsService - Begin Tracker. #3.1.1 Tracking USER internalUser89 latitutde -35.511992 longitude -116.139014
10:15:42.365 [pool-1-thread-1] DEBUG tourGuide.service.RewardsService - Begin Tracker. #3.1.2 Tracking USER internalUser89
10:15:42.366 [pool-1-thread-1] DEBUG tourGuide.service.RewardsService - Begin Tracker. #3.1.1 Tracking USER internalUser89 latitutde 64.914536 longitude -102.312314
10:15:42.366 [pool-1-thread-1] DEBUG tourGuide.service.RewardsService - Begin Tracker. #3.1.2 Tracking USER internalUser89
10:15:42.367 [pool-1-thread-1] DEBUG tourGuide.service.RewardsService - Begin Tracker. #3.2 Tracking USER internalUser89
10:15:42.367 [pool-1-thread-1] DEBUG tourGuide.service.TourGuideService - Begin Tracker. #4 Tracking USER internalUser89
10:15:42.401 [pool-1-thread-1] DEBUG tourGuide.service.TourGuideService - Begin Tracker. #1 Tracking USER internalUser88
10:15:42.401 [pool-1-thread-1] DEBUG tourGuide.service.TourGuideService - Begin Tracker. #2 Tracking USER internalUser88 latitutde -38.440711 longitude 81.265478
10:15:42.408 [Test worker] DEBUG tourGuide.service.TourGuideService - Begin Tracker. #1 Tracking USER internalUser88
10:15:42.408 [Test worker] DEBUG tourGuide.service.TourGuideService - Begin Tracker. #2 Tracking USER internalUser88 latitutde -76.582882 longitude 149.090507
10:15:42.412 [pool-1-thread-1] DEBUG tourGuide.service.RewardsService - Begin Tracker. #3.1.0 Tracking USER internalUser88
10:15:42.412 [pool-1-thread-1] DEBUG tourGuide.service.RewardsService - Begin Tracker. #3.1.1 Tracking USER internalUser88 latitutde 58.5398566516657 longitude -86.1608275507673
10:15:42.413 [pool-1-thread-1] DEBUG tourGuide.service.RewardsService - Begin Tracker. #3.1.2 Tracking USER internalUser88
10:15:42.413 [pool-1-thread-1] DEBUG tourGuide.service.RewardsService - Begin Tracker. #3.1.1 Tracking USER internalUser88 latitutde -18.691109342950867 longitude -164.93184717418933
10:15:42.413 [pool-1-thread-1] DEBUG tourGuide.service.RewardsService - Begin Tracker. #3.1.2 Tracking USER internalUser88
10:15:42.413 [pool-1-thread-1] DEBUG tourGuide.service.RewardsService - Begin Tracker. #3.1.1 Tracking USER internalUser88 latitutde 74.35882307322683 longitude -49.161763015384565
10:15:42.413 [pool-1-thread-1] DEBUG tourGuide.service.RewardsService - Begin Tracker. #3.1.2 Tracking USER internalUser88
10:15:42.413 [pool-1-thread-1] DEBUG tourGuide.service.RewardsService - Begin Tracker. #3.1.1 Tracking USER internalUser88 latitutde -38.440711 longitude 81.265478
10:15:42.414 [pool-1-thread-1] DEBUG tourGuide.service.RewardsService - Begin Tracker. #3.1.2 Tracking USER internalUser88
10:15:42.414 [pool-1-thread-1] DEBUG tourGuide.service.RewardsService - Begin Tracker. #3.1.1 Tracking USER internalUser88 latitutde -76.582882 longitude 149.090507
10:15:42.416 [pool-1-thread-1] DEBUG tourGuide.service.RewardsService - Begin Tracker. #3.1.2 Tracking USER internalUser88
10:15:42.417 [pool-1-thread-1] DEBUG tourGuide.service.RewardsService - Begin Tracker. #3.2 Tracking USER internalUser88
10:15:42.418 [pool-1-thread-1] DEBUG tourGuide.service.TourGuideService - Begin Tracker. #4 Tracking USER internalUser88
10:15:42.427 [Test worker] DEBUG tourGuide.service.RewardsService - Begin Tracker. #3.1.0 Tracking USER internalUser88
10:15:42.427 [Test worker] DEBUG tourGuide.service.RewardsService - Begin Tracker. #3.1.1 Tracking USER internalUser88 latitutde 58.5398566516657 longitude -86.1608275507673
10:15:42.427 [Test worker] DEBUG tourGuide.service.RewardsService - Begin Tracker. #3.1.2 Tracking USER internalUser88
10:15:42.429 [Test worker] DEBUG tourGuide.service.RewardsService - Begin Tracker. #3.1.1 Tracking USER internalUser88 latitutde -18.691109342950867 longitude -164.93184717418933
10:15:42.430 [Test worker] DEBUG tourGuide.service.RewardsService - Begin Tracker. #3.1.2 Tracking USER internalUser88
10:15:42.430 [Test worker] DEBUG tourGuide.service.RewardsService - Begin Tracker. #3.1.1 Tracking USER internalUser88 latitutde 74.35882307322683 longitude -49.161763015384565
10:15:42.431 [Test worker] DEBUG tourGuide.service.RewardsService - Begin Tracker. #3.1.2 Tracking USER internalUser88
10:15:42.432 [Test worker] DEBUG tourGuide.service.RewardsService - Begin Tracker. #3.1.1 Tracking USER internalUser88 latitutde -38.440711 longitude 81.265478
10:15:42.433 [Test worker] DEBUG tourGuide.service.RewardsService - Begin Tracker. #3.1.2 Tracking USER internalUser88
10:15:42.434 [Test worker] DEBUG tourGuide.service.RewardsService - Begin Tracker. #3.1.1 Tracking USER internalUser88 latitutde -76.582882 longitude 149.090507
10:15:42.436 [Test worker] DEBUG tourGuide.service.RewardsService - Begin Tracker. #3.1.2 Tracking USER internalUser88
10:15:42.437 [Test worker] DEBUG tourGuide.service.RewardsService - Begin Tracker. #3.2 Tracking USER internalUser88
10:15:42.439 [Test worker] DEBUG tourGuide.service.TourGuideService - Begin Tracker. #4 Tracking USER internalUser88
10:15:42.464 [pool-1-thread-1] DEBUG tourGuide.service.TourGuideService - Begin Tracker. #1 Tracking USER internalUser85
10:15:42.473 [pool-1-thread-1] DEBUG tourGuide.service.TourGuideService - Begin Tracker. #2 Tracking USER internalUser85 latitutde 22.915352 longitude 3.415165
10:15:42.491 [pool-1-thread-1] DEBUG tourGuide.service.RewardsService - Begin Tracker. #3.1.0 Tracking USER internalUser85
10:15:42.491 [pool-1-thread-1] DEBUG tourGuide.service.RewardsService - Begin Tracker. #3.1.1 Tracking USER internalUser85 latitutde 11.174242124256821 longitude -82.66036863192666
10:15:42.497 [pool-1-thread-1] DEBUG tourGuide.service.RewardsService - Begin Tracker. #3.1.2 Tracking USER internalUser85
10:15:42.501 [pool-1-thread-1] DEBUG tourGuide.service.RewardsService - Begin Tracker. #3.1.1 Tracking USER internalUser85 latitutde -37.57915736856686 longitude -146.14840011192197
10:15:42.506 [pool-1-thread-1] DEBUG tourGuide.service.RewardsService - Begin Tracker. #3.1.2 Tracking USER internalUser85
10:15:42.508 [pool-1-thread-1] DEBUG tourGuide.service.RewardsService - Begin Tracker. #3.1.1 Tracking USER internalUser85 latitutde -63.55784205074545 longitude -40.48894472342786
10:15:42.515 [pool-1-thread-1] DEBUG tourGuide.service.RewardsService - Begin Tracker. #3.1.2 Tracking USER internalUser85
10:15:42.519 [pool-1-thread-1] DEBUG tourGuide.service.RewardsService - Begin Tracker. #3.1.1 Tracking USER internalUser85 latitutde 22.915352 longitude 3.415165
10:15:42.520 [pool-1-thread-1] DEBUG tourGuide.service.RewardsService - Begin Tracker. #3.1.2 Tracking USER internalUser85
10:15:42.521 [pool-1-thread-1] DEBUG tourGuide.service.RewardsService - Begin Tracker. #3.2 Tracking USER internalUser85
10:15:42.522 [pool-1-thread-1] DEBUG tourGuide.service.TourGuideService - Begin Tracker. #4 Tracking USER internalUser85
10:15:42.525 [Test worker] DEBUG tourGuide.service.TourGuideService - Begin Tracker. #1 Tracking USER internalUser85
10:15:42.526 [Test worker] DEBUG tourGuide.service.TourGuideService - Begin Tracker. #2 Tracking USER internalUser85 latitutde -3.612032 longitude -152.0746
10:15:42.538 [Test worker] DEBUG tourGuide.service.RewardsService - Begin Tracker. #3.1.0 Tracking USER internalUser85
10:15:42.539 [Test worker] DEBUG tourGuide.service.RewardsService - Begin Tracker. #3.1.1 Tracking USER internalUser85 latitutde 11.174242124256821 longitude -82.66036863192666
10:15:42.540 [Test worker] DEBUG tourGuide.service.RewardsService - Begin Tracker. #3.1.2 Tracking USER internalUser85
10:15:42.542 [Test worker] DEBUG tourGuide.service.RewardsService - Begin Tracker. #3.1.1 Tracking USER internalUser85 latitutde -37.57915736856686 longitude -146.14840011192197
10:15:42.544 [Test worker] DEBUG tourGuide.service.RewardsService - Begin Tracker. #3.1.2 Tracking USER internalUser85
10:15:42.546 [Test worker] DEBUG tourGuide.service.RewardsService - Begin Tracker. #3.1.1 Tracking USER internalUser85 latitutde -63.55784205074545 longitude -40.48894472342786
10:15:42.548 [Test worker] DEBUG tourGuide.service.RewardsService - Begin Tracker. #3.1.2 Tracking USER internalUser85
10:15:42.552 [Test worker] DEBUG tourGuide.service.RewardsService - Begin Tracker. #3.1.1 Tracking USER internalUser85 latitutde 22.915352 longitude 3.415165
10:15:42.554 [Test worker] DEBUG tourGuide.service.RewardsService - Begin Tracker. #3.1.2 Tracking USER internalUser85
10:15:42.559 [Test worker] DEBUG tourGuide.service.RewardsService - Begin Tracker. #3.1.1 Tracking USER internalUser85 latitutde -3.612032 longitude -152.0746
10:15:42.560 [Test worker] DEBUG tourGuide.service.RewardsService - Begin Tracker. #3.1.2 Tracking USER internalUser85
10:15:42.560 [Test worker] DEBUG tourGuide.service.RewardsService - Begin Tracker. #3.2 Tracking USER internalUser85
10:15:42.560 [Test worker] DEBUG tourGuide.service.TourGuideService - Begin Tracker. #4 Tracking USER internalUser85
10:15:42.601 [Test worker] DEBUG tourGuide.service.TourGuideService - Begin Tracker. #1 Tracking USER internalUser84
10:15:42.601 [Test worker] DEBUG tourGuide.service.TourGuideService - Begin Tracker. #2 Tracking USER internalUser84 latitutde -78.404848 longitude 105.12268
10:15:42.611 [Test worker] DEBUG tourGuide.service.RewardsService - Begin Tracker. #3.1.0 Tracking USER internalUser84
10:15:42.612 [Test worker] DEBUG tourGuide.service.RewardsService - Begin Tracker. #3.1.1 Tracking USER internalUser84 latitutde -61.783239616511196 longitude -123.02217482138914
10:15:42.613 [Test worker] DEBUG tourGuide.service.RewardsService - Begin Tracker. #3.1.2 Tracking USER internalUser84
10:15:42.613 [Test worker] DEBUG tourGuide.service.RewardsService - Begin Tracker. #3.1.1 Tracking USER internalUser84 latitutde -29.606062932907868 longitude -152.45322781198018
10:15:42.613 [Test worker] DEBUG tourGuide.service.RewardsService - Begin Tracker. #3.1.2 Tracking USER internalUser84
10:15:42.613 [Test worker] DEBUG tourGuide.service.RewardsService - Begin Tracker. #3.1.1 Tracking USER internalUser84 latitutde 36.776998428947834 longitude 84.6643583640136
10:15:42.613 [Test worker] DEBUG tourGuide.service.RewardsService - Begin Tracker. #3.1.2 Tracking USER internalUser84
10:15:42.613 [Test worker] DEBUG tourGuide.service.RewardsService - Begin Tracker. #3.1.1 Tracking USER internalUser84 latitutde -78.404848 longitude 105.12268
10:15:42.613 [Test worker] DEBUG tourGuide.service.RewardsService - Begin Tracker. #3.1.2 Tracking USER internalUser84
10:15:42.613 [Test worker] DEBUG tourGuide.service.RewardsService - Begin Tracker. #3.2 Tracking USER internalUser84
10:15:42.613 [Test worker] DEBUG tourGuide.service.TourGuideService - Begin Tracker. #4 Tracking USER internalUser84
10:15:42.619 [pool-1-thread-1] DEBUG tourGuide.service.TourGuideService - Begin Tracker. #1 Tracking USER internalUser84
10:15:42.624 [pool-1-thread-1] DEBUG tourGuide.service.TourGuideService - Begin Tracker. #2 Tracking USER internalUser84 latitutde 49.22061 longitude 44.917567
10:15:42.636 [pool-1-thread-1] DEBUG tourGuide.service.RewardsService - Begin Tracker. #3.1.0 Tracking USER internalUser84
10:15:42.636 [pool-1-thread-1] DEBUG tourGuide.service.RewardsService - Begin Tracker. #3.1.1 Tracking USER internalUser84 latitutde -61.783239616511196 longitude -123.02217482138914
10:15:42.636 [pool-1-thread-1] DEBUG tourGuide.service.RewardsService - Begin Tracker. #3.1.2 Tracking USER internalUser84
10:15:42.636 [pool-1-thread-1] DEBUG tourGuide.service.RewardsService - Begin Tracker. #3.1.1 Tracking USER internalUser84 latitutde -29.606062932907868 longitude -152.45322781198018
10:15:42.637 [pool-1-thread-1] DEBUG tourGuide.service.RewardsService - Begin Tracker. #3.1.2 Tracking USER internalUser84
10:15:42.637 [pool-1-thread-1] DEBUG tourGuide.service.RewardsService - Begin Tracker. #3.1.1 Tracking USER internalUser84 latitutde 36.776998428947834 longitude 84.6643583640136
10:15:42.640 [pool-1-thread-1] DEBUG tourGuide.service.RewardsService - Begin Tracker. #3.1.2 Tracking USER internalUser84
10:15:42.640 [pool-1-thread-1] DEBUG tourGuide.service.RewardsService - Begin Tracker. #3.1.1 Tracking USER internalUser84 latitutde -78.404848 longitude 105.12268
10:15:42.640 [pool-1-thread-1] DEBUG tourGuide.service.RewardsService - Begin Tracker. #3.1.2 Tracking USER internalUser84
10:15:42.640 [pool-1-thread-1] DEBUG tourGuide.service.RewardsService - Begin Tracker. #3.1.1 Tracking USER internalUser84 latitutde 49.22061 longitude 44.917567
10:15:42.640 [pool-1-thread-1] DEBUG tourGuide.service.RewardsService - Begin Tracker. #3.1.2 Tracking USER internalUser84
10:15:42.640 [pool-1-thread-1] DEBUG tourGuide.service.RewardsService - Begin Tracker. #3.2 Tracking USER internalUser84
10:15:42.641 [pool-1-thread-1] DEBUG tourGuide.service.TourGuideService - Begin Tracker. #4 Tracking USER internalUser84
10:15:42.678 [Test worker] DEBUG tourGuide.service.TourGuideService - Begin Tracker. #1 Tracking USER internalUser87
10:15:42.678 [Test worker] DEBUG tourGuide.service.TourGuideService - Begin Tracker. #2 Tracking USER internalUser87 latitutde 66.609562 longitude -102.280745
10:15:42.689 [Test worker] DEBUG tourGuide.service.RewardsService - Begin Tracker. #3.1.0 Tracking USER internalUser87
10:15:42.689 [Test worker] DEBUG tourGuide.service.RewardsService - Begin Tracker. #3.1.1 Tracking USER internalUser87 latitutde 6.298899312276106 longitude 36.17840535198198
10:15:42.689 [Test worker] DEBUG tourGuide.service.RewardsService - Begin Tracker. #3.1.2 Tracking USER internalUser87
10:15:42.689 [Test worker] DEBUG tourGuide.service.RewardsService - Begin Tracker. #3.1.1 Tracking USER internalUser87 latitutde -5.908161253080394 longitude 154.9578272344187
10:15:42.689 [Test worker] DEBUG tourGuide.service.RewardsService - Begin Tracker. #3.1.2 Tracking USER internalUser87
10:15:42.689 [Test worker] DEBUG tourGuide.service.RewardsService - Begin Tracker. #3.1.1 Tracking USER internalUser87 latitutde 8.351006792787317 longitude -106.70995092223826
10:15:42.689 [Test worker] DEBUG tourGuide.service.RewardsService - Begin Tracker. #3.1.2 Tracking USER internalUser87
10:15:42.690 [Test worker] DEBUG tourGuide.service.RewardsService - Begin Tracker. #3.1.1 Tracking USER internalUser87 latitutde 66.609562 longitude -102.280745
10:15:42.691 [Test worker] DEBUG tourGuide.service.RewardsService - Begin Tracker. #3.1.2 Tracking USER internalUser87
10:15:42.696 [Test worker] DEBUG tourGuide.service.RewardsService - Begin Tracker. #3.2 Tracking USER internalUser87
10:15:42.697 [Test worker] DEBUG tourGuide.service.TourGuideService - Begin Tracker. #4 Tracking USER internalUser87
10:15:42.702 [pool-1-thread-1] DEBUG tourGuide.service.TourGuideService - Begin Tracker. #1 Tracking USER internalUser87
10:15:42.704 [pool-1-thread-1] DEBUG tourGuide.service.TourGuideService - Begin Tracker. #2 Tracking USER internalUser87 latitutde -79.194734 longitude -127.336534
10:15:42.717 [pool-1-thread-1] DEBUG tourGuide.service.RewardsService - Begin Tracker. #3.1.0 Tracking USER internalUser87
10:15:42.718 [pool-1-thread-1] DEBUG tourGuide.service.RewardsService - Begin Tracker. #3.1.1 Tracking USER internalUser87 latitutde 6.298899312276106 longitude 36.17840535198198
10:15:42.719 [pool-1-thread-1] DEBUG tourGuide.service.RewardsService - Begin Tracker. #3.1.2 Tracking USER internalUser87
10:15:42.719 [pool-1-thread-1] DEBUG tourGuide.service.RewardsService - Begin Tracker. #3.1.1 Tracking USER internalUser87 latitutde -5.908161253080394 longitude 154.9578272344187
10:15:42.720 [pool-1-thread-1] DEBUG tourGuide.service.RewardsService - Begin Tracker. #3.1.2 Tracking USER internalUser87
10:15:42.720 [pool-1-thread-1] DEBUG tourGuide.service.RewardsService - Begin Tracker. #3.1.1 Tracking USER internalUser87 latitutde 8.351006792787317 longitude -106.70995092223826
10:15:42.720 [pool-1-thread-1] DEBUG tourGuide.service.RewardsService - Begin Tracker. #3.1.2 Tracking USER internalUser87
10:15:42.720 [pool-1-thread-1] DEBUG tourGuide.service.RewardsService - Begin Tracker. #3.1.1 Tracking USER internalUser87 latitutde 66.609562 longitude -102.280745
10:15:42.720 [pool-1-thread-1] DEBUG tourGuide.service.RewardsService - Begin Tracker. #3.1.2 Tracking USER internalUser87
10:15:42.720 [pool-1-thread-1] DEBUG tourGuide.service.RewardsService - Begin Tracker. #3.1.1 Tracking USER internalUser87 latitutde -79.194734 longitude -127.336534
10:15:42.720 [pool-1-thread-1] DEBUG tourGuide.service.RewardsService - Begin Tracker. #3.1.2 Tracking USER internalUser87
10:15:42.720 [pool-1-thread-1] DEBUG tourGuide.service.RewardsService - Begin Tracker. #3.2 Tracking USER internalUser87
10:15:42.720 [pool-1-thread-1] DEBUG tourGuide.service.TourGuideService - Begin Tracker. #4 Tracking USER internalUser87
10:15:42.746 [Test worker] DEBUG tourGuide.service.TourGuideService - Begin Tracker. #1 Tracking USER internalUser86
10:15:42.746 [Test worker] DEBUG tourGuide.service.TourGuideService - Begin Tracker. #2 Tracking USER internalUser86 latitutde -17.928862 longitude 151.086671
10:15:42.757 [Test worker] DEBUG tourGuide.service.RewardsService - Begin Tracker. #3.1.0 Tracking USER internalUser86
10:15:42.757 [Test worker] DEBUG tourGuide.service.RewardsService - Begin Tracker. #3.1.1 Tracking USER internalUser86 latitutde -79.24893349623687 longitude -171.1814741580535
10:15:42.757 [Test worker] DEBUG tourGuide.service.RewardsService - Begin Tracker. #3.1.2 Tracking USER internalUser86
10:15:42.757 [Test worker] DEBUG tourGuide.service.RewardsService - Begin Tracker. #3.1.1 Tracking USER internalUser86 latitutde -51.15682364163881 longitude -100.88479149451389
10:15:42.757 [Test worker] DEBUG tourGuide.service.RewardsService - Begin Tracker. #3.1.2 Tracking USER internalUser86
10:15:42.758 [Test worker] DEBUG tourGuide.service.RewardsService - Begin Tracker. #3.1.1 Tracking USER internalUser86 latitutde -62.215631573638596 longitude -88.21754747924497
10:15:42.758 [Test worker] DEBUG tourGuide.service.RewardsService - Begin Tracker. #3.1.2 Tracking USER internalUser86
10:15:42.758 [Test worker] DEBUG tourGuide.service.RewardsService - Begin Tracker. #3.1.1 Tracking USER internalUser86 latitutde -17.928862 longitude 151.086671
10:15:42.758 [Test worker] DEBUG tourGuide.service.RewardsService - Begin Tracker. #3.1.2 Tracking USER internalUser86
10:15:42.758 [Test worker] DEBUG tourGuide.service.RewardsService - Begin Tracker. #3.2 Tracking USER internalUser86
10:15:42.758 [Test worker] DEBUG tourGuide.service.TourGuideService - Begin Tracker. #4 Tracking USER internalUser86
10:15:42.815 [pool-1-thread-1] DEBUG tourGuide.service.TourGuideService - Begin Tracker. #1 Tracking USER internalUser86
10:15:42.815 [pool-1-thread-1] DEBUG tourGuide.service.TourGuideService - Begin Tracker. #2 Tracking USER internalUser86 latitutde 22.287602 longitude 133.216499
10:15:42.826 [pool-1-thread-1] DEBUG tourGuide.service.RewardsService - Begin Tracker. #3.1.0 Tracking USER internalUser86
10:15:42.826 [pool-1-thread-1] DEBUG tourGuide.service.RewardsService - Begin Tracker. #3.1.1 Tracking USER internalUser86 latitutde -79.24893349623687 longitude -171.1814741580535
10:15:42.826 [pool-1-thread-1] DEBUG tourGuide.service.RewardsService - Begin Tracker. #3.1.2 Tracking USER internalUser86
10:15:42.826 [pool-1-thread-1] DEBUG tourGuide.service.RewardsService - Begin Tracker. #3.1.1 Tracking USER internalUser86 latitutde -51.15682364163881 longitude -100.88479149451389
10:15:42.827 [pool-1-thread-1] DEBUG tourGuide.service.RewardsService - Begin Tracker. #3.1.2 Tracking USER internalUser86
10:15:42.827 [pool-1-thread-1] DEBUG tourGuide.service.RewardsService - Begin Tracker. #3.1.1 Tracking USER internalUser86 latitutde -62.215631573638596 longitude -88.21754747924497
10:15:42.828 [pool-1-thread-1] DEBUG tourGuide.service.RewardsService - Begin Tracker. #3.1.2 Tracking USER internalUser86
10:15:42.829 [pool-1-thread-1] DEBUG tourGuide.service.RewardsService - Begin Tracker. #3.1.1 Tracking USER internalUser86 latitutde -17.928862 longitude 151.086671
10:15:42.829 [pool-1-thread-1] DEBUG tourGuide.service.RewardsService - Begin Tracker. #3.1.2 Tracking USER internalUser86
10:15:42.829 [pool-1-thread-1] DEBUG tourGuide.service.RewardsService - Begin Tracker. #3.1.1 Tracking USER internalUser86 latitutde 22.287602 longitude 133.216499
10:15:42.829 [pool-1-thread-1] DEBUG tourGuide.service.RewardsService - Begin Tracker. #3.1.2 Tracking USER internalUser86
10:15:42.829 [pool-1-thread-1] DEBUG tourGuide.service.RewardsService - Begin Tracker. #3.2 Tracking USER internalUser86
10:15:42.829 [pool-1-thread-1] DEBUG tourGuide.service.TourGuideService - Begin Tracker. #4 Tracking USER internalUser86
10:15:42.834 [Test worker] DEBUG tourGuide.service.TourGuideService - Begin Tracker. #1 Tracking USER internalUser81
10:15:42.834 [Test worker] DEBUG tourGuide.service.TourGuideService - Begin Tracker. #2 Tracking USER internalUser81 latitutde -37.202303 longitude 79.10918
10:15:42.845 [Test worker] DEBUG tourGuide.service.RewardsService - Begin Tracker. #3.1.0 Tracking USER internalUser81
10:15:42.845 [Test worker] DEBUG tourGuide.service.RewardsService - Begin Tracker. #3.1.1 Tracking USER internalUser81 latitutde -54.07556601667295 longitude -102.98791835915384
10:15:42.845 [Test worker] DEBUG tourGuide.service.RewardsService - Begin Tracker. #3.1.2 Tracking USER internalUser81
10:15:42.845 [Test worker] DEBUG tourGuide.service.RewardsService - Begin Tracker. #3.1.1 Tracking USER internalUser81 latitutde 26.916392209114164 longitude -126.42016035760574
10:15:42.846 [Test worker] DEBUG tourGuide.service.RewardsService - Begin Tracker. #3.1.2 Tracking USER internalUser81
10:15:42.846 [Test worker] DEBUG tourGuide.service.RewardsService - Begin Tracker. #3.1.1 Tracking USER internalUser81 latitutde 17.736678787086262 longitude -95.90408393656445
10:15:42.846 [Test worker] DEBUG tourGuide.service.RewardsService - Begin Tracker. #3.1.2 Tracking USER internalUser81
10:15:42.846 [Test worker] DEBUG tourGuide.service.RewardsService - Begin Tracker. #3.1.1 Tracking USER internalUser81 latitutde -37.202303 longitude 79.10918
10:15:42.847 [Test worker] DEBUG tourGuide.service.RewardsService - Begin Tracker. #3.1.2 Tracking USER internalUser81
10:15:42.847 [Test worker] DEBUG tourGuide.service.RewardsService - Begin Tracker. #3.2 Tracking USER internalUser81
10:15:42.847 [Test worker] DEBUG tourGuide.service.TourGuideService - Begin Tracker. #4 Tracking USER internalUser81
10:15:42.915 [pool-1-thread-1] DEBUG tourGuide.service.TourGuideService - Begin Tracker. #1 Tracking USER internalUser81
10:15:42.915 [pool-1-thread-1] DEBUG tourGuide.service.TourGuideService - Begin Tracker. #2 Tracking USER internalUser81 latitutde -59.437063 longitude 172.595044
10:15:42.915 [Test worker] DEBUG tourGuide.service.TourGuideService - Begin Tracker. #1 Tracking USER internalUser80
10:15:42.915 [Test worker] DEBUG tourGuide.service.TourGuideService - Begin Tracker. #2 Tracking USER internalUser80 latitutde -65.695752 longitude -97.225793
10:15:42.926 [Test worker] DEBUG tourGuide.service.RewardsService - Begin Tracker. #3.1.0 Tracking USER internalUser80
10:15:42.926 [Test worker] DEBUG tourGuide.service.RewardsService - Begin Tracker. #3.1.1 Tracking USER internalUser80 latitutde 38.50952374865403 longitude 47.87357993988499
10:15:42.927 [Test worker] DEBUG tourGuide.service.RewardsService - Begin Tracker. #3.1.2 Tracking USER internalUser80
10:15:42.927 [Test worker] DEBUG tourGuide.service.RewardsService - Begin Tracker. #3.1.1 Tracking USER internalUser80 latitutde 21.773903002752974 longitude -112.61030048460009
10:15:42.934 [Test worker] DEBUG tourGuide.service.RewardsService - Begin Tracker. #3.1.2 Tracking USER internalUser80
10:15:42.934 [Test worker] DEBUG tourGuide.service.RewardsService - Begin Tracker. #3.1.1 Tracking USER internalUser80 latitutde -30.551114260449992 longitude 119.15736132928816
10:15:42.934 [Test worker] DEBUG tourGuide.service.RewardsService - Begin Tracker. #3.1.2 Tracking USER internalUser80
10:15:42.938 [Test worker] DEBUG tourGuide.service.RewardsService - Begin Tracker. #3.1.1 Tracking USER internalUser80 latitutde -65.695752 longitude -97.225793
10:15:42.939 [Test worker] DEBUG tourGuide.service.RewardsService - Begin Tracker. #3.1.2 Tracking USER internalUser80
10:15:42.941 [Test worker] DEBUG tourGuide.service.RewardsService - Begin Tracker. #3.2 Tracking USER internalUser80
10:15:42.945 [Test worker] DEBUG tourGuide.service.TourGuideService - Begin Tracker. #4 Tracking USER internalUser80
10:15:42.947 [pool-1-thread-1] DEBUG tourGuide.service.RewardsService - Begin Tracker. #3.1.0 Tracking USER internalUser81
10:15:42.948 [pool-1-thread-1] DEBUG tourGuide.service.RewardsService - Begin Tracker. #3.1.1 Tracking USER internalUser81 latitutde -54.07556601667295 longitude -102.98791835915384
10:15:42.950 [pool-1-thread-1] DEBUG tourGuide.service.RewardsService - Begin Tracker. #3.1.2 Tracking USER internalUser81
10:15:42.950 [pool-1-thread-1] DEBUG tourGuide.service.RewardsService - Begin Tracker. #3.1.1 Tracking USER internalUser81 latitutde 26.916392209114164 longitude -126.42016035760574
10:15:42.950 [pool-1-thread-1] DEBUG tourGuide.service.RewardsService - Begin Tracker. #3.1.2 Tracking USER internalUser81
10:15:42.951 [pool-1-thread-1] DEBUG tourGuide.service.RewardsService - Begin Tracker. #3.1.1 Tracking USER internalUser81 latitutde 17.736678787086262 longitude -95.90408393656445
10:15:42.952 [pool-1-thread-1] DEBUG tourGuide.service.RewardsService - Begin Tracker. #3.1.2 Tracking USER internalUser81
10:15:42.953 [pool-1-thread-1] DEBUG tourGuide.service.RewardsService - Begin Tracker. #3.1.1 Tracking USER internalUser81 latitutde -37.202303 longitude 79.10918
10:15:42.955 [pool-1-thread-1] DEBUG tourGuide.service.RewardsService - Begin Tracker. #3.1.2 Tracking USER internalUser81
10:15:42.955 [pool-1-thread-1] DEBUG tourGuide.service.RewardsService - Begin Tracker. #3.1.1 Tracking USER internalUser81 latitutde -59.437063 longitude 172.595044
10:15:42.955 [pool-1-thread-1] DEBUG tourGuide.service.RewardsService - Begin Tracker. #3.1.2 Tracking USER internalUser81
10:15:42.955 [pool-1-thread-1] DEBUG tourGuide.service.RewardsService - Begin Tracker. #3.2 Tracking USER internalUser81
10:15:42.957 [pool-1-thread-1] DEBUG tourGuide.service.TourGuideService - Begin Tracker. #4 Tracking USER internalUser81
10:15:43.034 [pool-1-thread-1] DEBUG tourGuide.service.TourGuideService - Begin Tracker. #1 Tracking USER internalUser80
10:15:43.034 [pool-1-thread-1] DEBUG tourGuide.service.TourGuideService - Begin Tracker. #2 Tracking USER internalUser80 latitutde -80.149789 longitude 76.533059
10:15:43.037 [Test worker] DEBUG tourGuide.service.TourGuideService - Begin Tracker. #1 Tracking USER internalUser83
10:15:43.037 [Test worker] DEBUG tourGuide.service.TourGuideService - Begin Tracker. #2 Tracking USER internalUser83 latitutde -13.294821 longitude -133.318064
10:15:43.045 [pool-1-thread-1] DEBUG tourGuide.service.RewardsService - Begin Tracker. #3.1.0 Tracking USER internalUser80
10:15:43.046 [pool-1-thread-1] DEBUG tourGuide.service.RewardsService - Begin Tracker. #3.1.1 Tracking USER internalUser80 latitutde 38.50952374865403 longitude 47.87357993988499
10:15:43.047 [pool-1-thread-1] DEBUG tourGuide.service.RewardsService - Begin Tracker. #3.1.2 Tracking USER internalUser80
10:15:43.048 [pool-1-thread-1] DEBUG tourGuide.service.RewardsService - Begin Tracker. #3.1.1 Tracking USER internalUser80 latitutde 21.773903002752974 longitude -112.61030048460009
10:15:43.051 [pool-1-thread-1] DEBUG tourGuide.service.RewardsService - Begin Tracker. #3.1.2 Tracking USER internalUser80
10:15:43.052 [pool-1-thread-1] DEBUG tourGuide.service.RewardsService - Begin Tracker. #3.1.1 Tracking USER internalUser80 latitutde -30.551114260449992 longitude 119.15736132928816
10:15:43.052 [pool-1-thread-1] DEBUG tourGuide.service.RewardsService - Begin Tracker. #3.1.2 Tracking USER internalUser80
10:15:43.052 [pool-1-thread-1] DEBUG tourGuide.service.RewardsService - Begin Tracker. #3.1.1 Tracking USER internalUser80 latitutde -65.695752 longitude -97.225793
10:15:43.053 [pool-1-thread-1] DEBUG tourGuide.service.RewardsService - Begin Tracker. #3.1.2 Tracking USER internalUser80
10:15:43.054 [pool-1-thread-1] DEBUG tourGuide.service.RewardsService - Begin Tracker. #3.1.1 Tracking USER internalUser80 latitutde -80.149789 longitude 76.533059
10:15:43.054 [pool-1-thread-1] DEBUG tourGuide.service.RewardsService - Begin Tracker. #3.1.2 Tracking USER internalUser80
10:15:43.055 [pool-1-thread-1] DEBUG tourGuide.service.RewardsService - Begin Tracker. #3.2 Tracking USER internalUser80
10:15:43.055 [pool-1-thread-1] DEBUG tourGuide.service.TourGuideService - Begin Tracker. #4 Tracking USER internalUser80
10:15:43.057 [Test worker] DEBUG tourGuide.service.RewardsService - Begin Tracker. #3.1.0 Tracking USER internalUser83
10:15:43.059 [Test worker] DEBUG tourGuide.service.RewardsService - Begin Tracker. #3.1.1 Tracking USER internalUser83 latitutde -65.15480444132395 longitude 8.837471944471474
10:15:43.060 [Test worker] DEBUG tourGuide.service.RewardsService - Begin Tracker. #3.1.2 Tracking USER internalUser83
10:15:43.061 [Test worker] DEBUG tourGuide.service.RewardsService - Begin Tracker. #3.1.1 Tracking USER internalUser83 latitutde 68.55371806313903 longitude 42.612657422106366
10:15:43.062 [Test worker] DEBUG tourGuide.service.RewardsService - Begin Tracker. #3.1.2 Tracking USER internalUser83
10:15:43.063 [Test worker] DEBUG tourGuide.service.RewardsService - Begin Tracker. #3.1.1 Tracking USER internalUser83 latitutde -30.847287209659946 longitude 170.23200773473633
10:15:43.065 [Test worker] DEBUG tourGuide.service.RewardsService - Begin Tracker. #3.1.2 Tracking USER internalUser83
10:15:43.066 [Test worker] DEBUG tourGuide.service.RewardsService - Begin Tracker. #3.1.1 Tracking USER internalUser83 latitutde -13.294821 longitude -133.318064
10:15:43.068 [Test worker] DEBUG tourGuide.service.RewardsService - Begin Tracker. #3.1.2 Tracking USER internalUser83
10:15:43.069 [Test worker] DEBUG tourGuide.service.RewardsService - Begin Tracker. #3.2 Tracking USER internalUser83
10:15:43.070 [Test worker] DEBUG tourGuide.service.TourGuideService - Begin Tracker. #4 Tracking USER internalUser83
10:15:43.118 [Test worker] DEBUG tourGuide.service.TourGuideService - Begin Tracker. #1 Tracking USER internalUser82
10:15:43.118 [Test worker] DEBUG tourGuide.service.TourGuideService - Begin Tracker. #2 Tracking USER internalUser82 latitutde 4.285774 longitude 142.762745
10:15:43.124 [pool-1-thread-1] DEBUG tourGuide.service.TourGuideService - Begin Tracker. #1 Tracking USER internalUser83
10:15:43.124 [pool-1-thread-1] DEBUG tourGuide.service.TourGuideService - Begin Tracker. #2 Tracking USER internalUser83 latitutde 32.107726 longitude -69.890942
10:15:43.129 [Test worker] DEBUG tourGuide.service.RewardsService - Begin Tracker. #3.1.0 Tracking USER internalUser82
10:15:43.129 [Test worker] DEBUG tourGuide.service.RewardsService - Begin Tracker. #3.1.1 Tracking USER internalUser82 latitutde -67.67690354670052 longitude 113.71097280001112
10:15:43.129 [Test worker] DEBUG tourGuide.service.RewardsService - Begin Tracker. #3.1.2 Tracking USER internalUser82
10:15:43.129 [Test worker] DEBUG tourGuide.service.RewardsService - Begin Tracker. #3.1.1 Tracking USER internalUser82 latitutde -73.9806814326451 longitude 1.9597478435434255
10:15:43.130 [Test worker] DEBUG tourGuide.service.RewardsService - Begin Tracker. #3.1.2 Tracking USER internalUser82
10:15:43.130 [Test worker] DEBUG tourGuide.service.RewardsService - Begin Tracker. #3.1.1 Tracking USER internalUser82 latitutde -30.637287322136252 longitude 107.51908664931773
10:15:43.131 [Test worker] DEBUG tourGuide.service.RewardsService - Begin Tracker. #3.1.2 Tracking USER internalUser82
10:15:43.132 [Test worker] DEBUG tourGuide.service.RewardsService - Begin Tracker. #3.1.1 Tracking USER internalUser82 latitutde 4.285774 longitude 142.762745
10:15:43.132 [Test worker] DEBUG tourGuide.service.RewardsService - Begin Tracker. #3.1.2 Tracking USER internalUser82
10:15:43.133 [Test worker] DEBUG tourGuide.service.RewardsService - Begin Tracker. #3.2 Tracking USER internalUser82
10:15:43.133 [Test worker] DEBUG tourGuide.service.TourGuideService - Begin Tracker. #4 Tracking USER internalUser82
10:15:43.159 [pool-1-thread-1] DEBUG tourGuide.service.RewardsService - Begin Tracker. #3.1.0 Tracking USER internalUser83
10:15:43.159 [pool-1-thread-1] DEBUG tourGuide.service.RewardsService - Begin Tracker. #3.1.1 Tracking USER internalUser83 latitutde -65.15480444132395 longitude 8.837471944471474
10:15:43.159 [pool-1-thread-1] DEBUG tourGuide.service.RewardsService - Begin Tracker. #3.1.2 Tracking USER internalUser83
10:15:43.159 [pool-1-thread-1] DEBUG tourGuide.service.RewardsService - Begin Tracker. #3.1.1 Tracking USER internalUser83 latitutde 68.55371806313903 longitude 42.612657422106366
10:15:43.159 [pool-1-thread-1] DEBUG tourGuide.service.RewardsService - Begin Tracker. #3.1.2 Tracking USER internalUser83
10:15:43.159 [pool-1-thread-1] DEBUG tourGuide.service.RewardsService - Begin Tracker. #3.1.1 Tracking USER internalUser83 latitutde -30.847287209659946 longitude 170.23200773473633
10:15:43.159 [pool-1-thread-1] DEBUG tourGuide.service.RewardsService - Begin Tracker. #3.1.2 Tracking USER internalUser83
10:15:43.159 [pool-1-thread-1] DEBUG tourGuide.service.RewardsService - Begin Tracker. #3.1.1 Tracking USER internalUser83 latitutde -13.294821 longitude -133.318064
10:15:43.159 [pool-1-thread-1] DEBUG tourGuide.service.RewardsService - Begin Tracker. #3.1.2 Tracking USER internalUser83
10:15:43.159 [pool-1-thread-1] DEBUG tourGuide.service.RewardsService - Begin Tracker. #3.1.1 Tracking USER internalUser83 latitutde 32.107726 longitude -69.890942
10:15:43.159 [pool-1-thread-1] DEBUG tourGuide.service.RewardsService - Begin Tracker. #3.1.2 Tracking USER internalUser83
10:15:43.159 [pool-1-thread-1] DEBUG tourGuide.service.RewardsService - Begin Tracker. #3.2 Tracking USER internalUser83
10:15:43.159 [pool-1-thread-1] DEBUG tourGuide.service.TourGuideService - Begin Tracker. #4 Tracking USER internalUser83
10:15:43.190 [Test worker] DEBUG tourGuide.service.TourGuideService - Begin Tracker. #1 Tracking USER internalUser9
10:15:43.190 [Test worker] DEBUG tourGuide.service.TourGuideService - Begin Tracker. #2 Tracking USER internalUser9 latitutde -15.799385 longitude 49.158071
10:15:43.206 [Test worker] DEBUG tourGuide.service.RewardsService - Begin Tracker. #3.1.0 Tracking USER internalUser9
10:15:43.206 [Test worker] DEBUG tourGuide.service.RewardsService - Begin Tracker. #3.1.1 Tracking USER internalUser9 latitutde -63.175481649521195 longitude -74.83879977625897
10:15:43.206 [Test worker] DEBUG tourGuide.service.RewardsService - Begin Tracker. #3.1.2 Tracking USER internalUser9
10:15:43.206 [Test worker] DEBUG tourGuide.service.RewardsService - Begin Tracker. #3.1.1 Tracking USER internalUser9 latitutde -45.347465487494674 longitude 142.7833494179037
10:15:43.206 [Test worker] DEBUG tourGuide.service.RewardsService - Begin Tracker. #3.1.2 Tracking USER internalUser9
10:15:43.206 [Test worker] DEBUG tourGuide.service.RewardsService - Begin Tracker. #3.1.1 Tracking USER internalUser9 latitutde -20.73360323061685 longitude -29.42963293507509
10:15:43.206 [Test worker] DEBUG tourGuide.service.RewardsService - Begin Tracker. #3.1.2 Tracking USER internalUser9
10:15:43.206 [Test worker] DEBUG tourGuide.service.RewardsService - Begin Tracker. #3.1.1 Tracking USER internalUser9 latitutde -15.799385 longitude 49.158071
10:15:43.206 [Test worker] DEBUG tourGuide.service.RewardsService - Begin Tracker. #3.1.2 Tracking USER internalUser9
10:15:43.206 [Test worker] DEBUG tourGuide.service.RewardsService - Begin Tracker. #3.2 Tracking USER internalUser9
10:15:43.206 [Test worker] DEBUG tourGuide.service.TourGuideService - Begin Tracker. #4 Tracking USER internalUser9
10:15:43.237 [pool-1-thread-1] DEBUG tourGuide.service.TourGuideService - Begin Tracker. #1 Tracking USER internalUser82
10:15:43.237 [pool-1-thread-1] DEBUG tourGuide.service.TourGuideService - Begin Tracker. #2 Tracking USER internalUser82 latitutde 41.078078 longitude 151.608105
10:15:43.247 [pool-1-thread-1] DEBUG tourGuide.service.RewardsService - Begin Tracker. #3.1.0 Tracking USER internalUser82
10:15:43.247 [pool-1-thread-1] DEBUG tourGuide.service.RewardsService - Begin Tracker. #3.1.1 Tracking USER internalUser82 latitutde -67.67690354670052 longitude 113.71097280001112
10:15:43.247 [pool-1-thread-1] DEBUG tourGuide.service.RewardsService - Begin Tracker. #3.1.2 Tracking USER internalUser82
10:15:43.247 [pool-1-thread-1] DEBUG tourGuide.service.RewardsService - Begin Tracker. #3.1.1 Tracking USER internalUser82 latitutde -73.9806814326451 longitude 1.9597478435434255
10:15:43.247 [pool-1-thread-1] DEBUG tourGuide.service.RewardsService - Begin Tracker. #3.1.2 Tracking USER internalUser82
10:15:43.248 [pool-1-thread-1] DEBUG tourGuide.service.RewardsService - Begin Tracker. #3.1.1 Tracking USER internalUser82 latitutde -30.637287322136252 longitude 107.51908664931773
10:15:43.248 [pool-1-thread-1] DEBUG tourGuide.service.RewardsService - Begin Tracker. #3.1.2 Tracking USER internalUser82
10:15:43.248 [pool-1-thread-1] DEBUG tourGuide.service.RewardsService - Begin Tracker. #3.1.1 Tracking USER internalUser82 latitutde 4.285774 longitude 142.762745
10:15:43.248 [pool-1-thread-1] DEBUG tourGuide.service.RewardsService - Begin Tracker. #3.1.2 Tracking USER internalUser82
10:15:43.248 [pool-1-thread-1] DEBUG tourGuide.service.RewardsService - Begin Tracker. #3.1.1 Tracking USER internalUser82 latitutde 41.078078 longitude 151.608105
10:15:43.248 [pool-1-thread-1] DEBUG tourGuide.service.RewardsService - Begin Tracker. #3.1.2 Tracking USER internalUser82
10:15:43.248 [pool-1-thread-1] DEBUG tourGuide.service.RewardsService - Begin Tracker. #3.2 Tracking USER internalUser82
10:15:43.249 [pool-1-thread-1] DEBUG tourGuide.service.TourGuideService - Begin Tracker. #4 Tracking USER internalUser82
10:15:43.255 [Test worker] DEBUG tourGuide.service.TourGuideService - Begin Tracker. #1 Tracking USER internalUser8
10:15:43.255 [Test worker] DEBUG tourGuide.service.TourGuideService - Begin Tracker. #2 Tracking USER internalUser8 latitutde -44.749909 longitude -43.445477
10:15:43.266 [Test worker] DEBUG tourGuide.service.RewardsService - Begin Tracker. #3.1.0 Tracking USER internalUser8
10:15:43.266 [Test worker] DEBUG tourGuide.service.RewardsService - Begin Tracker. #3.1.1 Tracking USER internalUser8 latitutde -60.02018166476467 longitude -82.84608796965414
10:15:43.266 [Test worker] DEBUG tourGuide.service.RewardsService - Begin Tracker. #3.1.2 Tracking USER internalUser8
10:15:43.266 [Test worker] DEBUG tourGuide.service.RewardsService - Begin Tracker. #3.1.1 Tracking USER internalUser8 latitutde -52.43618870354536 longitude -74.76824531056874
10:15:43.266 [Test worker] DEBUG tourGuide.service.RewardsService - Begin Tracker. #3.1.2 Tracking USER internalUser8
10:15:43.266 [Test worker] DEBUG tourGuide.service.RewardsService - Begin Tracker. #3.1.1 Tracking USER internalUser8 latitutde -45.21293299095637 longitude 125.84343520706341
10:15:43.266 [Test worker] DEBUG tourGuide.service.RewardsService - Begin Tracker. #3.1.2 Tracking USER internalUser8
10:15:43.266 [Test worker] DEBUG tourGuide.service.RewardsService - Begin Tracker. #3.1.1 Tracking USER internalUser8 latitutde -44.749909 longitude -43.445477
10:15:43.266 [Test worker] DEBUG tourGuide.service.RewardsService - Begin Tracker. #3.1.2 Tracking USER internalUser8
10:15:43.266 [Test worker] DEBUG tourGuide.service.RewardsService - Begin Tracker. #3.2 Tracking USER internalUser8
10:15:43.266 [Test worker] DEBUG tourGuide.service.TourGuideService - Begin Tracker. #4 Tracking USER internalUser8
10:15:43.334 [Test worker] DEBUG tourGuide.service.TourGuideService - Begin Tracker. #1 Tracking USER internalUser19
10:15:43.339 [Test worker] DEBUG tourGuide.service.TourGuideService - Begin Tracker. #2 Tracking USER internalUser19 latitutde 49.057466 longitude 129.459518
10:15:43.343 [pool-1-thread-1] DEBUG tourGuide.service.TourGuideService - Begin Tracker. #1 Tracking USER internalUser9
10:15:43.343 [pool-1-thread-1] DEBUG tourGuide.service.TourGuideService - Begin Tracker. #2 Tracking USER internalUser9 latitutde -43.406801 longitude -70.110196
10:15:43.352 [Test worker] DEBUG tourGuide.service.RewardsService - Begin Tracker. #3.1.0 Tracking USER internalUser19
10:15:43.352 [Test worker] DEBUG tourGuide.service.RewardsService - Begin Tracker. #3.1.1 Tracking USER internalUser19 latitutde 45.39913821026096 longitude 140.34541496943336
10:15:43.352 [Test worker] DEBUG tourGuide.service.RewardsService - Begin Tracker. #3.1.2 Tracking USER internalUser19
10:15:43.353 [Test worker] DEBUG tourGuide.service.RewardsService - Begin Tracker. #3.1.1 Tracking USER internalUser19 latitutde -58.117059557139456 longitude 3.8191939397655688
10:15:43.357 [Test worker] DEBUG tourGuide.service.RewardsService - Begin Tracker. #3.1.2 Tracking USER internalUser19
10:15:43.360 [Test worker] DEBUG tourGuide.service.RewardsService - Begin Tracker. #3.1.1 Tracking USER internalUser19 latitutde -12.15769485282948 longitude 84.94350956623163
10:15:43.361 [Test worker] DEBUG tourGuide.service.RewardsService - Begin Tracker. #3.1.2 Tracking USER internalUser19
10:15:43.363 [Test worker] DEBUG tourGuide.service.RewardsService - Begin Tracker. #3.1.1 Tracking USER internalUser19 latitutde 49.057466 longitude 129.459518
10:15:43.363 [Test worker] DEBUG tourGuide.service.RewardsService - Begin Tracker. #3.1.2 Tracking USER internalUser19
10:15:43.363 [Test worker] DEBUG tourGuide.service.RewardsService - Begin Tracker. #3.2 Tracking USER internalUser19
10:15:43.363 [Test worker] DEBUG tourGuide.service.TourGuideService - Begin Tracker. #4 Tracking USER internalUser19
10:15:43.366 [pool-1-thread-1] DEBUG tourGuide.service.RewardsService - Begin Tracker. #3.1.0 Tracking USER internalUser9
10:15:43.367 [pool-1-thread-1] DEBUG tourGuide.service.RewardsService - Begin Tracker. #3.1.1 Tracking USER internalUser9 latitutde -63.175481649521195 longitude -74.83879977625897
10:15:43.368 [pool-1-thread-1] DEBUG tourGuide.service.RewardsService - Begin Tracker. #3.1.2 Tracking USER internalUser9
10:15:43.368 [pool-1-thread-1] DEBUG tourGuide.service.RewardsService - Begin Tracker. #3.1.1 Tracking USER internalUser9 latitutde -45.347465487494674 longitude 142.7833494179037
10:15:43.369 [pool-1-thread-1] DEBUG tourGuide.service.RewardsService - Begin Tracker. #3.1.2 Tracking USER internalUser9
10:15:43.369 [pool-1-thread-1] DEBUG tourGuide.service.RewardsService - Begin Tracker. #3.1.1 Tracking USER internalUser9 latitutde -20.73360323061685 longitude -29.42963293507509
10:15:43.370 [pool-1-thread-1] DEBUG tourGuide.service.RewardsService - Begin Tracker. #3.1.2 Tracking USER internalUser9
10:15:43.370 [pool-1-thread-1] DEBUG tourGuide.service.RewardsService - Begin Tracker. #3.1.1 Tracking USER internalUser9 latitutde -15.799385 longitude 49.158071
10:15:43.372 [pool-1-thread-1] DEBUG tourGuide.service.RewardsService - Begin Tracker. #3.1.2 Tracking USER internalUser9
10:15:43.372 [pool-1-thread-1] DEBUG tourGuide.service.RewardsService - Begin Tracker. #3.1.1 Tracking USER internalUser9 latitutde -43.406801 longitude -70.110196
10:15:43.372 [pool-1-thread-1] DEBUG tourGuide.service.RewardsService - Begin Tracker. #3.1.2 Tracking USER internalUser9
10:15:43.372 [pool-1-thread-1] DEBUG tourGuide.service.RewardsService - Begin Tracker. #3.2 Tracking USER internalUser9
10:15:43.372 [pool-1-thread-1] DEBUG tourGuide.service.TourGuideService - Begin Tracker. #4 Tracking USER internalUser9
10:15:43.417 [Test worker] DEBUG tourGuide.service.TourGuideService - Begin Tracker. #1 Tracking USER internalUser16
10:15:43.417 [Test worker] DEBUG tourGuide.service.TourGuideService - Begin Tracker. #2 Tracking USER internalUser16 latitutde 14.527709 longitude -75.204598
10:15:43.444 [Test worker] DEBUG tourGuide.service.RewardsService - Begin Tracker. #3.1.0 Tracking USER internalUser16
10:15:43.445 [Test worker] DEBUG tourGuide.service.RewardsService - Begin Tracker. #3.1.1 Tracking USER internalUser16 latitutde 25.023494440755627 longitude -51.01889332158916
10:15:43.445 [Test worker] DEBUG tourGuide.service.RewardsService - Begin Tracker. #3.1.2 Tracking USER internalUser16
10:15:43.445 [Test worker] DEBUG tourGuide.service.RewardsService - Begin Tracker. #3.1.1 Tracking USER internalUser16 latitutde 38.86198904234057 longitude 41.90635071391503
10:15:43.445 [Test worker] DEBUG tourGuide.service.RewardsService - Begin Tracker. #3.1.2 Tracking USER internalUser16
10:15:43.446 [Test worker] DEBUG tourGuide.service.RewardsService - Begin Tracker. #3.1.1 Tracking USER internalUser16 latitutde -33.72625914510573 longitude 38.98418512698959
10:15:43.446 [Test worker] DEBUG tourGuide.service.RewardsService - Begin Tracker. #3.1.2 Tracking USER internalUser16
10:15:43.446 [Test worker] DEBUG tourGuide.service.RewardsService - Begin Tracker. #3.1.1 Tracking USER internalUser16 latitutde 14.527709 longitude -75.204598
10:15:43.448 [Test worker] DEBUG tourGuide.service.RewardsService - Begin Tracker. #3.1.2 Tracking USER internalUser16
10:15:43.448 [Test worker] DEBUG tourGuide.service.RewardsService - Begin Tracker. #3.2 Tracking USER internalUser16
10:15:43.448 [Test worker] DEBUG tourGuide.service.TourGuideService - Begin Tracker. #4 Tracking USER internalUser16
10:15:43.453 [pool-1-thread-1] DEBUG tourGuide.service.TourGuideService - Begin Tracker. #1 Tracking USER internalUser8
10:15:43.454 [pool-1-thread-1] DEBUG tourGuide.service.TourGuideService - Begin Tracker. #2 Tracking USER internalUser8 latitutde 44.270675 longitude -54.756183
10:15:43.465 [pool-1-thread-1] DEBUG tourGuide.service.RewardsService - Begin Tracker. #3.1.0 Tracking USER internalUser8
10:15:43.474 [pool-1-thread-1] DEBUG tourGuide.service.RewardsService - Begin Tracker. #3.1.1 Tracking USER internalUser8 latitutde -60.02018166476467 longitude -82.84608796965414
10:15:43.474 [pool-1-thread-1] DEBUG tourGuide.service.RewardsService - Begin Tracker. #3.1.2 Tracking USER internalUser8
10:15:43.475 [pool-1-thread-1] DEBUG tourGuide.service.RewardsService - Begin Tracker. #3.1.1 Tracking USER internalUser8 latitutde -52.43618870354536 longitude -74.76824531056874
10:15:43.475 [pool-1-thread-1] DEBUG tourGuide.service.RewardsService - Begin Tracker. #3.1.2 Tracking USER internalUser8
10:15:43.475 [pool-1-thread-1] DEBUG tourGuide.service.RewardsService - Begin Tracker. #3.1.1 Tracking USER internalUser8 latitutde -45.21293299095637 longitude 125.84343520706341
10:15:43.475 [pool-1-thread-1] DEBUG tourGuide.service.RewardsService - Begin Tracker. #3.1.2 Tracking USER internalUser8
10:15:43.475 [pool-1-thread-1] DEBUG tourGuide.service.RewardsService - Begin Tracker. #3.1.1 Tracking USER internalUser8 latitutde -44.749909 longitude -43.445477
10:15:43.475 [pool-1-thread-1] DEBUG tourGuide.service.RewardsService - Begin Tracker. #3.1.2 Tracking USER internalUser8
10:15:43.475 [pool-1-thread-1] DEBUG tourGuide.service.RewardsService - Begin Tracker. #3.1.1 Tracking USER internalUser8 latitutde 44.270675 longitude -54.756183
10:15:43.475 [pool-1-thread-1] DEBUG tourGuide.service.RewardsService - Begin Tracker. #3.1.2 Tracking USER internalUser8
10:15:43.476 [pool-1-thread-1] DEBUG tourGuide.service.RewardsService - Begin Tracker. #3.2 Tracking USER internalUser8
10:15:43.476 [pool-1-thread-1] DEBUG tourGuide.service.TourGuideService - Begin Tracker. #4 Tracking USER internalUser8
10:15:43.483 [Test worker] DEBUG tourGuide.service.TourGuideService - Begin Tracker. #1 Tracking USER internalUser15
10:15:43.483 [Test worker] DEBUG tourGuide.service.TourGuideService - Begin Tracker. #2 Tracking USER internalUser15 latitutde 28.74415 longitude 43.987139
10:15:43.494 [Test worker] DEBUG tourGuide.service.RewardsService - Begin Tracker. #3.1.0 Tracking USER internalUser15
10:15:43.494 [Test worker] DEBUG tourGuide.service.RewardsService - Begin Tracker. #3.1.1 Tracking USER internalUser15 latitutde 27.210168839081092 longitude -60.74554156215068
10:15:43.495 [Test worker] DEBUG tourGuide.service.RewardsService - Begin Tracker. #3.1.2 Tracking USER internalUser15
10:15:43.495 [Test worker] DEBUG tourGuide.service.RewardsService - Begin Tracker. #3.1.1 Tracking USER internalUser15 latitutde -79.67089165086453 longitude -128.37128711364883
10:15:43.495 [Test worker] DEBUG tourGuide.service.RewardsService - Begin Tracker. #3.1.2 Tracking USER internalUser15
10:15:43.495 [Test worker] DEBUG tourGuide.service.RewardsService - Begin Tracker. #3.1.1 Tracking USER internalUser15 latitutde -28.069616209918237 longitude 36.42396680135673
10:15:43.495 [Test worker] DEBUG tourGuide.service.RewardsService - Begin Tracker. #3.1.2 Tracking USER internalUser15
10:15:43.495 [Test worker] DEBUG tourGuide.service.RewardsService - Begin Tracker. #3.1.1 Tracking USER internalUser15 latitutde 28.74415 longitude 43.987139
10:15:43.495 [Test worker] DEBUG tourGuide.service.RewardsService - Begin Tracker. #3.1.2 Tracking USER internalUser15
10:15:43.495 [Test worker] DEBUG tourGuide.service.RewardsService - Begin Tracker. #3.2 Tracking USER internalUser15
10:15:43.495 [Test worker] DEBUG tourGuide.service.TourGuideService - Begin Tracker. #4 Tracking USER internalUser15
10:15:43.558 [pool-1-thread-1] DEBUG tourGuide.service.TourGuideService - Begin Tracker. #1 Tracking USER internalUser19
10:15:43.558 [pool-1-thread-1] DEBUG tourGuide.service.TourGuideService - Begin Tracker. #2 Tracking USER internalUser19 latitutde 53.76591 longitude -121.499422
10:15:43.569 [pool-1-thread-1] DEBUG tourGuide.service.RewardsService - Begin Tracker. #3.1.0 Tracking USER internalUser19
10:15:43.569 [pool-1-thread-1] DEBUG tourGuide.service.RewardsService - Begin Tracker. #3.1.1 Tracking USER internalUser19 latitutde 45.39913821026096 longitude 140.34541496943336
10:15:43.570 [pool-1-thread-1] DEBUG tourGuide.service.RewardsService - Begin Tracker. #3.1.2 Tracking USER internalUser19
10:15:43.570 [pool-1-thread-1] DEBUG tourGuide.service.RewardsService - Begin Tracker. #3.1.1 Tracking USER internalUser19 latitutde -58.117059557139456 longitude 3.8191939397655688
10:15:43.571 [pool-1-thread-1] DEBUG tourGuide.service.RewardsService - Begin Tracker. #3.1.2 Tracking USER internalUser19
10:15:43.571 [pool-1-thread-1] DEBUG tourGuide.service.RewardsService - Begin Tracker. #3.1.1 Tracking USER internalUser19 latitutde -12.15769485282948 longitude 84.94350956623163
10:15:43.571 [pool-1-thread-1] DEBUG tourGuide.service.RewardsService - Begin Tracker. #3.1.2 Tracking USER internalUser19
10:15:43.571 [pool-1-thread-1] DEBUG tourGuide.service.RewardsService - Begin Tracker. #3.1.1 Tracking USER internalUser19 latitutde 49.057466 longitude 129.459518
10:15:43.571 [pool-1-thread-1] DEBUG tourGuide.service.RewardsService - Begin Tracker. #3.1.2 Tracking USER internalUser19
10:15:43.571 [pool-1-thread-1] DEBUG tourGuide.service.RewardsService - Begin Tracker. #3.1.1 Tracking USER internalUser19 latitutde 53.76591 longitude -121.499422
10:15:43.572 [pool-1-thread-1] DEBUG tourGuide.service.RewardsService - Begin Tracker. #3.1.2 Tracking USER internalUser19
10:15:43.572 [pool-1-thread-1] DEBUG tourGuide.service.RewardsService - Begin Tracker. #3.2 Tracking USER internalUser19
10:15:43.572 [pool-1-thread-1] DEBUG tourGuide.service.TourGuideService - Begin Tracker. #4 Tracking USER internalUser19
10:15:43.574 [Test worker] DEBUG tourGuide.service.TourGuideService - Begin Tracker. #1 Tracking USER internalUser18
10:15:43.574 [Test worker] DEBUG tourGuide.service.TourGuideService - Begin Tracker. #2 Tracking USER internalUser18 latitutde -33.464587 longitude 16.598964
10:15:43.586 [Test worker] DEBUG tourGuide.service.RewardsService - Begin Tracker. #3.1.0 Tracking USER internalUser18
10:15:43.586 [Test worker] DEBUG tourGuide.service.RewardsService - Begin Tracker. #3.1.1 Tracking USER internalUser18 latitutde -8.63405956031724 longitude -43.07506355995855
10:15:43.586 [Test worker] DEBUG tourGuide.service.RewardsService - Begin Tracker. #3.1.2 Tracking USER internalUser18
10:15:43.587 [Test worker] DEBUG tourGuide.service.RewardsService - Begin Tracker. #3.1.1 Tracking USER internalUser18 latitutde 78.39249389322896 longitude -53.11156930688345
10:15:43.588 [Test worker] DEBUG tourGuide.service.RewardsService - Begin Tracker. #3.1.2 Tracking USER internalUser18
10:15:43.588 [Test worker] DEBUG tourGuide.service.RewardsService - Begin Tracker. #3.1.1 Tracking USER internalUser18 latitutde -71.9566655051172 longitude 38.22925953305281
10:15:43.588 [Test worker] DEBUG tourGuide.service.RewardsService - Begin Tracker. #3.1.2 Tracking USER internalUser18
10:15:43.588 [Test worker] DEBUG tourGuide.service.RewardsService - Begin Tracker. #3.1.1 Tracking USER internalUser18 latitutde -33.464587 longitude 16.598964
10:15:43.589 [Test worker] DEBUG tourGuide.service.RewardsService - Begin Tracker. #3.1.2 Tracking USER internalUser18
10:15:43.589 [Test worker] DEBUG tourGuide.service.RewardsService - Begin Tracker. #3.2 Tracking USER internalUser18
10:15:43.589 [Test worker] DEBUG tourGuide.service.TourGuideService - Begin Tracker. #4 Tracking USER internalUser18
10:15:43.653 [Test worker] DEBUG tourGuide.service.TourGuideService - Begin Tracker. #1 Tracking USER internalUser17
10:15:43.653 [Test worker] DEBUG tourGuide.service.TourGuideService - Begin Tracker. #2 Tracking USER internalUser17 latitutde 83.896732 longitude 145.343898
10:15:43.655 [pool-1-thread-1] DEBUG tourGuide.service.TourGuideService - Begin Tracker. #1 Tracking USER internalUser16
10:15:43.656 [pool-1-thread-1] DEBUG tourGuide.service.TourGuideService - Begin Tracker. #2 Tracking USER internalUser16 latitutde 33.680351 longitude -88.386971
10:15:43.664 [Test worker] DEBUG tourGuide.service.RewardsService - Begin Tracker. #3.1.0 Tracking USER internalUser17
10:15:43.665 [Test worker] DEBUG tourGuide.service.RewardsService - Begin Tracker. #3.1.1 Tracking USER internalUser17 latitutde -21.800309460353873 longitude 15.577515739759264
10:15:43.667 [Test worker] DEBUG tourGuide.service.RewardsService - Begin Tracker. #3.1.2 Tracking USER internalUser17
10:15:43.667 [Test worker] DEBUG tourGuide.service.RewardsService - Begin Tracker. #3.1.1 Tracking USER internalUser17 latitutde 55.59074862169473 longitude 112.36979528095173
10:15:43.667 [Test worker] DEBUG tourGuide.service.RewardsService - Begin Tracker. #3.1.2 Tracking USER internalUser17
10:15:43.667 [Test worker] DEBUG tourGuide.service.RewardsService - Begin Tracker. #3.1.1 Tracking USER internalUser17 latitutde -45.36296184242247 longitude -110.83774464013645
10:15:43.668 [Test worker] DEBUG tourGuide.service.RewardsService - Begin Tracker. #3.1.2 Tracking USER internalUser17
10:15:43.668 [Test worker] DEBUG tourGuide.service.RewardsService - Begin Tracker. #3.1.1 Tracking USER internalUser17 latitutde 83.896732 longitude 145.343898
10:15:43.668 [Test worker] DEBUG tourGuide.service.RewardsService - Begin Tracker. #3.1.2 Tracking USER internalUser17
10:15:43.668 [Test worker] DEBUG tourGuide.service.RewardsService - Begin Tracker. #3.2 Tracking USER internalUser17
10:15:43.669 [Test worker] DEBUG tourGuide.service.TourGuideService - Begin Tracker. #4 Tracking USER internalUser17
10:15:43.680 [pool-1-thread-1] DEBUG tourGuide.service.RewardsService - Begin Tracker. #3.1.0 Tracking USER internalUser16
10:15:43.681 [pool-1-thread-1] DEBUG tourGuide.service.RewardsService - Begin Tracker. #3.1.1 Tracking USER internalUser16 latitutde 25.023494440755627 longitude -51.01889332158916
10:15:43.682 [pool-1-thread-1] DEBUG tourGuide.service.RewardsService - Begin Tracker. #3.1.2 Tracking USER internalUser16
10:15:43.682 [pool-1-thread-1] DEBUG tourGuide.service.RewardsService - Begin Tracker. #3.1.1 Tracking USER internalUser16 latitutde 38.86198904234057 longitude 41.90635071391503
10:15:43.682 [pool-1-thread-1] DEBUG tourGuide.service.RewardsService - Begin Tracker. #3.1.2 Tracking USER internalUser16
10:15:43.682 [pool-1-thread-1] DEBUG tourGuide.service.RewardsService - Begin Tracker. #3.1.1 Tracking USER internalUser16 latitutde -33.72625914510573 longitude 38.98418512698959
10:15:43.682 [pool-1-thread-1] DEBUG tourGuide.service.RewardsService - Begin Tracker. #3.1.2 Tracking USER internalUser16
10:15:43.683 [pool-1-thread-1] DEBUG tourGuide.service.RewardsService - Begin Tracker. #3.1.1 Tracking USER internalUser16 latitutde 14.527709 longitude -75.204598
10:15:43.683 [pool-1-thread-1] DEBUG tourGuide.service.RewardsService - Begin Tracker. #3.1.2 Tracking USER internalUser16
10:15:43.683 [pool-1-thread-1] DEBUG tourGuide.service.RewardsService - Begin Tracker. #3.1.1 Tracking USER internalUser16 latitutde 33.680351 longitude -88.386971
10:15:43.684 [pool-1-thread-1] DEBUG tourGuide.service.RewardsService - Begin Tracker. #3.1.2 Tracking USER internalUser16
10:15:43.684 [pool-1-thread-1] DEBUG tourGuide.service.RewardsService - Begin Tracker. #3.2 Tracking USER internalUser16
10:15:43.685 [pool-1-thread-1] DEBUG tourGuide.service.TourGuideService - Begin Tracker. #4 Tracking USER internalUser16
10:15:43.741 [Test worker] DEBUG tourGuide.service.TourGuideService - Begin Tracker. #1 Tracking USER internalUser12
10:15:43.741 [Test worker] DEBUG tourGuide.service.TourGuideService - Begin Tracker. #2 Tracking USER internalUser12 latitutde 20.129614 longitude -14.108919
10:15:43.756 [pool-1-thread-1] DEBUG tourGuide.service.TourGuideService - Begin Tracker. #1 Tracking USER internalUser15
10:15:43.756 [pool-1-thread-1] DEBUG tourGuide.service.TourGuideService - Begin Tracker. #2 Tracking USER internalUser15 latitutde -15.873479 longitude -110.485722
10:15:43.757 [Test worker] DEBUG tourGuide.service.RewardsService - Begin Tracker. #3.1.0 Tracking USER internalUser12
10:15:43.757 [Test worker] DEBUG tourGuide.service.RewardsService - Begin Tracker. #3.1.1 Tracking USER internalUser12 latitutde -65.8931782734276 longitude 148.3654741717379
10:15:43.758 [Test worker] DEBUG tourGuide.service.RewardsService - Begin Tracker. #3.1.2 Tracking USER internalUser12
10:15:43.758 [Test worker] DEBUG tourGuide.service.RewardsService - Begin Tracker. #3.1.1 Tracking USER internalUser12 latitutde -41.6219764615229 longitude 13.043480016922729
10:15:43.759 [Test worker] DEBUG tourGuide.service.RewardsService - Begin Tracker. #3.1.2 Tracking USER internalUser12
10:15:43.759 [Test worker] DEBUG tourGuide.service.RewardsService - Begin Tracker. #3.1.1 Tracking USER internalUser12 latitutde 42.289124482146605 longitude 119.12162208749936
10:15:43.759 [Test worker] DEBUG tourGuide.service.RewardsService - Begin Tracker. #3.1.2 Tracking USER internalUser12
10:15:43.760 [Test worker] DEBUG tourGuide.service.RewardsService - Begin Tracker. #3.1.1 Tracking USER internalUser12 latitutde 20.129614 longitude -14.108919
10:15:43.761 [Test worker] DEBUG tourGuide.service.RewardsService - Begin Tracker. #3.1.2 Tracking USER internalUser12
10:15:43.761 [Test worker] DEBUG tourGuide.service.RewardsService - Begin Tracker. #3.2 Tracking USER internalUser12
10:15:43.762 [Test worker] DEBUG tourGuide.service.TourGuideService - Begin Tracker. #4 Tracking USER internalUser12
10:15:43.773 [pool-1-thread-1] DEBUG tourGuide.service.RewardsService - Begin Tracker. #3.1.0 Tracking USER internalUser15
10:15:43.773 [pool-1-thread-1] DEBUG tourGuide.service.RewardsService - Begin Tracker. #3.1.1 Tracking USER internalUser15 latitutde 27.210168839081092 longitude -60.74554156215068
10:15:43.773 [pool-1-thread-1] DEBUG tourGuide.service.RewardsService - Begin Tracker. #3.1.2 Tracking USER internalUser15
10:15:43.774 [pool-1-thread-1] DEBUG tourGuide.service.RewardsService - Begin Tracker. #3.1.1 Tracking USER internalUser15 latitutde -79.67089165086453 longitude -128.37128711364883
10:15:43.774 [pool-1-thread-1] DEBUG tourGuide.service.RewardsService - Begin Tracker. #3.1.2 Tracking USER internalUser15
10:15:43.775 [pool-1-thread-1] DEBUG tourGuide.service.RewardsService - Begin Tracker. #3.1.1 Tracking USER internalUser15 latitutde -28.069616209918237 longitude 36.42396680135673
10:15:43.775 [pool-1-thread-1] DEBUG tourGuide.service.RewardsService - Begin Tracker. #3.1.2 Tracking USER internalUser15
10:15:43.775 [pool-1-thread-1] DEBUG tourGuide.service.RewardsService - Begin Tracker. #3.1.1 Tracking USER internalUser15 latitutde 28.74415 longitude 43.987139
10:15:43.776 [pool-1-thread-1] DEBUG tourGuide.service.RewardsService - Begin Tracker. #3.1.2 Tracking USER internalUser15
10:15:43.777 [pool-1-thread-1] DEBUG tourGuide.service.RewardsService - Begin Tracker. #3.1.1 Tracking USER internalUser15 latitutde -15.873479 longitude -110.485722
10:15:43.778 [pool-1-thread-1] DEBUG tourGuide.service.RewardsService - Begin Tracker. #3.1.2 Tracking USER internalUser15
10:15:43.778 [pool-1-thread-1] DEBUG tourGuide.service.RewardsService - Begin Tracker. #3.2 Tracking USER internalUser15
10:15:43.778 [pool-1-thread-1] DEBUG tourGuide.service.TourGuideService - Begin Tracker. #4 Tracking USER internalUser15
10:15:43.819 [pool-1-thread-1] DEBUG tourGuide.service.TourGuideService - Begin Tracker. #1 Tracking USER internalUser18
10:15:43.819 [pool-1-thread-1] DEBUG tourGuide.service.TourGuideService - Begin Tracker. #2 Tracking USER internalUser18 latitutde -46.44406 longitude -100.290359
10:15:43.824 [Test worker] DEBUG tourGuide.service.TourGuideService - Begin Tracker. #1 Tracking USER internalUser11
10:15:43.824 [Test worker] DEBUG tourGuide.service.TourGuideService - Begin Tracker. #2 Tracking USER internalUser11 latitutde -8.935145 longitude 169.643823
10:15:43.830 [pool-1-thread-1] DEBUG tourGuide.service.RewardsService - Begin Tracker. #3.1.0 Tracking USER internalUser18
10:15:43.830 [pool-1-thread-1] DEBUG tourGuide.service.RewardsService - Begin Tracker. #3.1.1 Tracking USER internalUser18 latitutde -8.63405956031724 longitude -43.07506355995855
10:15:43.830 [pool-1-thread-1] DEBUG tourGuide.service.RewardsService - Begin Tracker. #3.1.2 Tracking USER internalUser18
10:15:43.830 [pool-1-thread-1] DEBUG tourGuide.service.RewardsService - Begin Tracker. #3.1.1 Tracking USER internalUser18 latitutde 78.39249389322896 longitude -53.11156930688345
10:15:43.830 [pool-1-thread-1] DEBUG tourGuide.service.RewardsService - Begin Tracker. #3.1.2 Tracking USER internalUser18
10:15:43.830 [pool-1-thread-1] DEBUG tourGuide.service.RewardsService - Begin Tracker. #3.1.1 Tracking USER internalUser18 latitutde -71.9566655051172 longitude 38.22925953305281
10:15:43.830 [pool-1-thread-1] DEBUG tourGuide.service.RewardsService - Begin Tracker. #3.1.2 Tracking USER internalUser18
10:15:43.830 [pool-1-thread-1] DEBUG tourGuide.service.RewardsService - Begin Tracker. #3.1.1 Tracking USER internalUser18 latitutde -33.464587 longitude 16.598964
10:15:43.833 [pool-1-thread-1] DEBUG tourGuide.service.RewardsService - Begin Tracker. #3.1.2 Tracking USER internalUser18
10:15:43.833 [pool-1-thread-1] DEBUG tourGuide.service.RewardsService - Begin Tracker. #3.1.1 Tracking USER internalUser18 latitutde -46.44406 longitude -100.290359
10:15:43.833 [pool-1-thread-1] DEBUG tourGuide.service.RewardsService - Begin Tracker. #3.1.2 Tracking USER internalUser18
10:15:43.834 [pool-1-thread-1] DEBUG tourGuide.service.RewardsService - Begin Tracker. #3.2 Tracking USER internalUser18
10:15:43.834 [pool-1-thread-1] DEBUG tourGuide.service.TourGuideService - Begin Tracker. #4 Tracking USER internalUser18
10:15:43.836 [Test worker] DEBUG tourGuide.service.RewardsService - Begin Tracker. #3.1.0 Tracking USER internalUser11
10:15:43.836 [Test worker] DEBUG tourGuide.service.RewardsService - Begin Tracker. #3.1.1 Tracking USER internalUser11 latitutde -35.17641136681531 longitude 82.88758533614578
10:15:43.836 [Test worker] DEBUG tourGuide.service.RewardsService - Begin Tracker. #3.1.2 Tracking USER internalUser11
10:15:43.836 [Test worker] DEBUG tourGuide.service.RewardsService - Begin Tracker. #3.1.1 Tracking USER internalUser11 latitutde 46.47717366115839 longitude -46.21350450611624
10:15:43.837 [Test worker] DEBUG tourGuide.service.RewardsService - Begin Tracker. #3.1.2 Tracking USER internalUser11
10:15:43.837 [Test worker] DEBUG tourGuide.service.RewardsService - Begin Tracker. #3.1.1 Tracking USER internalUser11 latitutde 61.14262947214078 longitude -81.41062227285792
10:15:43.837 [Test worker] DEBUG tourGuide.service.RewardsService - Begin Tracker. #3.1.2 Tracking USER internalUser11
10:15:43.839 [Test worker] DEBUG tourGuide.service.RewardsService - Begin Tracker. #3.1.1 Tracking USER internalUser11 latitutde -8.935145 longitude 169.643823
10:15:43.839 [Test worker] DEBUG tourGuide.service.RewardsService - Begin Tracker. #3.1.2 Tracking USER internalUser11
10:15:43.839 [Test worker] DEBUG tourGuide.service.RewardsService - Begin Tracker. #3.2 Tracking USER internalUser11
10:15:43.839 [Test worker] DEBUG tourGuide.service.TourGuideService - Begin Tracker. #4 Tracking USER internalUser11
10:15:43.872 [Test worker] DEBUG tourGuide.service.TourGuideService - Begin Tracker. #1 Tracking USER internalUser99
10:15:43.872 [Test worker] DEBUG tourGuide.service.TourGuideService - Begin Tracker. #2 Tracking USER internalUser99 latitutde -33.873227 longitude 110.062879
10:15:43.882 [Test worker] DEBUG tourGuide.service.RewardsService - Begin Tracker. #3.1.0 Tracking USER internalUser99
10:15:43.882 [Test worker] DEBUG tourGuide.service.RewardsService - Begin Tracker. #3.1.1 Tracking USER internalUser99 latitutde -66.65888158522944 longitude 96.28241564177489
10:15:43.882 [Test worker] DEBUG tourGuide.service.RewardsService - Begin Tracker. #3.1.2 Tracking USER internalUser99
10:15:43.882 [Test worker] DEBUG tourGuide.service.RewardsService - Begin Tracker. #3.1.1 Tracking USER internalUser99 latitutde 31.691742995597522 longitude -17.18592156540919
10:15:43.883 [Test worker] DEBUG tourGuide.service.RewardsService - Begin Tracker. #3.1.2 Tracking USER internalUser99
10:15:43.883 [Test worker] DEBUG tourGuide.service.RewardsService - Begin Tracker. #3.1.1 Tracking USER internalUser99 latitutde 74.40283712473754 longitude 39.55601540034493
10:15:43.883 [Test worker] DEBUG tourGuide.service.RewardsService - Begin Tracker. #3.1.2 Tracking USER internalUser99
10:15:43.883 [Test worker] DEBUG tourGuide.service.RewardsService - Begin Tracker. #3.1.1 Tracking USER internalUser99 latitutde -33.873227 longitude 110.062879
10:15:43.883 [Test worker] DEBUG tourGuide.service.RewardsService - Begin Tracker. #3.1.2 Tracking USER internalUser99
10:15:43.883 [Test worker] DEBUG tourGuide.service.RewardsService - Begin Tracker. #3.2 Tracking USER internalUser99
10:15:43.883 [Test worker] DEBUG tourGuide.service.TourGuideService - Begin Tracker. #4 Tracking USER internalUser99
10:15:43.942 [pool-1-thread-1] DEBUG tourGuide.service.TourGuideService - Begin Tracker. #1 Tracking USER internalUser17
10:15:43.942 [pool-1-thread-1] DEBUG tourGuide.service.TourGuideService - Begin Tracker. #2 Tracking USER internalUser17 latitutde 59.186811 longitude 106.124702
10:15:43.957 [pool-1-thread-1] DEBUG tourGuide.service.RewardsService - Begin Tracker. #3.1.0 Tracking USER internalUser17
10:15:43.957 [pool-1-thread-1] DEBUG tourGuide.service.RewardsService - Begin Tracker. #3.1.1 Tracking USER internalUser17 latitutde -21.800309460353873 longitude 15.577515739759264
10:15:43.957 [pool-1-thread-1] DEBUG tourGuide.service.RewardsService - Begin Tracker. #3.1.2 Tracking USER internalUser17
10:15:43.957 [pool-1-thread-1] DEBUG tourGuide.service.RewardsService - Begin Tracker. #3.1.1 Tracking USER internalUser17 latitutde 55.59074862169473 longitude 112.36979528095173
10:15:43.957 [pool-1-thread-1] DEBUG tourGuide.service.RewardsService - Begin Tracker. #3.1.2 Tracking USER internalUser17
10:15:43.958 [pool-1-thread-1] DEBUG tourGuide.service.RewardsService - Begin Tracker. #3.1.1 Tracking USER internalUser17 latitutde -45.36296184242247 longitude -110.83774464013645
10:15:43.958 [pool-1-thread-1] DEBUG tourGuide.service.RewardsService - Begin Tracker. #3.1.2 Tracking USER internalUser17
10:15:43.958 [pool-1-thread-1] DEBUG tourGuide.service.RewardsService - Begin Tracker. #3.1.1 Tracking USER internalUser17 latitutde 83.896732 longitude 145.343898
10:15:43.958 [pool-1-thread-1] DEBUG tourGuide.service.RewardsService - Begin Tracker. #3.1.2 Tracking USER internalUser17
10:15:43.958 [pool-1-thread-1] DEBUG tourGuide.service.RewardsService - Begin Tracker. #3.1.1 Tracking USER internalUser17 latitutde 59.186811 longitude 106.124702
10:15:43.958 [pool-1-thread-1] DEBUG tourGuide.service.RewardsService - Begin Tracker. #3.1.2 Tracking USER internalUser17
10:15:43.958 [pool-1-thread-1] DEBUG tourGuide.service.RewardsService - Begin Tracker. #3.2 Tracking USER internalUser17
10:15:43.958 [pool-1-thread-1] DEBUG tourGuide.service.TourGuideService - Begin Tracker. #4 Tracking USER internalUser17
10:15:43.979 [Test worker] DEBUG tourGuide.service.TourGuideService - Begin Tracker. #1 Tracking USER internalUser14
10:15:43.979 [Test worker] DEBUG tourGuide.service.TourGuideService - Begin Tracker. #2 Tracking USER internalUser14 latitutde -50.800637 longitude 59.963362
10:15:43.990 [Test worker] DEBUG tourGuide.service.RewardsService - Begin Tracker. #3.1.0 Tracking USER internalUser14
10:15:43.990 [Test worker] DEBUG tourGuide.service.RewardsService - Begin Tracker. #3.1.1 Tracking USER internalUser14 latitutde -58.882983047136726 longitude -126.06205206641246
10:15:43.990 [Test worker] DEBUG tourGuide.service.RewardsService - Begin Tracker. #3.1.2 Tracking USER internalUser14
10:15:43.990 [Test worker] DEBUG tourGuide.service.RewardsService - Begin Tracker. #3.1.1 Tracking USER internalUser14 latitutde 54.09399568939827 longitude -119.00103705685261
10:15:43.990 [Test worker] DEBUG tourGuide.service.RewardsService - Begin Tracker. #3.1.2 Tracking USER internalUser14
10:15:43.991 [Test worker] DEBUG tourGuide.service.RewardsService - Begin Tracker. #3.1.1 Tracking USER internalUser14 latitutde -37.155395130230076 longitude -60.27949267605429
10:15:43.991 [Test worker] DEBUG tourGuide.service.RewardsService - Begin Tracker. #3.1.2 Tracking USER internalUser14
10:15:43.993 [Test worker] DEBUG tourGuide.service.RewardsService - Begin Tracker. #3.1.1 Tracking USER internalUser14 latitutde -50.800637 longitude 59.963362
10:15:43.993 [Test worker] DEBUG tourGuide.service.RewardsService - Begin Tracker. #3.1.2 Tracking USER internalUser14
10:15:43.993 [Test worker] DEBUG tourGuide.service.RewardsService - Begin Tracker. #3.2 Tracking USER internalUser14
10:15:43.993 [Test worker] DEBUG tourGuide.service.TourGuideService - Begin Tracker. #4 Tracking USER internalUser14
10:15:44.054 [Test worker] DEBUG tourGuide.service.TourGuideService - Begin Tracker. #1 Tracking USER internalUser13
10:15:44.054 [Test worker] DEBUG tourGuide.service.TourGuideService - Begin Tracker. #2 Tracking USER internalUser13 latitutde -60.45425 longitude -21.442826
10:15:44.057 [pool-1-thread-1] DEBUG tourGuide.service.TourGuideService - Begin Tracker. #1 Tracking USER internalUser12
10:15:44.057 [pool-1-thread-1] DEBUG tourGuide.service.TourGuideService - Begin Tracker. #2 Tracking USER internalUser12 latitutde -47.179239 longitude 51.758775
10:15:44.065 [Test worker] DEBUG tourGuide.service.RewardsService - Begin Tracker. #3.1.0 Tracking USER internalUser13
10:15:44.065 [Test worker] DEBUG tourGuide.service.RewardsService - Begin Tracker. #3.1.1 Tracking USER internalUser13 latitutde 27.521532424482373 longitude -101.40645366351154
10:15:44.065 [Test worker] DEBUG tourGuide.service.RewardsService - Begin Tracker. #3.1.2 Tracking USER internalUser13
10:15:44.065 [Test worker] DEBUG tourGuide.service.RewardsService - Begin Tracker. #3.1.1 Tracking USER internalUser13 latitutde 50.18872737556012 longitude 45.557682516982226
10:15:44.065 [Test worker] DEBUG tourGuide.service.RewardsService - Begin Tracker. #3.1.2 Tracking USER internalUser13
10:15:44.065 [Test worker] DEBUG tourGuide.service.RewardsService - Begin Tracker. #3.1.1 Tracking USER internalUser13 latitutde 66.834531003607 longitude 67.55460789173515
10:15:44.065 [Test worker] DEBUG tourGuide.service.RewardsService - Begin Tracker. #3.1.2 Tracking USER internalUser13
10:15:44.065 [Test worker] DEBUG tourGuide.service.RewardsService - Begin Tracker. #3.1.1 Tracking USER internalUser13 latitutde -60.45425 longitude -21.442826
10:15:44.065 [Test worker] DEBUG tourGuide.service.RewardsService - Begin Tracker. #3.1.2 Tracking USER internalUser13
10:15:44.065 [Test worker] DEBUG tourGuide.service.RewardsService - Begin Tracker. #3.2 Tracking USER internalUser13
10:15:44.065 [Test worker] DEBUG tourGuide.service.TourGuideService - Begin Tracker. #4 Tracking USER internalUser13
10:15:44.068 [pool-1-thread-1] DEBUG tourGuide.service.RewardsService - Begin Tracker. #3.1.0 Tracking USER internalUser12
10:15:44.068 [pool-1-thread-1] DEBUG tourGuide.service.RewardsService - Begin Tracker. #3.1.1 Tracking USER internalUser12 latitutde -65.8931782734276 longitude 148.3654741717379
10:15:44.068 [pool-1-thread-1] DEBUG tourGuide.service.RewardsService - Begin Tracker. #3.1.2 Tracking USER internalUser12
10:15:44.068 [pool-1-thread-1] DEBUG tourGuide.service.RewardsService - Begin Tracker. #3.1.1 Tracking USER internalUser12 latitutde -41.6219764615229 longitude 13.043480016922729
10:15:44.068 [pool-1-thread-1] DEBUG tourGuide.service.RewardsService - Begin Tracker. #3.1.2 Tracking USER internalUser12
10:15:44.068 [pool-1-thread-1] DEBUG tourGuide.service.RewardsService - Begin Tracker. #3.1.1 Tracking USER internalUser12 latitutde 42.289124482146605 longitude 119.12162208749936
10:15:44.068 [pool-1-thread-1] DEBUG tourGuide.service.RewardsService - Begin Tracker. #3.1.2 Tracking USER internalUser12
10:15:44.068 [pool-1-thread-1] DEBUG tourGuide.service.RewardsService - Begin Tracker. #3.1.1 Tracking USER internalUser12 latitutde 20.129614 longitude -14.108919
10:15:44.068 [pool-1-thread-1] DEBUG tourGuide.service.RewardsService - Begin Tracker. #3.1.2 Tracking USER internalUser12
10:15:44.068 [pool-1-thread-1] DEBUG tourGuide.service.RewardsService - Begin Tracker. #3.1.1 Tracking USER internalUser12 latitutde -47.179239 longitude 51.758775
10:15:44.068 [pool-1-thread-1] DEBUG tourGuide.service.RewardsService - Begin Tracker. #3.1.2 Tracking USER internalUser12
10:15:44.068 [pool-1-thread-1] DEBUG tourGuide.service.RewardsService - Begin Tracker. #3.2 Tracking USER internalUser12
10:15:44.068 [pool-1-thread-1] DEBUG tourGuide.service.TourGuideService - Begin Tracker. #4 Tracking USER internalUser12
10:15:44.117 [pool-1-thread-1] DEBUG tourGuide.service.TourGuideService - Begin Tracker. #1 Tracking USER internalUser11
10:15:44.117 [pool-1-thread-1] DEBUG tourGuide.service.TourGuideService - Begin Tracker. #2 Tracking USER internalUser11 latitutde 4.217527 longitude -69.151379
10:15:44.130 [pool-1-thread-1] DEBUG tourGuide.service.RewardsService - Begin Tracker. #3.1.0 Tracking USER internalUser11
10:15:44.130 [pool-1-thread-1] DEBUG tourGuide.service.RewardsService - Begin Tracker. #3.1.1 Tracking USER internalUser11 latitutde -35.17641136681531 longitude 82.88758533614578
10:15:44.130 [pool-1-thread-1] DEBUG tourGuide.service.RewardsService - Begin Tracker. #3.1.2 Tracking USER internalUser11
10:15:44.130 [pool-1-thread-1] DEBUG tourGuide.service.RewardsService - Begin Tracker. #3.1.1 Tracking USER internalUser11 latitutde 46.47717366115839 longitude -46.21350450611624
10:15:44.130 [pool-1-thread-1] DEBUG tourGuide.service.RewardsService - Begin Tracker. #3.1.2 Tracking USER internalUser11
10:15:44.130 [pool-1-thread-1] DEBUG tourGuide.service.RewardsService - Begin Tracker. #3.1.1 Tracking USER internalUser11 latitutde 61.14262947214078 longitude -81.41062227285792
10:15:44.130 [pool-1-thread-1] DEBUG tourGuide.service.RewardsService - Begin Tracker. #3.1.2 Tracking USER internalUser11
10:15:44.130 [pool-1-thread-1] DEBUG tourGuide.service.RewardsService - Begin Tracker. #3.1.1 Tracking USER internalUser11 latitutde -8.935145 longitude 169.643823
10:15:44.130 [pool-1-thread-1] DEBUG tourGuide.service.RewardsService - Begin Tracker. #3.1.2 Tracking USER internalUser11
10:15:44.131 [pool-1-thread-1] DEBUG tourGuide.service.RewardsService - Begin Tracker. #3.1.1 Tracking USER internalUser11 latitutde 4.217527 longitude -69.151379
10:15:44.131 [pool-1-thread-1] DEBUG tourGuide.service.RewardsService - Begin Tracker. #3.1.2 Tracking USER internalUser11
10:15:44.131 [pool-1-thread-1] DEBUG tourGuide.service.RewardsService - Begin Tracker. #3.2 Tracking USER internalUser11
10:15:44.131 [pool-1-thread-1] DEBUG tourGuide.service.TourGuideService - Begin Tracker. #4 Tracking USER internalUser11
10:15:44.149 [Test worker] DEBUG tourGuide.service.TourGuideService - Begin Tracker. #1 Tracking USER internalUser3
10:15:44.150 [Test worker] DEBUG tourGuide.service.TourGuideService - Begin Tracker. #2 Tracking USER internalUser3 latitutde 18.886886 longitude -66.194613
10:15:44.160 [Test worker] DEBUG tourGuide.service.RewardsService - Begin Tracker. #3.1.0 Tracking USER internalUser3
10:15:44.160 [Test worker] DEBUG tourGuide.service.RewardsService - Begin Tracker. #3.1.1 Tracking USER internalUser3 latitutde -62.72875218912171 longitude -26.255069878784894
10:15:44.160 [Test worker] DEBUG tourGuide.service.RewardsService - Begin Tracker. #3.1.2 Tracking USER internalUser3
10:15:44.160 [Test worker] DEBUG tourGuide.service.RewardsService - Begin Tracker. #3.1.1 Tracking USER internalUser3 latitutde 65.30003540839365 longitude -3.332706792200497
10:15:44.160 [Test worker] DEBUG tourGuide.service.RewardsService - Begin Tracker. #3.1.2 Tracking USER internalUser3
10:15:44.161 [Test worker] DEBUG tourGuide.service.RewardsService - Begin Tracker. #3.1.1 Tracking USER internalUser3 latitutde 75.0501595316365 longitude -48.527127506487574
10:15:44.161 [Test worker] DEBUG tourGuide.service.RewardsService - Begin Tracker. #3.1.2 Tracking USER internalUser3
10:15:44.161 [Test worker] DEBUG tourGuide.service.RewardsService - Begin Tracker. #3.1.1 Tracking USER internalUser3 latitutde 18.886886 longitude -66.194613
10:15:44.162 [Test worker] DEBUG tourGuide.service.RewardsService - Begin Tracker. #3.1.2 Tracking USER internalUser3
10:15:44.162 [Test worker] DEBUG tourGuide.service.RewardsService - Begin Tracker. #3.2 Tracking USER internalUser3
10:15:44.162 [Test worker] DEBUG tourGuide.service.TourGuideService - Begin Tracker. #4 Tracking USER internalUser3
10:15:44.186 [pool-1-thread-1] DEBUG tourGuide.service.TourGuideService - Begin Tracker. #1 Tracking USER internalUser99
10:15:44.186 [pool-1-thread-1] DEBUG tourGuide.service.TourGuideService - Begin Tracker. #2 Tracking USER internalUser99 latitutde 21.501963 longitude 114.462966
10:15:44.196 [Test worker] DEBUG tourGuide.service.TourGuideService - Begin Tracker. #1 Tracking USER internalUser96
10:15:44.196 [Test worker] DEBUG tourGuide.service.TourGuideService - Begin Tracker. #2 Tracking USER internalUser96 latitutde 64.033324 longitude -127.842405
10:15:44.197 [pool-1-thread-1] DEBUG tourGuide.service.RewardsService - Begin Tracker. #3.1.0 Tracking USER internalUser99
10:15:44.198 [pool-1-thread-1] DEBUG tourGuide.service.RewardsService - Begin Tracker. #3.1.1 Tracking USER internalUser99 latitutde -66.65888158522944 longitude 96.28241564177489
10:15:44.198 [pool-1-thread-1] DEBUG tourGuide.service.RewardsService - Begin Tracker. #3.1.2 Tracking USER internalUser99
10:15:44.198 [pool-1-thread-1] DEBUG tourGuide.service.RewardsService - Begin Tracker. #3.1.1 Tracking USER internalUser99 latitutde 31.691742995597522 longitude -17.18592156540919
10:15:44.198 [pool-1-thread-1] DEBUG tourGuide.service.RewardsService - Begin Tracker. #3.1.2 Tracking USER internalUser99
10:15:44.198 [pool-1-thread-1] DEBUG tourGuide.service.RewardsService - Begin Tracker. #3.1.1 Tracking USER internalUser99 latitutde 74.40283712473754 longitude 39.55601540034493
10:15:44.199 [pool-1-thread-1] DEBUG tourGuide.service.RewardsService - Begin Tracker. #3.1.2 Tracking USER internalUser99
10:15:44.199 [pool-1-thread-1] DEBUG tourGuide.service.RewardsService - Begin Tracker. #3.1.1 Tracking USER internalUser99 latitutde -33.873227 longitude 110.062879
10:15:44.199 [pool-1-thread-1] DEBUG tourGuide.service.RewardsService - Begin Tracker. #3.1.2 Tracking USER internalUser99
10:15:44.199 [pool-1-thread-1] DEBUG tourGuide.service.RewardsService - Begin Tracker. #3.1.1 Tracking USER internalUser99 latitutde 21.501963 longitude 114.462966
10:15:44.199 [pool-1-thread-1] DEBUG tourGuide.service.RewardsService - Begin Tracker. #3.1.2 Tracking USER internalUser99
10:15:44.200 [pool-1-thread-1] DEBUG tourGuide.service.RewardsService - Begin Tracker. #3.2 Tracking USER internalUser99
10:15:44.200 [pool-1-thread-1] DEBUG tourGuide.service.TourGuideService - Begin Tracker. #4 Tracking USER internalUser99
10:15:44.210 [Test worker] DEBUG tourGuide.service.RewardsService - Begin Tracker. #3.1.0 Tracking USER internalUser96
10:15:44.210 [Test worker] DEBUG tourGuide.service.RewardsService - Begin Tracker. #3.1.1 Tracking USER internalUser96 latitutde 32.15457178592433 longitude 38.71152222248841
10:15:44.210 [Test worker] DEBUG tourGuide.service.RewardsService - Begin Tracker. #3.1.2 Tracking USER internalUser96
10:15:44.210 [Test worker] DEBUG tourGuide.service.RewardsService - Begin Tracker. #3.1.1 Tracking USER internalUser96 latitutde -38.43309093722475 longitude 30.25075270806346
10:15:44.210 [Test worker] DEBUG tourGuide.service.RewardsService - Begin Tracker. #3.1.2 Tracking USER internalUser96
10:15:44.211 [Test worker] DEBUG tourGuide.service.RewardsService - Begin Tracker. #3.1.1 Tracking USER internalUser96 latitutde 14.328727334110155 longitude -98.96648077705439
10:15:44.211 [Test worker] DEBUG tourGuide.service.RewardsService - Begin Tracker. #3.1.2 Tracking USER internalUser96
10:15:44.211 [Test worker] DEBUG tourGuide.service.RewardsService - Begin Tracker. #3.1.1 Tracking USER internalUser96 latitutde 64.033324 longitude -127.842405
10:15:44.212 [Test worker] DEBUG tourGuide.service.RewardsService - Begin Tracker. #3.1.2 Tracking USER internalUser96
10:15:44.212 [Test worker] DEBUG tourGuide.service.RewardsService - Begin Tracker. #3.2 Tracking USER internalUser96
10:15:44.212 [Test worker] DEBUG tourGuide.service.TourGuideService - Begin Tracker. #4 Tracking USER internalUser96
10:15:44.295 [Test worker] DEBUG tourGuide.service.TourGuideService - Begin Tracker. #1 Tracking USER internalUser2
10:15:44.295 [Test worker] DEBUG tourGuide.service.TourGuideService - Begin Tracker. #2 Tracking USER internalUser2 latitutde -50.105836 longitude -68.866666
10:15:44.297 [pool-1-thread-1] DEBUG tourGuide.service.TourGuideService - Begin Tracker. #1 Tracking USER internalUser14
10:15:44.297 [pool-1-thread-1] DEBUG tourGuide.service.TourGuideService - Begin Tracker. #2 Tracking USER internalUser14 latitutde 73.181475 longitude -7.810442
10:15:44.305 [Test worker] DEBUG tourGuide.service.RewardsService - Begin Tracker. #3.1.0 Tracking USER internalUser2
10:15:44.305 [Test worker] DEBUG tourGuide.service.RewardsService - Begin Tracker. #3.1.1 Tracking USER internalUser2 latitutde -68.92896827254707 longitude 23.215014401041202
10:15:44.305 [Test worker] DEBUG tourGuide.service.RewardsService - Begin Tracker. #3.1.2 Tracking USER internalUser2
10:15:44.305 [Test worker] DEBUG tourGuide.service.RewardsService - Begin Tracker. #3.1.1 Tracking USER internalUser2 latitutde -28.44624492656915 longitude 86.86868964716194
10:15:44.305 [Test worker] DEBUG tourGuide.service.RewardsService - Begin Tracker. #3.1.2 Tracking USER internalUser2
10:15:44.305 [Test worker] DEBUG tourGuide.service.RewardsService - Begin Tracker. #3.1.1 Tracking USER internalUser2 latitutde 71.32689004445896 longitude 88.4216860411492
10:15:44.305 [Test worker] DEBUG tourGuide.service.RewardsService - Begin Tracker. #3.1.2 Tracking USER internalUser2
10:15:44.305 [Test worker] DEBUG tourGuide.service.RewardsService - Begin Tracker. #3.1.1 Tracking USER internalUser2 latitutde -50.105836 longitude -68.866666
10:15:44.305 [Test worker] DEBUG tourGuide.service.RewardsService - Begin Tracker. #3.1.2 Tracking USER internalUser2
10:15:44.305 [Test worker] DEBUG tourGuide.service.RewardsService - Begin Tracker. #3.2 Tracking USER internalUser2
10:15:44.305 [Test worker] DEBUG tourGuide.service.TourGuideService - Begin Tracker. #4 Tracking USER internalUser2
10:15:44.319 [pool-1-thread-1] DEBUG tourGuide.service.RewardsService - Begin Tracker. #3.1.0 Tracking USER internalUser14
10:15:44.319 [pool-1-thread-1] DEBUG tourGuide.service.RewardsService - Begin Tracker. #3.1.1 Tracking USER internalUser14 latitutde -58.882983047136726 longitude -126.06205206641246
10:15:44.319 [pool-1-thread-1] DEBUG tourGuide.service.RewardsService - Begin Tracker. #3.1.2 Tracking USER internalUser14
10:15:44.319 [pool-1-thread-1] DEBUG tourGuide.service.RewardsService - Begin Tracker. #3.1.1 Tracking USER internalUser14 latitutde 54.09399568939827 longitude -119.00103705685261
10:15:44.319 [pool-1-thread-1] DEBUG tourGuide.service.RewardsService - Begin Tracker. #3.1.2 Tracking USER internalUser14
10:15:44.319 [pool-1-thread-1] DEBUG tourGuide.service.RewardsService - Begin Tracker. #3.1.1 Tracking USER internalUser14 latitutde -37.155395130230076 longitude -60.27949267605429
10:15:44.320 [pool-1-thread-1] DEBUG tourGuide.service.RewardsService - Begin Tracker. #3.1.2 Tracking USER internalUser14
10:15:44.320 [pool-1-thread-1] DEBUG tourGuide.service.RewardsService - Begin Tracker. #3.1.1 Tracking USER internalUser14 latitutde -50.800637 longitude 59.963362
10:15:44.320 [pool-1-thread-1] DEBUG tourGuide.service.RewardsService - Begin Tracker. #3.1.2 Tracking USER internalUser14
10:15:44.320 [pool-1-thread-1] DEBUG tourGuide.service.RewardsService - Begin Tracker. #3.1.1 Tracking USER internalUser14 latitutde 73.181475 longitude -7.810442
10:15:44.320 [pool-1-thread-1] DEBUG tourGuide.service.RewardsService - Begin Tracker. #3.1.2 Tracking USER internalUser14
10:15:44.320 [pool-1-thread-1] DEBUG tourGuide.service.RewardsService - Begin Tracker. #3.2 Tracking USER internalUser14
10:15:44.320 [pool-1-thread-1] DEBUG tourGuide.service.TourGuideService - Begin Tracker. #4 Tracking USER internalUser14
10:15:44.349 [Test worker] DEBUG tourGuide.service.TourGuideService - Begin Tracker. #1 Tracking USER internalUser95
10:15:44.349 [Test worker] DEBUG tourGuide.service.TourGuideService - Begin Tracker. #2 Tracking USER internalUser95 latitutde 2.0191 longitude 148.210142
10:15:44.365 [Test worker] DEBUG tourGuide.service.RewardsService - Begin Tracker. #3.1.0 Tracking USER internalUser95
10:15:44.365 [Test worker] DEBUG tourGuide.service.RewardsService - Begin Tracker. #3.1.1 Tracking USER internalUser95 latitutde -54.428773844901286 longitude -77.67280476273763
10:15:44.365 [Test worker] DEBUG tourGuide.service.RewardsService - Begin Tracker. #3.1.2 Tracking USER internalUser95
10:15:44.365 [Test worker] DEBUG tourGuide.service.RewardsService - Begin Tracker. #3.1.1 Tracking USER internalUser95 latitutde -32.59491743559272 longitude -25.444468780770194
10:15:44.365 [Test worker] DEBUG tourGuide.service.RewardsService - Begin Tracker. #3.1.2 Tracking USER internalUser95
10:15:44.365 [Test worker] DEBUG tourGuide.service.RewardsService - Begin Tracker. #3.1.1 Tracking USER internalUser95 latitutde 42.86880194610296 longitude -91.89133692126245
10:15:44.365 [Test worker] DEBUG tourGuide.service.RewardsService - Begin Tracker. #3.1.2 Tracking USER internalUser95
10:15:44.365 [Test worker] DEBUG tourGuide.service.RewardsService - Begin Tracker. #3.1.1 Tracking USER internalUser95 latitutde 2.0191 longitude 148.210142
10:15:44.365 [Test worker] DEBUG tourGuide.service.RewardsService - Begin Tracker. #3.1.2 Tracking USER internalUser95
10:15:44.365 [Test worker] DEBUG tourGuide.service.RewardsService - Begin Tracker. #3.2 Tracking USER internalUser95
10:15:44.365 [Test worker] DEBUG tourGuide.service.TourGuideService - Begin Tracker. #4 Tracking USER internalUser95
10:15:44.381 [pool-1-thread-1] DEBUG tourGuide.service.TourGuideService - Begin Tracker. #1 Tracking USER internalUser13
10:15:44.382 [pool-1-thread-1] DEBUG tourGuide.service.TourGuideService - Begin Tracker. #2 Tracking USER internalUser13 latitutde -80.593829 longitude -66.691634
10:15:44.397 [pool-1-thread-1] DEBUG tourGuide.service.RewardsService - Begin Tracker. #3.1.0 Tracking USER internalUser13
10:15:44.398 [pool-1-thread-1] DEBUG tourGuide.service.RewardsService - Begin Tracker. #3.1.1 Tracking USER internalUser13 latitutde 27.521532424482373 longitude -101.40645366351154
10:15:44.398 [pool-1-thread-1] DEBUG tourGuide.service.RewardsService - Begin Tracker. #3.1.2 Tracking USER internalUser13
10:15:44.398 [pool-1-thread-1] DEBUG tourGuide.service.RewardsService - Begin Tracker. #3.1.1 Tracking USER internalUser13 latitutde 50.18872737556012 longitude 45.557682516982226
10:15:44.398 [pool-1-thread-1] DEBUG tourGuide.service.RewardsService - Begin Tracker. #3.1.2 Tracking USER internalUser13
10:15:44.398 [pool-1-thread-1] DEBUG tourGuide.service.RewardsService - Begin Tracker. #3.1.1 Tracking USER internalUser13 latitutde 66.834531003607 longitude 67.55460789173515
10:15:44.398 [pool-1-thread-1] DEBUG tourGuide.service.RewardsService - Begin Tracker. #3.1.2 Tracking USER internalUser13
10:15:44.398 [pool-1-thread-1] DEBUG tourGuide.service.RewardsService - Begin Tracker. #3.1.1 Tracking USER internalUser13 latitutde -60.45425 longitude -21.442826
10:15:44.399 [pool-1-thread-1] DEBUG tourGuide.service.RewardsService - Begin Tracker. #3.1.2 Tracking USER internalUser13
10:15:44.399 [pool-1-thread-1] DEBUG tourGuide.service.RewardsService - Begin Tracker. #3.1.1 Tracking USER internalUser13 latitutde -80.593829 longitude -66.691634
10:15:44.399 [pool-1-thread-1] DEBUG tourGuide.service.RewardsService - Begin Tracker. #3.1.2 Tracking USER internalUser13
10:15:44.399 [pool-1-thread-1] DEBUG tourGuide.service.RewardsService - Begin Tracker. #3.2 Tracking USER internalUser13
10:15:44.399 [pool-1-thread-1] DEBUG tourGuide.service.TourGuideService - Begin Tracker. #4 Tracking USER internalUser13
10:15:44.445 [Test worker] DEBUG tourGuide.service.TourGuideService - Begin Tracker. #1 Tracking USER internalUser1
10:15:44.445 [Test worker] DEBUG tourGuide.service.TourGuideService - Begin Tracker. #2 Tracking USER internalUser1 latitutde 0.545086 longitude 155.854209
10:15:44.461 [Test worker] DEBUG tourGuide.service.RewardsService - Begin Tracker. #3.1.0 Tracking USER internalUser1
10:15:44.461 [Test worker] DEBUG tourGuide.service.RewardsService - Begin Tracker. #3.1.1 Tracking USER internalUser1 latitutde 42.94944980559504 longitude -70.14353405194667
10:15:44.461 [Test worker] DEBUG tourGuide.service.RewardsService - Begin Tracker. #3.1.2 Tracking USER internalUser1
10:15:44.461 [Test worker] DEBUG tourGuide.service.RewardsService - Begin Tracker. #3.1.1 Tracking USER internalUser1 latitutde 74.14358418553985 longitude 92.72455207425816
10:15:44.461 [Test worker] DEBUG tourGuide.service.RewardsService - Begin Tracker. #3.1.2 Tracking USER internalUser1
10:15:44.461 [Test worker] DEBUG tourGuide.service.RewardsService - Begin Tracker. #3.1.1 Tracking USER internalUser1 latitutde -49.12969725583904 longitude -98.56178934720361
10:15:44.461 [Test worker] DEBUG tourGuide.service.RewardsService - Begin Tracker. #3.1.2 Tracking USER internalUser1
10:15:44.461 [Test worker] DEBUG tourGuide.service.RewardsService - Begin Tracker. #3.1.1 Tracking USER internalUser1 latitutde 0.545086 longitude 155.854209
10:15:44.462 [Test worker] DEBUG tourGuide.service.RewardsService - Begin Tracker. #3.1.2 Tracking USER internalUser1
10:15:44.462 [Test worker] DEBUG tourGuide.service.RewardsService - Begin Tracker. #3.2 Tracking USER internalUser1
10:15:44.463 [Test worker] DEBUG tourGuide.service.TourGuideService - Begin Tracker. #4 Tracking USER internalUser1
10:15:44.477 [pool-1-thread-1] DEBUG tourGuide.service.TourGuideService - Begin Tracker. #1 Tracking USER internalUser3
10:15:44.477 [pool-1-thread-1] DEBUG tourGuide.service.TourGuideService - Begin Tracker. #2 Tracking USER internalUser3 latitutde -60.373051 longitude 4.790823
10:15:44.487 [pool-1-thread-1] DEBUG tourGuide.service.RewardsService - Begin Tracker. #3.1.0 Tracking USER internalUser3
10:15:44.487 [pool-1-thread-1] DEBUG tourGuide.service.RewardsService - Begin Tracker. #3.1.1 Tracking USER internalUser3 latitutde -62.72875218912171 longitude -26.255069878784894
10:15:44.487 [pool-1-thread-1] DEBUG tourGuide.service.RewardsService - Begin Tracker. #3.1.2 Tracking USER internalUser3
10:15:44.487 [pool-1-thread-1] DEBUG tourGuide.service.RewardsService - Begin Tracker. #3.1.1 Tracking USER internalUser3 latitutde 65.30003540839365 longitude -3.332706792200497
10:15:44.488 [pool-1-thread-1] DEBUG tourGuide.service.RewardsService - Begin Tracker. #3.1.2 Tracking USER internalUser3
10:15:44.488 [pool-1-thread-1] DEBUG tourGuide.service.RewardsService - Begin Tracker. #3.1.1 Tracking USER internalUser3 latitutde 75.0501595316365 longitude -48.527127506487574
10:15:44.488 [pool-1-thread-1] DEBUG tourGuide.service.RewardsService - Begin Tracker. #3.1.2 Tracking USER internalUser3
10:15:44.488 [pool-1-thread-1] DEBUG tourGuide.service.RewardsService - Begin Tracker. #3.1.1 Tracking USER internalUser3 latitutde 18.886886 longitude -66.194613
10:15:44.488 [pool-1-thread-1] DEBUG tourGuide.service.RewardsService - Begin Tracker. #3.1.2 Tracking USER internalUser3
10:15:44.488 [pool-1-thread-1] DEBUG tourGuide.service.RewardsService - Begin Tracker. #3.1.1 Tracking USER internalUser3 latitutde -60.373051 longitude 4.790823
10:15:44.488 [pool-1-thread-1] DEBUG tourGuide.service.RewardsService - Begin Tracker. #3.1.2 Tracking USER internalUser3
10:15:44.488 [pool-1-thread-1] DEBUG tourGuide.service.RewardsService - Begin Tracker. #3.2 Tracking USER internalUser3
10:15:44.488 [pool-1-thread-1] DEBUG tourGuide.service.TourGuideService - Begin Tracker. #4 Tracking USER internalUser3
10:15:44.538 [Test worker] DEBUG tourGuide.service.TourGuideService - Begin Tracker. #1 Tracking USER internalUser10
10:15:44.538 [Test worker] DEBUG tourGuide.service.TourGuideService - Begin Tracker. #2 Tracking USER internalUser10 latitutde 14.196634 longitude -65.065919
10:15:44.549 [Test worker] DEBUG tourGuide.service.RewardsService - Begin Tracker. #3.1.0 Tracking USER internalUser10
10:15:44.549 [Test worker] DEBUG tourGuide.service.RewardsService - Begin Tracker. #3.1.1 Tracking USER internalUser10 latitutde 57.69927350547789 longitude -150.25007652128377
10:15:44.549 [Test worker] DEBUG tourGuide.service.RewardsService - Begin Tracker. #3.1.2 Tracking USER internalUser10
10:15:44.549 [Test worker] DEBUG tourGuide.service.RewardsService - Begin Tracker. #3.1.1 Tracking USER internalUser10 latitutde 29.94627050939053 longitude 109.38622667366229
10:15:44.549 [Test worker] DEBUG tourGuide.service.RewardsService - Begin Tracker. #3.1.2 Tracking USER internalUser10
10:15:44.549 [Test worker] DEBUG tourGuide.service.RewardsService - Begin Tracker. #3.1.1 Tracking USER internalUser10 latitutde 5.559045513361099 longitude -51.80587339951177
10:15:44.549 [Test worker] DEBUG tourGuide.service.RewardsService - Begin Tracker. #3.1.2 Tracking USER internalUser10
10:15:44.549 [Test worker] DEBUG tourGuide.service.RewardsService - Begin Tracker. #3.1.1 Tracking USER internalUser10 latitutde 14.196634 longitude -65.065919
10:15:44.549 [Test worker] DEBUG tourGuide.service.RewardsService - Begin Tracker. #3.1.2 Tracking USER internalUser10
10:15:44.549 [Test worker] DEBUG tourGuide.service.RewardsService - Begin Tracker. #3.2 Tracking USER internalUser10
10:15:44.549 [Test worker] DEBUG tourGuide.service.TourGuideService - Begin Tracker. #4 Tracking USER internalUser10
10:15:44.578 [pool-1-thread-1] DEBUG tourGuide.service.TourGuideService - Begin Tracker. #1 Tracking USER internalUser96
10:15:44.578 [pool-1-thread-1] DEBUG tourGuide.service.TourGuideService - Begin Tracker. #2 Tracking USER internalUser96 latitutde 74.677472 longitude 60.837038
10:15:44.588 [pool-1-thread-1] DEBUG tourGuide.service.RewardsService - Begin Tracker. #3.1.0 Tracking USER internalUser96
10:15:44.588 [pool-1-thread-1] DEBUG tourGuide.service.RewardsService - Begin Tracker. #3.1.1 Tracking USER internalUser96 latitutde 32.15457178592433 longitude 38.71152222248841
10:15:44.589 [pool-1-thread-1] DEBUG tourGuide.service.RewardsService - Begin Tracker. #3.1.2 Tracking USER internalUser96
10:15:44.589 [pool-1-thread-1] DEBUG tourGuide.service.RewardsService - Begin Tracker. #3.1.1 Tracking USER internalUser96 latitutde -38.43309093722475 longitude 30.25075270806346
10:15:44.589 [pool-1-thread-1] DEBUG tourGuide.service.RewardsService - Begin Tracker. #3.1.2 Tracking USER internalUser96
10:15:44.589 [pool-1-thread-1] DEBUG tourGuide.service.RewardsService - Begin Tracker. #3.1.1 Tracking USER internalUser96 latitutde 14.328727334110155 longitude -98.96648077705439
10:15:44.589 [pool-1-thread-1] DEBUG tourGuide.service.RewardsService - Begin Tracker. #3.1.2 Tracking USER internalUser96
10:15:44.589 [pool-1-thread-1] DEBUG tourGuide.service.RewardsService - Begin Tracker. #3.1.1 Tracking USER internalUser96 latitutde 64.033324 longitude -127.842405
10:15:44.589 [pool-1-thread-1] DEBUG tourGuide.service.RewardsService - Begin Tracker. #3.1.2 Tracking USER internalUser96
10:15:44.589 [pool-1-thread-1] DEBUG tourGuide.service.RewardsService - Begin Tracker. #3.1.1 Tracking USER internalUser96 latitutde 74.677472 longitude 60.837038
10:15:44.590 [pool-1-thread-1] DEBUG tourGuide.service.RewardsService - Begin Tracker. #3.1.2 Tracking USER internalUser96
10:15:44.590 [pool-1-thread-1] DEBUG tourGuide.service.RewardsService - Begin Tracker. #3.2 Tracking USER internalUser96
10:15:44.590 [pool-1-thread-1] DEBUG tourGuide.service.TourGuideService - Begin Tracker. #4 Tracking USER internalUser96
10:15:44.591 [Test worker] DEBUG tourGuide.service.TourGuideService - Begin Tracker. #1 Tracking USER internalUser98
10:15:44.591 [Test worker] DEBUG tourGuide.service.TourGuideService - Begin Tracker. #2 Tracking USER internalUser98 latitutde -68.015095 longitude -114.025367
10:15:44.601 [Test worker] DEBUG tourGuide.service.RewardsService - Begin Tracker. #3.1.0 Tracking USER internalUser98
10:15:44.601 [Test worker] DEBUG tourGuide.service.RewardsService - Begin Tracker. #3.1.1 Tracking USER internalUser98 latitutde 2.774208020026421 longitude 40.72202778364837
10:15:44.601 [Test worker] DEBUG tourGuide.service.RewardsService - Begin Tracker. #3.1.2 Tracking USER internalUser98
10:15:44.601 [Test worker] DEBUG tourGuide.service.RewardsService - Begin Tracker. #3.1.1 Tracking USER internalUser98 latitutde -27.77211958888404 longitude 156.74902431189406
10:15:44.601 [Test worker] DEBUG tourGuide.service.RewardsService - Begin Tracker. #3.1.2 Tracking USER internalUser98
10:15:44.601 [Test worker] DEBUG tourGuide.service.RewardsService - Begin Tracker. #3.1.1 Tracking USER internalUser98 latitutde -52.37911506579581 longitude 142.05509070112095
10:15:44.601 [Test worker] DEBUG tourGuide.service.RewardsService - Begin Tracker. #3.1.2 Tracking USER internalUser98
10:15:44.601 [Test worker] DEBUG tourGuide.service.RewardsService - Begin Tracker. #3.1.1 Tracking USER internalUser98 latitutde -68.015095 longitude -114.025367
10:15:44.601 [Test worker] DEBUG tourGuide.service.RewardsService - Begin Tracker. #3.1.2 Tracking USER internalUser98
10:15:44.601 [Test worker] DEBUG tourGuide.service.RewardsService - Begin Tracker. #3.2 Tracking USER internalUser98
10:15:44.601 [Test worker] DEBUG tourGuide.service.TourGuideService - Begin Tracker. #4 Tracking USER internalUser98
10:15:44.653 [Test worker] DEBUG tourGuide.service.TourGuideService - Begin Tracker. #1 Tracking USER internalUser0
10:15:44.653 [Test worker] DEBUG tourGuide.service.TourGuideService - Begin Tracker. #2 Tracking USER internalUser0 latitutde -19.342523 longitude 168.557668
10:15:44.664 [Test worker] DEBUG tourGuide.service.RewardsService - Begin Tracker. #3.1.0 Tracking USER internalUser0
10:15:44.664 [Test worker] DEBUG tourGuide.service.RewardsService - Begin Tracker. #3.1.1 Tracking USER internalUser0 latitutde 81.8283553162317 longitude -64.54239528232635
10:15:44.664 [Test worker] DEBUG tourGuide.service.RewardsService - Begin Tracker. #3.1.2 Tracking USER internalUser0
10:15:44.664 [Test worker] DEBUG tourGuide.service.RewardsService - Begin Tracker. #3.1.1 Tracking USER internalUser0 latitutde -25.51852426056785 longitude -33.142785984774434
10:15:44.664 [Test worker] DEBUG tourGuide.service.RewardsService - Begin Tracker. #3.1.2 Tracking USER internalUser0
10:15:44.664 [Test worker] DEBUG tourGuide.service.RewardsService - Begin Tracker. #3.1.1 Tracking USER internalUser0 latitutde 37.513686982214196 longitude 69.4576895593973
10:15:44.664 [Test worker] DEBUG tourGuide.service.RewardsService - Begin Tracker. #3.1.2 Tracking USER internalUser0
10:15:44.664 [Test worker] DEBUG tourGuide.service.RewardsService - Begin Tracker. #3.1.1 Tracking USER internalUser0 latitutde -19.342523 longitude 168.557668
10:15:44.664 [Test worker] DEBUG tourGuide.service.RewardsService - Begin Tracker. #3.1.2 Tracking USER internalUser0
10:15:44.664 [Test worker] DEBUG tourGuide.service.RewardsService - Begin Tracker. #3.2 Tracking USER internalUser0
10:15:44.664 [Test worker] DEBUG tourGuide.service.TourGuideService - Begin Tracker. #4 Tracking USER internalUser0
10:15:44.678 [pool-1-thread-1] DEBUG tourGuide.service.TourGuideService - Begin Tracker. #1 Tracking USER internalUser2
10:15:44.678 [pool-1-thread-1] DEBUG tourGuide.service.TourGuideService - Begin Tracker. #2 Tracking USER internalUser2 latitutde 62.997676 longitude 58.569171
10:15:44.689 [pool-1-thread-1] DEBUG tourGuide.service.RewardsService - Begin Tracker. #3.1.0 Tracking USER internalUser2
10:15:44.689 [pool-1-thread-1] DEBUG tourGuide.service.RewardsService - Begin Tracker. #3.1.1 Tracking USER internalUser2 latitutde -68.92896827254707 longitude 23.215014401041202
10:15:44.689 [pool-1-thread-1] DEBUG tourGuide.service.RewardsService - Begin Tracker. #3.1.2 Tracking USER internalUser2
10:15:44.689 [pool-1-thread-1] DEBUG tourGuide.service.RewardsService - Begin Tracker. #3.1.1 Tracking USER internalUser2 latitutde -28.44624492656915 longitude 86.86868964716194
10:15:44.689 [pool-1-thread-1] DEBUG tourGuide.service.RewardsService - Begin Tracker. #3.1.2 Tracking USER internalUser2
10:15:44.689 [pool-1-thread-1] DEBUG tourGuide.service.RewardsService - Begin Tracker. #3.1.1 Tracking USER internalUser2 latitutde 71.32689004445896 longitude 88.4216860411492
10:15:44.689 [pool-1-thread-1] DEBUG tourGuide.service.RewardsService - Begin Tracker. #3.1.2 Tracking USER internalUser2
10:15:44.689 [pool-1-thread-1] DEBUG tourGuide.service.RewardsService - Begin Tracker. #3.1.1 Tracking USER internalUser2 latitutde -50.105836 longitude -68.866666
10:15:44.689 [pool-1-thread-1] DEBUG tourGuide.service.RewardsService - Begin Tracker. #3.1.2 Tracking USER internalUser2
10:15:44.690 [pool-1-thread-1] DEBUG tourGuide.service.RewardsService - Begin Tracker. #3.1.1 Tracking USER internalUser2 latitutde 62.997676 longitude 58.569171
10:15:44.690 [pool-1-thread-1] DEBUG tourGuide.service.RewardsService - Begin Tracker. #3.1.2 Tracking USER internalUser2
10:15:44.694 [pool-1-thread-1] DEBUG tourGuide.service.RewardsService - Begin Tracker. #3.2 Tracking USER internalUser2
10:15:44.695 [pool-1-thread-1] DEBUG tourGuide.service.TourGuideService - Begin Tracker. #4 Tracking USER internalUser2
10:15:44.763 [Test worker] DEBUG tourGuide.service.TourGuideService - Begin Tracker. #1 Tracking USER internalUser97
10:15:44.763 [Test worker] DEBUG tourGuide.service.TourGuideService - Begin Tracker. #2 Tracking USER internalUser97 latitutde -79.184258 longitude 133.616559
10:15:44.775 [Test worker] DEBUG tourGuide.service.RewardsService - Begin Tracker. #3.1.0 Tracking USER internalUser97
10:15:44.775 [Test worker] DEBUG tourGuide.service.RewardsService - Begin Tracker. #3.1.1 Tracking USER internalUser97 latitutde 29.09257493453505 longitude 14.832756899998714
10:15:44.775 [Test worker] DEBUG tourGuide.service.RewardsService - Begin Tracker. #3.1.2 Tracking USER internalUser97
10:15:44.775 [Test worker] DEBUG tourGuide.service.RewardsService - Begin Tracker. #3.1.1 Tracking USER internalUser97 latitutde 39.92635050380615 longitude -126.34025748552261
10:15:44.775 [Test worker] DEBUG tourGuide.service.RewardsService - Begin Tracker. #3.1.2 Tracking USER internalUser97
10:15:44.775 [Test worker] DEBUG tourGuide.service.RewardsService - Begin Tracker. #3.1.1 Tracking USER internalUser97 latitutde 21.23758620009852 longitude 156.98420360778528
10:15:44.775 [Test worker] DEBUG tourGuide.service.RewardsService - Begin Tracker. #3.1.2 Tracking USER internalUser97
10:15:44.775 [Test worker] DEBUG tourGuide.service.RewardsService - Begin Tracker. #3.1.1 Tracking USER internalUser97 latitutde -79.184258 longitude 133.616559
10:15:44.775 [Test worker] DEBUG tourGuide.service.RewardsService - Begin Tracker. #3.1.2 Tracking USER internalUser97
10:15:44.775 [Test worker] DEBUG tourGuide.service.RewardsService - Begin Tracker. #3.2 Tracking USER internalUser97
10:15:44.775 [Test worker] DEBUG tourGuide.service.TourGuideService - Begin Tracker. #4 Tracking USER internalUser97
10:15:44.781 [pool-1-thread-1] DEBUG tourGuide.service.TourGuideService - Begin Tracker. #1 Tracking USER internalUser95
10:15:44.781 [pool-1-thread-1] DEBUG tourGuide.service.TourGuideService - Begin Tracker. #2 Tracking USER internalUser95 latitutde 57.337014 longitude -167.971642
10:15:44.792 [pool-1-thread-1] DEBUG tourGuide.service.RewardsService - Begin Tracker. #3.1.0 Tracking USER internalUser95
10:15:44.792 [pool-1-thread-1] DEBUG tourGuide.service.RewardsService - Begin Tracker. #3.1.1 Tracking USER internalUser95 latitutde -54.428773844901286 longitude -77.67280476273763
10:15:44.792 [pool-1-thread-1] DEBUG tourGuide.service.RewardsService - Begin Tracker. #3.1.2 Tracking USER internalUser95
10:15:44.792 [pool-1-thread-1] DEBUG tourGuide.service.RewardsService - Begin Tracker. #3.1.1 Tracking USER internalUser95 latitutde -32.59491743559272 longitude -25.444468780770194
10:15:44.792 [pool-1-thread-1] DEBUG tourGuide.service.RewardsService - Begin Tracker. #3.1.2 Tracking USER internalUser95
10:15:44.792 [pool-1-thread-1] DEBUG tourGuide.service.RewardsService - Begin Tracker. #3.1.1 Tracking USER internalUser95 latitutde 42.86880194610296 longitude -91.89133692126245
10:15:44.792 [pool-1-thread-1] DEBUG tourGuide.service.RewardsService - Begin Tracker. #3.1.2 Tracking USER internalUser95
10:15:44.792 [pool-1-thread-1] DEBUG tourGuide.service.RewardsService - Begin Tracker. #3.1.1 Tracking USER internalUser95 latitutde 2.0191 longitude 148.210142
10:15:44.792 [pool-1-thread-1] DEBUG tourGuide.service.RewardsService - Begin Tracker. #3.1.2 Tracking USER internalUser95
10:15:44.793 [pool-1-thread-1] DEBUG tourGuide.service.RewardsService - Begin Tracker. #3.1.1 Tracking USER internalUser95 latitutde 57.337014 longitude -167.971642
10:15:44.793 [pool-1-thread-1] DEBUG tourGuide.service.RewardsService - Begin Tracker. #3.1.2 Tracking USER internalUser95
10:15:44.793 [pool-1-thread-1] DEBUG tourGuide.service.RewardsService - Begin Tracker. #3.2 Tracking USER internalUser95
10:15:44.796 [pool-1-thread-1] DEBUG tourGuide.service.TourGuideService - Begin Tracker. #4 Tracking USER internalUser95
10:15:44.807 [Test worker] DEBUG tourGuide.service.TourGuideService - Begin Tracker. #1 Tracking USER internalUser7
10:15:44.807 [Test worker] DEBUG tourGuide.service.TourGuideService - Begin Tracker. #2 Tracking USER internalUser7 latitutde -22.788731 longitude 159.909191
10:15:44.817 [Test worker] DEBUG tourGuide.service.RewardsService - Begin Tracker. #3.1.0 Tracking USER internalUser7
10:15:44.817 [Test worker] DEBUG tourGuide.service.RewardsService - Begin Tracker. #3.1.1 Tracking USER internalUser7 latitutde 32.20928432437189 longitude -99.6473064444663
10:15:44.817 [Test worker] DEBUG tourGuide.service.RewardsService - Begin Tracker. #3.1.2 Tracking USER internalUser7
10:15:44.817 [Test worker] DEBUG tourGuide.service.RewardsService - Begin Tracker. #3.1.1 Tracking USER internalUser7 latitutde 63.333649245858055 longitude -114.64176184932339
10:15:44.817 [Test worker] DEBUG tourGuide.service.RewardsService - Begin Tracker. #3.1.2 Tracking USER internalUser7
10:15:44.817 [Test worker] DEBUG tourGuide.service.RewardsService - Begin Tracker. #3.1.1 Tracking USER internalUser7 latitutde 39.744185196606125 longitude 26.076937831224853
10:15:44.817 [Test worker] DEBUG tourGuide.service.RewardsService - Begin Tracker. #3.1.2 Tracking USER internalUser7
10:15:44.817 [Test worker] DEBUG tourGuide.service.RewardsService - Begin Tracker. #3.1.1 Tracking USER internalUser7 latitutde -22.788731 longitude 159.909191
10:15:44.817 [Test worker] DEBUG tourGuide.service.RewardsService - Begin Tracker. #3.1.2 Tracking USER internalUser7
10:15:44.817 [Test worker] DEBUG tourGuide.service.RewardsService - Begin Tracker. #3.2 Tracking USER internalUser7
10:15:44.817 [Test worker] DEBUG tourGuide.service.TourGuideService - Begin Tracker. #4 Tracking USER internalUser7
10:15:44.836 [pool-1-thread-1] DEBUG tourGuide.service.TourGuideService - Begin Tracker. #1 Tracking USER internalUser1
10:15:44.836 [pool-1-thread-1] DEBUG tourGuide.service.TourGuideService - Begin Tracker. #2 Tracking USER internalUser1 latitutde 42.636505 longitude -124.003945
10:15:44.846 [pool-1-thread-1] DEBUG tourGuide.service.RewardsService - Begin Tracker. #3.1.0 Tracking USER internalUser1
10:15:44.846 [pool-1-thread-1] DEBUG tourGuide.service.RewardsService - Begin Tracker. #3.1.1 Tracking USER internalUser1 latitutde 42.94944980559504 longitude -70.14353405194667
10:15:44.846 [pool-1-thread-1] DEBUG tourGuide.service.RewardsService - Begin Tracker. #3.1.2 Tracking USER internalUser1
10:15:44.846 [pool-1-thread-1] DEBUG tourGuide.service.RewardsService - Begin Tracker. #3.1.1 Tracking USER internalUser1 latitutde 74.14358418553985 longitude 92.72455207425816
10:15:44.846 [pool-1-thread-1] DEBUG tourGuide.service.RewardsService - Begin Tracker. #3.1.2 Tracking USER internalUser1
10:15:44.846 [pool-1-thread-1] DEBUG tourGuide.service.RewardsService - Begin Tracker. #3.1.1 Tracking USER internalUser1 latitutde -49.12969725583904 longitude -98.56178934720361
10:15:44.846 [pool-1-thread-1] DEBUG tourGuide.service.RewardsService - Begin Tracker. #3.1.2 Tracking USER internalUser1
10:15:44.846 [pool-1-thread-1] DEBUG tourGuide.service.RewardsService - Begin Tracker. #3.1.1 Tracking USER internalUser1 latitutde 0.545086 longitude 155.854209
10:15:44.846 [pool-1-thread-1] DEBUG tourGuide.service.RewardsService - Begin Tracker. #3.1.2 Tracking USER internalUser1
10:15:44.847 [pool-1-thread-1] DEBUG tourGuide.service.RewardsService - Begin Tracker. #3.1.1 Tracking USER internalUser1 latitutde 42.636505 longitude -124.003945
10:15:44.847 [pool-1-thread-1] DEBUG tourGuide.service.RewardsService - Begin Tracker. #3.1.2 Tracking USER internalUser1
10:15:44.847 [pool-1-thread-1] DEBUG tourGuide.service.RewardsService - Begin Tracker. #3.2 Tracking USER internalUser1
10:15:44.847 [pool-1-thread-1] DEBUG tourGuide.service.TourGuideService - Begin Tracker. #4 Tracking USER internalUser1
10:15:44.908 [Test worker] DEBUG tourGuide.service.TourGuideService - Begin Tracker. #1 Tracking USER internalUser92
10:15:44.908 [Test worker] DEBUG tourGuide.service.TourGuideService - Begin Tracker. #2 Tracking USER internalUser92 latitutde 47.240315 longitude 25.868697
10:15:44.920 [Test worker] DEBUG tourGuide.service.RewardsService - Begin Tracker. #3.1.0 Tracking USER internalUser92
10:15:44.920 [Test worker] DEBUG tourGuide.service.RewardsService - Begin Tracker. #3.1.1 Tracking USER internalUser92 latitutde -6.175434440391527 longitude -149.7370647357863
10:15:44.920 [Test worker] DEBUG tourGuide.service.RewardsService - Begin Tracker. #3.1.2 Tracking USER internalUser92
10:15:44.920 [Test worker] DEBUG tourGuide.service.RewardsService - Begin Tracker. #3.1.1 Tracking USER internalUser92 latitutde -3.495535203593036 longitude 54.23421667419768
10:15:44.920 [Test worker] DEBUG tourGuide.service.RewardsService - Begin Tracker. #3.1.2 Tracking USER internalUser92
10:15:44.920 [Test worker] DEBUG tourGuide.service.RewardsService - Begin Tracker. #3.1.1 Tracking USER internalUser92 latitutde 60.503748436486944 longitude -62.366372315485464
10:15:44.920 [Test worker] DEBUG tourGuide.service.RewardsService - Begin Tracker. #3.1.2 Tracking USER internalUser92
10:15:44.920 [Test worker] DEBUG tourGuide.service.RewardsService - Begin Tracker. #3.1.1 Tracking USER internalUser92 latitutde 47.240315 longitude 25.868697
10:15:44.921 [Test worker] DEBUG tourGuide.service.RewardsService - Begin Tracker. #3.1.2 Tracking USER internalUser92
10:15:44.921 [Test worker] DEBUG tourGuide.service.RewardsService - Begin Tracker. #3.2 Tracking USER internalUser92
10:15:44.921 [Test worker] DEBUG tourGuide.service.TourGuideService - Begin Tracker. #4 Tracking USER internalUser92
10:15:44.933 [pool-1-thread-1] DEBUG tourGuide.service.TourGuideService - Begin Tracker. #1 Tracking USER internalUser10
10:15:44.933 [pool-1-thread-1] DEBUG tourGuide.service.TourGuideService - Begin Tracker. #2 Tracking USER internalUser10 latitutde 29.758498 longitude -157.504572
10:15:44.944 [pool-1-thread-1] DEBUG tourGuide.service.RewardsService - Begin Tracker. #3.1.0 Tracking USER internalUser10
10:15:44.944 [pool-1-thread-1] DEBUG tourGuide.service.RewardsService - Begin Tracker. #3.1.1 Tracking USER internalUser10 latitutde 57.69927350547789 longitude -150.25007652128377
10:15:44.944 [pool-1-thread-1] DEBUG tourGuide.service.RewardsService - Begin Tracker. #3.1.2 Tracking USER internalUser10
10:15:44.944 [pool-1-thread-1] DEBUG tourGuide.service.RewardsService - Begin Tracker. #3.1.1 Tracking USER internalUser10 latitutde 29.94627050939053 longitude 109.38622667366229
10:15:44.944 [pool-1-thread-1] DEBUG tourGuide.service.RewardsService - Begin Tracker. #3.1.2 Tracking USER internalUser10
10:15:44.945 [pool-1-thread-1] DEBUG tourGuide.service.RewardsService - Begin Tracker. #3.1.1 Tracking USER internalUser10 latitutde 5.559045513361099 longitude -51.80587339951177
10:15:44.945 [pool-1-thread-1] DEBUG tourGuide.service.RewardsService - Begin Tracker. #3.1.2 Tracking USER internalUser10
10:15:44.945 [pool-1-thread-1] DEBUG tourGuide.service.RewardsService - Begin Tracker. #3.1.1 Tracking USER internalUser10 latitutde 14.196634 longitude -65.065919
10:15:44.945 [pool-1-thread-1] DEBUG tourGuide.service.RewardsService - Begin Tracker. #3.1.2 Tracking USER internalUser10
10:15:44.945 [pool-1-thread-1] DEBUG tourGuide.service.RewardsService - Begin Tracker. #3.1.1 Tracking USER internalUser10 latitutde 29.758498 longitude -157.504572
10:15:44.945 [pool-1-thread-1] DEBUG tourGuide.service.RewardsService - Begin Tracker. #3.1.2 Tracking USER internalUser10
10:15:44.945 [pool-1-thread-1] DEBUG tourGuide.service.RewardsService - Begin Tracker. #3.2 Tracking USER internalUser10
10:15:44.945 [pool-1-thread-1] DEBUG tourGuide.service.TourGuideService - Begin Tracker. #4 Tracking USER internalUser10
10:15:44.981 [pool-1-thread-1] DEBUG tourGuide.service.TourGuideService - Begin Tracker. #1 Tracking USER internalUser98
10:15:44.982 [pool-1-thread-1] DEBUG tourGuide.service.TourGuideService - Begin Tracker. #2 Tracking USER internalUser98 latitutde 11.417043 longitude -52.741652
10:15:44.992 [pool-1-thread-1] DEBUG tourGuide.service.RewardsService - Begin Tracker. #3.1.0 Tracking USER internalUser98
10:15:44.992 [pool-1-thread-1] DEBUG tourGuide.service.RewardsService - Begin Tracker. #3.1.1 Tracking USER internalUser98 latitutde 2.774208020026421 longitude 40.72202778364837
10:15:44.992 [pool-1-thread-1] DEBUG tourGuide.service.RewardsService - Begin Tracker. #3.1.2 Tracking USER internalUser98
10:15:44.993 [pool-1-thread-1] DEBUG tourGuide.service.RewardsService - Begin Tracker. #3.1.1 Tracking USER internalUser98 latitutde -27.77211958888404 longitude 156.74902431189406
10:15:44.994 [pool-1-thread-1] DEBUG tourGuide.service.RewardsService - Begin Tracker. #3.1.2 Tracking USER internalUser98
10:15:44.994 [pool-1-thread-1] DEBUG tourGuide.service.RewardsService - Begin Tracker. #3.1.1 Tracking USER internalUser98 latitutde -52.37911506579581 longitude 142.05509070112095
10:15:44.994 [pool-1-thread-1] DEBUG tourGuide.service.RewardsService - Begin Tracker. #3.1.2 Tracking USER internalUser98
10:15:44.995 [pool-1-thread-1] DEBUG tourGuide.service.RewardsService - Begin Tracker. #3.1.1 Tracking USER internalUser98 latitutde -68.015095 longitude -114.025367
10:15:44.995 [pool-1-thread-1] DEBUG tourGuide.service.RewardsService - Begin Tracker. #3.1.2 Tracking USER internalUser98
10:15:44.995 [pool-1-thread-1] DEBUG tourGuide.service.RewardsService - Begin Tracker. #3.1.1 Tracking USER internalUser98 latitutde 11.417043 longitude -52.741652
10:15:44.995 [pool-1-thread-1] DEBUG tourGuide.service.RewardsService - Begin Tracker. #3.1.2 Tracking USER internalUser98
10:15:44.995 [pool-1-thread-1] DEBUG tourGuide.service.RewardsService - Begin Tracker. #3.2 Tracking USER internalUser98
10:15:44.995 [pool-1-thread-1] DEBUG tourGuide.service.TourGuideService - Begin Tracker. #4 Tracking USER internalUser98
10:15:45.005 [Test worker] DEBUG tourGuide.service.TourGuideService - Begin Tracker. #1 Tracking USER internalUser6
10:15:45.005 [Test worker] DEBUG tourGuide.service.TourGuideService - Begin Tracker. #2 Tracking USER internalUser6 latitutde 52.307942 longitude 110.57146
10:15:45.030 [Test worker] DEBUG tourGuide.service.RewardsService - Begin Tracker. #3.1.0 Tracking USER internalUser6
10:15:45.030 [Test worker] DEBUG tourGuide.service.RewardsService - Begin Tracker. #3.1.1 Tracking USER internalUser6 latitutde -42.955179536362735 longitude 130.2344381162609
10:15:45.030 [Test worker] DEBUG tourGuide.service.RewardsService - Begin Tracker. #3.1.2 Tracking USER internalUser6
10:15:45.030 [Test worker] DEBUG tourGuide.service.RewardsService - Begin Tracker. #3.1.1 Tracking USER internalUser6 latitutde -72.53013024012986 longitude 115.06596792312484
10:15:45.030 [Test worker] DEBUG tourGuide.service.RewardsService - Begin Tracker. #3.1.2 Tracking USER internalUser6
10:15:45.030 [Test worker] DEBUG tourGuide.service.RewardsService - Begin Tracker. #3.1.1 Tracking USER internalUser6 latitutde -78.13692106347985 longitude 161.99365622282824
10:15:45.030 [Test worker] DEBUG tourGuide.service.RewardsService - Begin Tracker. #3.1.2 Tracking USER internalUser6
10:15:45.030 [Test worker] DEBUG tourGuide.service.RewardsService - Begin Tracker. #3.1.1 Tracking USER internalUser6 latitutde 52.307942 longitude 110.57146
10:15:45.030 [Test worker] DEBUG tourGuide.service.RewardsService - Begin Tracker. #3.1.2 Tracking USER internalUser6
10:15:45.030 [Test worker] DEBUG tourGuide.service.RewardsService - Begin Tracker. #3.2 Tracking USER internalUser6
10:15:45.030 [Test worker] DEBUG tourGuide.service.TourGuideService - Begin Tracker. #4 Tracking USER internalUser6
10:15:45.055 [pool-1-thread-1] DEBUG tourGuide.service.TourGuideService - Begin Tracker. #1 Tracking USER internalUser0
10:15:45.055 [pool-1-thread-1] DEBUG tourGuide.service.TourGuideService - Begin Tracker. #2 Tracking USER internalUser0 latitutde 50.279465 longitude -121.319907
10:15:45.065 [pool-1-thread-1] DEBUG tourGuide.service.RewardsService - Begin Tracker. #3.1.0 Tracking USER internalUser0
10:15:45.065 [pool-1-thread-1] DEBUG tourGuide.service.RewardsService - Begin Tracker. #3.1.1 Tracking USER internalUser0 latitutde 81.8283553162317 longitude -64.54239528232635
10:15:45.066 [pool-1-thread-1] DEBUG tourGuide.service.RewardsService - Begin Tracker. #3.1.2 Tracking USER internalUser0
10:15:45.066 [pool-1-thread-1] DEBUG tourGuide.service.RewardsService - Begin Tracker. #3.1.1 Tracking USER internalUser0 latitutde -25.51852426056785 longitude -33.142785984774434
10:15:45.066 [pool-1-thread-1] DEBUG tourGuide.service.RewardsService - Begin Tracker. #3.1.2 Tracking USER internalUser0
10:15:45.066 [pool-1-thread-1] DEBUG tourGuide.service.RewardsService - Begin Tracker. #3.1.1 Tracking USER internalUser0 latitutde 37.513686982214196 longitude 69.4576895593973
10:15:45.066 [pool-1-thread-1] DEBUG tourGuide.service.RewardsService - Begin Tracker. #3.1.2 Tracking USER internalUser0
10:15:45.067 [pool-1-thread-1] DEBUG tourGuide.service.RewardsService - Begin Tracker. #3.1.1 Tracking USER internalUser0 latitutde -19.342523 longitude 168.557668
10:15:45.067 [pool-1-thread-1] DEBUG tourGuide.service.RewardsService - Begin Tracker. #3.1.2 Tracking USER internalUser0
10:15:45.069 [pool-1-thread-1] DEBUG tourGuide.service.RewardsService - Begin Tracker. #3.1.1 Tracking USER internalUser0 latitutde 50.279465 longitude -121.319907
10:15:45.069 [pool-1-thread-1] DEBUG tourGuide.service.RewardsService - Begin Tracker. #3.1.2 Tracking USER internalUser0
10:15:45.069 [pool-1-thread-1] DEBUG tourGuide.service.RewardsService - Begin Tracker. #3.2 Tracking USER internalUser0
10:15:45.069 [pool-1-thread-1] DEBUG tourGuide.service.TourGuideService - Begin Tracker. #4 Tracking USER internalUser0
10:15:45.107 [Test worker] DEBUG tourGuide.service.TourGuideService - Begin Tracker. #1 Tracking USER internalUser91
10:15:45.108 [Test worker] DEBUG tourGuide.service.TourGuideService - Begin Tracker. #2 Tracking USER internalUser91 latitutde 34.027515 longitude -61.72307
10:15:45.119 [Test worker] DEBUG tourGuide.service.RewardsService - Begin Tracker. #3.1.0 Tracking USER internalUser91
10:15:45.119 [Test worker] DEBUG tourGuide.service.RewardsService - Begin Tracker. #3.1.1 Tracking USER internalUser91 latitutde -76.5401544460172 longitude 126.24254781276198
10:15:45.119 [Test worker] DEBUG tourGuide.service.RewardsService - Begin Tracker. #3.1.2 Tracking USER internalUser91
10:15:45.119 [Test worker] DEBUG tourGuide.service.RewardsService - Begin Tracker. #3.1.1 Tracking USER internalUser91 latitutde 32.16376192310642 longitude -14.683610908591021
10:15:45.119 [Test worker] DEBUG tourGuide.service.RewardsService - Begin Tracker. #3.1.2 Tracking USER internalUser91
10:15:45.119 [Test worker] DEBUG tourGuide.service.RewardsService - Begin Tracker. #3.1.1 Tracking USER internalUser91 latitutde 3.26637176602965 longitude 72.09480779640353
10:15:45.120 [Test worker] DEBUG tourGuide.service.RewardsService - Begin Tracker. #3.1.2 Tracking USER internalUser91
10:15:45.120 [Test worker] DEBUG tourGuide.service.RewardsService - Begin Tracker. #3.1.1 Tracking USER internalUser91 latitutde 34.027515 longitude -61.72307
10:15:45.121 [Test worker] DEBUG tourGuide.service.RewardsService - Begin Tracker. #3.1.2 Tracking USER internalUser91
10:15:45.121 [Test worker] DEBUG tourGuide.service.RewardsService - Begin Tracker. #3.2 Tracking USER internalUser91
10:15:45.121 [Test worker] DEBUG tourGuide.service.TourGuideService - Begin Tracker. #4 Tracking USER internalUser91
10:15:45.160 [pool-1-thread-1] DEBUG tourGuide.service.TourGuideService - Begin Tracker. #1 Tracking USER internalUser97
10:15:45.160 [pool-1-thread-1] DEBUG tourGuide.service.TourGuideService - Begin Tracker. #2 Tracking USER internalUser97 latitutde 52.712585 longitude -178.570146
10:15:45.172 [pool-1-thread-1] DEBUG tourGuide.service.RewardsService - Begin Tracker. #3.1.0 Tracking USER internalUser97
10:15:45.172 [pool-1-thread-1] DEBUG tourGuide.service.RewardsService - Begin Tracker. #3.1.1 Tracking USER internalUser97 latitutde 29.09257493453505 longitude 14.832756899998714
10:15:45.173 [pool-1-thread-1] DEBUG tourGuide.service.RewardsService - Begin Tracker. #3.1.2 Tracking USER internalUser97
10:15:45.173 [pool-1-thread-1] DEBUG tourGuide.service.RewardsService - Begin Tracker. #3.1.1 Tracking USER internalUser97 latitutde 39.92635050380615 longitude -126.34025748552261
10:15:45.173 [pool-1-thread-1] DEBUG tourGuide.service.RewardsService - Begin Tracker. #3.1.2 Tracking USER internalUser97
10:15:45.173 [pool-1-thread-1] DEBUG tourGuide.service.RewardsService - Begin Tracker. #3.1.1 Tracking USER internalUser97 latitutde 21.23758620009852 longitude 156.98420360778528
10:15:45.173 [pool-1-thread-1] DEBUG tourGuide.service.RewardsService - Begin Tracker. #3.1.2 Tracking USER internalUser97
10:15:45.173 [pool-1-thread-1] DEBUG tourGuide.service.RewardsService - Begin Tracker. #3.1.1 Tracking USER internalUser97 latitutde -79.184258 longitude 133.616559
10:15:45.173 [pool-1-thread-1] DEBUG tourGuide.service.RewardsService - Begin Tracker. #3.1.2 Tracking USER internalUser97
10:15:45.173 [pool-1-thread-1] DEBUG tourGuide.service.RewardsService - Begin Tracker. #3.1.1 Tracking USER internalUser97 latitutde 52.712585 longitude -178.570146
10:15:45.173 [pool-1-thread-1] DEBUG tourGuide.service.RewardsService - Begin Tracker. #3.1.2 Tracking USER internalUser97
10:15:45.173 [pool-1-thread-1] DEBUG tourGuide.service.RewardsService - Begin Tracker. #3.2 Tracking USER internalUser97
10:15:45.174 [pool-1-thread-1] DEBUG tourGuide.service.TourGuideService - Begin Tracker. #4 Tracking USER internalUser97
10:15:45.204 [Test worker] DEBUG tourGuide.service.TourGuideService - Begin Tracker. #1 Tracking USER internalUser5
10:15:45.205 [Test worker] DEBUG tourGuide.service.TourGuideService - Begin Tracker. #2 Tracking USER internalUser5 latitutde 8.967778 longitude -94.197097
10:15:45.216 [Test worker] DEBUG tourGuide.service.RewardsService - Begin Tracker. #3.1.0 Tracking USER internalUser5
10:15:45.216 [Test worker] DEBUG tourGuide.service.RewardsService - Begin Tracker. #3.1.1 Tracking USER internalUser5 latitutde 47.45007858397031 longitude 50.681683339723605
10:15:45.216 [Test worker] DEBUG tourGuide.service.RewardsService - Begin Tracker. #3.1.2 Tracking USER internalUser5
10:15:45.216 [Test worker] DEBUG tourGuide.service.RewardsService - Begin Tracker. #3.1.1 Tracking USER internalUser5 latitutde -36.697661607549115 longitude -105.30554931206721
10:15:45.216 [Test worker] DEBUG tourGuide.service.RewardsService - Begin Tracker. #3.1.2 Tracking USER internalUser5
10:15:45.216 [Test worker] DEBUG tourGuide.service.RewardsService - Begin Tracker. #3.1.1 Tracking USER internalUser5 latitutde -21.599089257634446 longitude 34.90735973569963
10:15:45.216 [Test worker] DEBUG tourGuide.service.RewardsService - Begin Tracker. #3.1.2 Tracking USER internalUser5
10:15:45.216 [Test worker] DEBUG tourGuide.service.RewardsService - Begin Tracker. #3.1.1 Tracking USER internalUser5 latitutde 8.967778 longitude -94.197097
10:15:45.216 [Test worker] DEBUG tourGuide.service.RewardsService - Begin Tracker. #3.1.2 Tracking USER internalUser5
10:15:45.216 [Test worker] DEBUG tourGuide.service.RewardsService - Begin Tracker. #3.2 Tracking USER internalUser5
10:15:45.216 [Test worker] DEBUG tourGuide.service.TourGuideService - Begin Tracker. #4 Tracking USER internalUser5
10:15:45.254 [pool-1-thread-1] DEBUG tourGuide.service.TourGuideService - Begin Tracker. #1 Tracking USER internalUser7
10:15:45.255 [pool-1-thread-1] DEBUG tourGuide.service.TourGuideService - Begin Tracker. #2 Tracking USER internalUser7 latitutde -52.344191 longitude 118.022227
10:15:45.267 [pool-1-thread-1] DEBUG tourGuide.service.RewardsService - Begin Tracker. #3.1.0 Tracking USER internalUser7
10:15:45.267 [pool-1-thread-1] DEBUG tourGuide.service.RewardsService - Begin Tracker. #3.1.1 Tracking USER internalUser7 latitutde 32.20928432437189 longitude -99.6473064444663
10:15:45.267 [pool-1-thread-1] DEBUG tourGuide.service.RewardsService - Begin Tracker. #3.1.2 Tracking USER internalUser7
10:15:45.267 [pool-1-thread-1] DEBUG tourGuide.service.RewardsService - Begin Tracker. #3.1.1 Tracking USER internalUser7 latitutde 63.333649245858055 longitude -114.64176184932339
10:15:45.267 [pool-1-thread-1] DEBUG tourGuide.service.RewardsService - Begin Tracker. #3.1.2 Tracking USER internalUser7
10:15:45.267 [pool-1-thread-1] DEBUG tourGuide.service.RewardsService - Begin Tracker. #3.1.1 Tracking USER internalUser7 latitutde 39.744185196606125 longitude 26.076937831224853
10:15:45.267 [pool-1-thread-1] DEBUG tourGuide.service.RewardsService - Begin Tracker. #3.1.2 Tracking USER internalUser7
10:15:45.267 [pool-1-thread-1] DEBUG tourGuide.service.RewardsService - Begin Tracker. #3.1.1 Tracking USER internalUser7 latitutde -22.788731 longitude 159.909191
10:15:45.267 [pool-1-thread-1] DEBUG tourGuide.service.RewardsService - Begin Tracker. #3.1.2 Tracking USER internalUser7
10:15:45.267 [pool-1-thread-1] DEBUG tourGuide.service.RewardsService - Begin Tracker. #3.1.1 Tracking USER internalUser7 latitutde -52.344191 longitude 118.022227
10:15:45.268 [pool-1-thread-1] DEBUG tourGuide.service.RewardsService - Begin Tracker. #3.1.2 Tracking USER internalUser7
10:15:45.268 [pool-1-thread-1] DEBUG tourGuide.service.RewardsService - Begin Tracker. #3.2 Tracking USER internalUser7
10:15:45.268 [pool-1-thread-1] DEBUG tourGuide.service.TourGuideService - Begin Tracker. #4 Tracking USER internalUser7
10:15:45.268 [Test worker] DEBUG tourGuide.service.TourGuideService - Begin Tracker. #1 Tracking USER internalUser94
10:15:45.268 [Test worker] DEBUG tourGuide.service.TourGuideService - Begin Tracker. #2 Tracking USER internalUser94 latitutde -59.093907 longitude -163.923272
10:15:45.280 [Test worker] DEBUG tourGuide.service.RewardsService - Begin Tracker. #3.1.0 Tracking USER internalUser94
10:15:45.280 [Test worker] DEBUG tourGuide.service.RewardsService - Begin Tracker. #3.1.1 Tracking USER internalUser94 latitutde 8.442740503826968 longitude 90.58899326880208
10:15:45.280 [Test worker] DEBUG tourGuide.service.RewardsService - Begin Tracker. #3.1.2 Tracking USER internalUser94
10:15:45.280 [Test worker] DEBUG tourGuide.service.RewardsService - Begin Tracker. #3.1.1 Tracking USER internalUser94 latitutde -10.87901913836835 longitude 126.78703024802138
10:15:45.280 [Test worker] DEBUG tourGuide.service.RewardsService - Begin Tracker. #3.1.2 Tracking USER internalUser94
10:15:45.280 [Test worker] DEBUG tourGuide.service.RewardsService - Begin Tracker. #3.1.1 Tracking USER internalUser94 latitutde -20.760624549416335 longitude 124.20449143840221
10:15:45.280 [Test worker] DEBUG tourGuide.service.RewardsService - Begin Tracker. #3.1.2 Tracking USER internalUser94
10:15:45.280 [Test worker] DEBUG tourGuide.service.RewardsService - Begin Tracker. #3.1.1 Tracking USER internalUser94 latitutde -59.093907 longitude -163.923272
10:15:45.280 [Test worker] DEBUG tourGuide.service.RewardsService - Begin Tracker. #3.1.2 Tracking USER internalUser94
10:15:45.280 [Test worker] DEBUG tourGuide.service.RewardsService - Begin Tracker. #3.2 Tracking USER internalUser94
10:15:45.280 [Test worker] DEBUG tourGuide.service.TourGuideService - Begin Tracker. #4 Tracking USER internalUser94
10:15:45.341 [pool-1-thread-1] DEBUG tourGuide.service.TourGuideService - Begin Tracker. #1 Tracking USER internalUser92
10:15:45.341 [pool-1-thread-1] DEBUG tourGuide.service.TourGuideService - Begin Tracker. #2 Tracking USER internalUser92 latitutde 63.182696 longitude -93.49964
10:15:45.352 [pool-1-thread-1] DEBUG tourGuide.service.RewardsService - Begin Tracker. #3.1.0 Tracking USER internalUser92
10:15:45.352 [pool-1-thread-1] DEBUG tourGuide.service.RewardsService - Begin Tracker. #3.1.1 Tracking USER internalUser92 latitutde -6.175434440391527 longitude -149.7370647357863
10:15:45.352 [pool-1-thread-1] DEBUG tourGuide.service.RewardsService - Begin Tracker. #3.1.2 Tracking USER internalUser92
10:15:45.352 [pool-1-thread-1] DEBUG tourGuide.service.RewardsService - Begin Tracker. #3.1.1 Tracking USER internalUser92 latitutde -3.495535203593036 longitude 54.23421667419768
10:15:45.353 [pool-1-thread-1] DEBUG tourGuide.service.RewardsService - Begin Tracker. #3.1.2 Tracking USER internalUser92
10:15:45.353 [pool-1-thread-1] DEBUG tourGuide.service.RewardsService - Begin Tracker. #3.1.1 Tracking USER internalUser92 latitutde 60.503748436486944 longitude -62.366372315485464
10:15:45.355 [pool-1-thread-1] DEBUG tourGuide.service.RewardsService - Begin Tracker. #3.1.2 Tracking USER internalUser92
10:15:45.355 [pool-1-thread-1] DEBUG tourGuide.service.RewardsService - Begin Tracker. #3.1.1 Tracking USER internalUser92 latitutde 47.240315 longitude 25.868697
10:15:45.356 [pool-1-thread-1] DEBUG tourGuide.service.RewardsService - Begin Tracker. #3.1.2 Tracking USER internalUser92
10:15:45.356 [pool-1-thread-1] DEBUG tourGuide.service.RewardsService - Begin Tracker. #3.1.1 Tracking USER internalUser92 latitutde 63.182696 longitude -93.49964
10:15:45.356 [pool-1-thread-1] DEBUG tourGuide.service.RewardsService - Begin Tracker. #3.1.2 Tracking USER internalUser92
10:15:45.356 [pool-1-thread-1] DEBUG tourGuide.service.RewardsService - Begin Tracker. #3.2 Tracking USER internalUser92
10:15:45.357 [pool-1-thread-1] DEBUG tourGuide.service.TourGuideService - Begin Tracker. #4 Tracking USER internalUser92
10:15:45.364 [Test worker] DEBUG tourGuide.service.TourGuideService - Begin Tracker. #1 Tracking USER internalUser4
10:15:45.364 [Test worker] DEBUG tourGuide.service.TourGuideService - Begin Tracker. #2 Tracking USER internalUser4 latitutde -80.511276 longitude -178.553353
10:15:45.374 [Test worker] DEBUG tourGuide.service.RewardsService - Begin Tracker. #3.1.0 Tracking USER internalUser4
10:15:45.374 [Test worker] DEBUG tourGuide.service.RewardsService - Begin Tracker. #3.1.1 Tracking USER internalUser4 latitutde -69.53596733383591 longitude 7.842910222947353
10:15:45.374 [Test worker] DEBUG tourGuide.service.RewardsService - Begin Tracker. #3.1.2 Tracking USER internalUser4
10:15:45.374 [Test worker] DEBUG tourGuide.service.RewardsService - Begin Tracker. #3.1.1 Tracking USER internalUser4 latitutde -49.97713047750327 longitude -29.47860012817523
10:15:45.374 [Test worker] DEBUG tourGuide.service.RewardsService - Begin Tracker. #3.1.2 Tracking USER internalUser4
10:15:45.374 [Test worker] DEBUG tourGuide.service.RewardsService - Begin Tracker. #3.1.1 Tracking USER internalUser4 latitutde 34.1264896347583 longitude -150.20868468139705
10:15:45.375 [Test worker] DEBUG tourGuide.service.RewardsService - Begin Tracker. #3.1.2 Tracking USER internalUser4
10:15:45.375 [Test worker] DEBUG tourGuide.service.RewardsService - Begin Tracker. #3.1.1 Tracking USER internalUser4 latitutde -80.511276 longitude -178.553353
10:15:45.375 [Test worker] DEBUG tourGuide.service.RewardsService - Begin Tracker. #3.1.2 Tracking USER internalUser4
10:15:45.375 [Test worker] DEBUG tourGuide.service.RewardsService - Begin Tracker. #3.2 Tracking USER internalUser4
10:15:45.376 [Test worker] DEBUG tourGuide.service.TourGuideService - Begin Tracker. #4 Tracking USER internalUser4
10:15:45.431 [pool-1-thread-1] DEBUG tourGuide.service.TourGuideService - Begin Tracker. #1 Tracking USER internalUser6
10:15:45.431 [pool-1-thread-1] DEBUG tourGuide.service.TourGuideService - Begin Tracker. #2 Tracking USER internalUser6 latitutde 22.192637 longitude 106.467086
10:15:45.436 [Test worker] DEBUG tourGuide.service.TourGuideService - Begin Tracker. #1 Tracking USER internalUser93
10:15:45.437 [Test worker] DEBUG tourGuide.service.TourGuideService - Begin Tracker. #2 Tracking USER internalUser93 latitutde 59.273506 longitude -169.83855
10:15:45.456 [Test worker] DEBUG tourGuide.service.RewardsService - Begin Tracker. #3.1.0 Tracking USER internalUser93
10:15:45.456 [Test worker] DEBUG tourGuide.service.RewardsService - Begin Tracker. #3.1.1 Tracking USER internalUser93 latitutde -52.438045259956155 longitude 17.906994984587868
10:15:45.456 [Test worker] DEBUG tourGuide.service.RewardsService - Begin Tracker. #3.1.2 Tracking USER internalUser93
10:15:45.456 [Test worker] DEBUG tourGuide.service.RewardsService - Begin Tracker. #3.1.1 Tracking USER internalUser93 latitutde 61.2705708821569 longitude -129.05385859824167
10:15:45.456 [Test worker] DEBUG tourGuide.service.RewardsService - Begin Tracker. #3.1.2 Tracking USER internalUser93
10:15:45.456 [Test worker] DEBUG tourGuide.service.RewardsService - Begin Tracker. #3.1.1 Tracking USER internalUser93 latitutde 11.555961153240617 longitude -6.688860848340028
10:15:45.456 [Test worker] DEBUG tourGuide.service.RewardsService - Begin Tracker. #3.1.2 Tracking USER internalUser93
10:15:45.456 [Test worker] DEBUG tourGuide.service.RewardsService - Begin Tracker. #3.1.1 Tracking USER internalUser93 latitutde 59.273506 longitude -169.83855
10:15:45.456 [Test worker] DEBUG tourGuide.service.RewardsService - Begin Tracker. #3.1.2 Tracking USER internalUser93
10:15:45.456 [Test worker] DEBUG tourGuide.service.RewardsService - Begin Tracker. #3.2 Tracking USER internalUser93
10:15:45.457 [Test worker] DEBUG tourGuide.service.TourGuideService - Begin Tracker. #4 Tracking USER internalUser93
10:15:45.457 [pool-1-thread-1] DEBUG tourGuide.service.RewardsService - Begin Tracker. #3.1.0 Tracking USER internalUser6
10:15:45.457 [pool-1-thread-1] DEBUG tourGuide.service.RewardsService - Begin Tracker. #3.1.1 Tracking USER internalUser6 latitutde -42.955179536362735 longitude 130.2344381162609
10:15:45.458 [pool-1-thread-1] DEBUG tourGuide.service.RewardsService - Begin Tracker. #3.1.2 Tracking USER internalUser6
10:15:45.458 [pool-1-thread-1] DEBUG tourGuide.service.RewardsService - Begin Tracker. #3.1.1 Tracking USER internalUser6 latitutde -72.53013024012986 longitude 115.06596792312484
10:15:45.458 [pool-1-thread-1] DEBUG tourGuide.service.RewardsService - Begin Tracker. #3.1.2 Tracking USER internalUser6
10:15:45.458 [pool-1-thread-1] DEBUG tourGuide.service.RewardsService - Begin Tracker. #3.1.1 Tracking USER internalUser6 latitutde -78.13692106347985 longitude 161.99365622282824
10:15:45.459 [pool-1-thread-1] DEBUG tourGuide.service.RewardsService - Begin Tracker. #3.1.2 Tracking USER internalUser6
10:15:45.459 [pool-1-thread-1] DEBUG tourGuide.service.RewardsService - Begin Tracker. #3.1.1 Tracking USER internalUser6 latitutde 52.307942 longitude 110.57146
10:15:45.460 [pool-1-thread-1] DEBUG tourGuide.service.RewardsService - Begin Tracker. #3.1.2 Tracking USER internalUser6
10:15:45.460 [pool-1-thread-1] DEBUG tourGuide.service.RewardsService - Begin Tracker. #3.1.1 Tracking USER internalUser6 latitutde 22.192637 longitude 106.467086
10:15:45.460 [pool-1-thread-1] DEBUG tourGuide.service.RewardsService - Begin Tracker. #3.1.2 Tracking USER internalUser6
10:15:45.460 [pool-1-thread-1] DEBUG tourGuide.service.RewardsService - Begin Tracker. #3.2 Tracking USER internalUser6
10:15:45.460 [pool-1-thread-1] DEBUG tourGuide.service.TourGuideService - Begin Tracker. #4 Tracking USER internalUser6
10:15:45.496 [pool-1-thread-1] DEBUG tourGuide.service.TourGuideService - Begin Tracker. #1 Tracking USER internalUser91
10:15:45.496 [pool-1-thread-1] DEBUG tourGuide.service.TourGuideService - Begin Tracker. #2 Tracking USER internalUser91 latitutde -53.160141 longitude 10.039261
10:15:45.520 [pool-1-thread-1] DEBUG tourGuide.service.RewardsService - Begin Tracker. #3.1.0 Tracking USER internalUser91
10:15:45.520 [pool-1-thread-1] DEBUG tourGuide.service.RewardsService - Begin Tracker. #3.1.1 Tracking USER internalUser91 latitutde -76.5401544460172 longitude 126.24254781276198
10:15:45.524 [pool-1-thread-1] DEBUG tourGuide.service.RewardsService - Begin Tracker. #3.1.2 Tracking USER internalUser91
10:15:45.526 [pool-1-thread-1] DEBUG tourGuide.service.RewardsService - Begin Tracker. #3.1.1 Tracking USER internalUser91 latitutde 32.16376192310642 longitude -14.683610908591021
10:15:45.526 [pool-1-thread-1] DEBUG tourGuide.service.RewardsService - Begin Tracker. #3.1.2 Tracking USER internalUser91
10:15:45.526 [pool-1-thread-1] DEBUG tourGuide.service.RewardsService - Begin Tracker. #3.1.1 Tracking USER internalUser91 latitutde 3.26637176602965 longitude 72.09480779640353
10:15:45.526 [pool-1-thread-1] DEBUG tourGuide.service.RewardsService - Begin Tracker. #3.1.2 Tracking USER internalUser91
10:15:45.526 [pool-1-thread-1] DEBUG tourGuide.service.RewardsService - Begin Tracker. #3.1.1 Tracking USER internalUser91 latitutde 34.027515 longitude -61.72307
10:15:45.527 [pool-1-thread-1] DEBUG tourGuide.service.RewardsService - Begin Tracker. #3.1.2 Tracking USER internalUser91
10:15:45.527 [pool-1-thread-1] DEBUG tourGuide.service.RewardsService - Begin Tracker. #3.1.1 Tracking USER internalUser91 latitutde -53.160141 longitude 10.039261
10:15:45.527 [pool-1-thread-1] DEBUG tourGuide.service.RewardsService - Begin Tracker. #3.1.2 Tracking USER internalUser91
10:15:45.528 [pool-1-thread-1] DEBUG tourGuide.service.RewardsService - Begin Tracker. #3.2 Tracking USER internalUser91
10:15:45.528 [pool-1-thread-1] DEBUG tourGuide.service.TourGuideService - Begin Tracker. #4 Tracking USER internalUser91
10:15:45.537 [Test worker] DEBUG tourGuide.service.TourGuideService - Begin Tracker. #1 Tracking USER internalUser27
10:15:45.538 [Test worker] DEBUG tourGuide.service.TourGuideService - Begin Tracker. #2 Tracking USER internalUser27 latitutde 84.318419 longitude 112.171567
10:15:45.567 [Test worker] DEBUG tourGuide.service.RewardsService - Begin Tracker. #3.1.0 Tracking USER internalUser27
10:15:45.568 [Test worker] DEBUG tourGuide.service.RewardsService - Begin Tracker. #3.1.1 Tracking USER internalUser27 latitutde 2.500598546106275 longitude -37.254354330084
10:15:45.568 [Test worker] DEBUG tourGuide.service.RewardsService - Begin Tracker. #3.1.2 Tracking USER internalUser27
10:15:45.568 [Test worker] DEBUG tourGuide.service.RewardsService - Begin Tracker. #3.1.1 Tracking USER internalUser27 latitutde -13.57748149974961 longitude 72.5471223944302
10:15:45.568 [Test worker] DEBUG tourGuide.service.RewardsService - Begin Tracker. #3.1.2 Tracking USER internalUser27
10:15:45.568 [Test worker] DEBUG tourGuide.service.RewardsService - Begin Tracker. #3.1.1 Tracking USER internalUser27 latitutde -85.02967742853808 longitude -141.53371143689174
10:15:45.569 [Test worker] DEBUG tourGuide.service.RewardsService - Begin Tracker. #3.1.2 Tracking USER internalUser27
10:15:45.569 [Test worker] DEBUG tourGuide.service.RewardsService - Begin Tracker. #3.1.1 Tracking USER internalUser27 latitutde 84.318419 longitude 112.171567
10:15:45.569 [Test worker] DEBUG tourGuide.service.RewardsService - Begin Tracker. #3.1.2 Tracking USER internalUser27
10:15:45.569 [Test worker] DEBUG tourGuide.service.RewardsService - Begin Tracker. #3.2 Tracking USER internalUser27
10:15:45.569 [Test worker] DEBUG tourGuide.service.TourGuideService - Begin Tracker. #4 Tracking USER internalUser27
10:15:45.573 [pool-1-thread-1] DEBUG tourGuide.service.TourGuideService - Begin Tracker. #1 Tracking USER internalUser5
10:15:45.574 [pool-1-thread-1] DEBUG tourGuide.service.TourGuideService - Begin Tracker. #2 Tracking USER internalUser5 latitutde 68.33855 longitude -73.399758
10:15:45.585 [pool-1-thread-1] DEBUG tourGuide.service.RewardsService - Begin Tracker. #3.1.0 Tracking USER internalUser5
10:15:45.585 [pool-1-thread-1] DEBUG tourGuide.service.RewardsService - Begin Tracker. #3.1.1 Tracking USER internalUser5 latitutde 47.45007858397031 longitude 50.681683339723605
10:15:45.585 [pool-1-thread-1] DEBUG tourGuide.service.RewardsService - Begin Tracker. #3.1.2 Tracking USER internalUser5
10:15:45.585 [pool-1-thread-1] DEBUG tourGuide.service.RewardsService - Begin Tracker. #3.1.1 Tracking USER internalUser5 latitutde -36.697661607549115 longitude -105.30554931206721
10:15:45.585 [pool-1-thread-1] DEBUG tourGuide.service.RewardsService - Begin Tracker. #3.1.2 Tracking USER internalUser5
10:15:45.585 [pool-1-thread-1] DEBUG tourGuide.service.RewardsService - Begin Tracker. #3.1.1 Tracking USER internalUser5 latitutde -21.599089257634446 longitude 34.90735973569963
10:15:45.585 [pool-1-thread-1] DEBUG tourGuide.service.RewardsService - Begin Tracker. #3.1.2 Tracking USER internalUser5
10:15:45.585 [pool-1-thread-1] DEBUG tourGuide.service.RewardsService - Begin Tracker. #3.1.1 Tracking USER internalUser5 latitutde 8.967778 longitude -94.197097
10:15:45.585 [pool-1-thread-1] DEBUG tourGuide.service.RewardsService - Begin Tracker. #3.1.2 Tracking USER internalUser5
10:15:45.586 [pool-1-thread-1] DEBUG tourGuide.service.RewardsService - Begin Tracker. #3.1.1 Tracking USER internalUser5 latitutde 68.33855 longitude -73.399758
10:15:45.586 [pool-1-thread-1] DEBUG tourGuide.service.RewardsService - Begin Tracker. #3.1.2 Tracking USER internalUser5
10:15:45.586 [pool-1-thread-1] DEBUG tourGuide.service.RewardsService - Begin Tracker. #3.2 Tracking USER internalUser5
10:15:45.586 [pool-1-thread-1] DEBUG tourGuide.service.TourGuideService - Begin Tracker. #4 Tracking USER internalUser5
10:15:45.625 [pool-1-thread-1] DEBUG tourGuide.service.TourGuideService - Begin Tracker. #1 Tracking USER internalUser94
10:15:45.625 [pool-1-thread-1] DEBUG tourGuide.service.TourGuideService - Begin Tracker. #2 Tracking USER internalUser94 latitutde 57.45748 longitude -79.179355
10:15:45.627 [Test worker] DEBUG tourGuide.service.TourGuideService - Begin Tracker. #1 Tracking USER internalUser26
10:15:45.627 [Test worker] DEBUG tourGuide.service.TourGuideService - Begin Tracker. #2 Tracking USER internalUser26 latitutde -28.976053 longitude 95.859134
10:15:45.638 [pool-1-thread-1] DEBUG tourGuide.service.RewardsService - Begin Tracker. #3.1.0 Tracking USER internalUser94
10:15:45.638 [pool-1-thread-1] DEBUG tourGuide.service.RewardsService - Begin Tracker. #3.1.1 Tracking USER internalUser94 latitutde 8.442740503826968 longitude 90.58899326880208
10:15:45.638 [pool-1-thread-1] DEBUG tourGuide.service.RewardsService - Begin Tracker. #3.1.2 Tracking USER internalUser94
10:15:45.638 [pool-1-thread-1] DEBUG tourGuide.service.RewardsService - Begin Tracker. #3.1.1 Tracking USER internalUser94 latitutde -10.87901913836835 longitude 126.78703024802138
10:15:45.638 [pool-1-thread-1] DEBUG tourGuide.service.RewardsService - Begin Tracker. #3.1.2 Tracking USER internalUser94
10:15:45.638 [pool-1-thread-1] DEBUG tourGuide.service.RewardsService - Begin Tracker. #3.1.1 Tracking USER internalUser94 latitutde -20.760624549416335 longitude 124.20449143840221
10:15:45.639 [pool-1-thread-1] DEBUG tourGuide.service.RewardsService - Begin Tracker. #3.1.2 Tracking USER internalUser94
10:15:45.639 [pool-1-thread-1] DEBUG tourGuide.service.RewardsService - Begin Tracker. #3.1.1 Tracking USER internalUser94 latitutde -59.093907 longitude -163.923272
10:15:45.639 [pool-1-thread-1] DEBUG tourGuide.service.RewardsService - Begin Tracker. #3.1.2 Tracking USER internalUser94
10:15:45.640 [pool-1-thread-1] DEBUG tourGuide.service.RewardsService - Begin Tracker. #3.1.1 Tracking USER internalUser94 latitutde 57.45748 longitude -79.179355
10:15:45.640 [pool-1-thread-1] DEBUG tourGuide.service.RewardsService - Begin Tracker. #3.1.2 Tracking USER internalUser94
10:15:45.640 [pool-1-thread-1] DEBUG tourGuide.service.RewardsService - Begin Tracker. #3.2 Tracking USER internalUser94
10:15:45.640 [pool-1-thread-1] DEBUG tourGuide.service.TourGuideService - Begin Tracker. #4 Tracking USER internalUser94
10:15:45.645 [Test worker] DEBUG tourGuide.service.RewardsService - Begin Tracker. #3.1.0 Tracking USER internalUser26
10:15:45.648 [Test worker] DEBUG tourGuide.service.RewardsService - Begin Tracker. #3.1.1 Tracking USER internalUser26 latitutde 56.38626979932155 longitude -91.80180227973585
10:15:45.649 [Test worker] DEBUG tourGuide.service.RewardsService - Begin Tracker. #3.1.2 Tracking USER internalUser26
10:15:45.649 [Test worker] DEBUG tourGuide.service.RewardsService - Begin Tracker. #3.1.1 Tracking USER internalUser26 latitutde -15.81956800761219 longitude 100.7573845060428
10:15:45.650 [Test worker] DEBUG tourGuide.service.RewardsService - Begin Tracker. #3.1.2 Tracking USER internalUser26
10:15:45.650 [Test worker] DEBUG tourGuide.service.RewardsService - Begin Tracker. #3.1.1 Tracking USER internalUser26 latitutde -37.10928391833238 longitude -130.99882590115504
10:15:45.650 [Test worker] DEBUG tourGuide.service.RewardsService - Begin Tracker. #3.1.2 Tracking USER internalUser26
10:15:45.650 [Test worker] DEBUG tourGuide.service.RewardsService - Begin Tracker. #3.1.1 Tracking USER internalUser26 latitutde -28.976053 longitude 95.859134
10:15:45.651 [Test worker] DEBUG tourGuide.service.RewardsService - Begin Tracker. #3.1.2 Tracking USER internalUser26
10:15:45.651 [Test worker] DEBUG tourGuide.service.RewardsService - Begin Tracker. #3.2 Tracking USER internalUser26
10:15:45.651 [Test worker] DEBUG tourGuide.service.TourGuideService - Begin Tracker. #4 Tracking USER internalUser26
10:15:45.678 [pool-1-thread-1] DEBUG tourGuide.service.TourGuideService - Begin Tracker. #1 Tracking USER internalUser4
10:15:45.678 [pool-1-thread-1] DEBUG tourGuide.service.TourGuideService - Begin Tracker. #2 Tracking USER internalUser4 latitutde 63.089281 longitude 117.391039
10:15:45.689 [pool-1-thread-1] DEBUG tourGuide.service.RewardsService - Begin Tracker. #3.1.0 Tracking USER internalUser4
10:15:45.689 [pool-1-thread-1] DEBUG tourGuide.service.RewardsService - Begin Tracker. #3.1.1 Tracking USER internalUser4 latitutde -69.53596733383591 longitude 7.842910222947353
10:15:45.689 [pool-1-thread-1] DEBUG tourGuide.service.RewardsService - Begin Tracker. #3.1.2 Tracking USER internalUser4
10:15:45.689 [pool-1-thread-1] DEBUG tourGuide.service.RewardsService - Begin Tracker. #3.1.1 Tracking USER internalUser4 latitutde -49.97713047750327 longitude -29.47860012817523
10:15:45.689 [pool-1-thread-1] DEBUG tourGuide.service.RewardsService - Begin Tracker. #3.1.2 Tracking USER internalUser4
10:15:45.689 [pool-1-thread-1] DEBUG tourGuide.service.RewardsService - Begin Tracker. #3.1.1 Tracking USER internalUser4 latitutde 34.1264896347583 longitude -150.20868468139705
10:15:45.689 [pool-1-thread-1] DEBUG tourGuide.service.RewardsService - Begin Tracker. #3.1.2 Tracking USER internalUser4
10:15:45.689 [pool-1-thread-1] DEBUG tourGuide.service.RewardsService - Begin Tracker. #3.1.1 Tracking USER internalUser4 latitutde -80.511276 longitude -178.553353
10:15:45.689 [pool-1-thread-1] DEBUG tourGuide.service.RewardsService - Begin Tracker. #3.1.2 Tracking USER internalUser4
10:15:45.689 [pool-1-thread-1] DEBUG tourGuide.service.RewardsService - Begin Tracker. #3.1.1 Tracking USER internalUser4 latitutde 63.089281 longitude 117.391039
10:15:45.690 [pool-1-thread-1] DEBUG tourGuide.service.RewardsService - Begin Tracker. #3.1.2 Tracking USER internalUser4
10:15:45.690 [pool-1-thread-1] DEBUG tourGuide.service.RewardsService - Begin Tracker. #3.2 Tracking USER internalUser4
10:15:45.690 [pool-1-thread-1] DEBUG tourGuide.service.TourGuideService - Begin Tracker. #4 Tracking USER internalUser4
10:15:45.711 [Test worker] DEBUG tourGuide.service.TourGuideService - Begin Tracker. #1 Tracking USER internalUser29
10:15:45.712 [Test worker] DEBUG tourGuide.service.TourGuideService - Begin Tracker. #2 Tracking USER internalUser29 latitutde 54.247024 longitude -31.42872
10:15:45.736 [Test worker] DEBUG tourGuide.service.RewardsService - Begin Tracker. #3.1.0 Tracking USER internalUser29
10:15:45.737 [Test worker] DEBUG tourGuide.service.RewardsService - Begin Tracker. #3.1.1 Tracking USER internalUser29 latitutde -0.6404088726880985 longitude -163.78252014450484
10:15:45.738 [Test worker] DEBUG tourGuide.service.RewardsService - Begin Tracker. #3.1.2 Tracking USER internalUser29
10:15:45.739 [Test worker] DEBUG tourGuide.service.RewardsService - Begin Tracker. #3.1.1 Tracking USER internalUser29 latitutde 17.20976351243462 longitude -150.7563391748283
10:15:45.739 [Test worker] DEBUG tourGuide.service.RewardsService - Begin Tracker. #3.1.2 Tracking USER internalUser29
10:15:45.739 [Test worker] DEBUG tourGuide.service.RewardsService - Begin Tracker. #3.1.1 Tracking USER internalUser29 latitutde -56.48402886867503 longitude 107.11861927388782
10:15:45.739 [Test worker] DEBUG tourGuide.service.RewardsService - Begin Tracker. #3.1.2 Tracking USER internalUser29
10:15:45.740 [Test worker] DEBUG tourGuide.service.RewardsService - Begin Tracker. #3.1.1 Tracking USER internalUser29 latitutde 54.247024 longitude -31.42872
10:15:45.740 [Test worker] DEBUG tourGuide.service.RewardsService - Begin Tracker. #3.1.2 Tracking USER internalUser29
10:15:45.740 [Test worker] DEBUG tourGuide.service.RewardsService - Begin Tracker. #3.2 Tracking USER internalUser29
10:15:45.740 [Test worker] DEBUG tourGuide.service.TourGuideService - Begin Tracker. #4 Tracking USER internalUser29
10:15:45.751 [pool-1-thread-1] DEBUG tourGuide.service.TourGuideService - Begin Tracker. #1 Tracking USER internalUser93
10:15:45.751 [pool-1-thread-1] DEBUG tourGuide.service.TourGuideService - Begin Tracker. #2 Tracking USER internalUser93 latitutde 5.103992 longitude -171.670468
10:15:45.761 [pool-1-thread-1] DEBUG tourGuide.service.RewardsService - Begin Tracker. #3.1.0 Tracking USER internalUser93
10:15:45.762 [pool-1-thread-1] DEBUG tourGuide.service.RewardsService - Begin Tracker. #3.1.1 Tracking USER internalUser93 latitutde -52.438045259956155 longitude 17.906994984587868
10:15:45.763 [pool-1-thread-1] DEBUG tourGuide.service.RewardsService - Begin Tracker. #3.1.2 Tracking USER internalUser93
10:15:45.764 [pool-1-thread-1] DEBUG tourGuide.service.RewardsService - Begin Tracker. #3.1.1 Tracking USER internalUser93 latitutde 61.2705708821569 longitude -129.05385859824167
10:15:45.764 [pool-1-thread-1] DEBUG tourGuide.service.RewardsService - Begin Tracker. #3.1.2 Tracking USER internalUser93
10:15:45.764 [pool-1-thread-1] DEBUG tourGuide.service.RewardsService - Begin Tracker. #3.1.1 Tracking USER internalUser93 latitutde 11.555961153240617 longitude -6.688860848340028
10:15:45.765 [pool-1-thread-1] DEBUG tourGuide.service.RewardsService - Begin Tracker. #3.1.2 Tracking USER internalUser93
10:15:45.765 [pool-1-thread-1] DEBUG tourGuide.service.RewardsService - Begin Tracker. #3.1.1 Tracking USER internalUser93 latitutde 59.273506 longitude -169.83855
10:15:45.765 [pool-1-thread-1] DEBUG tourGuide.service.RewardsService - Begin Tracker. #3.1.2 Tracking USER internalUser93
10:15:45.765 [pool-1-thread-1] DEBUG tourGuide.service.RewardsService - Begin Tracker. #3.1.1 Tracking USER internalUser93 latitutde 5.103992 longitude -171.670468
10:15:45.765 [pool-1-thread-1] DEBUG tourGuide.service.RewardsService - Begin Tracker. #3.1.2 Tracking USER internalUser93
10:15:45.765 [pool-1-thread-1] DEBUG tourGuide.service.RewardsService - Begin Tracker. #3.2 Tracking USER internalUser93
10:15:45.765 [pool-1-thread-1] DEBUG tourGuide.service.TourGuideService - Begin Tracker. #4 Tracking USER internalUser93
10:15:45.823 [Test worker] DEBUG tourGuide.service.TourGuideService - Begin Tracker. #1 Tracking USER internalUser28
10:15:45.824 [Test worker] DEBUG tourGuide.service.TourGuideService - Begin Tracker. #2 Tracking USER internalUser28 latitutde -65.839201 longitude -46.47824
10:15:45.835 [Test worker] DEBUG tourGuide.service.RewardsService - Begin Tracker. #3.1.0 Tracking USER internalUser28
10:15:45.835 [Test worker] DEBUG tourGuide.service.RewardsService - Begin Tracker. #3.1.1 Tracking USER internalUser28 latitutde 45.480276063971104 longitude -84.0195126529524
10:15:45.835 [Test worker] DEBUG tourGuide.service.RewardsService - Begin Tracker. #3.1.2 Tracking USER internalUser28
10:15:45.835 [Test worker] DEBUG tourGuide.service.RewardsService - Begin Tracker. #3.1.1 Tracking USER internalUser28 latitutde 79.48075972415424 longitude -177.90043560149718
10:15:45.835 [Test worker] DEBUG tourGuide.service.RewardsService - Begin Tracker. #3.1.2 Tracking USER internalUser28
10:15:45.835 [Test worker] DEBUG tourGuide.service.RewardsService - Begin Tracker. #3.1.1 Tracking USER internalUser28 latitutde 6.824203941412904 longitude 89.49035504732086
10:15:45.835 [Test worker] DEBUG tourGuide.service.RewardsService - Begin Tracker. #3.1.2 Tracking USER internalUser28
10:15:45.835 [Test worker] DEBUG tourGuide.service.RewardsService - Begin Tracker. #3.1.1 Tracking USER internalUser28 latitutde -65.839201 longitude -46.47824
10:15:45.835 [Test worker] DEBUG tourGuide.service.RewardsService - Begin Tracker. #3.1.2 Tracking USER internalUser28
10:15:45.835 [Test worker] DEBUG tourGuide.service.RewardsService - Begin Tracker. #3.2 Tracking USER internalUser28
10:15:45.835 [Test worker] DEBUG tourGuide.service.TourGuideService - Begin Tracker. #4 Tracking USER internalUser28
10:15:45.839 [pool-1-thread-1] DEBUG tourGuide.service.TourGuideService - Begin Tracker. #1 Tracking USER internalUser27
10:15:45.839 [pool-1-thread-1] DEBUG tourGuide.service.TourGuideService - Begin Tracker. #2 Tracking USER internalUser27 latitutde -31.839722 longitude -86.683978
10:15:45.850 [pool-1-thread-1] DEBUG tourGuide.service.RewardsService - Begin Tracker. #3.1.0 Tracking USER internalUser27
10:15:45.850 [pool-1-thread-1] DEBUG tourGuide.service.RewardsService - Begin Tracker. #3.1.1 Tracking USER internalUser27 latitutde 2.500598546106275 longitude -37.254354330084
10:15:45.850 [pool-1-thread-1] DEBUG tourGuide.service.RewardsService - Begin Tracker. #3.1.2 Tracking USER internalUser27
10:15:45.850 [pool-1-thread-1] DEBUG tourGuide.service.RewardsService - Begin Tracker. #3.1.1 Tracking USER internalUser27 latitutde -13.57748149974961 longitude 72.5471223944302
10:15:45.850 [pool-1-thread-1] DEBUG tourGuide.service.RewardsService - Begin Tracker. #3.1.2 Tracking USER internalUser27
10:15:45.850 [pool-1-thread-1] DEBUG tourGuide.service.RewardsService - Begin Tracker. #3.1.1 Tracking USER internalUser27 latitutde -85.02967742853808 longitude -141.53371143689174
10:15:45.851 [pool-1-thread-1] DEBUG tourGuide.service.RewardsService - Begin Tracker. #3.1.2 Tracking USER internalUser27
10:15:45.851 [pool-1-thread-1] DEBUG tourGuide.service.RewardsService - Begin Tracker. #3.1.1 Tracking USER internalUser27 latitutde 84.318419 longitude 112.171567
10:15:45.851 [pool-1-thread-1] DEBUG tourGuide.service.RewardsService - Begin Tracker. #3.1.2 Tracking USER internalUser27
10:15:45.851 [pool-1-thread-1] DEBUG tourGuide.service.RewardsService - Begin Tracker. #3.1.1 Tracking USER internalUser27 latitutde -31.839722 longitude -86.683978
10:15:45.852 [pool-1-thread-1] DEBUG tourGuide.service.RewardsService - Begin Tracker. #3.1.2 Tracking USER internalUser27
10:15:45.852 [pool-1-thread-1] DEBUG tourGuide.service.RewardsService - Begin Tracker. #3.2 Tracking USER internalUser27
10:15:45.852 [pool-1-thread-1] DEBUG tourGuide.service.TourGuideService - Begin Tracker. #4 Tracking USER internalUser27
10:15:45.918 [Test worker] DEBUG tourGuide.service.TourGuideService - Begin Tracker. #1 Tracking USER internalUser23
10:15:45.918 [pool-1-thread-1] DEBUG tourGuide.service.TourGuideService - Begin Tracker. #1 Tracking USER internalUser26
10:15:45.918 [pool-1-thread-1] DEBUG tourGuide.service.TourGuideService - Begin Tracker. #2 Tracking USER internalUser26 latitutde 74.924613 longitude -141.570548
10:15:45.918 [Test worker] DEBUG tourGuide.service.TourGuideService - Begin Tracker. #2 Tracking USER internalUser23 latitutde 69.033229 longitude 88.223658
10:15:45.928 [pool-1-thread-1] DEBUG tourGuide.service.RewardsService - Begin Tracker. #3.1.0 Tracking USER internalUser26
10:15:45.928 [pool-1-thread-1] DEBUG tourGuide.service.RewardsService - Begin Tracker. #3.1.1 Tracking USER internalUser26 latitutde 56.38626979932155 longitude -91.80180227973585
10:15:45.928 [pool-1-thread-1] DEBUG tourGuide.service.RewardsService - Begin Tracker. #3.1.2 Tracking USER internalUser26
10:15:45.928 [pool-1-thread-1] DEBUG tourGuide.service.RewardsService - Begin Tracker. #3.1.1 Tracking USER internalUser26 latitutde -15.81956800761219 longitude 100.7573845060428
10:15:45.928 [pool-1-thread-1] DEBUG tourGuide.service.RewardsService - Begin Tracker. #3.1.2 Tracking USER internalUser26
10:15:45.928 [pool-1-thread-1] DEBUG tourGuide.service.RewardsService - Begin Tracker. #3.1.1 Tracking USER internalUser26 latitutde -37.10928391833238 longitude -130.99882590115504
10:15:45.928 [pool-1-thread-1] DEBUG tourGuide.service.RewardsService - Begin Tracker. #3.1.2 Tracking USER internalUser26
10:15:45.928 [pool-1-thread-1] DEBUG tourGuide.service.RewardsService - Begin Tracker. #3.1.1 Tracking USER internalUser26 latitutde -28.976053 longitude 95.859134
10:15:45.928 [pool-1-thread-1] DEBUG tourGuide.service.RewardsService - Begin Tracker. #3.1.2 Tracking USER internalUser26
10:15:45.928 [pool-1-thread-1] DEBUG tourGuide.service.RewardsService - Begin Tracker. #3.1.1 Tracking USER internalUser26 latitutde 74.924613 longitude -141.570548
10:15:45.928 [pool-1-thread-1] DEBUG tourGuide.service.RewardsService - Begin Tracker. #3.1.2 Tracking USER internalUser26
10:15:45.928 [pool-1-thread-1] DEBUG tourGuide.service.RewardsService - Begin Tracker. #3.2 Tracking USER internalUser26
10:15:45.928 [pool-1-thread-1] DEBUG tourGuide.service.TourGuideService - Begin Tracker. #4 Tracking USER internalUser26
10:15:45.930 [Test worker] DEBUG tourGuide.service.RewardsService - Begin Tracker. #3.1.0 Tracking USER internalUser23
10:15:45.930 [Test worker] DEBUG tourGuide.service.RewardsService - Begin Tracker. #3.1.1 Tracking USER internalUser23 latitutde -51.76738382823323 longitude 137.66244313978808
10:15:45.930 [Test worker] DEBUG tourGuide.service.RewardsService - Begin Tracker. #3.1.2 Tracking USER internalUser23
10:15:45.930 [Test worker] DEBUG tourGuide.service.RewardsService - Begin Tracker. #3.1.1 Tracking USER internalUser23 latitutde 14.748220689072582 longitude -140.0107754820111
10:15:45.930 [Test worker] DEBUG tourGuide.service.RewardsService - Begin Tracker. #3.1.2 Tracking USER internalUser23
10:15:45.930 [Test worker] DEBUG tourGuide.service.RewardsService - Begin Tracker. #3.1.1 Tracking USER internalUser23 latitutde 68.88475168810768 longitude -108.8791106834029
10:15:45.930 [Test worker] DEBUG tourGuide.service.RewardsService - Begin Tracker. #3.1.2 Tracking USER internalUser23
10:15:45.930 [Test worker] DEBUG tourGuide.service.RewardsService - Begin Tracker. #3.1.1 Tracking USER internalUser23 latitutde 69.033229 longitude 88.223658
10:15:45.930 [Test worker] DEBUG tourGuide.service.RewardsService - Begin Tracker. #3.1.2 Tracking USER internalUser23
10:15:45.931 [Test worker] DEBUG tourGuide.service.RewardsService - Begin Tracker. #3.2 Tracking USER internalUser23
10:15:45.931 [Test worker] DEBUG tourGuide.service.TourGuideService - Begin Tracker. #4 Tracking USER internalUser23
10:15:46.001 [Test worker] DEBUG tourGuide.service.TourGuideService - Begin Tracker. #1 Tracking USER internalUser22
10:15:46.002 [Test worker] DEBUG tourGuide.service.TourGuideService - Begin Tracker. #2 Tracking USER internalUser22 latitutde -1.384093 longitude -41.948515
10:15:46.004 [pool-1-thread-1] DEBUG tourGuide.service.TourGuideService - Begin Tracker. #1 Tracking USER internalUser29
10:15:46.005 [pool-1-thread-1] DEBUG tourGuide.service.TourGuideService - Begin Tracker. #2 Tracking USER internalUser29 latitutde -81.58982 longitude 152.255474
10:15:46.013 [Test worker] DEBUG tourGuide.service.RewardsService - Begin Tracker. #3.1.0 Tracking USER internalUser22
10:15:46.013 [Test worker] DEBUG tourGuide.service.RewardsService - Begin Tracker. #3.1.1 Tracking USER internalUser22 latitutde 14.804886609141747 longitude -90.5712212132047
10:15:46.013 [Test worker] DEBUG tourGuide.service.RewardsService - Begin Tracker. #3.1.2 Tracking USER internalUser22
10:15:46.013 [Test worker] DEBUG tourGuide.service.RewardsService - Begin Tracker. #3.1.1 Tracking USER internalUser22 latitutde 53.70761814150072 longitude -139.4718734844093
10:15:46.013 [Test worker] DEBUG tourGuide.service.RewardsService - Begin Tracker. #3.1.2 Tracking USER internalUser22
10:15:46.013 [Test worker] DEBUG tourGuide.service.RewardsService - Begin Tracker. #3.1.1 Tracking USER internalUser22 latitutde -65.21940119524777 longitude -11.089891648830758
10:15:46.014 [Test worker] DEBUG tourGuide.service.RewardsService - Begin Tracker. #3.1.2 Tracking USER internalUser22
10:15:46.014 [Test worker] DEBUG tourGuide.service.RewardsService - Begin Tracker. #3.1.1 Tracking USER internalUser22 latitutde -1.384093 longitude -41.948515
10:15:46.014 [Test worker] DEBUG tourGuide.service.RewardsService - Begin Tracker. #3.1.2 Tracking USER internalUser22
10:15:46.014 [Test worker] DEBUG tourGuide.service.RewardsService - Begin Tracker. #3.2 Tracking USER internalUser22
10:15:46.015 [Test worker] DEBUG tourGuide.service.TourGuideService - Begin Tracker. #4 Tracking USER internalUser22
10:15:46.027 [pool-1-thread-1] DEBUG tourGuide.service.RewardsService - Begin Tracker. #3.1.0 Tracking USER internalUser29
10:15:46.027 [pool-1-thread-1] DEBUG tourGuide.service.RewardsService - Begin Tracker. #3.1.1 Tracking USER internalUser29 latitutde -0.6404088726880985 longitude -163.78252014450484
10:15:46.028 [pool-1-thread-1] DEBUG tourGuide.service.RewardsService - Begin Tracker. #3.1.2 Tracking USER internalUser29
10:15:46.028 [pool-1-thread-1] DEBUG tourGuide.service.RewardsService - Begin Tracker. #3.1.1 Tracking USER internalUser29 latitutde 17.20976351243462 longitude -150.7563391748283
10:15:46.028 [pool-1-thread-1] DEBUG tourGuide.service.RewardsService - Begin Tracker. #3.1.2 Tracking USER internalUser29
10:15:46.028 [pool-1-thread-1] DEBUG tourGuide.service.RewardsService - Begin Tracker. #3.1.1 Tracking USER internalUser29 latitutde -56.48402886867503 longitude 107.11861927388782
10:15:46.029 [pool-1-thread-1] DEBUG tourGuide.service.RewardsService - Begin Tracker. #3.1.2 Tracking USER internalUser29
10:15:46.029 [pool-1-thread-1] DEBUG tourGuide.service.RewardsService - Begin Tracker. #3.1.1 Tracking USER internalUser29 latitutde 54.247024 longitude -31.42872
10:15:46.029 [pool-1-thread-1] DEBUG tourGuide.service.RewardsService - Begin Tracker. #3.1.2 Tracking USER internalUser29
10:15:46.029 [pool-1-thread-1] DEBUG tourGuide.service.RewardsService - Begin Tracker. #3.1.1 Tracking USER internalUser29 latitutde -81.58982 longitude 152.255474
10:15:46.029 [pool-1-thread-1] DEBUG tourGuide.service.RewardsService - Begin Tracker. #3.1.2 Tracking USER internalUser29
10:15:46.029 [pool-1-thread-1] DEBUG tourGuide.service.RewardsService - Begin Tracker. #3.2 Tracking USER internalUser29
10:15:46.029 [pool-1-thread-1] DEBUG tourGuide.service.TourGuideService - Begin Tracker. #4 Tracking USER internalUser29
10:15:46.052 [Test worker] DEBUG tourGuide.service.TourGuideService - Begin Tracker. #1 Tracking USER internalUser25
10:15:46.052 [Test worker] DEBUG tourGuide.service.TourGuideService - Begin Tracker. #2 Tracking USER internalUser25 latitutde -2.229398 longitude -70.335382
10:15:46.064 [Test worker] DEBUG tourGuide.service.RewardsService - Begin Tracker. #3.1.0 Tracking USER internalUser25
10:15:46.064 [Test worker] DEBUG tourGuide.service.RewardsService - Begin Tracker. #3.1.1 Tracking USER internalUser25 latitutde 60.55402032355721 longitude 14.19872944529277
10:15:46.064 [Test worker] DEBUG tourGuide.service.RewardsService - Begin Tracker. #3.1.2 Tracking USER internalUser25
10:15:46.064 [Test worker] DEBUG tourGuide.service.RewardsService - Begin Tracker. #3.1.1 Tracking USER internalUser25 latitutde 18.68032153153095 longitude -89.72327990907246
10:15:46.064 [Test worker] DEBUG tourGuide.service.RewardsService - Begin Tracker. #3.1.2 Tracking USER internalUser25
10:15:46.064 [Test worker] DEBUG tourGuide.service.RewardsService - Begin Tracker. #3.1.1 Tracking USER internalUser25 latitutde -42.15641817223306 longitude 18.36665158291251
10:15:46.065 [Test worker] DEBUG tourGuide.service.RewardsService - Begin Tracker. #3.1.2 Tracking USER internalUser25
10:15:46.067 [Test worker] DEBUG tourGuide.service.RewardsService - Begin Tracker. #3.1.1 Tracking USER internalUser25 latitutde -2.229398 longitude -70.335382
10:15:46.067 [Test worker] DEBUG tourGuide.service.RewardsService - Begin Tracker. #3.1.2 Tracking USER internalUser25
10:15:46.067 [Test worker] DEBUG tourGuide.service.RewardsService - Begin Tracker. #3.2 Tracking USER internalUser25
10:15:46.067 [Test worker] DEBUG tourGuide.service.TourGuideService - Begin Tracker. #4 Tracking USER internalUser25
10:15:46.088 [pool-1-thread-1] DEBUG tourGuide.service.TourGuideService - Begin Tracker. #1 Tracking USER internalUser28
10:15:46.088 [pool-1-thread-1] DEBUG tourGuide.service.TourGuideService - Begin Tracker. #2 Tracking USER internalUser28 latitutde 3.690203 longitude -5.539124
10:15:46.099 [pool-1-thread-1] DEBUG tourGuide.service.RewardsService - Begin Tracker. #3.1.0 Tracking USER internalUser28
10:15:46.099 [pool-1-thread-1] DEBUG tourGuide.service.RewardsService - Begin Tracker. #3.1.1 Tracking USER internalUser28 latitutde 45.480276063971104 longitude -84.0195126529524
10:15:46.099 [pool-1-thread-1] DEBUG tourGuide.service.RewardsService - Begin Tracker. #3.1.2 Tracking USER internalUser28
10:15:46.099 [pool-1-thread-1] DEBUG tourGuide.service.RewardsService - Begin Tracker. #3.1.1 Tracking USER internalUser28 latitutde 79.48075972415424 longitude -177.90043560149718
10:15:46.099 [pool-1-thread-1] DEBUG tourGuide.service.RewardsService - Begin Tracker. #3.1.2 Tracking USER internalUser28
10:15:46.099 [pool-1-thread-1] DEBUG tourGuide.service.RewardsService - Begin Tracker. #3.1.1 Tracking USER internalUser28 latitutde 6.824203941412904 longitude 89.49035504732086
10:15:46.099 [pool-1-thread-1] DEBUG tourGuide.service.RewardsService - Begin Tracker. #3.1.2 Tracking USER internalUser28
10:15:46.099 [pool-1-thread-1] DEBUG tourGuide.service.RewardsService - Begin Tracker. #3.1.1 Tracking USER internalUser28 latitutde -65.839201 longitude -46.47824
10:15:46.100 [pool-1-thread-1] DEBUG tourGuide.service.RewardsService - Begin Tracker. #3.1.2 Tracking USER internalUser28
10:15:46.100 [pool-1-thread-1] DEBUG tourGuide.service.RewardsService - Begin Tracker. #3.1.1 Tracking USER internalUser28 latitutde 3.690203 longitude -5.539124
10:15:46.100 [pool-1-thread-1] DEBUG tourGuide.service.RewardsService - Begin Tracker. #3.1.2 Tracking USER internalUser28
10:15:46.100 [pool-1-thread-1] DEBUG tourGuide.service.RewardsService - Begin Tracker. #3.2 Tracking USER internalUser28
10:15:46.100 [pool-1-thread-1] DEBUG tourGuide.service.TourGuideService - Begin Tracker. #4 Tracking USER internalUser28
10:15:46.121 [Test worker] DEBUG tourGuide.service.TourGuideService - Begin Tracker. #1 Tracking USER internalUser24
10:15:46.121 [Test worker] DEBUG tourGuide.service.TourGuideService - Begin Tracker. #2 Tracking USER internalUser24 latitutde -46.528974 longitude 124.576169
10:15:46.131 [Test worker] DEBUG tourGuide.service.RewardsService - Begin Tracker. #3.1.0 Tracking USER internalUser24
10:15:46.131 [Test worker] DEBUG tourGuide.service.RewardsService - Begin Tracker. #3.1.1 Tracking USER internalUser24 latitutde 17.87965853114717 longitude -46.1538345383228
10:15:46.131 [Test worker] DEBUG tourGuide.service.RewardsService - Begin Tracker. #3.1.2 Tracking USER internalUser24
10:15:46.131 [Test worker] DEBUG tourGuide.service.RewardsService - Begin Tracker. #3.1.1 Tracking USER internalUser24 latitutde -29.196700035875786 longitude 172.9596300316931
10:15:46.131 [Test worker] DEBUG tourGuide.service.RewardsService - Begin Tracker. #3.1.2 Tracking USER internalUser24
10:15:46.131 [Test worker] DEBUG tourGuide.service.RewardsService - Begin Tracker. #3.1.1 Tracking USER internalUser24 latitutde 21.910568573722117 longitude 158.0937633117053
10:15:46.131 [Test worker] DEBUG tourGuide.service.RewardsService - Begin Tracker. #3.1.2 Tracking USER internalUser24
10:15:46.131 [Test worker] DEBUG tourGuide.service.RewardsService - Begin Tracker. #3.1.1 Tracking USER internalUser24 latitutde -46.528974 longitude 124.576169
10:15:46.131 [Test worker] DEBUG tourGuide.service.RewardsService - Begin Tracker. #3.1.2 Tracking USER internalUser24
10:15:46.131 [Test worker] DEBUG tourGuide.service.RewardsService - Begin Tracker. #3.2 Tracking USER internalUser24
10:15:46.131 [Test worker] DEBUG tourGuide.service.TourGuideService - Begin Tracker. #4 Tracking USER internalUser24
10:15:46.159 [pool-1-thread-1] DEBUG tourGuide.service.TourGuideService - Begin Tracker. #1 Tracking USER internalUser23
10:15:46.159 [pool-1-thread-1] DEBUG tourGuide.service.TourGuideService - Begin Tracker. #2 Tracking USER internalUser23 latitutde -17.18927 longitude 41.608144
10:15:46.169 [pool-1-thread-1] DEBUG tourGuide.service.RewardsService - Begin Tracker. #3.1.0 Tracking USER internalUser23
10:15:46.169 [pool-1-thread-1] DEBUG tourGuide.service.RewardsService - Begin Tracker. #3.1.1 Tracking USER internalUser23 latitutde -51.76738382823323 longitude 137.66244313978808
10:15:46.169 [pool-1-thread-1] DEBUG tourGuide.service.RewardsService - Begin Tracker. #3.1.2 Tracking USER internalUser23
10:15:46.169 [pool-1-thread-1] DEBUG tourGuide.service.RewardsService - Begin Tracker. #3.1.1 Tracking USER internalUser23 latitutde 14.748220689072582 longitude -140.0107754820111
10:15:46.169 [pool-1-thread-1] DEBUG tourGuide.service.RewardsService - Begin Tracker. #3.1.2 Tracking USER internalUser23
10:15:46.169 [pool-1-thread-1] DEBUG tourGuide.service.RewardsService - Begin Tracker. #3.1.1 Tracking USER internalUser23 latitutde 68.88475168810768 longitude -108.8791106834029
10:15:46.169 [pool-1-thread-1] DEBUG tourGuide.service.RewardsService - Begin Tracker. #3.1.2 Tracking USER internalUser23
10:15:46.169 [pool-1-thread-1] DEBUG tourGuide.service.RewardsService - Begin Tracker. #3.1.1 Tracking USER internalUser23 latitutde 69.033229 longitude 88.223658
10:15:46.169 [pool-1-thread-1] DEBUG tourGuide.service.RewardsService - Begin Tracker. #3.1.2 Tracking USER internalUser23
10:15:46.169 [pool-1-thread-1] DEBUG tourGuide.service.RewardsService - Begin Tracker. #3.1.1 Tracking USER internalUser23 latitutde -17.18927 longitude 41.608144
10:15:46.170 [pool-1-thread-1] DEBUG tourGuide.service.RewardsService - Begin Tracker. #3.1.2 Tracking USER internalUser23
10:15:46.170 [pool-1-thread-1] DEBUG tourGuide.service.RewardsService - Begin Tracker. #3.2 Tracking USER internalUser23
10:15:46.170 [pool-1-thread-1] DEBUG tourGuide.service.TourGuideService - Begin Tracker. #4 Tracking USER internalUser23
10:15:46.198 [Test worker] DEBUG tourGuide.service.TourGuideService - Begin Tracker. #1 Tracking USER internalUser21
10:15:46.199 [Test worker] DEBUG tourGuide.service.TourGuideService - Begin Tracker. #2 Tracking USER internalUser21 latitutde 38.828541 longitude 132.701791
10:15:46.209 [Test worker] DEBUG tourGuide.service.RewardsService - Begin Tracker. #3.1.0 Tracking USER internalUser21
10:15:46.209 [Test worker] DEBUG tourGuide.service.RewardsService - Begin Tracker. #3.1.1 Tracking USER internalUser21 latitutde -46.49961515068621 longitude -52.55918602226076
10:15:46.209 [Test worker] DEBUG tourGuide.service.RewardsService - Begin Tracker. #3.1.2 Tracking USER internalUser21
10:15:46.209 [Test worker] DEBUG tourGuide.service.RewardsService - Begin Tracker. #3.1.1 Tracking USER internalUser21 latitutde -34.43197468721122 longitude -28.324150281304583
10:15:46.209 [Test worker] DEBUG tourGuide.service.RewardsService - Begin Tracker. #3.1.2 Tracking USER internalUser21
10:15:46.212 [Test worker] DEBUG tourGuide.service.RewardsService - Begin Tracker. #3.1.1 Tracking USER internalUser21 latitutde -54.832708231292784 longitude 59.99375320505459
10:15:46.212 [Test worker] DEBUG tourGuide.service.RewardsService - Begin Tracker. #3.1.2 Tracking USER internalUser21
10:15:46.212 [Test worker] DEBUG tourGuide.service.RewardsService - Begin Tracker. #3.1.1 Tracking USER internalUser21 latitutde 38.828541 longitude 132.701791
10:15:46.212 [Test worker] DEBUG tourGuide.service.RewardsService - Begin Tracker. #3.1.2 Tracking USER internalUser21
10:15:46.213 [Test worker] DEBUG tourGuide.service.RewardsService - Begin Tracker. #3.2 Tracking USER internalUser21
10:15:46.213 [Test worker] DEBUG tourGuide.service.TourGuideService - Begin Tracker. #4 Tracking USER internalUser21
10:15:46.267 [pool-1-thread-1] DEBUG tourGuide.service.TourGuideService - Begin Tracker. #1 Tracking USER internalUser22
10:15:46.267 [pool-1-thread-1] DEBUG tourGuide.service.TourGuideService - Begin Tracker. #2 Tracking USER internalUser22 latitutde 62.213213 longitude -6.69769
10:15:46.277 [pool-1-thread-1] DEBUG tourGuide.service.RewardsService - Begin Tracker. #3.1.0 Tracking USER internalUser22
10:15:46.277 [pool-1-thread-1] DEBUG tourGuide.service.RewardsService - Begin Tracker. #3.1.1 Tracking USER internalUser22 latitutde 14.804886609141747 longitude -90.5712212132047
10:15:46.277 [pool-1-thread-1] DEBUG tourGuide.service.RewardsService - Begin Tracker. #3.1.2 Tracking USER internalUser22
10:15:46.277 [pool-1-thread-1] DEBUG tourGuide.service.RewardsService - Begin Tracker. #3.1.1 Tracking USER internalUser22 latitutde 53.70761814150072 longitude -139.4718734844093
10:15:46.277 [pool-1-thread-1] DEBUG tourGuide.service.RewardsService - Begin Tracker. #3.1.2 Tracking USER internalUser22
10:15:46.278 [pool-1-thread-1] DEBUG tourGuide.service.RewardsService - Begin Tracker. #3.1.1 Tracking USER internalUser22 latitutde -65.21940119524777 longitude -11.089891648830758
10:15:46.278 [pool-1-thread-1] DEBUG tourGuide.service.RewardsService - Begin Tracker. #3.1.2 Tracking USER internalUser22
10:15:46.278 [pool-1-thread-1] DEBUG tourGuide.service.RewardsService - Begin Tracker. #3.1.1 Tracking USER internalUser22 latitutde -1.384093 longitude -41.948515
10:15:46.280 [pool-1-thread-1] DEBUG tourGuide.service.RewardsService - Begin Tracker. #3.1.2 Tracking USER internalUser22
10:15:46.280 [pool-1-thread-1] DEBUG tourGuide.service.RewardsService - Begin Tracker. #3.1.1 Tracking USER internalUser22 latitutde 62.213213 longitude -6.69769
10:15:46.280 [pool-1-thread-1] DEBUG tourGuide.service.RewardsService - Begin Tracker. #3.1.2 Tracking USER internalUser22
10:15:46.280 [pool-1-thread-1] DEBUG tourGuide.service.RewardsService - Begin Tracker. #3.2 Tracking USER internalUser22
10:15:46.281 [pool-1-thread-1] DEBUG tourGuide.service.TourGuideService - Begin Tracker. #4 Tracking USER internalUser22
10:15:46.288 [Test worker] DEBUG tourGuide.service.TourGuideService - Begin Tracker. #1 Tracking USER internalUser20
10:15:46.288 [Test worker] DEBUG tourGuide.service.TourGuideService - Begin Tracker. #2 Tracking USER internalUser20 latitutde -32.481729 longitude 57.164425
10:15:46.299 [Test worker] DEBUG tourGuide.service.RewardsService - Begin Tracker. #3.1.0 Tracking USER internalUser20
10:15:46.299 [Test worker] DEBUG tourGuide.service.RewardsService - Begin Tracker. #3.1.1 Tracking USER internalUser20 latitutde -71.09399444012952 longitude -100.54739889921649
10:15:46.299 [Test worker] DEBUG tourGuide.service.RewardsService - Begin Tracker. #3.1.2 Tracking USER internalUser20
10:15:46.299 [Test worker] DEBUG tourGuide.service.RewardsService - Begin Tracker. #3.1.1 Tracking USER internalUser20 latitutde 52.33619948260679 longitude 31.211668217255607
10:15:46.299 [Test worker] DEBUG tourGuide.service.RewardsService - Begin Tracker. #3.1.2 Tracking USER internalUser20
10:15:46.299 [Test worker] DEBUG tourGuide.service.RewardsService - Begin Tracker. #3.1.1 Tracking USER internalUser20 latitutde -51.764671840753685 longitude -127.19490191442141
10:15:46.299 [Test worker] DEBUG tourGuide.service.RewardsService - Begin Tracker. #3.1.2 Tracking USER internalUser20
10:15:46.299 [Test worker] DEBUG tourGuide.service.RewardsService - Begin Tracker. #3.1.1 Tracking USER internalUser20 latitutde -32.481729 longitude 57.164425
10:15:46.299 [Test worker] DEBUG tourGuide.service.RewardsService - Begin Tracker. #3.1.2 Tracking USER internalUser20
10:15:46.299 [Test worker] DEBUG tourGuide.service.RewardsService - Begin Tracker. #3.2 Tracking USER internalUser20
10:15:46.299 [Test worker] DEBUG tourGuide.service.TourGuideService - Begin Tracker. #4 Tracking USER internalUser20
10:15:46.337 [pool-1-thread-1] DEBUG tourGuide.service.TourGuideService - Begin Tracker. #1 Tracking USER internalUser25
10:15:46.337 [pool-1-thread-1] DEBUG tourGuide.service.TourGuideService - Begin Tracker. #2 Tracking USER internalUser25 latitutde -45.108866 longitude 80.585691
10:15:46.348 [pool-1-thread-1] DEBUG tourGuide.service.RewardsService - Begin Tracker. #3.1.0 Tracking USER internalUser25
10:15:46.348 [pool-1-thread-1] DEBUG tourGuide.service.RewardsService - Begin Tracker. #3.1.1 Tracking USER internalUser25 latitutde 60.55402032355721 longitude 14.19872944529277
10:15:46.348 [pool-1-thread-1] DEBUG tourGuide.service.RewardsService - Begin Tracker. #3.1.2 Tracking USER internalUser25
10:15:46.348 [pool-1-thread-1] DEBUG tourGuide.service.RewardsService - Begin Tracker. #3.1.1 Tracking USER internalUser25 latitutde 18.68032153153095 longitude -89.72327990907246
10:15:46.349 [pool-1-thread-1] DEBUG tourGuide.service.RewardsService - Begin Tracker. #3.1.2 Tracking USER internalUser25
10:15:46.349 [pool-1-thread-1] DEBUG tourGuide.service.RewardsService - Begin Tracker. #3.1.1 Tracking USER internalUser25 latitutde -42.15641817223306 longitude 18.36665158291251
10:15:46.349 [pool-1-thread-1] DEBUG tourGuide.service.RewardsService - Begin Tracker. #3.1.2 Tracking USER internalUser25
10:15:46.349 [pool-1-thread-1] DEBUG tourGuide.service.RewardsService - Begin Tracker. #3.1.1 Tracking USER internalUser25 latitutde -2.229398 longitude -70.335382
10:15:46.350 [pool-1-thread-1] DEBUG tourGuide.service.RewardsService - Begin Tracker. #3.1.2 Tracking USER internalUser25
10:15:46.350 [pool-1-thread-1] DEBUG tourGuide.service.RewardsService - Begin Tracker. #3.1.1 Tracking USER internalUser25 latitutde -45.108866 longitude 80.585691
10:15:46.350 [pool-1-thread-1] DEBUG tourGuide.service.RewardsService - Begin Tracker. #3.1.2 Tracking USER internalUser25
10:15:46.350 [pool-1-thread-1] DEBUG tourGuide.service.RewardsService - Begin Tracker. #3.2 Tracking USER internalUser25
10:15:46.351 [pool-1-thread-1] DEBUG tourGuide.service.TourGuideService - Begin Tracker. #4 Tracking USER internalUser25
10:15:46.399 [Test worker] DEBUG tourGuide.service.TourGuideService - Begin Tracker. #1 Tracking USER internalUser38
10:15:46.400 [Test worker] DEBUG tourGuide.service.TourGuideService - Begin Tracker. #2 Tracking USER internalUser38 latitutde -46.226473 longitude 29.33697
10:15:46.418 [Test worker] DEBUG tourGuide.service.RewardsService - Begin Tracker. #3.1.0 Tracking USER internalUser38
10:15:46.418 [Test worker] DEBUG tourGuide.service.RewardsService - Begin Tracker. #3.1.1 Tracking USER internalUser38 latitutde -31.65248310502507 longitude 150.7866861359513
10:15:46.418 [Test worker] DEBUG tourGuide.service.RewardsService - Begin Tracker. #3.1.2 Tracking USER internalUser38
10:15:46.418 [Test worker] DEBUG tourGuide.service.RewardsService - Begin Tracker. #3.1.1 Tracking USER internalUser38 latitutde 81.95417973376121 longitude 117.7062667631559
10:15:46.418 [Test worker] DEBUG tourGuide.service.RewardsService - Begin Tracker. #3.1.2 Tracking USER internalUser38
10:15:46.418 [Test worker] DEBUG tourGuide.service.RewardsService - Begin Tracker. #3.1.1 Tracking USER internalUser38 latitutde 73.64139415020651 longitude 21.351937741992003
10:15:46.418 [Test worker] DEBUG tourGuide.service.RewardsService - Begin Tracker. #3.1.2 Tracking USER internalUser38
10:15:46.419 [Test worker] DEBUG tourGuide.service.RewardsService - Begin Tracker. #3.1.1 Tracking USER internalUser38 latitutde -46.226473 longitude 29.33697
10:15:46.419 [Test worker] DEBUG tourGuide.service.RewardsService - Begin Tracker. #3.1.2 Tracking USER internalUser38
10:15:46.419 [Test worker] DEBUG tourGuide.service.RewardsService - Begin Tracker. #3.2 Tracking USER internalUser38
10:15:46.419 [Test worker] DEBUG tourGuide.service.TourGuideService - Begin Tracker. #4 Tracking USER internalUser38
10:15:46.421 [pool-1-thread-1] DEBUG tourGuide.service.TourGuideService - Begin Tracker. #1 Tracking USER internalUser24
10:15:46.421 [pool-1-thread-1] DEBUG tourGuide.service.TourGuideService - Begin Tracker. #2 Tracking USER internalUser24 latitutde 60.066515 longitude 77.885537
10:15:46.432 [pool-1-thread-1] DEBUG tourGuide.service.RewardsService - Begin Tracker. #3.1.0 Tracking USER internalUser24
10:15:46.432 [pool-1-thread-1] DEBUG tourGuide.service.RewardsService - Begin Tracker. #3.1.1 Tracking USER internalUser24 latitutde 17.87965853114717 longitude -46.1538345383228
10:15:46.432 [pool-1-thread-1] DEBUG tourGuide.service.RewardsService - Begin Tracker. #3.1.2 Tracking USER internalUser24
10:15:46.432 [pool-1-thread-1] DEBUG tourGuide.service.RewardsService - Begin Tracker. #3.1.1 Tracking USER internalUser24 latitutde -29.196700035875786 longitude 172.9596300316931
10:15:46.432 [pool-1-thread-1] DEBUG tourGuide.service.RewardsService - Begin Tracker. #3.1.2 Tracking USER internalUser24
10:15:46.433 [pool-1-thread-1] DEBUG tourGuide.service.RewardsService - Begin Tracker. #3.1.1 Tracking USER internalUser24 latitutde 21.910568573722117 longitude 158.0937633117053
10:15:46.433 [pool-1-thread-1] DEBUG tourGuide.service.RewardsService - Begin Tracker. #3.1.2 Tracking USER internalUser24
10:15:46.433 [pool-1-thread-1] DEBUG tourGuide.service.RewardsService - Begin Tracker. #3.1.1 Tracking USER internalUser24 latitutde -46.528974 longitude 124.576169
10:15:46.433 [pool-1-thread-1] DEBUG tourGuide.service.RewardsService - Begin Tracker. #3.1.2 Tracking USER internalUser24
10:15:46.433 [pool-1-thread-1] DEBUG tourGuide.service.RewardsService - Begin Tracker. #3.1.1 Tracking USER internalUser24 latitutde 60.066515 longitude 77.885537
10:15:46.434 [pool-1-thread-1] DEBUG tourGuide.service.RewardsService - Begin Tracker. #3.1.2 Tracking USER internalUser24
10:15:46.434 [pool-1-thread-1] DEBUG tourGuide.service.RewardsService - Begin Tracker. #3.2 Tracking USER internalUser24
10:15:46.434 [pool-1-thread-1] DEBUG tourGuide.service.TourGuideService - Begin Tracker. #4 Tracking USER internalUser24
10:15:46.468 [Test worker] DEBUG tourGuide.service.TourGuideService - Begin Tracker. #1 Tracking USER internalUser37
10:15:46.469 [Test worker] DEBUG tourGuide.service.TourGuideService - Begin Tracker. #2 Tracking USER internalUser37 latitutde -70.079147 longitude 5.116826
10:15:46.481 [Test worker] DEBUG tourGuide.service.RewardsService - Begin Tracker. #3.1.0 Tracking USER internalUser37
10:15:46.481 [Test worker] DEBUG tourGuide.service.RewardsService - Begin Tracker. #3.1.1 Tracking USER internalUser37 latitutde 32.919262982112244 longitude 163.54454573800132
10:15:46.481 [Test worker] DEBUG tourGuide.service.RewardsService - Begin Tracker. #3.1.2 Tracking USER internalUser37
10:15:46.481 [Test worker] DEBUG tourGuide.service.RewardsService - Begin Tracker. #3.1.1 Tracking USER internalUser37 latitutde 48.59938731933943 longitude -65.08399757357414
10:15:46.481 [Test worker] DEBUG tourGuide.service.RewardsService - Begin Tracker. #3.1.2 Tracking USER internalUser37
10:15:46.481 [Test worker] DEBUG tourGuide.service.RewardsService - Begin Tracker. #3.1.1 Tracking USER internalUser37 latitutde -22.076618730116707 longitude 175.99172876576296
10:15:46.481 [Test worker] DEBUG tourGuide.service.RewardsService - Begin Tracker. #3.1.2 Tracking USER internalUser37
10:15:46.481 [Test worker] DEBUG tourGuide.service.RewardsService - Begin Tracker. #3.1.1 Tracking USER internalUser37 latitutde -70.079147 longitude 5.116826
10:15:46.481 [Test worker] DEBUG tourGuide.service.RewardsService - Begin Tracker. #3.1.2 Tracking USER internalUser37
10:15:46.481 [Test worker] DEBUG tourGuide.service.RewardsService - Begin Tracker. #3.2 Tracking USER internalUser37
10:15:46.482 [Test worker] DEBUG tourGuide.service.TourGuideService - Begin Tracker. #4 Tracking USER internalUser37
10:15:46.523 [pool-1-thread-1] DEBUG tourGuide.service.TourGuideService - Begin Tracker. #1 Tracking USER internalUser21
10:15:46.523 [pool-1-thread-1] DEBUG tourGuide.service.TourGuideService - Begin Tracker. #2 Tracking USER internalUser21 latitutde 30.047101 longitude 148.183176
10:15:46.526 [Test worker] DEBUG tourGuide.service.TourGuideService - Begin Tracker. #1 Tracking USER internalUser39
10:15:46.526 [Test worker] DEBUG tourGuide.service.TourGuideService - Begin Tracker. #2 Tracking USER internalUser39 latitutde 55.325254 longitude -73.249713
10:15:46.533 [pool-1-thread-1] DEBUG tourGuide.service.RewardsService - Begin Tracker. #3.1.0 Tracking USER internalUser21
10:15:46.533 [pool-1-thread-1] DEBUG tourGuide.service.RewardsService - Begin Tracker. #3.1.1 Tracking USER internalUser21 latitutde -46.49961515068621 longitude -52.55918602226076
10:15:46.533 [pool-1-thread-1] DEBUG tourGuide.service.RewardsService - Begin Tracker. #3.1.2 Tracking USER internalUser21
10:15:46.533 [pool-1-thread-1] DEBUG tourGuide.service.RewardsService - Begin Tracker. #3.1.1 Tracking USER internalUser21 latitutde -34.43197468721122 longitude -28.324150281304583
10:15:46.534 [pool-1-thread-1] DEBUG tourGuide.service.RewardsService - Begin Tracker. #3.1.2 Tracking USER internalUser21
10:15:46.534 [pool-1-thread-1] DEBUG tourGuide.service.RewardsService - Begin Tracker. #3.1.1 Tracking USER internalUser21 latitutde -54.832708231292784 longitude 59.99375320505459
10:15:46.534 [pool-1-thread-1] DEBUG tourGuide.service.RewardsService - Begin Tracker. #3.1.2 Tracking USER internalUser21
10:15:46.534 [pool-1-thread-1] DEBUG tourGuide.service.RewardsService - Begin Tracker. #3.1.1 Tracking USER internalUser21 latitutde 38.828541 longitude 132.701791
10:15:46.534 [pool-1-thread-1] DEBUG tourGuide.service.RewardsService - Begin Tracker. #3.1.2 Tracking USER internalUser21
10:15:46.534 [pool-1-thread-1] DEBUG tourGuide.service.RewardsService - Begin Tracker. #3.1.1 Tracking USER internalUser21 latitutde 30.047101 longitude 148.183176
10:15:46.534 [pool-1-thread-1] DEBUG tourGuide.service.RewardsService - Begin Tracker. #3.1.2 Tracking USER internalUser21
10:15:46.534 [pool-1-thread-1] DEBUG tourGuide.service.RewardsService - Begin Tracker. #3.2 Tracking USER internalUser21
10:15:46.534 [pool-1-thread-1] DEBUG tourGuide.service.TourGuideService - Begin Tracker. #4 Tracking USER internalUser21
10:15:46.540 [Test worker] DEBUG tourGuide.service.RewardsService - Begin Tracker. #3.1.0 Tracking USER internalUser39
10:15:46.540 [Test worker] DEBUG tourGuide.service.RewardsService - Begin Tracker. #3.1.1 Tracking USER internalUser39 latitutde 1.6295474656977973 longitude 175.80039722797977
10:15:46.540 [Test worker] DEBUG tourGuide.service.RewardsService - Begin Tracker. #3.1.2 Tracking USER internalUser39
10:15:46.540 [Test worker] DEBUG tourGuide.service.RewardsService - Begin Tracker. #3.1.1 Tracking USER internalUser39 latitutde 23.999977893035748 longitude 178.42967549447826
10:15:46.540 [Test worker] DEBUG tourGuide.service.RewardsService - Begin Tracker. #3.1.2 Tracking USER internalUser39
10:15:46.540 [Test worker] DEBUG tourGuide.service.RewardsService - Begin Tracker. #3.1.1 Tracking USER internalUser39 latitutde -80.64630586331903 longitude -129.39675255587673
10:15:46.540 [Test worker] DEBUG tourGuide.service.RewardsService - Begin Tracker. #3.1.2 Tracking USER internalUser39
10:15:46.541 [Test worker] DEBUG tourGuide.service.RewardsService - Begin Tracker. #3.1.1 Tracking USER internalUser39 latitutde 55.325254 longitude -73.249713
10:15:46.542 [Test worker] DEBUG tourGuide.service.RewardsService - Begin Tracker. #3.1.2 Tracking USER internalUser39
10:15:46.542 [Test worker] DEBUG tourGuide.service.RewardsService - Begin Tracker. #3.2 Tracking USER internalUser39
10:15:46.542 [Test worker] DEBUG tourGuide.service.TourGuideService - Begin Tracker. #4 Tracking USER internalUser39
10:15:46.574 [Test worker] DEBUG tourGuide.service.TourGuideService - Begin Tracker. #1 Tracking USER internalUser34
10:15:46.574 [Test worker] DEBUG tourGuide.service.TourGuideService - Begin Tracker. #2 Tracking USER internalUser34 latitutde 25.784651 longitude 158.319644
10:15:46.585 [Test worker] DEBUG tourGuide.service.RewardsService - Begin Tracker. #3.1.0 Tracking USER internalUser34
10:15:46.585 [Test worker] DEBUG tourGuide.service.RewardsService - Begin Tracker. #3.1.1 Tracking USER internalUser34 latitutde 9.506391755524561 longitude -112.54585290382366
10:15:46.585 [Test worker] DEBUG tourGuide.service.RewardsService - Begin Tracker. #3.1.2 Tracking USER internalUser34
10:15:46.585 [Test worker] DEBUG tourGuide.service.RewardsService - Begin Tracker. #3.1.1 Tracking USER internalUser34 latitutde -16.66882613569983 longitude -138.60268236199076
10:15:46.585 [Test worker] DEBUG tourGuide.service.RewardsService - Begin Tracker. #3.1.2 Tracking USER internalUser34
10:15:46.585 [Test worker] DEBUG tourGuide.service.RewardsService - Begin Tracker. #3.1.1 Tracking USER internalUser34 latitutde 62.57030116579401 longitude 20.552729585141492
10:15:46.585 [Test worker] DEBUG tourGuide.service.RewardsService - Begin Tracker. #3.1.2 Tracking USER internalUser34
10:15:46.585 [Test worker] DEBUG tourGuide.service.RewardsService - Begin Tracker. #3.1.1 Tracking USER internalUser34 latitutde 25.784651 longitude 158.319644
10:15:46.585 [Test worker] DEBUG tourGuide.service.RewardsService - Begin Tracker. #3.1.2 Tracking USER internalUser34
10:15:46.585 [Test worker] DEBUG tourGuide.service.RewardsService - Begin Tracker. #3.2 Tracking USER internalUser34
10:15:46.585 [Test worker] DEBUG tourGuide.service.TourGuideService - Begin Tracker. #4 Tracking USER internalUser34
10:15:46.612 [pool-1-thread-1] DEBUG tourGuide.service.TourGuideService - Begin Tracker. #1 Tracking USER internalUser20
10:15:46.612 [pool-1-thread-1] DEBUG tourGuide.service.TourGuideService - Begin Tracker. #2 Tracking USER internalUser20 latitutde 63.013569 longitude 103.307065
10:15:46.624 [pool-1-thread-1] DEBUG tourGuide.service.RewardsService - Begin Tracker. #3.1.0 Tracking USER internalUser20
10:15:46.624 [pool-1-thread-1] DEBUG tourGuide.service.RewardsService - Begin Tracker. #3.1.1 Tracking USER internalUser20 latitutde -71.09399444012952 longitude -100.54739889921649
10:15:46.624 [pool-1-thread-1] DEBUG tourGuide.service.RewardsService - Begin Tracker. #3.1.2 Tracking USER internalUser20
10:15:46.624 [pool-1-thread-1] DEBUG tourGuide.service.RewardsService - Begin Tracker. #3.1.1 Tracking USER internalUser20 latitutde 52.33619948260679 longitude 31.211668217255607
10:15:46.624 [pool-1-thread-1] DEBUG tourGuide.service.RewardsService - Begin Tracker. #3.1.2 Tracking USER internalUser20
10:15:46.624 [pool-1-thread-1] DEBUG tourGuide.service.RewardsService - Begin Tracker. #3.1.1 Tracking USER internalUser20 latitutde -51.764671840753685 longitude -127.19490191442141
10:15:46.624 [pool-1-thread-1] DEBUG tourGuide.service.RewardsService - Begin Tracker. #3.1.2 Tracking USER internalUser20
10:15:46.624 [pool-1-thread-1] DEBUG tourGuide.service.RewardsService - Begin Tracker. #3.1.1 Tracking USER internalUser20 latitutde -32.481729 longitude 57.164425
10:15:46.624 [pool-1-thread-1] DEBUG tourGuide.service.RewardsService - Begin Tracker. #3.1.2 Tracking USER internalUser20
10:15:46.625 [pool-1-thread-1] DEBUG tourGuide.service.RewardsService - Begin Tracker. #3.1.1 Tracking USER internalUser20 latitutde 63.013569 longitude 103.307065
10:15:46.625 [pool-1-thread-1] DEBUG tourGuide.service.RewardsService - Begin Tracker. #3.1.2 Tracking USER internalUser20
10:15:46.625 [pool-1-thread-1] DEBUG tourGuide.service.RewardsService - Begin Tracker. #3.2 Tracking USER internalUser20
10:15:46.625 [pool-1-thread-1] DEBUG tourGuide.service.TourGuideService - Begin Tracker. #4 Tracking USER internalUser20
10:15:46.672 [Test worker] DEBUG tourGuide.service.TourGuideService - Begin Tracker. #1 Tracking USER internalUser33
10:15:46.672 [Test worker] DEBUG tourGuide.service.TourGuideService - Begin Tracker. #2 Tracking USER internalUser33 latitutde -15.323092 longitude 18.135257
10:15:46.684 [Test worker] DEBUG tourGuide.service.RewardsService - Begin Tracker. #3.1.0 Tracking USER internalUser33
10:15:46.684 [Test worker] DEBUG tourGuide.service.RewardsService - Begin Tracker. #3.1.1 Tracking USER internalUser33 latitutde -61.1565469294556 longitude -51.35628002703612
10:15:46.684 [Test worker] DEBUG tourGuide.service.RewardsService - Begin Tracker. #3.1.2 Tracking USER internalUser33
10:15:46.684 [Test worker] DEBUG tourGuide.service.RewardsService - Begin Tracker. #3.1.1 Tracking USER internalUser33 latitutde -64.93330360246414 longitude -6.6176265872167335
10:15:46.684 [Test worker] DEBUG tourGuide.service.RewardsService - Begin Tracker. #3.1.2 Tracking USER internalUser33
10:15:46.684 [Test worker] DEBUG tourGuide.service.RewardsService - Begin Tracker. #3.1.1 Tracking USER internalUser33 latitutde 9.91209575741128 longitude -133.39545718976524
10:15:46.684 [Test worker] DEBUG tourGuide.service.RewardsService - Begin Tracker. #3.1.2 Tracking USER internalUser33
10:15:46.684 [Test worker] DEBUG tourGuide.service.RewardsService - Begin Tracker. #3.1.1 Tracking USER internalUser33 latitutde -15.323092 longitude 18.135257
10:15:46.684 [Test worker] DEBUG tourGuide.service.RewardsService - Begin Tracker. #3.1.2 Tracking USER internalUser33
10:15:46.684 [Test worker] DEBUG tourGuide.service.RewardsService - Begin Tracker. #3.2 Tracking USER internalUser33
10:15:46.684 [Test worker] DEBUG tourGuide.service.TourGuideService - Begin Tracker. #4 Tracking USER internalUser33
10:15:46.689 [pool-1-thread-1] DEBUG tourGuide.service.TourGuideService - Begin Tracker. #1 Tracking USER internalUser38
10:15:46.690 [pool-1-thread-1] DEBUG tourGuide.service.TourGuideService - Begin Tracker. #2 Tracking USER internalUser38 latitutde 59.408783 longitude 26.943527
10:15:46.701 [pool-1-thread-1] DEBUG tourGuide.service.RewardsService - Begin Tracker. #3.1.0 Tracking USER internalUser38
10:15:46.701 [pool-1-thread-1] DEBUG tourGuide.service.RewardsService - Begin Tracker. #3.1.1 Tracking USER internalUser38 latitutde -31.65248310502507 longitude 150.7866861359513
10:15:46.701 [pool-1-thread-1] DEBUG tourGuide.service.RewardsService - Begin Tracker. #3.1.2 Tracking USER internalUser38
10:15:46.701 [pool-1-thread-1] DEBUG tourGuide.service.RewardsService - Begin Tracker. #3.1.1 Tracking USER internalUser38 latitutde 81.95417973376121 longitude 117.7062667631559
10:15:46.701 [pool-1-thread-1] DEBUG tourGuide.service.RewardsService - Begin Tracker. #3.1.2 Tracking USER internalUser38
10:15:46.701 [pool-1-thread-1] DEBUG tourGuide.service.RewardsService - Begin Tracker. #3.1.1 Tracking USER internalUser38 latitutde 73.64139415020651 longitude 21.351937741992003
10:15:46.701 [pool-1-thread-1] DEBUG tourGuide.service.RewardsService - Begin Tracker. #3.1.2 Tracking USER internalUser38
10:15:46.701 [pool-1-thread-1] DEBUG tourGuide.service.RewardsService - Begin Tracker. #3.1.1 Tracking USER internalUser38 latitutde -46.226473 longitude 29.33697
10:15:46.702 [pool-1-thread-1] DEBUG tourGuide.service.RewardsService - Begin Tracker. #3.1.2 Tracking USER internalUser38
10:15:46.702 [pool-1-thread-1] DEBUG tourGuide.service.RewardsService - Begin Tracker. #3.1.1 Tracking USER internalUser38 latitutde 59.408783 longitude 26.943527
10:15:46.702 [pool-1-thread-1] DEBUG tourGuide.service.RewardsService - Begin Tracker. #3.1.2 Tracking USER internalUser38
10:15:46.702 [pool-1-thread-1] DEBUG tourGuide.service.RewardsService - Begin Tracker. #3.2 Tracking USER internalUser38
10:15:46.702 [pool-1-thread-1] DEBUG tourGuide.service.TourGuideService - Begin Tracker. #4 Tracking USER internalUser38
10:15:46.731 [Test worker] DEBUG tourGuide.service.TourGuideService - Begin Tracker. #1 Tracking USER internalUser36
10:15:46.731 [Test worker] DEBUG tourGuide.service.TourGuideService - Begin Tracker. #2 Tracking USER internalUser36 latitutde 58.121401 longitude 82.176412
10:15:46.733 [pool-1-thread-1] DEBUG tourGuide.service.TourGuideService - Begin Tracker. #1 Tracking USER internalUser37
10:15:46.733 [pool-1-thread-1] DEBUG tourGuide.service.TourGuideService - Begin Tracker. #2 Tracking USER internalUser37 latitutde -36.649107 longitude 130.047173
10:15:46.747 [Test worker] DEBUG tourGuide.service.RewardsService - Begin Tracker. #3.1.0 Tracking USER internalUser36
10:15:46.747 [Test worker] DEBUG tourGuide.service.RewardsService - Begin Tracker. #3.1.1 Tracking USER internalUser36 latitutde -1.1490344030628137 longitude 140.5052046551051
10:15:46.747 [Test worker] DEBUG tourGuide.service.RewardsService - Begin Tracker. #3.1.2 Tracking USER internalUser36
10:15:46.747 [Test worker] DEBUG tourGuide.service.RewardsService - Begin Tracker. #3.1.1 Tracking USER internalUser36 latitutde -10.220296411531919 longitude 156.6272221341598
10:15:46.747 [Test worker] DEBUG tourGuide.service.RewardsService - Begin Tracker. #3.1.2 Tracking USER internalUser36
10:15:46.747 [Test worker] DEBUG tourGuide.service.RewardsService - Begin Tracker. #3.1.1 Tracking USER internalUser36 latitutde 80.03562181592406 longitude -82.59576816975166
10:15:46.747 [Test worker] DEBUG tourGuide.service.RewardsService - Begin Tracker. #3.1.2 Tracking USER internalUser36
10:15:46.747 [Test worker] DEBUG tourGuide.service.RewardsService - Begin Tracker. #3.1.1 Tracking USER internalUser36 latitutde 58.121401 longitude 82.176412
10:15:46.747 [Test worker] DEBUG tourGuide.service.RewardsService - Begin Tracker. #3.1.2 Tracking USER internalUser36
10:15:46.747 [Test worker] DEBUG tourGuide.service.RewardsService - Begin Tracker. #3.2 Tracking USER internalUser36
10:15:46.747 [Test worker] DEBUG tourGuide.service.TourGuideService - Begin Tracker. #4 Tracking USER internalUser36
10:15:46.783 [pool-1-thread-1] DEBUG tourGuide.service.RewardsService - Begin Tracker. #3.1.0 Tracking USER internalUser37
10:15:46.785 [pool-1-thread-1] DEBUG tourGuide.service.RewardsService - Begin Tracker. #3.1.1 Tracking USER internalUser37 latitutde 32.919262982112244 longitude 163.54454573800132
10:15:46.786 [pool-1-thread-1] DEBUG tourGuide.service.RewardsService - Begin Tracker. #3.1.2 Tracking USER internalUser37
10:15:46.788 [pool-1-thread-1] DEBUG tourGuide.service.RewardsService - Begin Tracker. #3.1.1 Tracking USER internalUser37 latitutde 48.59938731933943 longitude -65.08399757357414
10:15:46.789 [pool-1-thread-1] DEBUG tourGuide.service.RewardsService - Begin Tracker. #3.1.2 Tracking USER internalUser37
10:15:46.796 [pool-1-thread-1] DEBUG tourGuide.service.RewardsService - Begin Tracker. #3.1.1 Tracking USER internalUser37 latitutde -22.076618730116707 longitude 175.99172876576296
10:15:46.797 [pool-1-thread-1] DEBUG tourGuide.service.RewardsService - Begin Tracker. #3.1.2 Tracking USER internalUser37
10:15:46.797 [pool-1-thread-1] DEBUG tourGuide.service.RewardsService - Begin Tracker. #3.1.1 Tracking USER internalUser37 latitutde -70.079147 longitude 5.116826
10:15:46.797 [pool-1-thread-1] DEBUG tourGuide.service.RewardsService - Begin Tracker. #3.1.2 Tracking USER internalUser37
10:15:46.798 [pool-1-thread-1] DEBUG tourGuide.service.RewardsService - Begin Tracker. #3.1.1 Tracking USER internalUser37 latitutde -36.649107 longitude 130.047173
10:15:46.798 [pool-1-thread-1] DEBUG tourGuide.service.RewardsService - Begin Tracker. #3.1.2 Tracking USER internalUser37
10:15:46.798 [pool-1-thread-1] DEBUG tourGuide.service.RewardsService - Begin Tracker. #3.2 Tracking USER internalUser37
10:15:46.800 [pool-1-thread-1] DEBUG tourGuide.service.TourGuideService - Begin Tracker. #4 Tracking USER internalUser37
10:15:46.818 [Test worker] DEBUG tourGuide.service.TourGuideService - Begin Tracker. #1 Tracking USER internalUser35
10:15:46.819 [Test worker] DEBUG tourGuide.service.TourGuideService - Begin Tracker. #2 Tracking USER internalUser35 latitutde 52.97852 longitude 137.40654
10:15:46.830 [Test worker] DEBUG tourGuide.service.RewardsService - Begin Tracker. #3.1.0 Tracking USER internalUser35
10:15:46.830 [Test worker] DEBUG tourGuide.service.RewardsService - Begin Tracker. #3.1.1 Tracking USER internalUser35 latitutde -82.60687253544394 longitude 48.24762025939961
10:15:46.830 [Test worker] DEBUG tourGuide.service.RewardsService - Begin Tracker. #3.1.2 Tracking USER internalUser35
10:15:46.830 [Test worker] DEBUG tourGuide.service.RewardsService - Begin Tracker. #3.1.1 Tracking USER internalUser35 latitutde -77.95396783545591 longitude 127.72029593954568
10:15:46.830 [Test worker] DEBUG tourGuide.service.RewardsService - Begin Tracker. #3.1.2 Tracking USER internalUser35
10:15:46.830 [Test worker] DEBUG tourGuide.service.RewardsService - Begin Tracker. #3.1.1 Tracking USER internalUser35 latitutde 68.39604294249935 longitude -3.8724171606808966
10:15:46.830 [Test worker] DEBUG tourGuide.service.RewardsService - Begin Tracker. #3.1.2 Tracking USER internalUser35
10:15:46.830 [Test worker] DEBUG tourGuide.service.RewardsService - Begin Tracker. #3.1.1 Tracking USER internalUser35 latitutde 52.97852 longitude 137.40654
10:15:46.830 [Test worker] DEBUG tourGuide.service.RewardsService - Begin Tracker. #3.1.2 Tracking USER internalUser35
10:15:46.830 [Test worker] DEBUG tourGuide.service.RewardsService - Begin Tracker. #3.2 Tracking USER internalUser35
10:15:46.831 [Test worker] DEBUG tourGuide.service.TourGuideService - Begin Tracker. #4 Tracking USER internalUser35
10:15:46.853 [pool-1-thread-1] DEBUG tourGuide.service.TourGuideService - Begin Tracker. #1 Tracking USER internalUser39
10:15:46.853 [pool-1-thread-1] DEBUG tourGuide.service.TourGuideService - Begin Tracker. #2 Tracking USER internalUser39 latitutde -21.540822 longitude -115.526632
10:15:46.864 [pool-1-thread-1] DEBUG tourGuide.service.RewardsService - Begin Tracker. #3.1.0 Tracking USER internalUser39
10:15:46.864 [pool-1-thread-1] DEBUG tourGuide.service.RewardsService - Begin Tracker. #3.1.1 Tracking USER internalUser39 latitutde 1.6295474656977973 longitude 175.80039722797977
10:15:46.864 [pool-1-thread-1] DEBUG tourGuide.service.RewardsService - Begin Tracker. #3.1.2 Tracking USER internalUser39
10:15:46.864 [pool-1-thread-1] DEBUG tourGuide.service.RewardsService - Begin Tracker. #3.1.1 Tracking USER internalUser39 latitutde 23.999977893035748 longitude 178.42967549447826
10:15:46.864 [pool-1-thread-1] DEBUG tourGuide.service.RewardsService - Begin Tracker. #3.1.2 Tracking USER internalUser39
10:15:46.864 [pool-1-thread-1] DEBUG tourGuide.service.RewardsService - Begin Tracker. #3.1.1 Tracking USER internalUser39 latitutde -80.64630586331903 longitude -129.39675255587673
10:15:46.864 [pool-1-thread-1] DEBUG tourGuide.service.RewardsService - Begin Tracker. #3.1.2 Tracking USER internalUser39
10:15:46.864 [pool-1-thread-1] DEBUG tourGuide.service.RewardsService - Begin Tracker. #3.1.1 Tracking USER internalUser39 latitutde 55.325254 longitude -73.249713
10:15:46.864 [pool-1-thread-1] DEBUG tourGuide.service.RewardsService - Begin Tracker. #3.1.2 Tracking USER internalUser39
10:15:46.864 [pool-1-thread-1] DEBUG tourGuide.service.RewardsService - Begin Tracker. #3.1.1 Tracking USER internalUser39 latitutde -21.540822 longitude -115.526632
10:15:46.864 [pool-1-thread-1] DEBUG tourGuide.service.RewardsService - Begin Tracker. #3.1.2 Tracking USER internalUser39
10:15:46.864 [pool-1-thread-1] DEBUG tourGuide.service.RewardsService - Begin Tracker. #3.2 Tracking USER internalUser39
10:15:46.864 [pool-1-thread-1] DEBUG tourGuide.service.TourGuideService - Begin Tracker. #4 Tracking USER internalUser39
10:15:46.924 [Test worker] DEBUG tourGuide.service.TourGuideService - Begin Tracker. #1 Tracking USER internalUser30
10:15:46.924 [Test worker] DEBUG tourGuide.service.TourGuideService - Begin Tracker. #2 Tracking USER internalUser30 latitutde -53.921253 longitude -91.619219
10:15:46.935 [Test worker] DEBUG tourGuide.service.RewardsService - Begin Tracker. #3.1.0 Tracking USER internalUser30
10:15:46.935 [Test worker] DEBUG tourGuide.service.RewardsService - Begin Tracker. #3.1.1 Tracking USER internalUser30 latitutde -40.4184303207537 longitude 89.08501839473081
10:15:46.935 [Test worker] DEBUG tourGuide.service.RewardsService - Begin Tracker. #3.1.2 Tracking USER internalUser30
10:15:46.935 [Test worker] DEBUG tourGuide.service.RewardsService - Begin Tracker. #3.1.1 Tracking USER internalUser30 latitutde -23.096339026734114 longitude -165.21814927943063
10:15:46.935 [Test worker] DEBUG tourGuide.service.RewardsService - Begin Tracker. #3.1.2 Tracking USER internalUser30
10:15:46.935 [Test worker] DEBUG tourGuide.service.RewardsService - Begin Tracker. #3.1.1 Tracking USER internalUser30 latitutde -17.313648945219555 longitude -117.95492271528357
10:15:46.935 [Test worker] DEBUG tourGuide.service.RewardsService - Begin Tracker. #3.1.2 Tracking USER internalUser30
10:15:46.935 [Test worker] DEBUG tourGuide.service.RewardsService - Begin Tracker. #3.1.1 Tracking USER internalUser30 latitutde -53.921253 longitude -91.619219
10:15:46.936 [Test worker] DEBUG tourGuide.service.RewardsService - Begin Tracker. #3.1.2 Tracking USER internalUser30
10:15:46.936 [Test worker] DEBUG tourGuide.service.RewardsService - Begin Tracker. #3.2 Tracking USER internalUser30
10:15:46.936 [Test worker] DEBUG tourGuide.service.TourGuideService - Begin Tracker. #4 Tracking USER internalUser30
10:15:46.939 [pool-1-thread-1] DEBUG tourGuide.service.TourGuideService - Begin Tracker. #1 Tracking USER internalUser34
10:15:46.939 [pool-1-thread-1] DEBUG tourGuide.service.TourGuideService - Begin Tracker. #2 Tracking USER internalUser34 latitutde -37.563762 longitude 121.315103
10:15:46.954 [pool-1-thread-1] DEBUG tourGuide.service.RewardsService - Begin Tracker. #3.1.0 Tracking USER internalUser34
10:15:46.954 [pool-1-thread-1] DEBUG tourGuide.service.RewardsService - Begin Tracker. #3.1.1 Tracking USER internalUser34 latitutde 9.506391755524561 longitude -112.54585290382366
10:15:46.954 [pool-1-thread-1] DEBUG tourGuide.service.RewardsService - Begin Tracker. #3.1.2 Tracking USER internalUser34
10:15:46.954 [pool-1-thread-1] DEBUG tourGuide.service.RewardsService - Begin Tracker. #3.1.1 Tracking USER internalUser34 latitutde -16.66882613569983 longitude -138.60268236199076
10:15:46.954 [pool-1-thread-1] DEBUG tourGuide.service.RewardsService - Begin Tracker. #3.1.2 Tracking USER internalUser34
10:15:46.954 [pool-1-thread-1] DEBUG tourGuide.service.RewardsService - Begin Tracker. #3.1.1 Tracking USER internalUser34 latitutde 62.57030116579401 longitude 20.552729585141492
10:15:46.954 [pool-1-thread-1] DEBUG tourGuide.service.RewardsService - Begin Tracker. #3.1.2 Tracking USER internalUser34
10:15:46.954 [pool-1-thread-1] DEBUG tourGuide.service.RewardsService - Begin Tracker. #3.1.1 Tracking USER internalUser34 latitutde 25.784651 longitude 158.319644
10:15:46.954 [pool-1-thread-1] DEBUG tourGuide.service.RewardsService - Begin Tracker. #3.1.2 Tracking USER internalUser34
10:15:46.954 [pool-1-thread-1] DEBUG tourGuide.service.RewardsService - Begin Tracker. #3.1.1 Tracking USER internalUser34 latitutde -37.563762 longitude 121.315103
10:15:46.954 [pool-1-thread-1] DEBUG tourGuide.service.RewardsService - Begin Tracker. #3.1.2 Tracking USER internalUser34
10:15:46.954 [pool-1-thread-1] DEBUG tourGuide.service.RewardsService - Begin Tracker. #3.2 Tracking USER internalUser34
10:15:46.954 [pool-1-thread-1] DEBUG tourGuide.service.TourGuideService - Begin Tracker. #4 Tracking USER internalUser34
10:15:46.998 [Test worker] DEBUG tourGuide.service.TourGuideService - Begin Tracker. #1 Tracking USER internalUser32
10:15:46.998 [Test worker] DEBUG tourGuide.service.TourGuideService - Begin Tracker. #2 Tracking USER internalUser32 latitutde -0.275478 longitude -89.282963
10:15:47.008 [Test worker] DEBUG tourGuide.service.RewardsService - Begin Tracker. #3.1.0 Tracking USER internalUser32
10:15:47.008 [Test worker] DEBUG tourGuide.service.RewardsService - Begin Tracker. #3.1.1 Tracking USER internalUser32 latitutde -2.882580433282911 longitude 154.5220963294754
10:15:47.010 [Test worker] DEBUG tourGuide.service.RewardsService - Begin Tracker. #3.1.2 Tracking USER internalUser32
10:15:47.010 [Test worker] DEBUG tourGuide.service.RewardsService - Begin Tracker. #3.1.1 Tracking USER internalUser32 latitutde -27.53434575313588 longitude 146.45129323216236
10:15:47.010 [Test worker] DEBUG tourGuide.service.RewardsService - Begin Tracker. #3.1.2 Tracking USER internalUser32
10:15:47.010 [Test worker] DEBUG tourGuide.service.RewardsService - Begin Tracker. #3.1.1 Tracking USER internalUser32 latitutde -82.06349351210528 longitude -37.30559056136792
10:15:47.010 [Test worker] DEBUG tourGuide.service.RewardsService - Begin Tracker. #3.1.2 Tracking USER internalUser32
10:15:47.010 [Test worker] DEBUG tourGuide.service.RewardsService - Begin Tracker. #3.1.1 Tracking USER internalUser32 latitutde -0.275478 longitude -89.282963
10:15:47.010 [Test worker] DEBUG tourGuide.service.RewardsService - Begin Tracker. #3.1.2 Tracking USER internalUser32
10:15:47.010 [Test worker] DEBUG tourGuide.service.RewardsService - Begin Tracker. #3.2 Tracking USER internalUser32
10:15:47.010 [Test worker] DEBUG tourGuide.service.TourGuideService - Begin Tracker. #4 Tracking USER internalUser32
10:15:47.015 [pool-1-thread-1] DEBUG tourGuide.service.TourGuideService - Begin Tracker. #1 Tracking USER internalUser33
10:15:47.015 [pool-1-thread-1] DEBUG tourGuide.service.TourGuideService - Begin Tracker. #2 Tracking USER internalUser33 latitutde -22.396806 longitude -30.356769
10:15:47.026 [pool-1-thread-1] DEBUG tourGuide.service.RewardsService - Begin Tracker. #3.1.0 Tracking USER internalUser33
10:15:47.027 [pool-1-thread-1] DEBUG tourGuide.service.RewardsService - Begin Tracker. #3.1.1 Tracking USER internalUser33 latitutde -61.1565469294556 longitude -51.35628002703612
10:15:47.027 [pool-1-thread-1] DEBUG tourGuide.service.RewardsService - Begin Tracker. #3.1.2 Tracking USER internalUser33
10:15:47.027 [pool-1-thread-1] DEBUG tourGuide.service.RewardsService - Begin Tracker. #3.1.1 Tracking USER internalUser33 latitutde -64.93330360246414 longitude -6.6176265872167335
10:15:47.027 [pool-1-thread-1] DEBUG tourGuide.service.RewardsService - Begin Tracker. #3.1.2 Tracking USER internalUser33
10:15:47.028 [pool-1-thread-1] DEBUG tourGuide.service.RewardsService - Begin Tracker. #3.1.1 Tracking USER internalUser33 latitutde 9.91209575741128 longitude -133.39545718976524
10:15:47.028 [pool-1-thread-1] DEBUG tourGuide.service.RewardsService - Begin Tracker. #3.1.2 Tracking USER internalUser33
10:15:47.028 [pool-1-thread-1] DEBUG tourGuide.service.RewardsService - Begin Tracker. #3.1.1 Tracking USER internalUser33 latitutde -15.323092 longitude 18.135257
10:15:47.028 [pool-1-thread-1] DEBUG tourGuide.service.RewardsService - Begin Tracker. #3.1.2 Tracking USER internalUser33
10:15:47.028 [pool-1-thread-1] DEBUG tourGuide.service.RewardsService - Begin Tracker. #3.1.1 Tracking USER internalUser33 latitutde -22.396806 longitude -30.356769
10:15:47.028 [pool-1-thread-1] DEBUG tourGuide.service.RewardsService - Begin Tracker. #3.1.2 Tracking USER internalUser33
10:15:47.028 [pool-1-thread-1] DEBUG tourGuide.service.RewardsService - Begin Tracker. #3.2 Tracking USER internalUser33
10:15:47.029 [pool-1-thread-1] DEBUG tourGuide.service.TourGuideService - Begin Tracker. #4 Tracking USER internalUser33
10:15:47.095 [pool-1-thread-1] DEBUG tourGuide.service.TourGuideService - Begin Tracker. #1 Tracking USER internalUser36
10:15:47.095 [pool-1-thread-1] DEBUG tourGuide.service.TourGuideService - Begin Tracker. #2 Tracking USER internalUser36 latitutde 21.33686 longitude 17.585917
10:15:47.099 [Test worker] DEBUG tourGuide.service.TourGuideService - Begin Tracker. #1 Tracking USER internalUser31
10:15:47.099 [Test worker] DEBUG tourGuide.service.TourGuideService - Begin Tracker. #2 Tracking USER internalUser31 latitutde 14.118934 longitude -138.473726
10:15:47.105 [pool-1-thread-1] DEBUG tourGuide.service.RewardsService - Begin Tracker. #3.1.0 Tracking USER internalUser36
10:15:47.105 [pool-1-thread-1] DEBUG tourGuide.service.RewardsService - Begin Tracker. #3.1.1 Tracking USER internalUser36 latitutde -1.1490344030628137 longitude 140.5052046551051
10:15:47.105 [pool-1-thread-1] DEBUG tourGuide.service.RewardsService - Begin Tracker. #3.1.2 Tracking USER internalUser36
10:15:47.105 [pool-1-thread-1] DEBUG tourGuide.service.RewardsService - Begin Tracker. #3.1.1 Tracking USER internalUser36 latitutde -10.220296411531919 longitude 156.6272221341598
10:15:47.105 [pool-1-thread-1] DEBUG tourGuide.service.RewardsService - Begin Tracker. #3.1.2 Tracking USER internalUser36
10:15:47.105 [pool-1-thread-1] DEBUG tourGuide.service.RewardsService - Begin Tracker. #3.1.1 Tracking USER internalUser36 latitutde 80.03562181592406 longitude -82.59576816975166
10:15:47.105 [pool-1-thread-1] DEBUG tourGuide.service.RewardsService - Begin Tracker. #3.1.2 Tracking USER internalUser36
10:15:47.105 [pool-1-thread-1] DEBUG tourGuide.service.RewardsService - Begin Tracker. #3.1.1 Tracking USER internalUser36 latitutde 58.121401 longitude 82.176412
10:15:47.105 [pool-1-thread-1] DEBUG tourGuide.service.RewardsService - Begin Tracker. #3.1.2 Tracking USER internalUser36
10:15:47.105 [pool-1-thread-1] DEBUG tourGuide.service.RewardsService - Begin Tracker. #3.1.1 Tracking USER internalUser36 latitutde 21.33686 longitude 17.585917
10:15:47.105 [pool-1-thread-1] DEBUG tourGuide.service.RewardsService - Begin Tracker. #3.1.2 Tracking USER internalUser36
10:15:47.105 [pool-1-thread-1] DEBUG tourGuide.service.RewardsService - Begin Tracker. #3.2 Tracking USER internalUser36
10:15:47.105 [pool-1-thread-1] DEBUG tourGuide.service.TourGuideService - Begin Tracker. #4 Tracking USER internalUser36
10:15:47.113 [Test worker] DEBUG tourGuide.service.RewardsService - Begin Tracker. #3.1.0 Tracking USER internalUser31
10:15:47.113 [Test worker] DEBUG tourGuide.service.RewardsService - Begin Tracker. #3.1.1 Tracking USER internalUser31 latitutde -19.389084754714986 longitude -125.78441121165962
10:15:47.113 [Test worker] DEBUG tourGuide.service.RewardsService - Begin Tracker. #3.1.2 Tracking USER internalUser31
10:15:47.113 [Test worker] DEBUG tourGuide.service.RewardsService - Begin Tracker. #3.1.1 Tracking USER internalUser31 latitutde 59.87021065280916 longitude -129.57548040489786
10:15:47.113 [Test worker] DEBUG tourGuide.service.RewardsService - Begin Tracker. #3.1.2 Tracking USER internalUser31
10:15:47.113 [Test worker] DEBUG tourGuide.service.RewardsService - Begin Tracker. #3.1.1 Tracking USER internalUser31 latitutde -15.679055812379758 longitude -142.75852724400596
10:15:47.113 [Test worker] DEBUG tourGuide.service.RewardsService - Begin Tracker. #3.1.2 Tracking USER internalUser31
10:15:47.113 [Test worker] DEBUG tourGuide.service.RewardsService - Begin Tracker. #3.1.1 Tracking USER internalUser31 latitutde 14.118934 longitude -138.473726
10:15:47.113 [Test worker] DEBUG tourGuide.service.RewardsService - Begin Tracker. #3.1.2 Tracking USER internalUser31
10:15:47.113 [Test worker] DEBUG tourGuide.service.RewardsService - Begin Tracker. #3.2 Tracking USER internalUser31
10:15:47.114 [Test worker] DEBUG tourGuide.service.TourGuideService - Begin Tracker. #4 Tracking USER internalUser31
10:15:47.151 [Test worker] DEBUG tourGuide.service.TourGuideService - Begin Tracker. #1 Tracking USER internalUser49
10:15:47.151 [Test worker] DEBUG tourGuide.service.TourGuideService - Begin Tracker. #2 Tracking USER internalUser49 latitutde 32.097411 longitude 98.018406
10:15:47.162 [Test worker] DEBUG tourGuide.service.RewardsService - Begin Tracker. #3.1.0 Tracking USER internalUser49
10:15:47.162 [Test worker] DEBUG tourGuide.service.RewardsService - Begin Tracker. #3.1.1 Tracking USER internalUser49 latitutde -64.96755689508082 longitude 138.5609642636574
10:15:47.162 [Test worker] DEBUG tourGuide.service.RewardsService - Begin Tracker. #3.1.2 Tracking USER internalUser49
10:15:47.162 [Test worker] DEBUG tourGuide.service.RewardsService - Begin Tracker. #3.1.1 Tracking USER internalUser49 latitutde -3.4360715308152265 longitude -109.37216476518259
10:15:47.162 [Test worker] DEBUG tourGuide.service.RewardsService - Begin Tracker. #3.1.2 Tracking USER internalUser49
10:15:47.162 [Test worker] DEBUG tourGuide.service.RewardsService - Begin Tracker. #3.1.1 Tracking USER internalUser49 latitutde -54.1879338026375 longitude 62.45504661320149
10:15:47.162 [Test worker] DEBUG tourGuide.service.RewardsService - Begin Tracker. #3.1.2 Tracking USER internalUser49
10:15:47.162 [Test worker] DEBUG tourGuide.service.RewardsService - Begin Tracker. #3.1.1 Tracking USER internalUser49 latitutde 32.097411 longitude 98.018406
10:15:47.162 [Test worker] DEBUG tourGuide.service.RewardsService - Begin Tracker. #3.1.2 Tracking USER internalUser49
10:15:47.162 [Test worker] DEBUG tourGuide.service.RewardsService - Begin Tracker. #3.2 Tracking USER internalUser49
10:15:47.162 [Test worker] DEBUG tourGuide.service.TourGuideService - Begin Tracker. #4 Tracking USER internalUser49
10:15:47.182 [pool-1-thread-1] DEBUG tourGuide.service.TourGuideService - Begin Tracker. #1 Tracking USER internalUser35
10:15:47.182 [pool-1-thread-1] DEBUG tourGuide.service.TourGuideService - Begin Tracker. #2 Tracking USER internalUser35 latitutde -81.879802 longitude -82.6712
10:15:47.192 [pool-1-thread-1] DEBUG tourGuide.service.RewardsService - Begin Tracker. #3.1.0 Tracking USER internalUser35
10:15:47.192 [pool-1-thread-1] DEBUG tourGuide.service.RewardsService - Begin Tracker. #3.1.1 Tracking USER internalUser35 latitutde -82.60687253544394 longitude 48.24762025939961
10:15:47.192 [pool-1-thread-1] DEBUG tourGuide.service.RewardsService - Begin Tracker. #3.1.2 Tracking USER internalUser35
10:15:47.192 [pool-1-thread-1] DEBUG tourGuide.service.RewardsService - Begin Tracker. #3.1.1 Tracking USER internalUser35 latitutde -77.95396783545591 longitude 127.72029593954568
10:15:47.192 [pool-1-thread-1] DEBUG tourGuide.service.RewardsService - Begin Tracker. #3.1.2 Tracking USER internalUser35
10:15:47.192 [pool-1-thread-1] DEBUG tourGuide.service.RewardsService - Begin Tracker. #3.1.1 Tracking USER internalUser35 latitutde 68.39604294249935 longitude -3.8724171606808966
10:15:47.192 [pool-1-thread-1] DEBUG tourGuide.service.RewardsService - Begin Tracker. #3.1.2 Tracking USER internalUser35
10:15:47.192 [pool-1-thread-1] DEBUG tourGuide.service.RewardsService - Begin Tracker. #3.1.1 Tracking USER internalUser35 latitutde 52.97852 longitude 137.40654
10:15:47.192 [pool-1-thread-1] DEBUG tourGuide.service.RewardsService - Begin Tracker. #3.1.2 Tracking USER internalUser35
10:15:47.192 [pool-1-thread-1] DEBUG tourGuide.service.RewardsService - Begin Tracker. #3.1.1 Tracking USER internalUser35 latitutde -81.879802 longitude -82.6712
10:15:47.192 [pool-1-thread-1] DEBUG tourGuide.service.RewardsService - Begin Tracker. #3.1.2 Tracking USER internalUser35
10:15:47.193 [pool-1-thread-1] DEBUG tourGuide.service.RewardsService - Begin Tracker. #3.2 Tracking USER internalUser35
10:15:47.193 [pool-1-thread-1] DEBUG tourGuide.service.TourGuideService - Begin Tracker. #4 Tracking USER internalUser35
10:15:47.248 [Test worker] DEBUG tourGuide.service.TourGuideService - Begin Tracker. #1 Tracking USER internalUser48
10:15:47.248 [Test worker] DEBUG tourGuide.service.TourGuideService - Begin Tracker. #2 Tracking USER internalUser48 latitutde -67.828166 longitude -135.95527
10:15:47.250 [pool-1-thread-1] DEBUG tourGuide.service.TourGuideService - Begin Tracker. #1 Tracking USER internalUser30
10:15:47.250 [pool-1-thread-1] DEBUG tourGuide.service.TourGuideService - Begin Tracker. #2 Tracking USER internalUser30 latitutde -13.902639 longitude -43.348742
10:15:47.258 [Test worker] DEBUG tourGuide.service.RewardsService - Begin Tracker. #3.1.0 Tracking USER internalUser48
10:15:47.258 [Test worker] DEBUG tourGuide.service.RewardsService - Begin Tracker. #3.1.1 Tracking USER internalUser48 latitutde -70.70669726972343 longitude -40.15784549036016
10:15:47.258 [Test worker] DEBUG tourGuide.service.RewardsService - Begin Tracker. #3.1.2 Tracking USER internalUser48
10:15:47.258 [Test worker] DEBUG tourGuide.service.RewardsService - Begin Tracker. #3.1.1 Tracking USER internalUser48 latitutde 77.3952164481178 longitude -159.30015363605744
10:15:47.258 [Test worker] DEBUG tourGuide.service.RewardsService - Begin Tracker. #3.1.2 Tracking USER internalUser48
10:15:47.258 [Test worker] DEBUG tourGuide.service.RewardsService - Begin Tracker. #3.1.1 Tracking USER internalUser48 latitutde -53.944175032151406 longitude -88.5046463588649
10:15:47.258 [Test worker] DEBUG tourGuide.service.RewardsService - Begin Tracker. #3.1.2 Tracking USER internalUser48
10:15:47.258 [Test worker] DEBUG tourGuide.service.RewardsService - Begin Tracker. #3.1.1 Tracking USER internalUser48 latitutde -67.828166 longitude -135.95527
10:15:47.258 [Test worker] DEBUG tourGuide.service.RewardsService - Begin Tracker. #3.1.2 Tracking USER internalUser48
10:15:47.258 [Test worker] DEBUG tourGuide.service.RewardsService - Begin Tracker. #3.2 Tracking USER internalUser48
10:15:47.258 [Test worker] DEBUG tourGuide.service.TourGuideService - Begin Tracker. #4 Tracking USER internalUser48
10:15:47.271 [pool-1-thread-1] DEBUG tourGuide.service.RewardsService - Begin Tracker. #3.1.0 Tracking USER internalUser30
10:15:47.272 [pool-1-thread-1] DEBUG tourGuide.service.RewardsService - Begin Tracker. #3.1.1 Tracking USER internalUser30 latitutde -40.4184303207537 longitude 89.08501839473081
10:15:47.272 [pool-1-thread-1] DEBUG tourGuide.service.RewardsService - Begin Tracker. #3.1.2 Tracking USER internalUser30
10:15:47.272 [pool-1-thread-1] DEBUG tourGuide.service.RewardsService - Begin Tracker. #3.1.1 Tracking USER internalUser30 latitutde -23.096339026734114 longitude -165.21814927943063
10:15:47.272 [pool-1-thread-1] DEBUG tourGuide.service.RewardsService - Begin Tracker. #3.1.2 Tracking USER internalUser30
10:15:47.272 [pool-1-thread-1] DEBUG tourGuide.service.RewardsService - Begin Tracker. #3.1.1 Tracking USER internalUser30 latitutde -17.313648945219555 longitude -117.95492271528357
10:15:47.272 [pool-1-thread-1] DEBUG tourGuide.service.RewardsService - Begin Tracker. #3.1.2 Tracking USER internalUser30
10:15:47.273 [pool-1-thread-1] DEBUG tourGuide.service.RewardsService - Begin Tracker. #3.1.1 Tracking USER internalUser30 latitutde -53.921253 longitude -91.619219
10:15:47.273 [pool-1-thread-1] DEBUG tourGuide.service.RewardsService - Begin Tracker. #3.1.2 Tracking USER internalUser30
10:15:47.273 [pool-1-thread-1] DEBUG tourGuide.service.RewardsService - Begin Tracker. #3.1.1 Tracking USER internalUser30 latitutde -13.902639 longitude -43.348742
10:15:47.273 [pool-1-thread-1] DEBUG tourGuide.service.RewardsService - Begin Tracker. #3.1.2 Tracking USER internalUser30
10:15:47.273 [pool-1-thread-1] DEBUG tourGuide.service.RewardsService - Begin Tracker. #3.2 Tracking USER internalUser30
10:15:47.273 [pool-1-thread-1] DEBUG tourGuide.service.TourGuideService - Begin Tracker. #4 Tracking USER internalUser30
10:15:47.294 [Test worker] DEBUG tourGuide.service.TourGuideService - Begin Tracker. #1 Tracking USER internalUser45
10:15:47.294 [Test worker] DEBUG tourGuide.service.TourGuideService - Begin Tracker. #2 Tracking USER internalUser45 latitutde 49.321755 longitude 69.708886
10:15:47.304 [Test worker] DEBUG tourGuide.service.RewardsService - Begin Tracker. #3.1.0 Tracking USER internalUser45
10:15:47.304 [Test worker] DEBUG tourGuide.service.RewardsService - Begin Tracker. #3.1.1 Tracking USER internalUser45 latitutde 73.91560708173992 longitude 100.71231753724953
10:15:47.304 [Test worker] DEBUG tourGuide.service.RewardsService - Begin Tracker. #3.1.2 Tracking USER internalUser45
10:15:47.304 [Test worker] DEBUG tourGuide.service.RewardsService - Begin Tracker. #3.1.1 Tracking USER internalUser45 latitutde 61.2365895054686 longitude -68.7701377331476
10:15:47.304 [Test worker] DEBUG tourGuide.service.RewardsService - Begin Tracker. #3.1.2 Tracking USER internalUser45
10:15:47.304 [Test worker] DEBUG tourGuide.service.RewardsService - Begin Tracker. #3.1.1 Tracking USER internalUser45 latitutde -73.68373177869066 longitude -169.17982156000903
10:15:47.304 [Test worker] DEBUG tourGuide.service.RewardsService - Begin Tracker. #3.1.2 Tracking USER internalUser45
10:15:47.304 [Test worker] DEBUG tourGuide.service.RewardsService - Begin Tracker. #3.1.1 Tracking USER internalUser45 latitutde 49.321755 longitude 69.708886
10:15:47.305 [Test worker] DEBUG tourGuide.service.RewardsService - Begin Tracker. #3.1.2 Tracking USER internalUser45
10:15:47.305 [Test worker] DEBUG tourGuide.service.RewardsService - Begin Tracker. #3.2 Tracking USER internalUser45
10:15:47.305 [Test worker] DEBUG tourGuide.service.TourGuideService - Begin Tracker. #4 Tracking USER internalUser45
10:15:47.329 [pool-1-thread-1] DEBUG tourGuide.service.TourGuideService - Begin Tracker. #1 Tracking USER internalUser32
10:15:47.329 [pool-1-thread-1] DEBUG tourGuide.service.TourGuideService - Begin Tracker. #2 Tracking USER internalUser32 latitutde 42.023631 longitude 23.940188
10:15:47.340 [pool-1-thread-1] DEBUG tourGuide.service.RewardsService - Begin Tracker. #3.1.0 Tracking USER internalUser32
10:15:47.340 [pool-1-thread-1] DEBUG tourGuide.service.RewardsService - Begin Tracker. #3.1.1 Tracking USER internalUser32 latitutde -2.882580433282911 longitude 154.5220963294754
10:15:47.340 [pool-1-thread-1] DEBUG tourGuide.service.RewardsService - Begin Tracker. #3.1.2 Tracking USER internalUser32
10:15:47.340 [pool-1-thread-1] DEBUG tourGuide.service.RewardsService - Begin Tracker. #3.1.1 Tracking USER internalUser32 latitutde -27.53434575313588 longitude 146.45129323216236
10:15:47.341 [pool-1-thread-1] DEBUG tourGuide.service.RewardsService - Begin Tracker. #3.1.2 Tracking USER internalUser32
10:15:47.341 [pool-1-thread-1] DEBUG tourGuide.service.RewardsService - Begin Tracker. #3.1.1 Tracking USER internalUser32 latitutde -82.06349351210528 longitude -37.30559056136792
10:15:47.341 [pool-1-thread-1] DEBUG tourGuide.service.RewardsService - Begin Tracker. #3.1.2 Tracking USER internalUser32
10:15:47.341 [pool-1-thread-1] DEBUG tourGuide.service.RewardsService - Begin Tracker. #3.1.1 Tracking USER internalUser32 latitutde -0.275478 longitude -89.282963
10:15:47.341 [pool-1-thread-1] DEBUG tourGuide.service.RewardsService - Begin Tracker. #3.1.2 Tracking USER internalUser32
10:15:47.341 [pool-1-thread-1] DEBUG tourGuide.service.RewardsService - Begin Tracker. #3.1.1 Tracking USER internalUser32 latitutde 42.023631 longitude 23.940188
10:15:47.342 [pool-1-thread-1] DEBUG tourGuide.service.RewardsService - Begin Tracker. #3.1.2 Tracking USER internalUser32
10:15:47.342 [pool-1-thread-1] DEBUG tourGuide.service.RewardsService - Begin Tracker. #3.2 Tracking USER internalUser32
10:15:47.342 [pool-1-thread-1] DEBUG tourGuide.service.TourGuideService - Begin Tracker. #4 Tracking USER internalUser32
10:15:47.374 [Test worker] DEBUG tourGuide.service.TourGuideService - Begin Tracker. #1 Tracking USER internalUser44
10:15:47.374 [Test worker] DEBUG tourGuide.service.TourGuideService - Begin Tracker. #2 Tracking USER internalUser44 latitutde 53.119039 longitude 112.4614
10:15:47.384 [pool-1-thread-1] DEBUG tourGuide.service.TourGuideService - Begin Tracker. #1 Tracking USER internalUser31
10:15:47.385 [pool-1-thread-1] DEBUG tourGuide.service.TourGuideService - Begin Tracker. #2 Tracking USER internalUser31 latitutde -79.424834 longitude 30.322956
10:15:47.385 [Test worker] DEBUG tourGuide.service.RewardsService - Begin Tracker. #3.1.0 Tracking USER internalUser44
10:15:47.385 [Test worker] DEBUG tourGuide.service.RewardsService - Begin Tracker. #3.1.1 Tracking USER internalUser44 latitutde -65.44843565734251 longitude 20.423256459255413
10:15:47.385 [Test worker] DEBUG tourGuide.service.RewardsService - Begin Tracker. #3.1.2 Tracking USER internalUser44
10:15:47.386 [Test worker] DEBUG tourGuide.service.RewardsService - Begin Tracker. #3.1.1 Tracking USER internalUser44 latitutde 24.106275729217487 longitude 162.2787945786917
10:15:47.386 [Test worker] DEBUG tourGuide.service.RewardsService - Begin Tracker. #3.1.2 Tracking USER internalUser44
10:15:47.386 [Test worker] DEBUG tourGuide.service.RewardsService - Begin Tracker. #3.1.1 Tracking USER internalUser44 latitutde -37.142514253643405 longitude 45.20673410241497
10:15:47.386 [Test worker] DEBUG tourGuide.service.RewardsService - Begin Tracker. #3.1.2 Tracking USER internalUser44
10:15:47.386 [Test worker] DEBUG tourGuide.service.RewardsService - Begin Tracker. #3.1.1 Tracking USER internalUser44 latitutde 53.119039 longitude 112.4614
10:15:47.386 [Test worker] DEBUG tourGuide.service.RewardsService - Begin Tracker. #3.1.2 Tracking USER internalUser44
10:15:47.386 [Test worker] DEBUG tourGuide.service.RewardsService - Begin Tracker. #3.2 Tracking USER internalUser44
10:15:47.386 [Test worker] DEBUG tourGuide.service.TourGuideService - Begin Tracker. #4 Tracking USER internalUser44
10:15:47.397 [pool-1-thread-1] DEBUG tourGuide.service.RewardsService - Begin Tracker. #3.1.0 Tracking USER internalUser31
10:15:47.397 [pool-1-thread-1] DEBUG tourGuide.service.RewardsService - Begin Tracker. #3.1.1 Tracking USER internalUser31 latitutde -19.389084754714986 longitude -125.78441121165962
10:15:47.397 [pool-1-thread-1] DEBUG tourGuide.service.RewardsService - Begin Tracker. #3.1.2 Tracking USER internalUser31
10:15:47.397 [pool-1-thread-1] DEBUG tourGuide.service.RewardsService - Begin Tracker. #3.1.1 Tracking USER internalUser31 latitutde 59.87021065280916 longitude -129.57548040489786
10:15:47.397 [pool-1-thread-1] DEBUG tourGuide.service.RewardsService - Begin Tracker. #3.1.2 Tracking USER internalUser31
10:15:47.397 [pool-1-thread-1] DEBUG tourGuide.service.RewardsService - Begin Tracker. #3.1.1 Tracking USER internalUser31 latitutde -15.679055812379758 longitude -142.75852724400596
10:15:47.397 [pool-1-thread-1] DEBUG tourGuide.service.RewardsService - Begin Tracker. #3.1.2 Tracking USER internalUser31
10:15:47.398 [pool-1-thread-1] DEBUG tourGuide.service.RewardsService - Begin Tracker. #3.1.1 Tracking USER internalUser31 latitutde 14.118934 longitude -138.473726
10:15:47.398 [pool-1-thread-1] DEBUG tourGuide.service.RewardsService - Begin Tracker. #3.1.2 Tracking USER internalUser31
10:15:47.398 [pool-1-thread-1] DEBUG tourGuide.service.RewardsService - Begin Tracker. #3.1.1 Tracking USER internalUser31 latitutde -79.424834 longitude 30.322956
10:15:47.398 [pool-1-thread-1] DEBUG tourGuide.service.RewardsService - Begin Tracker. #3.1.2 Tracking USER internalUser31
10:15:47.398 [pool-1-thread-1] DEBUG tourGuide.service.RewardsService - Begin Tracker. #3.2 Tracking USER internalUser31
10:15:47.398 [pool-1-thread-1] DEBUG tourGuide.service.TourGuideService - Begin Tracker. #4 Tracking USER internalUser31
10:15:47.467 [pool-1-thread-1] DEBUG tourGuide.service.TourGuideService - Begin Tracker. #1 Tracking USER internalUser49
10:15:47.467 [pool-1-thread-1] DEBUG tourGuide.service.TourGuideService - Begin Tracker. #2 Tracking USER internalUser49 latitutde -29.43888 longitude -52.330695
10:15:47.474 [Test worker] DEBUG tourGuide.service.TourGuideService - Begin Tracker. #1 Tracking USER internalUser47
10:15:47.474 [Test worker] DEBUG tourGuide.service.TourGuideService - Begin Tracker. #2 Tracking USER internalUser47 latitutde -0.604356 longitude 144.544135
10:15:47.478 [pool-1-thread-1] DEBUG tourGuide.service.RewardsService - Begin Tracker. #3.1.0 Tracking USER internalUser49
10:15:47.478 [pool-1-thread-1] DEBUG tourGuide.service.RewardsService - Begin Tracker. #3.1.1 Tracking USER internalUser49 latitutde -64.96755689508082 longitude 138.5609642636574
10:15:47.478 [pool-1-thread-1] DEBUG tourGuide.service.RewardsService - Begin Tracker. #3.1.2 Tracking USER internalUser49
10:15:47.478 [pool-1-thread-1] DEBUG tourGuide.service.RewardsService - Begin Tracker. #3.1.1 Tracking USER internalUser49 latitutde -3.4360715308152265 longitude -109.37216476518259
10:15:47.478 [pool-1-thread-1] DEBUG tourGuide.service.RewardsService - Begin Tracker. #3.1.2 Tracking USER internalUser49
10:15:47.478 [pool-1-thread-1] DEBUG tourGuide.service.RewardsService - Begin Tracker. #3.1.1 Tracking USER internalUser49 latitutde -54.1879338026375 longitude 62.45504661320149
10:15:47.478 [pool-1-thread-1] DEBUG tourGuide.service.RewardsService - Begin Tracker. #3.1.2 Tracking USER internalUser49
10:15:47.478 [pool-1-thread-1] DEBUG tourGuide.service.RewardsService - Begin Tracker. #3.1.1 Tracking USER internalUser49 latitutde 32.097411 longitude 98.018406
10:15:47.478 [pool-1-thread-1] DEBUG tourGuide.service.RewardsService - Begin Tracker. #3.1.2 Tracking USER internalUser49
10:15:47.479 [pool-1-thread-1] DEBUG tourGuide.service.RewardsService - Begin Tracker. #3.1.1 Tracking USER internalUser49 latitutde -29.43888 longitude -52.330695
10:15:47.479 [pool-1-thread-1] DEBUG tourGuide.service.RewardsService - Begin Tracker. #3.1.2 Tracking USER internalUser49
10:15:47.479 [pool-1-thread-1] DEBUG tourGuide.service.RewardsService - Begin Tracker. #3.2 Tracking USER internalUser49
10:15:47.479 [pool-1-thread-1] DEBUG tourGuide.service.TourGuideService - Begin Tracker. #4 Tracking USER internalUser49
10:15:47.493 [Test worker] DEBUG tourGuide.service.RewardsService - Begin Tracker. #3.1.0 Tracking USER internalUser47
10:15:47.493 [Test worker] DEBUG tourGuide.service.RewardsService - Begin Tracker. #3.1.1 Tracking USER internalUser47 latitutde 84.27207810980906 longitude 41.58640631279533
10:15:47.493 [Test worker] DEBUG tourGuide.service.RewardsService - Begin Tracker. #3.1.2 Tracking USER internalUser47
10:15:47.493 [Test worker] DEBUG tourGuide.service.RewardsService - Begin Tracker. #3.1.1 Tracking USER internalUser47 latitutde -53.168865930294736 longitude 126.41304052115396
10:15:47.494 [Test worker] DEBUG tourGuide.service.RewardsService - Begin Tracker. #3.1.2 Tracking USER internalUser47
10:15:47.494 [Test worker] DEBUG tourGuide.service.RewardsService - Begin Tracker. #3.1.1 Tracking USER internalUser47 latitutde 14.891747872661156 longitude -87.25921734887612
10:15:47.494 [Test worker] DEBUG tourGuide.service.RewardsService - Begin Tracker. #3.1.2 Tracking USER internalUser47
10:15:47.494 [Test worker] DEBUG tourGuide.service.RewardsService - Begin Tracker. #3.1.1 Tracking USER internalUser47 latitutde -0.604356 longitude 144.544135
10:15:47.494 [Test worker] DEBUG tourGuide.service.RewardsService - Begin Tracker. #3.1.2 Tracking USER internalUser47
10:15:47.494 [Test worker] DEBUG tourGuide.service.RewardsService - Begin Tracker. #3.2 Tracking USER internalUser47
10:15:47.494 [Test worker] DEBUG tourGuide.service.TourGuideService - Begin Tracker. #4 Tracking USER internalUser47
10:15:47.541 [pool-1-thread-1] DEBUG tourGuide.service.TourGuideService - Begin Tracker. #1 Tracking USER internalUser48
10:15:47.541 [pool-1-thread-1] DEBUG tourGuide.service.TourGuideService - Begin Tracker. #2 Tracking USER internalUser48 latitutde 73.431209 longitude -154.10477
10:15:47.551 [pool-1-thread-1] DEBUG tourGuide.service.RewardsService - Begin Tracker. #3.1.0 Tracking USER internalUser48
10:15:47.551 [pool-1-thread-1] DEBUG tourGuide.service.RewardsService - Begin Tracker. #3.1.1 Tracking USER internalUser48 latitutde -70.70669726972343 longitude -40.15784549036016
10:15:47.551 [pool-1-thread-1] DEBUG tourGuide.service.RewardsService - Begin Tracker. #3.1.2 Tracking USER internalUser48
10:15:47.551 [pool-1-thread-1] DEBUG tourGuide.service.RewardsService - Begin Tracker. #3.1.1 Tracking USER internalUser48 latitutde 77.3952164481178 longitude -159.30015363605744
10:15:47.551 [pool-1-thread-1] DEBUG tourGuide.service.RewardsService - Begin Tracker. #3.1.2 Tracking USER internalUser48
10:15:47.551 [pool-1-thread-1] DEBUG tourGuide.service.RewardsService - Begin Tracker. #3.1.1 Tracking USER internalUser48 latitutde -53.944175032151406 longitude -88.5046463588649
10:15:47.551 [pool-1-thread-1] DEBUG tourGuide.service.RewardsService - Begin Tracker. #3.1.2 Tracking USER internalUser48
10:15:47.551 [pool-1-thread-1] DEBUG tourGuide.service.RewardsService - Begin Tracker. #3.1.1 Tracking USER internalUser48 latitutde -67.828166 longitude -135.95527
10:15:47.551 [pool-1-thread-1] DEBUG tourGuide.service.RewardsService - Begin Tracker. #3.1.2 Tracking USER internalUser48
10:15:47.551 [pool-1-thread-1] DEBUG tourGuide.service.RewardsService - Begin Tracker. #3.1.1 Tracking USER internalUser48 latitutde 73.431209 longitude -154.10477
10:15:47.551 [pool-1-thread-1] DEBUG tourGuide.service.RewardsService - Begin Tracker. #3.1.2 Tracking USER internalUser48
10:15:47.551 [pool-1-thread-1] DEBUG tourGuide.service.RewardsService - Begin Tracker. #3.2 Tracking USER internalUser48
10:15:47.552 [pool-1-thread-1] DEBUG tourGuide.service.TourGuideService - Begin Tracker. #4 Tracking USER internalUser48
10:15:47.572 [Test worker] DEBUG tourGuide.service.TourGuideService - Begin Tracker. #1 Tracking USER internalUser46
10:15:47.572 [Test worker] DEBUG tourGuide.service.TourGuideService - Begin Tracker. #2 Tracking USER internalUser46 latitutde -50.517164 longitude 13.141297
10:15:47.583 [Test worker] DEBUG tourGuide.service.RewardsService - Begin Tracker. #3.1.0 Tracking USER internalUser46
10:15:47.583 [Test worker] DEBUG tourGuide.service.RewardsService - Begin Tracker. #3.1.1 Tracking USER internalUser46 latitutde -63.35756352710685 longitude 81.8267106514487
10:15:47.583 [Test worker] DEBUG tourGuide.service.RewardsService - Begin Tracker. #3.1.2 Tracking USER internalUser46
10:15:47.583 [Test worker] DEBUG tourGuide.service.RewardsService - Begin Tracker. #3.1.1 Tracking USER internalUser46 latitutde -23.32601902231238 longitude 38.91012414804132
10:15:47.583 [Test worker] DEBUG tourGuide.service.RewardsService - Begin Tracker. #3.1.2 Tracking USER internalUser46
10:15:47.583 [Test worker] DEBUG tourGuide.service.RewardsService - Begin Tracker. #3.1.1 Tracking USER internalUser46 latitutde -44.61551099193868 longitude -169.66876524949276
10:15:47.583 [Test worker] DEBUG tourGuide.service.RewardsService - Begin Tracker. #3.1.2 Tracking USER internalUser46
10:15:47.583 [Test worker] DEBUG tourGuide.service.RewardsService - Begin Tracker. #3.1.1 Tracking USER internalUser46 latitutde -50.517164 longitude 13.141297
10:15:47.583 [Test worker] DEBUG tourGuide.service.RewardsService - Begin Tracker. #3.1.2 Tracking USER internalUser46
10:15:47.583 [Test worker] DEBUG tourGuide.service.RewardsService - Begin Tracker. #3.2 Tracking USER internalUser46
10:15:47.583 [Test worker] DEBUG tourGuide.service.TourGuideService - Begin Tracker. #4 Tracking USER internalUser46
10:15:47.624 [pool-1-thread-1] DEBUG tourGuide.service.TourGuideService - Begin Tracker. #1 Tracking USER internalUser45
10:15:47.624 [pool-1-thread-1] DEBUG tourGuide.service.TourGuideService - Begin Tracker. #2 Tracking USER internalUser45 latitutde 55.922552 longitude -152.050967
10:15:47.634 [pool-1-thread-1] DEBUG tourGuide.service.RewardsService - Begin Tracker. #3.1.0 Tracking USER internalUser45
10:15:47.634 [pool-1-thread-1] DEBUG tourGuide.service.RewardsService - Begin Tracker. #3.1.1 Tracking USER internalUser45 latitutde 73.91560708173992 longitude 100.71231753724953
10:15:47.634 [pool-1-thread-1] DEBUG tourGuide.service.RewardsService - Begin Tracker. #3.1.2 Tracking USER internalUser45
10:15:47.634 [pool-1-thread-1] DEBUG tourGuide.service.RewardsService - Begin Tracker. #3.1.1 Tracking USER internalUser45 latitutde 61.2365895054686 longitude -68.7701377331476
10:15:47.635 [pool-1-thread-1] DEBUG tourGuide.service.RewardsService - Begin Tracker. #3.1.2 Tracking USER internalUser45
10:15:47.635 [pool-1-thread-1] DEBUG tourGuide.service.RewardsService - Begin Tracker. #3.1.1 Tracking USER internalUser45 latitutde -73.68373177869066 longitude -169.17982156000903
10:15:47.635 [pool-1-thread-1] DEBUG tourGuide.service.RewardsService - Begin Tracker. #3.1.2 Tracking USER internalUser45
10:15:47.635 [pool-1-thread-1] DEBUG tourGuide.service.RewardsService - Begin Tracker. #3.1.1 Tracking USER internalUser45 latitutde 49.321755 longitude 69.708886
10:15:47.635 [pool-1-thread-1] DEBUG tourGuide.service.RewardsService - Begin Tracker. #3.1.2 Tracking USER internalUser45
10:15:47.635 [pool-1-thread-1] DEBUG tourGuide.service.RewardsService - Begin Tracker. #3.1.1 Tracking USER internalUser45 latitutde 55.922552 longitude -152.050967
10:15:47.635 [pool-1-thread-1] DEBUG tourGuide.service.RewardsService - Begin Tracker. #3.1.2 Tracking USER internalUser45
10:15:47.636 [pool-1-thread-1] DEBUG tourGuide.service.RewardsService - Begin Tracker. #3.2 Tracking USER internalUser45
10:15:47.636 [pool-1-thread-1] DEBUG tourGuide.service.TourGuideService - Begin Tracker. #4 Tracking USER internalUser45
10:15:47.669 [pool-1-thread-1] DEBUG tourGuide.service.TourGuideService - Begin Tracker. #1 Tracking USER internalUser44
10:15:47.670 [pool-1-thread-1] DEBUG tourGuide.service.TourGuideService - Begin Tracker. #2 Tracking USER internalUser44 latitutde 41.129143 longitude 61.192241
10:15:47.680 [Test worker] DEBUG tourGuide.service.TourGuideService - Begin Tracker. #1 Tracking USER internalUser41
10:15:47.680 [Test worker] DEBUG tourGuide.service.TourGuideService - Begin Tracker. #2 Tracking USER internalUser41 latitutde -47.033646 longitude 29.496756
10:15:47.681 [pool-1-thread-1] DEBUG tourGuide.service.RewardsService - Begin Tracker. #3.1.0 Tracking USER internalUser44
10:15:47.681 [pool-1-thread-1] DEBUG tourGuide.service.RewardsService - Begin Tracker. #3.1.1 Tracking USER internalUser44 latitutde -65.44843565734251 longitude 20.423256459255413
10:15:47.681 [pool-1-thread-1] DEBUG tourGuide.service.RewardsService - Begin Tracker. #3.1.2 Tracking USER internalUser44
10:15:47.681 [pool-1-thread-1] DEBUG tourGuide.service.RewardsService - Begin Tracker. #3.1.1 Tracking USER internalUser44 latitutde 24.106275729217487 longitude 162.2787945786917
10:15:47.681 [pool-1-thread-1] DEBUG tourGuide.service.RewardsService - Begin Tracker. #3.1.2 Tracking USER internalUser44
10:15:47.681 [pool-1-thread-1] DEBUG tourGuide.service.RewardsService - Begin Tracker. #3.1.1 Tracking USER internalUser44 latitutde -37.142514253643405 longitude 45.20673410241497
10:15:47.683 [pool-1-thread-1] DEBUG tourGuide.service.RewardsService - Begin Tracker. #3.1.2 Tracking USER internalUser44
10:15:47.683 [pool-1-thread-1] DEBUG tourGuide.service.RewardsService - Begin Tracker. #3.1.1 Tracking USER internalUser44 latitutde 53.119039 longitude 112.4614
10:15:47.683 [pool-1-thread-1] DEBUG tourGuide.service.RewardsService - Begin Tracker. #3.1.2 Tracking USER internalUser44
10:15:47.684 [pool-1-thread-1] DEBUG tourGuide.service.RewardsService - Begin Tracker. #3.1.1 Tracking USER internalUser44 latitutde 41.129143 longitude 61.192241
10:15:47.684 [pool-1-thread-1] DEBUG tourGuide.service.RewardsService - Begin Tracker. #3.1.2 Tracking USER internalUser44
10:15:47.684 [pool-1-thread-1] DEBUG tourGuide.service.RewardsService - Begin Tracker. #3.2 Tracking USER internalUser44
10:15:47.684 [pool-1-thread-1] DEBUG tourGuide.service.TourGuideService - Begin Tracker. #4 Tracking USER internalUser44
10:15:47.700 [Test worker] DEBUG tourGuide.service.RewardsService - Begin Tracker. #3.1.0 Tracking USER internalUser41
10:15:47.700 [Test worker] DEBUG tourGuide.service.RewardsService - Begin Tracker. #3.1.1 Tracking USER internalUser41 latitutde 2.67894863491523 longitude 153.48568442160524
10:15:47.701 [Test worker] DEBUG tourGuide.service.RewardsService - Begin Tracker. #3.1.2 Tracking USER internalUser41
10:15:47.701 [Test worker] DEBUG tourGuide.service.RewardsService - Begin Tracker. #3.1.1 Tracking USER internalUser41 latitutde -33.022083760931835 longitude 99.3840394548933
10:15:47.701 [Test worker] DEBUG tourGuide.service.RewardsService - Begin Tracker. #3.1.2 Tracking USER internalUser41
10:15:47.701 [Test worker] DEBUG tourGuide.service.RewardsService - Begin Tracker. #3.1.1 Tracking USER internalUser41 latitutde -11.695900103961833 longitude -151.39536199896506
10:15:47.702 [Test worker] DEBUG tourGuide.service.RewardsService - Begin Tracker. #3.1.2 Tracking USER internalUser41
10:15:47.702 [Test worker] DEBUG tourGuide.service.RewardsService - Begin Tracker. #3.1.1 Tracking USER internalUser41 latitutde -47.033646 longitude 29.496756
10:15:47.702 [Test worker] DEBUG tourGuide.service.RewardsService - Begin Tracker. #3.1.2 Tracking USER internalUser41
10:15:47.702 [Test worker] DEBUG tourGuide.service.RewardsService - Begin Tracker. #3.2 Tracking USER internalUser41
10:15:47.703 [Test worker] DEBUG tourGuide.service.TourGuideService - Begin Tracker. #4 Tracking USER internalUser41
10:15:47.733 [pool-1-thread-1] DEBUG tourGuide.service.TourGuideService - Begin Tracker. #1 Tracking USER internalUser47
10:15:47.733 [pool-1-thread-1] DEBUG tourGuide.service.TourGuideService - Begin Tracker. #2 Tracking USER internalUser47 latitutde 31.020656 longitude 178.072806
10:15:47.744 [pool-1-thread-1] DEBUG tourGuide.service.RewardsService - Begin Tracker. #3.1.0 Tracking USER internalUser47
10:15:47.744 [pool-1-thread-1] DEBUG tourGuide.service.RewardsService - Begin Tracker. #3.1.1 Tracking USER internalUser47 latitutde 84.27207810980906 longitude 41.58640631279533
10:15:47.744 [pool-1-thread-1] DEBUG tourGuide.service.RewardsService - Begin Tracker. #3.1.2 Tracking USER internalUser47
10:15:47.744 [pool-1-thread-1] DEBUG tourGuide.service.RewardsService - Begin Tracker. #3.1.1 Tracking USER internalUser47 latitutde -53.168865930294736 longitude 126.41304052115396
10:15:47.744 [pool-1-thread-1] DEBUG tourGuide.service.RewardsService - Begin Tracker. #3.1.2 Tracking USER internalUser47
10:15:47.744 [pool-1-thread-1] DEBUG tourGuide.service.RewardsService - Begin Tracker. #3.1.1 Tracking USER internalUser47 latitutde 14.891747872661156 longitude -87.25921734887612
10:15:47.744 [pool-1-thread-1] DEBUG tourGuide.service.RewardsService - Begin Tracker. #3.1.2 Tracking USER internalUser47
10:15:47.744 [pool-1-thread-1] DEBUG tourGuide.service.RewardsService - Begin Tracker. #3.1.1 Tracking USER internalUser47 latitutde -0.604356 longitude 144.544135
10:15:47.744 [pool-1-thread-1] DEBUG tourGuide.service.RewardsService - Begin Tracker. #3.1.2 Tracking USER internalUser47
10:15:47.744 [pool-1-thread-1] DEBUG tourGuide.service.RewardsService - Begin Tracker. #3.1.1 Tracking USER internalUser47 latitutde 31.020656 longitude 178.072806
10:15:47.744 [pool-1-thread-1] DEBUG tourGuide.service.RewardsService - Begin Tracker. #3.1.2 Tracking USER internalUser47
10:15:47.744 [pool-1-thread-1] DEBUG tourGuide.service.RewardsService - Begin Tracker. #3.2 Tracking USER internalUser47
10:15:47.744 [pool-1-thread-1] DEBUG tourGuide.service.TourGuideService - Begin Tracker. #4 Tracking USER internalUser47
10:15:47.758 [Test worker] DEBUG tourGuide.service.TourGuideService - Begin Tracker. #1 Tracking USER internalUser40
10:15:47.758 [Test worker] DEBUG tourGuide.service.TourGuideService - Begin Tracker. #2 Tracking USER internalUser40 latitutde 82.797178 longitude -112.126067
10:15:47.779 [Test worker] DEBUG tourGuide.service.RewardsService - Begin Tracker. #3.1.0 Tracking USER internalUser40
10:15:47.780 [Test worker] DEBUG tourGuide.service.RewardsService - Begin Tracker. #3.1.1 Tracking USER internalUser40 latitutde -68.61896145736088 longitude -169.87020567333778
10:15:47.780 [Test worker] DEBUG tourGuide.service.RewardsService - Begin Tracker. #3.1.2 Tracking USER internalUser40
10:15:47.780 [Test worker] DEBUG tourGuide.service.RewardsService - Begin Tracker. #3.1.1 Tracking USER internalUser40 latitutde -36.1186329196358 longitude -75.86061778177294
10:15:47.780 [Test worker] DEBUG tourGuide.service.RewardsService - Begin Tracker. #3.1.2 Tracking USER internalUser40
10:15:47.780 [Test worker] DEBUG tourGuide.service.RewardsService - Begin Tracker. #3.1.1 Tracking USER internalUser40 latitutde 13.33753377816386 longitude -164.68445268253151
10:15:47.780 [Test worker] DEBUG tourGuide.service.RewardsService - Begin Tracker. #3.1.2 Tracking USER internalUser40
10:15:47.781 [Test worker] DEBUG tourGuide.service.RewardsService - Begin Tracker. #3.1.1 Tracking USER internalUser40 latitutde 82.797178 longitude -112.126067
10:15:47.781 [Test worker] DEBUG tourGuide.service.RewardsService - Begin Tracker. #3.1.2 Tracking USER internalUser40
10:15:47.781 [Test worker] DEBUG tourGuide.service.RewardsService - Begin Tracker. #3.2 Tracking USER internalUser40
10:15:47.781 [Test worker] DEBUG tourGuide.service.TourGuideService - Begin Tracker. #4 Tracking USER internalUser40
10:15:47.787 [pool-1-thread-1] DEBUG tourGuide.service.TourGuideService - Begin Tracker. #1 Tracking USER internalUser46
10:15:47.788 [pool-1-thread-1] DEBUG tourGuide.service.TourGuideService - Begin Tracker. #2 Tracking USER internalUser46 latitutde -0.968664 longitude -0.73193
10:15:47.799 [pool-1-thread-1] DEBUG tourGuide.service.RewardsService - Begin Tracker. #3.1.0 Tracking USER internalUser46
10:15:47.799 [pool-1-thread-1] DEBUG tourGuide.service.RewardsService - Begin Tracker. #3.1.1 Tracking USER internalUser46 latitutde -63.35756352710685 longitude 81.8267106514487
10:15:47.799 [pool-1-thread-1] DEBUG tourGuide.service.RewardsService - Begin Tracker. #3.1.2 Tracking USER internalUser46
10:15:47.800 [pool-1-thread-1] DEBUG tourGuide.service.RewardsService - Begin Tracker. #3.1.1 Tracking USER internalUser46 latitutde -23.32601902231238 longitude 38.91012414804132
10:15:47.800 [pool-1-thread-1] DEBUG tourGuide.service.RewardsService - Begin Tracker. #3.1.2 Tracking USER internalUser46
10:15:47.800 [pool-1-thread-1] DEBUG tourGuide.service.RewardsService - Begin Tracker. #3.1.1 Tracking USER internalUser46 latitutde -44.61551099193868 longitude -169.66876524949276
10:15:47.800 [pool-1-thread-1] DEBUG tourGuide.service.RewardsService - Begin Tracker. #3.1.2 Tracking USER internalUser46
10:15:47.800 [pool-1-thread-1] DEBUG tourGuide.service.RewardsService - Begin Tracker. #3.1.1 Tracking USER internalUser46 latitutde -50.517164 longitude 13.141297
10:15:47.801 [pool-1-thread-1] DEBUG tourGuide.service.RewardsService - Begin Tracker. #3.1.2 Tracking USER internalUser46
10:15:47.801 [pool-1-thread-1] DEBUG tourGuide.service.RewardsService - Begin Tracker. #3.1.1 Tracking USER internalUser46 latitutde -0.968664 longitude -0.73193
10:15:47.801 [pool-1-thread-1] DEBUG tourGuide.service.RewardsService - Begin Tracker. #3.1.2 Tracking USER internalUser46
10:15:47.803 [pool-1-thread-1] DEBUG tourGuide.service.RewardsService - Begin Tracker. #3.2 Tracking USER internalUser46
10:15:47.803 [pool-1-thread-1] DEBUG tourGuide.service.TourGuideService - Begin Tracker. #4 Tracking USER internalUser46
10:15:47.870 [pool-1-thread-1] DEBUG tourGuide.service.TourGuideService - Begin Tracker. #1 Tracking USER internalUser41
10:15:47.870 [pool-1-thread-1] DEBUG tourGuide.service.TourGuideService - Begin Tracker. #2 Tracking USER internalUser41 latitutde 33.887854 longitude 67.314793
10:15:47.878 [Test worker] DEBUG tourGuide.service.TourGuideService - Begin Tracker. #1 Tracking USER internalUser43
10:15:47.879 [Test worker] DEBUG tourGuide.service.TourGuideService - Begin Tracker. #2 Tracking USER internalUser43 latitutde 19.295888 longitude -125.679468
10:15:47.881 [pool-1-thread-1] DEBUG tourGuide.service.RewardsService - Begin Tracker. #3.1.0 Tracking USER internalUser41
10:15:47.881 [pool-1-thread-1] DEBUG tourGuide.service.RewardsService - Begin Tracker. #3.1.1 Tracking USER internalUser41 latitutde 2.67894863491523 longitude 153.48568442160524
10:15:47.881 [pool-1-thread-1] DEBUG tourGuide.service.RewardsService - Begin Tracker. #3.1.2 Tracking USER internalUser41
10:15:47.881 [pool-1-thread-1] DEBUG tourGuide.service.RewardsService - Begin Tracker. #3.1.1 Tracking USER internalUser41 latitutde -33.022083760931835 longitude 99.3840394548933
10:15:47.881 [pool-1-thread-1] DEBUG tourGuide.service.RewardsService - Begin Tracker. #3.1.2 Tracking USER internalUser41
10:15:47.881 [pool-1-thread-1] DEBUG tourGuide.service.RewardsService - Begin Tracker. #3.1.1 Tracking USER internalUser41 latitutde -11.695900103961833 longitude -151.39536199896506
10:15:47.881 [pool-1-thread-1] DEBUG tourGuide.service.RewardsService - Begin Tracker. #3.1.2 Tracking USER internalUser41
10:15:47.881 [pool-1-thread-1] DEBUG tourGuide.service.RewardsService - Begin Tracker. #3.1.1 Tracking USER internalUser41 latitutde -47.033646 longitude 29.496756
10:15:47.881 [pool-1-thread-1] DEBUG tourGuide.service.RewardsService - Begin Tracker. #3.1.2 Tracking USER internalUser41
10:15:47.881 [pool-1-thread-1] DEBUG tourGuide.service.RewardsService - Begin Tracker. #3.1.1 Tracking USER internalUser41 latitutde 33.887854 longitude 67.314793
10:15:47.881 [pool-1-thread-1] DEBUG tourGuide.service.RewardsService - Begin Tracker. #3.1.2 Tracking USER internalUser41
10:15:47.881 [pool-1-thread-1] DEBUG tourGuide.service.RewardsService - Begin Tracker. #3.2 Tracking USER internalUser41
10:15:47.881 [pool-1-thread-1] DEBUG tourGuide.service.TourGuideService - Begin Tracker. #4 Tracking USER internalUser41
10:15:47.905 [Test worker] DEBUG tourGuide.service.RewardsService - Begin Tracker. #3.1.0 Tracking USER internalUser43
10:15:47.905 [Test worker] DEBUG tourGuide.service.RewardsService - Begin Tracker. #3.1.1 Tracking USER internalUser43 latitutde -35.790284210241346 longitude 63.4655997852484
10:15:47.906 [Test worker] DEBUG tourGuide.service.RewardsService - Begin Tracker. #3.1.2 Tracking USER internalUser43
10:15:47.906 [Test worker] DEBUG tourGuide.service.RewardsService - Begin Tracker. #3.1.1 Tracking USER internalUser43 latitutde -63.29646061465146 longitude -163.22143125433462
10:15:47.907 [Test worker] DEBUG tourGuide.service.RewardsService - Begin Tracker. #3.1.2 Tracking USER internalUser43
10:15:47.907 [Test worker] DEBUG tourGuide.service.RewardsService - Begin Tracker. #3.1.1 Tracking USER internalUser43 latitutde 8.379003690413796 longitude 86.99816915533762
10:15:47.907 [Test worker] DEBUG tourGuide.service.RewardsService - Begin Tracker. #3.1.2 Tracking USER internalUser43
10:15:47.907 [Test worker] DEBUG tourGuide.service.RewardsService - Begin Tracker. #3.1.1 Tracking USER internalUser43 latitutde 19.295888 longitude -125.679468
10:15:47.908 [Test worker] DEBUG tourGuide.service.RewardsService - Begin Tracker. #3.1.2 Tracking USER internalUser43
10:15:47.908 [Test worker] DEBUG tourGuide.service.RewardsService - Begin Tracker. #3.2 Tracking USER internalUser43
10:15:47.909 [Test worker] DEBUG tourGuide.service.TourGuideService - Begin Tracker. #4 Tracking USER internalUser43
10:15:47.945 [pool-1-thread-1] DEBUG tourGuide.service.TourGuideService - Begin Tracker. #1 Tracking USER internalUser40
10:15:47.945 [pool-1-thread-1] DEBUG tourGuide.service.TourGuideService - Begin Tracker. #2 Tracking USER internalUser40 latitutde 30.082235 longitude 140.437666
10:15:47.956 [pool-1-thread-1] DEBUG tourGuide.service.RewardsService - Begin Tracker. #3.1.0 Tracking USER internalUser40
10:15:47.956 [pool-1-thread-1] DEBUG tourGuide.service.RewardsService - Begin Tracker. #3.1.1 Tracking USER internalUser40 latitutde -68.61896145736088 longitude -169.87020567333778
10:15:47.956 [pool-1-thread-1] DEBUG tourGuide.service.RewardsService - Begin Tracker. #3.1.2 Tracking USER internalUser40
10:15:47.956 [pool-1-thread-1] DEBUG tourGuide.service.RewardsService - Begin Tracker. #3.1.1 Tracking USER internalUser40 latitutde -36.1186329196358 longitude -75.86061778177294
10:15:47.956 [pool-1-thread-1] DEBUG tourGuide.service.RewardsService - Begin Tracker. #3.1.2 Tracking USER internalUser40
10:15:47.956 [pool-1-thread-1] DEBUG tourGuide.service.RewardsService - Begin Tracker. #3.1.1 Tracking USER internalUser40 latitutde 13.33753377816386 longitude -164.68445268253151
10:15:47.956 [pool-1-thread-1] DEBUG tourGuide.service.RewardsService - Begin Tracker. #3.1.2 Tracking USER internalUser40
10:15:47.956 [pool-1-thread-1] DEBUG tourGuide.service.RewardsService - Begin Tracker. #3.1.1 Tracking USER internalUser40 latitutde 82.797178 longitude -112.126067
10:15:47.957 [pool-1-thread-1] DEBUG tourGuide.service.RewardsService - Begin Tracker. #3.1.2 Tracking USER internalUser40
10:15:47.957 [pool-1-thread-1] DEBUG tourGuide.service.RewardsService - Begin Tracker. #3.1.1 Tracking USER internalUser40 latitutde 30.082235 longitude 140.437666
10:15:47.957 [pool-1-thread-1] DEBUG tourGuide.service.RewardsService - Begin Tracker. #3.1.2 Tracking USER internalUser40
10:15:47.957 [pool-1-thread-1] DEBUG tourGuide.service.RewardsService - Begin Tracker. #3.2 Tracking USER internalUser40
10:15:47.957 [pool-1-thread-1] DEBUG tourGuide.service.TourGuideService - Begin Tracker. #4 Tracking USER internalUser40
10:15:47.966 [Test worker] DEBUG tourGuide.service.TourGuideService - Begin Tracker. #1 Tracking USER internalUser42
10:15:47.966 [Test worker] DEBUG tourGuide.service.TourGuideService - Begin Tracker. #2 Tracking USER internalUser42 latitutde 27.134828 longitude -179.493581
10:15:47.976 [Test worker] DEBUG tourGuide.service.RewardsService - Begin Tracker. #3.1.0 Tracking USER internalUser42
10:15:47.976 [Test worker] DEBUG tourGuide.service.RewardsService - Begin Tracker. #3.1.1 Tracking USER internalUser42 latitutde 24.15983518921098 longitude -132.9060971653052
10:15:47.976 [Test worker] DEBUG tourGuide.service.RewardsService - Begin Tracker. #3.1.2 Tracking USER internalUser42
10:15:47.976 [Test worker] DEBUG tourGuide.service.RewardsService - Begin Tracker. #3.1.1 Tracking USER internalUser42 latitutde -69.29751441710164 longitude -5.5244753607671555
10:15:47.976 [Test worker] DEBUG tourGuide.service.RewardsService - Begin Tracker. #3.1.2 Tracking USER internalUser42
10:15:47.976 [Test worker] DEBUG tourGuide.service.RewardsService - Begin Tracker. #3.1.1 Tracking USER internalUser42 latitutde 35.20737910814802 longitude -1.5268937178787496
10:15:47.976 [Test worker] DEBUG tourGuide.service.RewardsService - Begin Tracker. #3.1.2 Tracking USER internalUser42
10:15:47.976 [Test worker] DEBUG tourGuide.service.RewardsService - Begin Tracker. #3.1.1 Tracking USER internalUser42 latitutde 27.134828 longitude -179.493581
10:15:47.976 [Test worker] DEBUG tourGuide.service.RewardsService - Begin Tracker. #3.1.2 Tracking USER internalUser42
10:15:47.976 [Test worker] DEBUG tourGuide.service.RewardsService - Begin Tracker. #3.2 Tracking USER internalUser42
10:15:47.976 [Test worker] DEBUG tourGuide.service.TourGuideService - Begin Tracker. #4 Tracking USER internalUser42
10:15:48.035 [pool-1-thread-1] DEBUG tourGuide.service.TourGuideService - Begin Tracker. #1 Tracking USER internalUser43
10:15:48.035 [pool-1-thread-1] DEBUG tourGuide.service.TourGuideService - Begin Tracker. #2 Tracking USER internalUser43 latitutde -35.456415 longitude -106.378201
10:15:48.046 [pool-1-thread-1] DEBUG tourGuide.service.RewardsService - Begin Tracker. #3.1.0 Tracking USER internalUser43
10:15:48.046 [pool-1-thread-1] DEBUG tourGuide.service.RewardsService - Begin Tracker. #3.1.1 Tracking USER internalUser43 latitutde -35.790284210241346 longitude 63.4655997852484
10:15:48.046 [pool-1-thread-1] DEBUG tourGuide.service.RewardsService - Begin Tracker. #3.1.2 Tracking USER internalUser43
10:15:48.046 [pool-1-thread-1] DEBUG tourGuide.service.RewardsService - Begin Tracker. #3.1.1 Tracking USER internalUser43 latitutde -63.29646061465146 longitude -163.22143125433462
10:15:48.046 [pool-1-thread-1] DEBUG tourGuide.service.RewardsService - Begin Tracker. #3.1.2 Tracking USER internalUser43
10:15:48.046 [pool-1-thread-1] DEBUG tourGuide.service.RewardsService - Begin Tracker. #3.1.1 Tracking USER internalUser43 latitutde 8.379003690413796 longitude 86.99816915533762
10:15:48.046 [pool-1-thread-1] DEBUG tourGuide.service.RewardsService - Begin Tracker. #3.1.2 Tracking USER internalUser43
10:15:48.046 [pool-1-thread-1] DEBUG tourGuide.service.RewardsService - Begin Tracker. #3.1.1 Tracking USER internalUser43 latitutde 19.295888 longitude -125.679468
10:15:48.046 [pool-1-thread-1] DEBUG tourGuide.service.RewardsService - Begin Tracker. #3.1.2 Tracking USER internalUser43
10:15:48.046 [pool-1-thread-1] DEBUG tourGuide.service.RewardsService - Begin Tracker. #3.1.1 Tracking USER internalUser43 latitutde -35.456415 longitude -106.378201
10:15:48.046 [pool-1-thread-1] DEBUG tourGuide.service.RewardsService - Begin Tracker. #3.1.2 Tracking USER internalUser43
10:15:48.046 [pool-1-thread-1] DEBUG tourGuide.service.RewardsService - Begin Tracker. #3.2 Tracking USER internalUser43
10:15:48.046 [pool-1-thread-1] DEBUG tourGuide.service.TourGuideService - Begin Tracker. #4 Tracking USER internalUser43
10:15:48.056 [Test worker] DEBUG tourGuide.service.TourGuideService - Begin Tracker. #1 Tracking USER internalUser59
10:15:48.056 [Test worker] DEBUG tourGuide.service.TourGuideService - Begin Tracker. #2 Tracking USER internalUser59 latitutde 15.591371 longitude -167.073047
10:15:48.077 [pool-1-thread-1] DEBUG tourGuide.service.TourGuideService - Begin Tracker. #1 Tracking USER internalUser42
10:15:48.077 [pool-1-thread-1] DEBUG tourGuide.service.TourGuideService - Begin Tracker. #2 Tracking USER internalUser42 latitutde -79.930053 longitude -156.535953
10:15:48.079 [Test worker] DEBUG tourGuide.service.RewardsService - Begin Tracker. #3.1.0 Tracking USER internalUser59
10:15:48.079 [Test worker] DEBUG tourGuide.service.RewardsService - Begin Tracker. #3.1.1 Tracking USER internalUser59 latitutde -56.31398712454279 longitude 41.28489748888137
10:15:48.079 [Test worker] DEBUG tourGuide.service.RewardsService - Begin Tracker. #3.1.2 Tracking USER internalUser59
10:15:48.079 [Test worker] DEBUG tourGuide.service.RewardsService - Begin Tracker. #3.1.1 Tracking USER internalUser59 latitutde 3.5526224581123245 longitude 152.41147026645774
10:15:48.079 [Test worker] DEBUG tourGuide.service.RewardsService - Begin Tracker. #3.1.2 Tracking USER internalUser59
10:15:48.080 [Test worker] DEBUG tourGuide.service.RewardsService - Begin Tracker. #3.1.1 Tracking USER internalUser59 latitutde -79.71347721076242 longitude -52.26271055443466
10:15:48.080 [Test worker] DEBUG tourGuide.service.RewardsService - Begin Tracker. #3.1.2 Tracking USER internalUser59
10:15:48.080 [Test worker] DEBUG tourGuide.service.RewardsService - Begin Tracker. #3.1.1 Tracking USER internalUser59 latitutde 15.591371 longitude -167.073047
10:15:48.080 [Test worker] DEBUG tourGuide.service.RewardsService - Begin Tracker. #3.1.2 Tracking USER internalUser59
10:15:48.080 [Test worker] DEBUG tourGuide.service.RewardsService - Begin Tracker. #3.2 Tracking USER internalUser59
10:15:48.080 [Test worker] DEBUG tourGuide.service.TourGuideService - Begin Tracker. #4 Tracking USER internalUser59
10:15:48.095 [pool-1-thread-1] DEBUG tourGuide.service.RewardsService - Begin Tracker. #3.1.0 Tracking USER internalUser42
10:15:48.095 [pool-1-thread-1] DEBUG tourGuide.service.RewardsService - Begin Tracker. #3.1.1 Tracking USER internalUser42 latitutde 24.15983518921098 longitude -132.9060971653052
10:15:48.095 [pool-1-thread-1] DEBUG tourGuide.service.RewardsService - Begin Tracker. #3.1.2 Tracking USER internalUser42
10:15:48.095 [pool-1-thread-1] DEBUG tourGuide.service.RewardsService - Begin Tracker. #3.1.1 Tracking USER internalUser42 latitutde -69.29751441710164 longitude -5.5244753607671555
10:15:48.095 [pool-1-thread-1] DEBUG tourGuide.service.RewardsService - Begin Tracker. #3.1.2 Tracking USER internalUser42
10:15:48.095 [pool-1-thread-1] DEBUG tourGuide.service.RewardsService - Begin Tracker. #3.1.1 Tracking USER internalUser42 latitutde 35.20737910814802 longitude -1.5268937178787496
10:15:48.096 [pool-1-thread-1] DEBUG tourGuide.service.RewardsService - Begin Tracker. #3.1.2 Tracking USER internalUser42
10:15:48.096 [pool-1-thread-1] DEBUG tourGuide.service.RewardsService - Begin Tracker. #3.1.1 Tracking USER internalUser42 latitutde 27.134828 longitude -179.493581
10:15:48.096 [pool-1-thread-1] DEBUG tourGuide.service.RewardsService - Begin Tracker. #3.1.2 Tracking USER internalUser42
10:15:48.096 [pool-1-thread-1] DEBUG tourGuide.service.RewardsService - Begin Tracker. #3.1.1 Tracking USER internalUser42 latitutde -79.930053 longitude -156.535953
10:15:48.096 [pool-1-thread-1] DEBUG tourGuide.service.RewardsService - Begin Tracker. #3.1.2 Tracking USER internalUser42
10:15:48.096 [pool-1-thread-1] DEBUG tourGuide.service.RewardsService - Begin Tracker. #3.2 Tracking USER internalUser42
10:15:48.096 [pool-1-thread-1] DEBUG tourGuide.service.TourGuideService - Begin Tracker. #4 Tracking USER internalUser42
10:15:48.112 [Test worker] DEBUG tourGuide.service.TourGuideService - Begin Tracker. #1 Tracking USER internalUser56
10:15:48.112 [Test worker] DEBUG tourGuide.service.TourGuideService - Begin Tracker. #2 Tracking USER internalUser56 latitutde 49.03199 longitude 31.208142
10:15:48.123 [Test worker] DEBUG tourGuide.service.RewardsService - Begin Tracker. #3.1.0 Tracking USER internalUser56
10:15:48.123 [Test worker] DEBUG tourGuide.service.RewardsService - Begin Tracker. #3.1.1 Tracking USER internalUser56 latitutde -40.07617505233419 longitude 36.860079527736275
10:15:48.123 [Test worker] DEBUG tourGuide.service.RewardsService - Begin Tracker. #3.1.2 Tracking USER internalUser56
10:15:48.123 [Test worker] DEBUG tourGuide.service.RewardsService - Begin Tracker. #3.1.1 Tracking USER internalUser56 latitutde 71.7230933666518 longitude 136.74220799854191
10:15:48.123 [Test worker] DEBUG tourGuide.service.RewardsService - Begin Tracker. #3.1.2 Tracking USER internalUser56
10:15:48.123 [Test worker] DEBUG tourGuide.service.RewardsService - Begin Tracker. #3.1.1 Tracking USER internalUser56 latitutde 17.278893782007287 longitude 71.76347793133434
10:15:48.123 [Test worker] DEBUG tourGuide.service.RewardsService - Begin Tracker. #3.1.2 Tracking USER internalUser56
10:15:48.123 [Test worker] DEBUG tourGuide.service.RewardsService - Begin Tracker. #3.1.1 Tracking USER internalUser56 latitutde 49.03199 longitude 31.208142
10:15:48.123 [Test worker] DEBUG tourGuide.service.RewardsService - Begin Tracker. #3.1.2 Tracking USER internalUser56
10:15:48.123 [Test worker] DEBUG tourGuide.service.RewardsService - Begin Tracker. #3.2 Tracking USER internalUser56
10:15:48.123 [Test worker] DEBUG tourGuide.service.TourGuideService - Begin Tracker. #4 Tracking USER internalUser56
10:15:48.145 [pool-1-thread-1] DEBUG tourGuide.service.TourGuideService - Begin Tracker. #1 Tracking USER internalUser59
10:15:48.145 [pool-1-thread-1] DEBUG tourGuide.service.TourGuideService - Begin Tracker. #2 Tracking USER internalUser59 latitutde 3.440498 longitude -142.55119
10:15:48.159 [pool-1-thread-1] DEBUG tourGuide.service.RewardsService - Begin Tracker. #3.1.0 Tracking USER internalUser59
10:15:48.159 [pool-1-thread-1] DEBUG tourGuide.service.RewardsService - Begin Tracker. #3.1.1 Tracking USER internalUser59 latitutde -56.31398712454279 longitude 41.28489748888137
10:15:48.159 [pool-1-thread-1] DEBUG tourGuide.service.RewardsService - Begin Tracker. #3.1.2 Tracking USER internalUser59
10:15:48.159 [pool-1-thread-1] DEBUG tourGuide.service.RewardsService - Begin Tracker. #3.1.1 Tracking USER internalUser59 latitutde 3.5526224581123245 longitude 152.41147026645774
10:15:48.159 [pool-1-thread-1] DEBUG tourGuide.service.RewardsService - Begin Tracker. #3.1.2 Tracking USER internalUser59
10:15:48.159 [pool-1-thread-1] DEBUG tourGuide.service.RewardsService - Begin Tracker. #3.1.1 Tracking USER internalUser59 latitutde -79.71347721076242 longitude -52.26271055443466
10:15:48.159 [pool-1-thread-1] DEBUG tourGuide.service.RewardsService - Begin Tracker. #3.1.2 Tracking USER internalUser59
10:15:48.159 [pool-1-thread-1] DEBUG tourGuide.service.RewardsService - Begin Tracker. #3.1.1 Tracking USER internalUser59 latitutde 15.591371 longitude -167.073047
10:15:48.159 [pool-1-thread-1] DEBUG tourGuide.service.RewardsService - Begin Tracker. #3.1.2 Tracking USER internalUser59
10:15:48.159 [pool-1-thread-1] DEBUG tourGuide.service.RewardsService - Begin Tracker. #3.1.1 Tracking USER internalUser59 latitutde 3.440498 longitude -142.55119
10:15:48.159 [pool-1-thread-1] DEBUG tourGuide.service.RewardsService - Begin Tracker. #3.1.2 Tracking USER internalUser59
10:15:48.160 [pool-1-thread-1] DEBUG tourGuide.service.RewardsService - Begin Tracker. #3.2 Tracking USER internalUser59
10:15:48.160 [pool-1-thread-1] DEBUG tourGuide.service.TourGuideService - Begin Tracker. #4 Tracking USER internalUser59
10:15:48.184 [Test worker] DEBUG tourGuide.service.TourGuideService - Begin Tracker. #1 Tracking USER internalUser55
10:15:48.184 [Test worker] DEBUG tourGuide.service.TourGuideService - Begin Tracker. #2 Tracking USER internalUser55 latitutde 77.858249 longitude 4.26478
10:15:48.195 [Test worker] DEBUG tourGuide.service.RewardsService - Begin Tracker. #3.1.0 Tracking USER internalUser55
10:15:48.195 [Test worker] DEBUG tourGuide.service.RewardsService - Begin Tracker. #3.1.1 Tracking USER internalUser55 latitutde -45.34248941176999 longitude -92.23820343842067
10:15:48.195 [Test worker] DEBUG tourGuide.service.RewardsService - Begin Tracker. #3.1.2 Tracking USER internalUser55
10:15:48.195 [Test worker] DEBUG tourGuide.service.RewardsService - Begin Tracker. #3.1.1 Tracking USER internalUser55 latitutde 1.4216165057488013 longitude -2.4579027808517537
10:15:48.195 [Test worker] DEBUG tourGuide.service.RewardsService - Begin Tracker. #3.1.2 Tracking USER internalUser55
10:15:48.195 [Test worker] DEBUG tourGuide.service.RewardsService - Begin Tracker. #3.1.1 Tracking USER internalUser55 latitutde -83.37692804892897 longitude 25.68066742344533
10:15:48.196 [Test worker] DEBUG tourGuide.service.RewardsService - Begin Tracker. #3.1.2 Tracking USER internalUser55
10:15:48.196 [Test worker] DEBUG tourGuide.service.RewardsService - Begin Tracker. #3.1.1 Tracking USER internalUser55 latitutde 77.858249 longitude 4.26478
10:15:48.196 [Test worker] DEBUG tourGuide.service.RewardsService - Begin Tracker. #3.1.2 Tracking USER internalUser55
10:15:48.196 [Test worker] DEBUG tourGuide.service.RewardsService - Begin Tracker. #3.2 Tracking USER internalUser55
10:15:48.196 [Test worker] DEBUG tourGuide.service.TourGuideService - Begin Tracker. #4 Tracking USER internalUser55
10:15:48.237 [pool-1-thread-1] DEBUG tourGuide.service.TourGuideService - Begin Tracker. #1 Tracking USER internalUser56
10:15:48.237 [pool-1-thread-1] DEBUG tourGuide.service.TourGuideService - Begin Tracker. #2 Tracking USER internalUser56 latitutde 77.27241 longitude 122.464932
10:15:48.247 [pool-1-thread-1] DEBUG tourGuide.service.RewardsService - Begin Tracker. #3.1.0 Tracking USER internalUser56
10:15:48.247 [pool-1-thread-1] DEBUG tourGuide.service.RewardsService - Begin Tracker. #3.1.1 Tracking USER internalUser56 latitutde -40.07617505233419 longitude 36.860079527736275
10:15:48.247 [pool-1-thread-1] DEBUG tourGuide.service.RewardsService - Begin Tracker. #3.1.2 Tracking USER internalUser56
10:15:48.247 [pool-1-thread-1] DEBUG tourGuide.service.RewardsService - Begin Tracker. #3.1.1 Tracking USER internalUser56 latitutde 71.7230933666518 longitude 136.74220799854191
10:15:48.247 [pool-1-thread-1] DEBUG tourGuide.service.RewardsService - Begin Tracker. #3.1.2 Tracking USER internalUser56
10:15:48.247 [pool-1-thread-1] DEBUG tourGuide.service.RewardsService - Begin Tracker. #3.1.1 Tracking USER internalUser56 latitutde 17.278893782007287 longitude 71.76347793133434
10:15:48.247 [pool-1-thread-1] DEBUG tourGuide.service.RewardsService - Begin Tracker. #3.1.2 Tracking USER internalUser56
10:15:48.247 [pool-1-thread-1] DEBUG tourGuide.service.RewardsService - Begin Tracker. #3.1.1 Tracking USER internalUser56 latitutde 49.03199 longitude 31.208142
10:15:48.248 [pool-1-thread-1] DEBUG tourGuide.service.RewardsService - Begin Tracker. #3.1.2 Tracking USER internalUser56
10:15:48.248 [pool-1-thread-1] DEBUG tourGuide.service.RewardsService - Begin Tracker. #3.1.1 Tracking USER internalUser56 latitutde 77.27241 longitude 122.464932
10:15:48.248 [pool-1-thread-1] DEBUG tourGuide.service.RewardsService - Begin Tracker. #3.1.2 Tracking USER internalUser56
10:15:48.248 [pool-1-thread-1] DEBUG tourGuide.service.RewardsService - Begin Tracker. #3.2 Tracking USER internalUser56
10:15:48.248 [pool-1-thread-1] DEBUG tourGuide.service.TourGuideService - Begin Tracker. #4 Tracking USER internalUser56
10:15:48.249 [Test worker] DEBUG tourGuide.service.TourGuideService - Begin Tracker. #1 Tracking USER internalUser58
10:15:48.249 [Test worker] DEBUG tourGuide.service.TourGuideService - Begin Tracker. #2 Tracking USER internalUser58 latitutde 79.884426 longitude 118.58921
10:15:48.259 [Test worker] DEBUG tourGuide.service.RewardsService - Begin Tracker. #3.1.0 Tracking USER internalUser58
10:15:48.261 [Test worker] DEBUG tourGuide.service.RewardsService - Begin Tracker. #3.1.1 Tracking USER internalUser58 latitutde 79.39892451743881 longitude -144.99875128241075
10:15:48.261 [Test worker] DEBUG tourGuide.service.RewardsService - Begin Tracker. #3.1.2 Tracking USER internalUser58
10:15:48.261 [Test worker] DEBUG tourGuide.service.RewardsService - Begin Tracker. #3.1.1 Tracking USER internalUser58 latitutde 19.483996992269255 longitude -60.42806968327082
10:15:48.261 [Test worker] DEBUG tourGuide.service.RewardsService - Begin Tracker. #3.1.2 Tracking USER internalUser58
10:15:48.261 [Test worker] DEBUG tourGuide.service.RewardsService - Begin Tracker. #3.1.1 Tracking USER internalUser58 latitutde -30.04965735697111 longitude 58.97747057764752
10:15:48.261 [Test worker] DEBUG tourGuide.service.RewardsService - Begin Tracker. #3.1.2 Tracking USER internalUser58
10:15:48.261 [Test worker] DEBUG tourGuide.service.RewardsService - Begin Tracker. #3.1.1 Tracking USER internalUser58 latitutde 79.884426 longitude 118.58921
10:15:48.261 [Test worker] DEBUG tourGuide.service.RewardsService - Begin Tracker. #3.1.2 Tracking USER internalUser58
10:15:48.261 [Test worker] DEBUG tourGuide.service.RewardsService - Begin Tracker. #3.2 Tracking USER internalUser58
10:15:48.262 [Test worker] DEBUG tourGuide.service.TourGuideService - Begin Tracker. #4 Tracking USER internalUser58
10:15:48.286 [pool-1-thread-1] DEBUG tourGuide.service.TourGuideService - Begin Tracker. #1 Tracking USER internalUser55
10:15:48.286 [pool-1-thread-1] DEBUG tourGuide.service.TourGuideService - Begin Tracker. #2 Tracking USER internalUser55 latitutde 17.121145 longitude 90.795609
10:15:48.296 [pool-1-thread-1] DEBUG tourGuide.service.RewardsService - Begin Tracker. #3.1.0 Tracking USER internalUser55
10:15:48.296 [pool-1-thread-1] DEBUG tourGuide.service.RewardsService - Begin Tracker. #3.1.1 Tracking USER internalUser55 latitutde -45.34248941176999 longitude -92.23820343842067
10:15:48.296 [pool-1-thread-1] DEBUG tourGuide.service.RewardsService - Begin Tracker. #3.1.2 Tracking USER internalUser55
10:15:48.296 [pool-1-thread-1] DEBUG tourGuide.service.RewardsService - Begin Tracker. #3.1.1 Tracking USER internalUser55 latitutde 1.4216165057488013 longitude -2.4579027808517537
10:15:48.296 [pool-1-thread-1] DEBUG tourGuide.service.RewardsService - Begin Tracker. #3.1.2 Tracking USER internalUser55
10:15:48.296 [pool-1-thread-1] DEBUG tourGuide.service.RewardsService - Begin Tracker. #3.1.1 Tracking USER internalUser55 latitutde -83.37692804892897 longitude 25.68066742344533
10:15:48.296 [pool-1-thread-1] DEBUG tourGuide.service.RewardsService - Begin Tracker. #3.1.2 Tracking USER internalUser55
10:15:48.296 [pool-1-thread-1] DEBUG tourGuide.service.RewardsService - Begin Tracker. #3.1.1 Tracking USER internalUser55 latitutde 77.858249 longitude 4.26478
10:15:48.296 [pool-1-thread-1] DEBUG tourGuide.service.RewardsService - Begin Tracker. #3.1.2 Tracking USER internalUser55
10:15:48.296 [pool-1-thread-1] DEBUG tourGuide.service.RewardsService - Begin Tracker. #3.1.1 Tracking USER internalUser55 latitutde 17.121145 longitude 90.795609
10:15:48.296 [pool-1-thread-1] DEBUG tourGuide.service.RewardsService - Begin Tracker. #3.1.2 Tracking USER internalUser55
10:15:48.297 [pool-1-thread-1] DEBUG tourGuide.service.RewardsService - Begin Tracker. #3.2 Tracking USER internalUser55
10:15:48.297 [pool-1-thread-1] DEBUG tourGuide.service.TourGuideService - Begin Tracker. #4 Tracking USER internalUser55
10:15:48.347 [Test worker] DEBUG tourGuide.service.TourGuideService - Begin Tracker. #1 Tracking USER internalUser57
10:15:48.347 [Test worker] DEBUG tourGuide.service.TourGuideService - Begin Tracker. #2 Tracking USER internalUser57 latitutde -59.778945 longitude 130.812164
10:15:48.353 [pool-1-thread-1] DEBUG tourGuide.service.TourGuideService - Begin Tracker. #1 Tracking USER internalUser58
10:15:48.353 [pool-1-thread-1] DEBUG tourGuide.service.TourGuideService - Begin Tracker. #2 Tracking USER internalUser58 latitutde -12.748815 longitude -12.989778
10:15:48.358 [Test worker] DEBUG tourGuide.service.RewardsService - Begin Tracker. #3.1.0 Tracking USER internalUser57
10:15:48.358 [Test worker] DEBUG tourGuide.service.RewardsService - Begin Tracker. #3.1.1 Tracking USER internalUser57 latitutde -68.49444723003788 longitude 26.028567856231803
10:15:48.358 [Test worker] DEBUG tourGuide.service.RewardsService - Begin Tracker. #3.1.2 Tracking USER internalUser57
10:15:48.358 [Test worker] DEBUG tourGuide.service.RewardsService - Begin Tracker. #3.1.1 Tracking USER internalUser57 latitutde 5.92104706258732 longitude -16.551196376725244
10:15:48.358 [Test worker] DEBUG tourGuide.service.RewardsService - Begin Tracker. #3.1.2 Tracking USER internalUser57
10:15:48.358 [Test worker] DEBUG tourGuide.service.RewardsService - Begin Tracker. #3.1.1 Tracking USER internalUser57 latitutde 60.973180004459806 longitude -97.53628034726258
10:15:48.358 [Test worker] DEBUG tourGuide.service.RewardsService - Begin Tracker. #3.1.2 Tracking USER internalUser57
10:15:48.358 [Test worker] DEBUG tourGuide.service.RewardsService - Begin Tracker. #3.1.1 Tracking USER internalUser57 latitutde -59.778945 longitude 130.812164
10:15:48.358 [Test worker] DEBUG tourGuide.service.RewardsService - Begin Tracker. #3.1.2 Tracking USER internalUser57
10:15:48.358 [Test worker] DEBUG tourGuide.service.RewardsService - Begin Tracker. #3.2 Tracking USER internalUser57
10:15:48.358 [Test worker] DEBUG tourGuide.service.TourGuideService - Begin Tracker. #4 Tracking USER internalUser57
10:15:48.363 [pool-1-thread-1] DEBUG tourGuide.service.RewardsService - Begin Tracker. #3.1.0 Tracking USER internalUser58
10:15:48.363 [pool-1-thread-1] DEBUG tourGuide.service.RewardsService - Begin Tracker. #3.1.1 Tracking USER internalUser58 latitutde 79.39892451743881 longitude -144.99875128241075
10:15:48.363 [pool-1-thread-1] DEBUG tourGuide.service.RewardsService - Begin Tracker. #3.1.2 Tracking USER internalUser58
10:15:48.363 [pool-1-thread-1] DEBUG tourGuide.service.RewardsService - Begin Tracker. #3.1.1 Tracking USER internalUser58 latitutde 19.483996992269255 longitude -60.42806968327082
10:15:48.363 [pool-1-thread-1] DEBUG tourGuide.service.RewardsService - Begin Tracker. #3.1.2 Tracking USER internalUser58
10:15:48.363 [pool-1-thread-1] DEBUG tourGuide.service.RewardsService - Begin Tracker. #3.1.1 Tracking USER internalUser58 latitutde -30.04965735697111 longitude 58.97747057764752
10:15:48.363 [pool-1-thread-1] DEBUG tourGuide.service.RewardsService - Begin Tracker. #3.1.2 Tracking USER internalUser58
10:15:48.364 [pool-1-thread-1] DEBUG tourGuide.service.RewardsService - Begin Tracker. #3.1.1 Tracking USER internalUser58 latitutde 79.884426 longitude 118.58921
10:15:48.364 [pool-1-thread-1] DEBUG tourGuide.service.RewardsService - Begin Tracker. #3.1.2 Tracking USER internalUser58
10:15:48.364 [pool-1-thread-1] DEBUG tourGuide.service.RewardsService - Begin Tracker. #3.1.1 Tracking USER internalUser58 latitutde -12.748815 longitude -12.989778
10:15:48.364 [pool-1-thread-1] DEBUG tourGuide.service.RewardsService - Begin Tracker. #3.1.2 Tracking USER internalUser58
10:15:48.364 [pool-1-thread-1] DEBUG tourGuide.service.RewardsService - Begin Tracker. #3.2 Tracking USER internalUser58
10:15:48.364 [pool-1-thread-1] DEBUG tourGuide.service.TourGuideService - Begin Tracker. #4 Tracking USER internalUser58
10:15:48.394 [Test worker] DEBUG tourGuide.service.TourGuideService - Begin Tracker. #1 Tracking USER internalUser52
10:15:48.394 [Test worker] DEBUG tourGuide.service.TourGuideService - Begin Tracker. #2 Tracking USER internalUser52 latitutde 78.178229 longitude 141.728445
10:15:48.405 [Test worker] DEBUG tourGuide.service.RewardsService - Begin Tracker. #3.1.0 Tracking USER internalUser52
10:15:48.405 [Test worker] DEBUG tourGuide.service.RewardsService - Begin Tracker. #3.1.1 Tracking USER internalUser52 latitutde 52.04350543118329 longitude 161.9162042289775
10:15:48.406 [Test worker] DEBUG tourGuide.service.RewardsService - Begin Tracker. #3.1.2 Tracking USER internalUser52
10:15:48.406 [Test worker] DEBUG tourGuide.service.RewardsService - Begin Tracker. #3.1.1 Tracking USER internalUser52 latitutde 40.26919804284816 longitude 52.26714018647172
10:15:48.406 [Test worker] DEBUG tourGuide.service.RewardsService - Begin Tracker. #3.1.2 Tracking USER internalUser52
10:15:48.406 [Test worker] DEBUG tourGuide.service.RewardsService - Begin Tracker. #3.1.1 Tracking USER internalUser52 latitutde -4.1876656692188305 longitude 10.246128037334302
10:15:48.407 [Test worker] DEBUG tourGuide.service.RewardsService - Begin Tracker. #3.1.2 Tracking USER internalUser52
10:15:48.407 [Test worker] DEBUG tourGuide.service.RewardsService - Begin Tracker. #3.1.1 Tracking USER internalUser52 latitutde 78.178229 longitude 141.728445
10:15:48.408 [Test worker] DEBUG tourGuide.service.RewardsService - Begin Tracker. #3.1.2 Tracking USER internalUser52
10:15:48.408 [Test worker] DEBUG tourGuide.service.RewardsService - Begin Tracker. #3.2 Tracking USER internalUser52
10:15:48.408 [Test worker] DEBUG tourGuide.service.TourGuideService - Begin Tracker. #4 Tracking USER internalUser52
10:15:48.442 [pool-1-thread-1] DEBUG tourGuide.service.TourGuideService - Begin Tracker. #1 Tracking USER internalUser57
10:15:48.442 [pool-1-thread-1] DEBUG tourGuide.service.TourGuideService - Begin Tracker. #2 Tracking USER internalUser57 latitutde 11.421107 longitude 87.901271
10:15:48.454 [pool-1-thread-1] DEBUG tourGuide.service.RewardsService - Begin Tracker. #3.1.0 Tracking USER internalUser57
10:15:48.454 [pool-1-thread-1] DEBUG tourGuide.service.RewardsService - Begin Tracker. #3.1.1 Tracking USER internalUser57 latitutde -68.49444723003788 longitude 26.028567856231803
10:15:48.454 [pool-1-thread-1] DEBUG tourGuide.service.RewardsService - Begin Tracker. #3.1.2 Tracking USER internalUser57
10:15:48.454 [pool-1-thread-1] DEBUG tourGuide.service.RewardsService - Begin Tracker. #3.1.1 Tracking USER internalUser57 latitutde 5.92104706258732 longitude -16.551196376725244
10:15:48.454 [pool-1-thread-1] DEBUG tourGuide.service.RewardsService - Begin Tracker. #3.1.2 Tracking USER internalUser57
10:15:48.454 [pool-1-thread-1] DEBUG tourGuide.service.RewardsService - Begin Tracker. #3.1.1 Tracking USER internalUser57 latitutde 60.973180004459806 longitude -97.53628034726258
10:15:48.454 [pool-1-thread-1] DEBUG tourGuide.service.RewardsService - Begin Tracker. #3.1.2 Tracking USER internalUser57
10:15:48.455 [pool-1-thread-1] DEBUG tourGuide.service.RewardsService - Begin Tracker. #3.1.1 Tracking USER internalUser57 latitutde -59.778945 longitude 130.812164
10:15:48.455 [pool-1-thread-1] DEBUG tourGuide.service.RewardsService - Begin Tracker. #3.1.2 Tracking USER internalUser57
10:15:48.455 [pool-1-thread-1] DEBUG tourGuide.service.RewardsService - Begin Tracker. #3.1.1 Tracking USER internalUser57 latitutde 11.421107 longitude 87.901271
10:15:48.455 [pool-1-thread-1] DEBUG tourGuide.service.RewardsService - Begin Tracker. #3.1.2 Tracking USER internalUser57
10:15:48.455 [pool-1-thread-1] DEBUG tourGuide.service.RewardsService - Begin Tracker. #3.2 Tracking USER internalUser57
10:15:48.455 [pool-1-thread-1] DEBUG tourGuide.service.TourGuideService - Begin Tracker. #4 Tracking USER internalUser57
10:15:48.507 [Test worker] DEBUG tourGuide.service.TourGuideService - Begin Tracker. #1 Tracking USER internalUser51
10:15:48.507 [Test worker] DEBUG tourGuide.service.TourGuideService - Begin Tracker. #2 Tracking USER internalUser51 latitutde -58.647394 longitude 93.857301
10:15:48.518 [Test worker] DEBUG tourGuide.service.RewardsService - Begin Tracker. #3.1.0 Tracking USER internalUser51
10:15:48.518 [Test worker] DEBUG tourGuide.service.RewardsService - Begin Tracker. #3.1.1 Tracking USER internalUser51 latitutde -63.97639875517824 longitude 159.22267657240877
10:15:48.518 [Test worker] DEBUG tourGuide.service.RewardsService - Begin Tracker. #3.1.2 Tracking USER internalUser51
10:15:48.518 [Test worker] DEBUG tourGuide.service.RewardsService - Begin Tracker. #3.1.1 Tracking USER internalUser51 latitutde 64.04060156191807 longitude 128.00346985229748
10:15:48.518 [Test worker] DEBUG tourGuide.service.RewardsService - Begin Tracker. #3.1.2 Tracking USER internalUser51
10:15:48.518 [Test worker] DEBUG tourGuide.service.RewardsService - Begin Tracker. #3.1.1 Tracking USER internalUser51 latitutde 21.225928847546598 longitude -116.92780076810709
10:15:48.519 [Test worker] DEBUG tourGuide.service.RewardsService - Begin Tracker. #3.1.2 Tracking USER internalUser51
10:15:48.519 [Test worker] DEBUG tourGuide.service.RewardsService - Begin Tracker. #3.1.1 Tracking USER internalUser51 latitutde -58.647394 longitude 93.857301
10:15:48.519 [Test worker] DEBUG tourGuide.service.RewardsService - Begin Tracker. #3.1.2 Tracking USER internalUser51
10:15:48.519 [Test worker] DEBUG tourGuide.service.RewardsService - Begin Tracker. #3.2 Tracking USER internalUser51
10:15:48.519 [Test worker] DEBUG tourGuide.service.TourGuideService - Begin Tracker. #4 Tracking USER internalUser51
10:15:48.520 [pool-1-thread-1] DEBUG tourGuide.service.TourGuideService - Begin Tracker. #1 Tracking USER internalUser52
10:15:48.520 [pool-1-thread-1] DEBUG tourGuide.service.TourGuideService - Begin Tracker. #2 Tracking USER internalUser52 latitutde -44.44699 longitude 35.374212
10:15:48.531 [pool-1-thread-1] DEBUG tourGuide.service.RewardsService - Begin Tracker. #3.1.0 Tracking USER internalUser52
10:15:48.532 [pool-1-thread-1] DEBUG tourGuide.service.RewardsService - Begin Tracker. #3.1.1 Tracking USER internalUser52 latitutde 52.04350543118329 longitude 161.9162042289775
10:15:48.532 [pool-1-thread-1] DEBUG tourGuide.service.RewardsService - Begin Tracker. #3.1.2 Tracking USER internalUser52
10:15:48.533 [pool-1-thread-1] DEBUG tourGuide.service.RewardsService - Begin Tracker. #3.1.1 Tracking USER internalUser52 latitutde 40.26919804284816 longitude 52.26714018647172
10:15:48.533 [pool-1-thread-1] DEBUG tourGuide.service.RewardsService - Begin Tracker. #3.1.2 Tracking USER internalUser52
10:15:48.533 [pool-1-thread-1] DEBUG tourGuide.service.RewardsService - Begin Tracker. #3.1.1 Tracking USER internalUser52 latitutde -4.1876656692188305 longitude 10.246128037334302
10:15:48.533 [pool-1-thread-1] DEBUG tourGuide.service.RewardsService - Begin Tracker. #3.1.2 Tracking USER internalUser52
10:15:48.533 [pool-1-thread-1] DEBUG tourGuide.service.RewardsService - Begin Tracker. #3.1.1 Tracking USER internalUser52 latitutde 78.178229 longitude 141.728445
10:15:48.533 [pool-1-thread-1] DEBUG tourGuide.service.RewardsService - Begin Tracker. #3.1.2 Tracking USER internalUser52
10:15:48.533 [pool-1-thread-1] DEBUG tourGuide.service.RewardsService - Begin Tracker. #3.1.1 Tracking USER internalUser52 latitutde -44.44699 longitude 35.374212
10:15:48.533 [pool-1-thread-1] DEBUG tourGuide.service.RewardsService - Begin Tracker. #3.1.2 Tracking USER internalUser52
10:15:48.533 [pool-1-thread-1] DEBUG tourGuide.service.RewardsService - Begin Tracker. #3.2 Tracking USER internalUser52
10:15:48.533 [pool-1-thread-1] DEBUG tourGuide.service.TourGuideService - Begin Tracker. #4 Tracking USER internalUser52
10:15:48.586 [Test worker] DEBUG tourGuide.service.TourGuideService - Begin Tracker. #1 Tracking USER internalUser54
10:15:48.586 [Test worker] DEBUG tourGuide.service.TourGuideService - Begin Tracker. #2 Tracking USER internalUser54 latitutde 25.020359 longitude -126.648413
10:15:48.596 [Test worker] DEBUG tourGuide.service.RewardsService - Begin Tracker. #3.1.0 Tracking USER internalUser54
10:15:48.596 [Test worker] DEBUG tourGuide.service.RewardsService - Begin Tracker. #3.1.1 Tracking USER internalUser54 latitutde -5.342843291961529 longitude 79.35833734060975
10:15:48.596 [Test worker] DEBUG tourGuide.service.RewardsService - Begin Tracker. #3.1.2 Tracking USER internalUser54
10:15:48.596 [Test worker] DEBUG tourGuide.service.RewardsService - Begin Tracker. #3.1.1 Tracking USER internalUser54 latitutde 76.74877466589845 longitude -60.946999496593875
10:15:48.596 [Test worker] DEBUG tourGuide.service.RewardsService - Begin Tracker. #3.1.2 Tracking USER internalUser54
10:15:48.597 [Test worker] DEBUG tourGuide.service.RewardsService - Begin Tracker. #3.1.1 Tracking USER internalUser54 latitutde -79.42943867018437 longitude 124.76815059169519
10:15:48.597 [Test worker] DEBUG tourGuide.service.RewardsService - Begin Tracker. #3.1.2 Tracking USER internalUser54
10:15:48.597 [Test worker] DEBUG tourGuide.service.RewardsService - Begin Tracker. #3.1.1 Tracking USER internalUser54 latitutde 25.020359 longitude -126.648413
10:15:48.597 [Test worker] DEBUG tourGuide.service.RewardsService - Begin Tracker. #3.1.2 Tracking USER internalUser54
10:15:48.597 [Test worker] DEBUG tourGuide.service.RewardsService - Begin Tracker. #3.2 Tracking USER internalUser54
10:15:48.597 [Test worker] DEBUG tourGuide.service.TourGuideService - Begin Tracker. #4 Tracking USER internalUser54
10:15:48.617 [pool-1-thread-1] DEBUG tourGuide.service.TourGuideService - Begin Tracker. #1 Tracking USER internalUser51
10:15:48.617 [pool-1-thread-1] DEBUG tourGuide.service.TourGuideService - Begin Tracker. #2 Tracking USER internalUser51 latitutde 62.854015 longitude -110.421341
10:15:48.627 [pool-1-thread-1] DEBUG tourGuide.service.RewardsService - Begin Tracker. #3.1.0 Tracking USER internalUser51
10:15:48.627 [pool-1-thread-1] DEBUG tourGuide.service.RewardsService - Begin Tracker. #3.1.1 Tracking USER internalUser51 latitutde -63.97639875517824 longitude 159.22267657240877
10:15:48.627 [pool-1-thread-1] DEBUG tourGuide.service.RewardsService - Begin Tracker. #3.1.2 Tracking USER internalUser51
10:15:48.627 [pool-1-thread-1] DEBUG tourGuide.service.RewardsService - Begin Tracker. #3.1.1 Tracking USER internalUser51 latitutde 64.04060156191807 longitude 128.00346985229748
10:15:48.627 [pool-1-thread-1] DEBUG tourGuide.service.RewardsService - Begin Tracker. #3.1.2 Tracking USER internalUser51
10:15:48.627 [pool-1-thread-1] DEBUG tourGuide.service.RewardsService - Begin Tracker. #3.1.1 Tracking USER internalUser51 latitutde 21.225928847546598 longitude -116.92780076810709
10:15:48.628 [pool-1-thread-1] DEBUG tourGuide.service.RewardsService - Begin Tracker. #3.1.2 Tracking USER internalUser51
10:15:48.628 [pool-1-thread-1] DEBUG tourGuide.service.RewardsService - Begin Tracker. #3.1.1 Tracking USER internalUser51 latitutde -58.647394 longitude 93.857301
10:15:48.628 [pool-1-thread-1] DEBUG tourGuide.service.RewardsService - Begin Tracker. #3.1.2 Tracking USER internalUser51
10:15:48.629 [pool-1-thread-1] DEBUG tourGuide.service.RewardsService - Begin Tracker. #3.1.1 Tracking USER internalUser51 latitutde 62.854015 longitude -110.421341
10:15:48.629 [pool-1-thread-1] DEBUG tourGuide.service.RewardsService - Begin Tracker. #3.1.2 Tracking USER internalUser51
10:15:48.629 [pool-1-thread-1] DEBUG tourGuide.service.RewardsService - Begin Tracker. #3.2 Tracking USER internalUser51
10:15:48.629 [pool-1-thread-1] DEBUG tourGuide.service.TourGuideService - Begin Tracker. #4 Tracking USER internalUser51
10:15:48.634 [Test worker] DEBUG tourGuide.service.TourGuideService - Begin Tracker. #1 Tracking USER internalUser53
10:15:48.634 [Test worker] DEBUG tourGuide.service.TourGuideService - Begin Tracker. #2 Tracking USER internalUser53 latitutde 4.216637 longitude 129.781129
10:15:48.649 [Test worker] DEBUG tourGuide.service.RewardsService - Begin Tracker. #3.1.0 Tracking USER internalUser53
10:15:48.649 [Test worker] DEBUG tourGuide.service.RewardsService - Begin Tracker. #3.1.1 Tracking USER internalUser53 latitutde -17.403911083231392 longitude 115.06668783324915
10:15:48.649 [Test worker] DEBUG tourGuide.service.RewardsService - Begin Tracker. #3.1.2 Tracking USER internalUser53
10:15:48.649 [Test worker] DEBUG tourGuide.service.RewardsService - Begin Tracker. #3.1.1 Tracking USER internalUser53 latitutde -25.77376746680845 longitude -1.0429781411721422
10:15:48.649 [Test worker] DEBUG tourGuide.service.RewardsService - Begin Tracker. #3.1.2 Tracking USER internalUser53
10:15:48.649 [Test worker] DEBUG tourGuide.service.RewardsService - Begin Tracker. #3.1.1 Tracking USER internalUser53 latitutde 80.99783581291385 longitude -41.100240097535476
10:15:48.649 [Test worker] DEBUG tourGuide.service.RewardsService - Begin Tracker. #3.1.2 Tracking USER internalUser53
10:15:48.649 [Test worker] DEBUG tourGuide.service.RewardsService - Begin Tracker. #3.1.1 Tracking USER internalUser53 latitutde 4.216637 longitude 129.781129
10:15:48.649 [Test worker] DEBUG tourGuide.service.RewardsService - Begin Tracker. #3.1.2 Tracking USER internalUser53
10:15:48.649 [Test worker] DEBUG tourGuide.service.RewardsService - Begin Tracker. #3.2 Tracking USER internalUser53
10:15:48.649 [Test worker] DEBUG tourGuide.service.TourGuideService - Begin Tracker. #4 Tracking USER internalUser53
10:15:48.721 [pool-1-thread-1] DEBUG tourGuide.service.TourGuideService - Begin Tracker. #1 Tracking USER internalUser54
10:15:48.721 [pool-1-thread-1] DEBUG tourGuide.service.TourGuideService - Begin Tracker. #2 Tracking USER internalUser54 latitutde -59.979314 longitude -54.850555
10:15:48.732 [pool-1-thread-1] DEBUG tourGuide.service.RewardsService - Begin Tracker. #3.1.0 Tracking USER internalUser54
10:15:48.732 [pool-1-thread-1] DEBUG tourGuide.service.RewardsService - Begin Tracker. #3.1.1 Tracking USER internalUser54 latitutde -5.342843291961529 longitude 79.35833734060975
10:15:48.733 [pool-1-thread-1] DEBUG tourGuide.service.RewardsService - Begin Tracker. #3.1.2 Tracking USER internalUser54
10:15:48.734 [pool-1-thread-1] DEBUG tourGuide.service.RewardsService - Begin Tracker. #3.1.1 Tracking USER internalUser54 latitutde 76.74877466589845 longitude -60.946999496593875
10:15:48.734 [pool-1-thread-1] DEBUG tourGuide.service.RewardsService - Begin Tracker. #3.1.2 Tracking USER internalUser54
10:15:48.734 [pool-1-thread-1] DEBUG tourGuide.service.RewardsService - Begin Tracker. #3.1.1 Tracking USER internalUser54 latitutde -79.42943867018437 longitude 124.76815059169519
10:15:48.734 [pool-1-thread-1] DEBUG tourGuide.service.RewardsService - Begin Tracker. #3.1.2 Tracking USER internalUser54
10:15:48.734 [pool-1-thread-1] DEBUG tourGuide.service.RewardsService - Begin Tracker. #3.1.1 Tracking USER internalUser54 latitutde 25.020359 longitude -126.648413
10:15:48.735 [pool-1-thread-1] DEBUG tourGuide.service.RewardsService - Begin Tracker. #3.1.2 Tracking USER internalUser54
10:15:48.735 [pool-1-thread-1] DEBUG tourGuide.service.RewardsService - Begin Tracker. #3.1.1 Tracking USER internalUser54 latitutde -59.979314 longitude -54.850555
10:15:48.735 [pool-1-thread-1] DEBUG tourGuide.service.RewardsService - Begin Tracker. #3.1.2 Tracking USER internalUser54
10:15:48.735 [pool-1-thread-1] DEBUG tourGuide.service.RewardsService - Begin Tracker. #3.2 Tracking USER internalUser54
10:15:48.735 [pool-1-thread-1] DEBUG tourGuide.service.TourGuideService - Begin Tracker. #4 Tracking USER internalUser54
10:15:48.746 [Test worker] DEBUG tourGuide.service.TourGuideService - Begin Tracker. #1 Tracking USER internalUser50
10:15:48.746 [Test worker] DEBUG tourGuide.service.TourGuideService - Begin Tracker. #2 Tracking USER internalUser50 latitutde 47.114662 longitude -147.84113
10:15:48.756 [Test worker] DEBUG tourGuide.service.RewardsService - Begin Tracker. #3.1.0 Tracking USER internalUser50
10:15:48.756 [Test worker] DEBUG tourGuide.service.RewardsService - Begin Tracker. #3.1.1 Tracking USER internalUser50 latitutde -31.99417986844174 longitude 100.4912534852894
10:15:48.756 [Test worker] DEBUG tourGuide.service.RewardsService - Begin Tracker. #3.1.2 Tracking USER internalUser50
10:15:48.756 [Test worker] DEBUG tourGuide.service.RewardsService - Begin Tracker. #3.1.1 Tracking USER internalUser50 latitutde -5.78432157382197 longitude -70.78301047263892
10:15:48.756 [Test worker] DEBUG tourGuide.service.RewardsService - Begin Tracker. #3.1.2 Tracking USER internalUser50
10:15:48.756 [Test worker] DEBUG tourGuide.service.RewardsService - Begin Tracker. #3.1.1 Tracking USER internalUser50 latitutde 78.31737818946826 longitude -155.13963840646443
10:15:48.757 [Test worker] DEBUG tourGuide.service.RewardsService - Begin Tracker. #3.1.2 Tracking USER internalUser50
10:15:48.757 [Test worker] DEBUG tourGuide.service.RewardsService - Begin Tracker. #3.1.1 Tracking USER internalUser50 latitutde 47.114662 longitude -147.84113
10:15:48.757 [Test worker] DEBUG tourGuide.service.RewardsService - Begin Tracker. #3.1.2 Tracking USER internalUser50
10:15:48.757 [Test worker] DEBUG tourGuide.service.RewardsService - Begin Tracker. #3.2 Tracking USER internalUser50
10:15:48.758 [Test worker] DEBUG tourGuide.service.TourGuideService - Begin Tracker. #4 Tracking USER internalUser50
10:15:48.799 [Test worker] DEBUG tourGuide.service.TourGuideService - Begin Tracker. #1 Tracking USER internalUser67
10:15:48.800 [Test worker] DEBUG tourGuide.service.TourGuideService - Begin Tracker. #2 Tracking USER internalUser67 latitutde -58.571002 longitude 144.02846
10:15:48.808 [pool-1-thread-1] DEBUG tourGuide.service.TourGuideService - Begin Tracker. #1 Tracking USER internalUser53
10:15:48.809 [pool-1-thread-1] DEBUG tourGuide.service.TourGuideService - Begin Tracker. #2 Tracking USER internalUser53 latitutde -36.728753 longitude 110.103938
10:15:48.813 [Test worker] DEBUG tourGuide.service.RewardsService - Begin Tracker. #3.1.0 Tracking USER internalUser67
10:15:48.814 [Test worker] DEBUG tourGuide.service.RewardsService - Begin Tracker. #3.1.1 Tracking USER internalUser67 latitutde -77.2296106608851 longitude 126.8960291854271
10:15:48.814 [Test worker] DEBUG tourGuide.service.RewardsService - Begin Tracker. #3.1.2 Tracking USER internalUser67
10:15:48.814 [Test worker] DEBUG tourGuide.service.RewardsService - Begin Tracker. #3.1.1 Tracking USER internalUser67 latitutde 33.50083768432128 longitude 79.43654997087896
10:15:48.814 [Test worker] DEBUG tourGuide.service.RewardsService - Begin Tracker. #3.1.2 Tracking USER internalUser67
10:15:48.815 [Test worker] DEBUG tourGuide.service.RewardsService - Begin Tracker. #3.1.1 Tracking USER internalUser67 latitutde -23.699714335795626 longitude 82.19662289967584
10:15:48.815 [Test worker] DEBUG tourGuide.service.RewardsService - Begin Tracker. #3.1.2 Tracking USER internalUser67
10:15:48.815 [Test worker] DEBUG tourGuide.service.RewardsService - Begin Tracker. #3.1.1 Tracking USER internalUser67 latitutde -58.571002 longitude 144.02846
10:15:48.815 [Test worker] DEBUG tourGuide.service.RewardsService - Begin Tracker. #3.1.2 Tracking USER internalUser67
10:15:48.815 [Test worker] DEBUG tourGuide.service.RewardsService - Begin Tracker. #3.2 Tracking USER internalUser67
10:15:48.815 [Test worker] DEBUG tourGuide.service.TourGuideService - Begin Tracker. #4 Tracking USER internalUser67
10:15:48.826 [pool-1-thread-1] DEBUG tourGuide.service.RewardsService - Begin Tracker. #3.1.0 Tracking USER internalUser53
10:15:48.827 [pool-1-thread-1] DEBUG tourGuide.service.RewardsService - Begin Tracker. #3.1.1 Tracking USER internalUser53 latitutde -17.403911083231392 longitude 115.06668783324915
10:15:48.827 [pool-1-thread-1] DEBUG tourGuide.service.RewardsService - Begin Tracker. #3.1.2 Tracking USER internalUser53
10:15:48.827 [pool-1-thread-1] DEBUG tourGuide.service.RewardsService - Begin Tracker. #3.1.1 Tracking USER internalUser53 latitutde -25.77376746680845 longitude -1.0429781411721422
10:15:48.827 [pool-1-thread-1] DEBUG tourGuide.service.RewardsService - Begin Tracker. #3.1.2 Tracking USER internalUser53
10:15:48.827 [pool-1-thread-1] DEBUG tourGuide.service.RewardsService - Begin Tracker. #3.1.1 Tracking USER internalUser53 latitutde 80.99783581291385 longitude -41.100240097535476
10:15:48.827 [pool-1-thread-1] DEBUG tourGuide.service.RewardsService - Begin Tracker. #3.1.2 Tracking USER internalUser53
10:15:48.827 [pool-1-thread-1] DEBUG tourGuide.service.RewardsService - Begin Tracker. #3.1.1 Tracking USER internalUser53 latitutde 4.216637 longitude 129.781129
10:15:48.827 [pool-1-thread-1] DEBUG tourGuide.service.RewardsService - Begin Tracker. #3.1.2 Tracking USER internalUser53
10:15:48.827 [pool-1-thread-1] DEBUG tourGuide.service.RewardsService - Begin Tracker. #3.1.1 Tracking USER internalUser53 latitutde -36.728753 longitude 110.103938
10:15:48.827 [pool-1-thread-1] DEBUG tourGuide.service.RewardsService - Begin Tracker. #3.1.2 Tracking USER internalUser53
10:15:48.827 [pool-1-thread-1] DEBUG tourGuide.service.RewardsService - Begin Tracker. #3.2 Tracking USER internalUser53
10:15:48.827 [pool-1-thread-1] DEBUG tourGuide.service.TourGuideService - Begin Tracker. #4 Tracking USER internalUser53
10:15:48.867 [Test worker] DEBUG tourGuide.service.TourGuideService - Begin Tracker. #1 Tracking USER internalUser66
10:15:48.867 [Test worker] DEBUG tourGuide.service.TourGuideService - Begin Tracker. #2 Tracking USER internalUser66 latitutde 43.934633 longitude -121.628912
10:15:48.878 [Test worker] DEBUG tourGuide.service.RewardsService - Begin Tracker. #3.1.0 Tracking USER internalUser66
10:15:48.878 [Test worker] DEBUG tourGuide.service.RewardsService - Begin Tracker. #3.1.1 Tracking USER internalUser66 latitutde -33.92921699341222 longitude 158.516044235131
10:15:48.878 [Test worker] DEBUG tourGuide.service.RewardsService - Begin Tracker. #3.1.2 Tracking USER internalUser66
10:15:48.878 [Test worker] DEBUG tourGuide.service.RewardsService - Begin Tracker. #3.1.1 Tracking USER internalUser66 latitutde 38.940241556030415 longitude -13.784980616138995
10:15:48.878 [Test worker] DEBUG tourGuide.service.RewardsService - Begin Tracker. #3.1.2 Tracking USER internalUser66
10:15:48.878 [Test worker] DEBUG tourGuide.service.RewardsService - Begin Tracker. #3.1.1 Tracking USER internalUser66 latitutde -26.43383425822615 longitude 177.6987705060232
10:15:48.878 [Test worker] DEBUG tourGuide.service.RewardsService - Begin Tracker. #3.1.2 Tracking USER internalUser66
10:15:48.878 [Test worker] DEBUG tourGuide.service.RewardsService - Begin Tracker. #3.1.1 Tracking USER internalUser66 latitutde 43.934633 longitude -121.628912
10:15:48.878 [Test worker] DEBUG tourGuide.service.RewardsService - Begin Tracker. #3.1.2 Tracking USER internalUser66
10:15:48.878 [Test worker] DEBUG tourGuide.service.RewardsService - Begin Tracker. #3.2 Tracking USER internalUser66
10:15:48.878 [Test worker] DEBUG tourGuide.service.TourGuideService - Begin Tracker. #4 Tracking USER internalUser66
10:15:48.916 [Test worker] DEBUG tourGuide.service.TourGuideService - Begin Tracker. #1 Tracking USER internalUser69
10:15:48.916 [Test worker] DEBUG tourGuide.service.TourGuideService - Begin Tracker. #2 Tracking USER internalUser69 latitutde -46.952155 longitude 157.668576
10:15:48.927 [Test worker] DEBUG tourGuide.service.RewardsService - Begin Tracker. #3.1.0 Tracking USER internalUser69
10:15:48.927 [Test worker] DEBUG tourGuide.service.RewardsService - Begin Tracker. #3.1.1 Tracking USER internalUser69 latitutde -29.60201453114164 longitude -169.13259771101224
10:15:48.927 [Test worker] DEBUG tourGuide.service.RewardsService - Begin Tracker. #3.1.2 Tracking USER internalUser69
10:15:48.927 [Test worker] DEBUG tourGuide.service.RewardsService - Begin Tracker. #3.1.1 Tracking USER internalUser69 latitutde 64.95598784317616 longitude -4.841248868258248
10:15:48.927 [Test worker] DEBUG tourGuide.service.RewardsService - Begin Tracker. #3.1.2 Tracking USER internalUser69
10:15:48.927 [Test worker] DEBUG tourGuide.service.RewardsService - Begin Tracker. #3.1.1 Tracking USER internalUser69 latitutde 39.09506760237528 longitude -54.41835603205311
10:15:48.927 [Test worker] DEBUG tourGuide.service.RewardsService - Begin Tracker. #3.1.2 Tracking USER internalUser69
10:15:48.927 [Test worker] DEBUG tourGuide.service.RewardsService - Begin Tracker. #3.1.1 Tracking USER internalUser69 latitutde -46.952155 longitude 157.668576
10:15:48.927 [Test worker] DEBUG tourGuide.service.RewardsService - Begin Tracker. #3.1.2 Tracking USER internalUser69
10:15:48.927 [Test worker] DEBUG tourGuide.service.RewardsService - Begin Tracker. #3.2 Tracking USER internalUser69
10:15:48.928 [Test worker] DEBUG tourGuide.service.TourGuideService - Begin Tracker. #4 Tracking USER internalUser69
10:15:48.931 [pool-1-thread-1] DEBUG tourGuide.service.TourGuideService - Begin Tracker. #1 Tracking USER internalUser50
10:15:48.931 [pool-1-thread-1] DEBUG tourGuide.service.TourGuideService - Begin Tracker. #2 Tracking USER internalUser50 latitutde 33.656177 longitude 86.946814
10:15:48.942 [pool-1-thread-1] DEBUG tourGuide.service.RewardsService - Begin Tracker. #3.1.0 Tracking USER internalUser50
10:15:48.942 [pool-1-thread-1] DEBUG tourGuide.service.RewardsService - Begin Tracker. #3.1.1 Tracking USER internalUser50 latitutde -31.99417986844174 longitude 100.4912534852894
10:15:48.942 [pool-1-thread-1] DEBUG tourGuide.service.RewardsService - Begin Tracker. #3.1.2 Tracking USER internalUser50
10:15:48.942 [pool-1-thread-1] DEBUG tourGuide.service.RewardsService - Begin Tracker. #3.1.1 Tracking USER internalUser50 latitutde -5.78432157382197 longitude -70.78301047263892
10:15:48.942 [pool-1-thread-1] DEBUG tourGuide.service.RewardsService - Begin Tracker. #3.1.2 Tracking USER internalUser50
10:15:48.942 [pool-1-thread-1] DEBUG tourGuide.service.RewardsService - Begin Tracker. #3.1.1 Tracking USER internalUser50 latitutde 78.31737818946826 longitude -155.13963840646443
10:15:48.944 [pool-1-thread-1] DEBUG tourGuide.service.RewardsService - Begin Tracker. #3.1.2 Tracking USER internalUser50
10:15:48.945 [pool-1-thread-1] DEBUG tourGuide.service.RewardsService - Begin Tracker. #3.1.1 Tracking USER internalUser50 latitutde 47.114662 longitude -147.84113
10:15:48.946 [pool-1-thread-1] DEBUG tourGuide.service.RewardsService - Begin Tracker. #3.1.2 Tracking USER internalUser50
10:15:48.947 [pool-1-thread-1] DEBUG tourGuide.service.RewardsService - Begin Tracker. #3.1.1 Tracking USER internalUser50 latitutde 33.656177 longitude 86.946814
10:15:48.948 [pool-1-thread-1] DEBUG tourGuide.service.RewardsService - Begin Tracker. #3.1.2 Tracking USER internalUser50
10:15:48.948 [pool-1-thread-1] DEBUG tourGuide.service.RewardsService - Begin Tracker. #3.2 Tracking USER internalUser50
10:15:48.949 [pool-1-thread-1] DEBUG tourGuide.service.TourGuideService - Begin Tracker. #4 Tracking USER internalUser50
10:15:48.992 [pool-1-thread-1] DEBUG tourGuide.service.TourGuideService - Begin Tracker. #1 Tracking USER internalUser67
10:15:48.993 [pool-1-thread-1] DEBUG tourGuide.service.TourGuideService - Begin Tracker. #2 Tracking USER internalUser67 latitutde 59.23875 longitude -146.470867
10:15:48.994 [Test worker] DEBUG tourGuide.service.TourGuideService - Begin Tracker. #1 Tracking USER internalUser68
10:15:48.995 [Test worker] DEBUG tourGuide.service.TourGuideService - Begin Tracker. #2 Tracking USER internalUser68 latitutde -56.108409 longitude -59.21553
10:15:49.004 [pool-1-thread-1] DEBUG tourGuide.service.RewardsService - Begin Tracker. #3.1.0 Tracking USER internalUser67
10:15:49.004 [pool-1-thread-1] DEBUG tourGuide.service.RewardsService - Begin Tracker. #3.1.1 Tracking USER internalUser67 latitutde -77.2296106608851 longitude 126.8960291854271
10:15:49.004 [pool-1-thread-1] DEBUG tourGuide.service.RewardsService - Begin Tracker. #3.1.2 Tracking USER internalUser67
10:15:49.004 [pool-1-thread-1] DEBUG tourGuide.service.RewardsService - Begin Tracker. #3.1.1 Tracking USER internalUser67 latitutde 33.50083768432128 longitude 79.43654997087896
10:15:49.004 [pool-1-thread-1] DEBUG tourGuide.service.RewardsService - Begin Tracker. #3.1.2 Tracking USER internalUser67
10:15:49.004 [pool-1-thread-1] DEBUG tourGuide.service.RewardsService - Begin Tracker. #3.1.1 Tracking USER internalUser67 latitutde -23.699714335795626 longitude 82.19662289967584
10:15:49.005 [pool-1-thread-1] DEBUG tourGuide.service.RewardsService - Begin Tracker. #3.1.2 Tracking USER internalUser67
10:15:49.005 [pool-1-thread-1] DEBUG tourGuide.service.RewardsService - Begin Tracker. #3.1.1 Tracking USER internalUser67 latitutde -58.571002 longitude 144.02846
10:15:49.005 [pool-1-thread-1] DEBUG tourGuide.service.RewardsService - Begin Tracker. #3.1.2 Tracking USER internalUser67
10:15:49.005 [pool-1-thread-1] DEBUG tourGuide.service.RewardsService - Begin Tracker. #3.1.1 Tracking USER internalUser67 latitutde 59.23875 longitude -146.470867
10:15:49.005 [pool-1-thread-1] DEBUG tourGuide.service.RewardsService - Begin Tracker. #3.1.2 Tracking USER internalUser67
10:15:49.007 [pool-1-thread-1] DEBUG tourGuide.service.RewardsService - Begin Tracker. #3.2 Tracking USER internalUser67
10:15:49.008 [pool-1-thread-1] DEBUG tourGuide.service.TourGuideService - Begin Tracker. #4 Tracking USER internalUser67
10:15:49.017 [Test worker] DEBUG tourGuide.service.RewardsService - Begin Tracker. #3.1.0 Tracking USER internalUser68
10:15:49.017 [Test worker] DEBUG tourGuide.service.RewardsService - Begin Tracker. #3.1.1 Tracking USER internalUser68 latitutde 64.13116698092921 longitude 32.814110185495906
10:15:49.017 [Test worker] DEBUG tourGuide.service.RewardsService - Begin Tracker. #3.1.2 Tracking USER internalUser68
10:15:49.017 [Test worker] DEBUG tourGuide.service.RewardsService - Begin Tracker. #3.1.1 Tracking USER internalUser68 latitutde 58.48344576123063 longitude -36.56718623829019
10:15:49.018 [Test worker] DEBUG tourGuide.service.RewardsService - Begin Tracker. #3.1.2 Tracking USER internalUser68
10:15:49.018 [Test worker] DEBUG tourGuide.service.RewardsService - Begin Tracker. #3.1.1 Tracking USER internalUser68 latitutde 80.46136393838049 longitude -41.97958763778516
10:15:49.018 [Test worker] DEBUG tourGuide.service.RewardsService - Begin Tracker. #3.1.2 Tracking USER internalUser68
10:15:49.018 [Test worker] DEBUG tourGuide.service.RewardsService - Begin Tracker. #3.1.1 Tracking USER internalUser68 latitutde -56.108409 longitude -59.21553
10:15:49.019 [Test worker] DEBUG tourGuide.service.RewardsService - Begin Tracker. #3.1.2 Tracking USER internalUser68
10:15:49.019 [Test worker] DEBUG tourGuide.service.RewardsService - Begin Tracker. #3.2 Tracking USER internalUser68
10:15:49.019 [Test worker] DEBUG tourGuide.service.TourGuideService - Begin Tracker. #4 Tracking USER internalUser68
10:15:49.050 [Test worker] DEBUG tourGuide.service.TourGuideService - Begin Tracker. #1 Tracking USER internalUser63
10:15:49.050 [Test worker] DEBUG tourGuide.service.TourGuideService - Begin Tracker. #2 Tracking USER internalUser63 latitutde -9.343131 longitude -4.821554
10:15:49.061 [Test worker] DEBUG tourGuide.service.RewardsService - Begin Tracker. #3.1.0 Tracking USER internalUser63
10:15:49.061 [Test worker] DEBUG tourGuide.service.RewardsService - Begin Tracker. #3.1.1 Tracking USER internalUser63 latitutde -9.182775034370891 longitude 167.2558626779752
10:15:49.061 [Test worker] DEBUG tourGuide.service.RewardsService - Begin Tracker. #3.1.2 Tracking USER internalUser63
10:15:49.061 [Test worker] DEBUG tourGuide.service.RewardsService - Begin Tracker. #3.1.1 Tracking USER internalUser63 latitutde -35.03602827152637 longitude -68.69207438887096
10:15:49.061 [Test worker] DEBUG tourGuide.service.RewardsService - Begin Tracker. #3.1.2 Tracking USER internalUser63
10:15:49.061 [Test worker] DEBUG tourGuide.service.RewardsService - Begin Tracker. #3.1.1 Tracking USER internalUser63 latitutde 6.23428197964752 longitude -40.39522580477629
10:15:49.061 [Test worker] DEBUG tourGuide.service.RewardsService - Begin Tracker. #3.1.2 Tracking USER internalUser63
10:15:49.061 [Test worker] DEBUG tourGuide.service.RewardsService - Begin Tracker. #3.1.1 Tracking USER internalUser63 latitutde -9.343131 longitude -4.821554
10:15:49.061 [Test worker] DEBUG tourGuide.service.RewardsService - Begin Tracker. #3.1.2 Tracking USER internalUser63
10:15:49.061 [Test worker] DEBUG tourGuide.service.RewardsService - Begin Tracker. #3.2 Tracking USER internalUser63
10:15:49.061 [Test worker] DEBUG tourGuide.service.TourGuideService - Begin Tracker. #4 Tracking USER internalUser63
10:15:49.065 [pool-1-thread-1] DEBUG tourGuide.service.TourGuideService - Begin Tracker. #1 Tracking USER internalUser66
10:15:49.065 [pool-1-thread-1] DEBUG tourGuide.service.TourGuideService - Begin Tracker. #2 Tracking USER internalUser66 latitutde -33.086615 longitude -177.393497
10:15:49.076 [pool-1-thread-1] DEBUG tourGuide.service.RewardsService - Begin Tracker. #3.1.0 Tracking USER internalUser66
10:15:49.077 [pool-1-thread-1] DEBUG tourGuide.service.RewardsService - Begin Tracker. #3.1.1 Tracking USER internalUser66 latitutde -33.92921699341222 longitude 158.516044235131
10:15:49.077 [pool-1-thread-1] DEBUG tourGuide.service.RewardsService - Begin Tracker. #3.1.2 Tracking USER internalUser66
10:15:49.077 [pool-1-thread-1] DEBUG tourGuide.service.RewardsService - Begin Tracker. #3.1.1 Tracking USER internalUser66 latitutde 38.940241556030415 longitude -13.784980616138995
10:15:49.077 [pool-1-thread-1] DEBUG tourGuide.service.RewardsService - Begin Tracker. #3.1.2 Tracking USER internalUser66
10:15:49.077 [pool-1-thread-1] DEBUG tourGuide.service.RewardsService - Begin Tracker. #3.1.1 Tracking USER internalUser66 latitutde -26.43383425822615 longitude 177.6987705060232
10:15:49.077 [pool-1-thread-1] DEBUG tourGuide.service.RewardsService - Begin Tracker. #3.1.2 Tracking USER internalUser66
10:15:49.077 [pool-1-thread-1] DEBUG tourGuide.service.RewardsService - Begin Tracker. #3.1.1 Tracking USER internalUser66 latitutde 43.934633 longitude -121.628912
10:15:49.078 [pool-1-thread-1] DEBUG tourGuide.service.RewardsService - Begin Tracker. #3.1.2 Tracking USER internalUser66
10:15:49.078 [pool-1-thread-1] DEBUG tourGuide.service.RewardsService - Begin Tracker. #3.1.1 Tracking USER internalUser66 latitutde -33.086615 longitude -177.393497
10:15:49.078 [pool-1-thread-1] DEBUG tourGuide.service.RewardsService - Begin Tracker. #3.1.2 Tracking USER internalUser66
10:15:49.078 [pool-1-thread-1] DEBUG tourGuide.service.RewardsService - Begin Tracker. #3.2 Tracking USER internalUser66
10:15:49.078 [pool-1-thread-1] DEBUG tourGuide.service.TourGuideService - Begin Tracker. #4 Tracking USER internalUser66
10:15:49.131 [pool-1-thread-1] DEBUG tourGuide.service.TourGuideService - Begin Tracker. #1 Tracking USER internalUser69
10:15:49.131 [pool-1-thread-1] DEBUG tourGuide.service.TourGuideService - Begin Tracker. #2 Tracking USER internalUser69 latitutde -20.976215 longitude -165.560226
10:15:49.141 [Test worker] DEBUG tourGuide.service.TourGuideService - Begin Tracker. #1 Tracking USER internalUser62
10:15:49.142 [Test worker] DEBUG tourGuide.service.TourGuideService - Begin Tracker. #2 Tracking USER internalUser62 latitutde -14.544659 longitude 108.098511
10:15:49.142 [pool-1-thread-1] DEBUG tourGuide.service.RewardsService - Begin Tracker. #3.1.0 Tracking USER internalUser69
10:15:49.143 [pool-1-thread-1] DEBUG tourGuide.service.RewardsService - Begin Tracker. #3.1.1 Tracking USER internalUser69 latitutde -29.60201453114164 longitude -169.13259771101224
10:15:49.143 [pool-1-thread-1] DEBUG tourGuide.service.RewardsService - Begin Tracker. #3.1.2 Tracking USER internalUser69
10:15:49.143 [pool-1-thread-1] DEBUG tourGuide.service.RewardsService - Begin Tracker. #3.1.1 Tracking USER internalUser69 latitutde 64.95598784317616 longitude -4.841248868258248
10:15:49.143 [pool-1-thread-1] DEBUG tourGuide.service.RewardsService - Begin Tracker. #3.1.2 Tracking USER internalUser69
10:15:49.143 [pool-1-thread-1] DEBUG tourGuide.service.RewardsService - Begin Tracker. #3.1.1 Tracking USER internalUser69 latitutde 39.09506760237528 longitude -54.41835603205311
10:15:49.144 [pool-1-thread-1] DEBUG tourGuide.service.RewardsService - Begin Tracker. #3.1.2 Tracking USER internalUser69
10:15:49.144 [pool-1-thread-1] DEBUG tourGuide.service.RewardsService - Begin Tracker. #3.1.1 Tracking USER internalUser69 latitutde -46.952155 longitude 157.668576
10:15:49.144 [pool-1-thread-1] DEBUG tourGuide.service.RewardsService - Begin Tracker. #3.1.2 Tracking USER internalUser69
10:15:49.144 [pool-1-thread-1] DEBUG tourGuide.service.RewardsService - Begin Tracker. #3.1.1 Tracking USER internalUser69 latitutde -20.976215 longitude -165.560226
10:15:49.144 [pool-1-thread-1] DEBUG tourGuide.service.RewardsService - Begin Tracker. #3.1.2 Tracking USER internalUser69
10:15:49.144 [pool-1-thread-1] DEBUG tourGuide.service.RewardsService - Begin Tracker. #3.2 Tracking USER internalUser69
10:15:49.144 [pool-1-thread-1] DEBUG tourGuide.service.TourGuideService - Begin Tracker. #4 Tracking USER internalUser69
10:15:49.159 [Test worker] DEBUG tourGuide.service.RewardsService - Begin Tracker. #3.1.0 Tracking USER internalUser62
10:15:49.160 [Test worker] DEBUG tourGuide.service.RewardsService - Begin Tracker. #3.1.1 Tracking USER internalUser62 latitutde 69.05419575175873 longitude 112.2161861454905
10:15:49.160 [Test worker] DEBUG tourGuide.service.RewardsService - Begin Tracker. #3.1.2 Tracking USER internalUser62
10:15:49.160 [Test worker] DEBUG tourGuide.service.RewardsService - Begin Tracker. #3.1.1 Tracking USER internalUser62 latitutde 63.178211940182194 longitude -155.07109531470772
10:15:49.160 [Test worker] DEBUG tourGuide.service.RewardsService - Begin Tracker. #3.1.2 Tracking USER internalUser62
10:15:49.160 [Test worker] DEBUG tourGuide.service.RewardsService - Begin Tracker. #3.1.1 Tracking USER internalUser62 latitutde 79.11329497148625 longitude -16.886639414706252
10:15:49.160 [Test worker] DEBUG tourGuide.service.RewardsService - Begin Tracker. #3.1.2 Tracking USER internalUser62
10:15:49.161 [Test worker] DEBUG tourGuide.service.RewardsService - Begin Tracker. #3.1.1 Tracking USER internalUser62 latitutde -14.544659 longitude 108.098511
10:15:49.161 [Test worker] DEBUG tourGuide.service.RewardsService - Begin Tracker. #3.1.2 Tracking USER internalUser62
10:15:49.161 [Test worker] DEBUG tourGuide.service.RewardsService - Begin Tracker. #3.2 Tracking USER internalUser62
10:15:49.161 [Test worker] DEBUG tourGuide.service.TourGuideService - Begin Tracker. #4 Tracking USER internalUser62
10:15:49.189 [pool-1-thread-1] DEBUG tourGuide.service.TourGuideService - Begin Tracker. #1 Tracking USER internalUser68
10:15:49.189 [pool-1-thread-1] DEBUG tourGuide.service.TourGuideService - Begin Tracker. #2 Tracking USER internalUser68 latitutde 61.545619 longitude 48.71378
10:15:49.200 [pool-1-thread-1] DEBUG tourGuide.service.RewardsService - Begin Tracker. #3.1.0 Tracking USER internalUser68
10:15:49.200 [pool-1-thread-1] DEBUG tourGuide.service.RewardsService - Begin Tracker. #3.1.1 Tracking USER internalUser68 latitutde 64.13116698092921 longitude 32.814110185495906
10:15:49.200 [pool-1-thread-1] DEBUG tourGuide.service.RewardsService - Begin Tracker. #3.1.2 Tracking USER internalUser68
10:15:49.200 [pool-1-thread-1] DEBUG tourGuide.service.RewardsService - Begin Tracker. #3.1.1 Tracking USER internalUser68 latitutde 58.48344576123063 longitude -36.56718623829019
10:15:49.200 [pool-1-thread-1] DEBUG tourGuide.service.RewardsService - Begin Tracker. #3.1.2 Tracking USER internalUser68
10:15:49.200 [pool-1-thread-1] DEBUG tourGuide.service.RewardsService - Begin Tracker. #3.1.1 Tracking USER internalUser68 latitutde 80.46136393838049 longitude -41.97958763778516
10:15:49.200 [pool-1-thread-1] DEBUG tourGuide.service.RewardsService - Begin Tracker. #3.1.2 Tracking USER internalUser68
10:15:49.200 [pool-1-thread-1] DEBUG tourGuide.service.RewardsService - Begin Tracker. #3.1.1 Tracking USER internalUser68 latitutde -56.108409 longitude -59.21553
10:15:49.200 [pool-1-thread-1] DEBUG tourGuide.service.RewardsService - Begin Tracker. #3.1.2 Tracking USER internalUser68
10:15:49.200 [pool-1-thread-1] DEBUG tourGuide.service.RewardsService - Begin Tracker. #3.1.1 Tracking USER internalUser68 latitutde 61.545619 longitude 48.71378
10:15:49.200 [pool-1-thread-1] DEBUG tourGuide.service.RewardsService - Begin Tracker. #3.1.2 Tracking USER internalUser68
10:15:49.200 [pool-1-thread-1] DEBUG tourGuide.service.RewardsService - Begin Tracker. #3.2 Tracking USER internalUser68
10:15:49.200 [pool-1-thread-1] DEBUG tourGuide.service.TourGuideService - Begin Tracker. #4 Tracking USER internalUser68
10:15:49.229 [Test worker] DEBUG tourGuide.service.TourGuideService - Begin Tracker. #1 Tracking USER internalUser65
10:15:49.229 [Test worker] DEBUG tourGuide.service.TourGuideService - Begin Tracker. #2 Tracking USER internalUser65 latitutde 54.834495 longitude 15.271254
10:15:49.254 [Test worker] DEBUG tourGuide.service.RewardsService - Begin Tracker. #3.1.0 Tracking USER internalUser65
10:15:49.254 [Test worker] DEBUG tourGuide.service.RewardsService - Begin Tracker. #3.1.1 Tracking USER internalUser65 latitutde 65.35686902913051 longitude 22.705041385981218
10:15:49.254 [Test worker] DEBUG tourGuide.service.RewardsService - Begin Tracker. #3.1.2 Tracking USER internalUser65
10:15:49.254 [Test worker] DEBUG tourGuide.service.RewardsService - Begin Tracker. #3.1.1 Tracking USER internalUser65 latitutde 21.321814668234964 longitude 86.82920155899501
10:15:49.254 [Test worker] DEBUG tourGuide.service.RewardsService - Begin Tracker. #3.1.2 Tracking USER internalUser65
10:15:49.254 [Test worker] DEBUG tourGuide.service.RewardsService - Begin Tracker. #3.1.1 Tracking USER internalUser65 latitutde 78.55544141658837 longitude 35.568183385417285
10:15:49.254 [Test worker] DEBUG tourGuide.service.RewardsService - Begin Tracker. #3.1.2 Tracking USER internalUser65
10:15:49.254 [Test worker] DEBUG tourGuide.service.RewardsService - Begin Tracker. #3.1.1 Tracking USER internalUser65 latitutde 54.834495 longitude 15.271254
10:15:49.254 [Test worker] DEBUG tourGuide.service.RewardsService - Begin Tracker. #3.1.2 Tracking USER internalUser65
10:15:49.254 [Test worker] DEBUG tourGuide.service.RewardsService - Begin Tracker. #3.2 Tracking USER internalUser65
10:15:49.254 [Test worker] DEBUG tourGuide.service.TourGuideService - Begin Tracker. #4 Tracking USER internalUser65
10:15:49.262 [pool-1-thread-1] DEBUG tourGuide.service.TourGuideService - Begin Tracker. #1 Tracking USER internalUser63
10:15:49.263 [pool-1-thread-1] DEBUG tourGuide.service.TourGuideService - Begin Tracker. #2 Tracking USER internalUser63 latitutde -45.812181 longitude -165.827974
10:15:49.274 [pool-1-thread-1] DEBUG tourGuide.service.RewardsService - Begin Tracker. #3.1.0 Tracking USER internalUser63
10:15:49.274 [pool-1-thread-1] DEBUG tourGuide.service.RewardsService - Begin Tracker. #3.1.1 Tracking USER internalUser63 latitutde -9.182775034370891 longitude 167.2558626779752
10:15:49.274 [pool-1-thread-1] DEBUG tourGuide.service.RewardsService - Begin Tracker. #3.1.2 Tracking USER internalUser63
10:15:49.274 [pool-1-thread-1] DEBUG tourGuide.service.RewardsService - Begin Tracker. #3.1.1 Tracking USER internalUser63 latitutde -35.03602827152637 longitude -68.69207438887096
10:15:49.274 [pool-1-thread-1] DEBUG tourGuide.service.RewardsService - Begin Tracker. #3.1.2 Tracking USER internalUser63
10:15:49.275 [pool-1-thread-1] DEBUG tourGuide.service.RewardsService - Begin Tracker. #3.1.1 Tracking USER internalUser63 latitutde 6.23428197964752 longitude -40.39522580477629
10:15:49.275 [pool-1-thread-1] DEBUG tourGuide.service.RewardsService - Begin Tracker. #3.1.2 Tracking USER internalUser63
10:15:49.276 [pool-1-thread-1] DEBUG tourGuide.service.RewardsService - Begin Tracker. #3.1.1 Tracking USER internalUser63 latitutde -9.343131 longitude -4.821554
10:15:49.276 [pool-1-thread-1] DEBUG tourGuide.service.RewardsService - Begin Tracker. #3.1.2 Tracking USER internalUser63
10:15:49.276 [pool-1-thread-1] DEBUG tourGuide.service.RewardsService - Begin Tracker. #3.1.1 Tracking USER internalUser63 latitutde -45.812181 longitude -165.827974
10:15:49.276 [pool-1-thread-1] DEBUG tourGuide.service.RewardsService - Begin Tracker. #3.1.2 Tracking USER internalUser63
10:15:49.277 [pool-1-thread-1] DEBUG tourGuide.service.RewardsService - Begin Tracker. #3.2 Tracking USER internalUser63
10:15:49.277 [pool-1-thread-1] DEBUG tourGuide.service.TourGuideService - Begin Tracker. #4 Tracking USER internalUser63
10:15:49.338 [Test worker] DEBUG tourGuide.service.TourGuideService - Begin Tracker. #1 Tracking USER internalUser64
10:15:49.339 [Test worker] DEBUG tourGuide.service.TourGuideService - Begin Tracker. #2 Tracking USER internalUser64 latitutde 67.215216 longitude -155.199838
10:15:49.350 [Test worker] DEBUG tourGuide.service.RewardsService - Begin Tracker. #3.1.0 Tracking USER internalUser64
10:15:49.350 [Test worker] DEBUG tourGuide.service.RewardsService - Begin Tracker. #3.1.1 Tracking USER internalUser64 latitutde -77.98049502583576 longitude -87.38050279285845
10:15:49.350 [Test worker] DEBUG tourGuide.service.RewardsService - Begin Tracker. #3.1.2 Tracking USER internalUser64
10:15:49.350 [Test worker] DEBUG tourGuide.service.RewardsService - Begin Tracker. #3.1.1 Tracking USER internalUser64 latitutde 10.551177524996803 longitude 78.76279800370054
10:15:49.350 [Test worker] DEBUG tourGuide.service.RewardsService - Begin Tracker. #3.1.2 Tracking USER internalUser64
10:15:49.350 [Test worker] DEBUG tourGuide.service.RewardsService - Begin Tracker. #3.1.1 Tracking USER internalUser64 latitutde 17.24203587173905 longitude 67.72886770150211
10:15:49.350 [Test worker] DEBUG tourGuide.service.RewardsService - Begin Tracker. #3.1.2 Tracking USER internalUser64
10:15:49.351 [Test worker] DEBUG tourGuide.service.RewardsService - Begin Tracker. #3.1.1 Tracking USER internalUser64 latitutde 67.215216 longitude -155.199838
10:15:49.351 [Test worker] DEBUG tourGuide.service.RewardsService - Begin Tracker. #3.1.2 Tracking USER internalUser64
10:15:49.351 [Test worker] DEBUG tourGuide.service.RewardsService - Begin Tracker. #3.2 Tracking USER internalUser64
10:15:49.351 [Test worker] DEBUG tourGuide.service.TourGuideService - Begin Tracker. #4 Tracking USER internalUser64
10:15:49.372 [pool-1-thread-1] DEBUG tourGuide.service.TourGuideService - Begin Tracker. #1 Tracking USER internalUser62
10:15:49.372 [pool-1-thread-1] DEBUG tourGuide.service.TourGuideService - Begin Tracker. #2 Tracking USER internalUser62 latitutde 46.394757 longitude 21.071642
10:15:49.382 [pool-1-thread-1] DEBUG tourGuide.service.RewardsService - Begin Tracker. #3.1.0 Tracking USER internalUser62
10:15:49.382 [pool-1-thread-1] DEBUG tourGuide.service.RewardsService - Begin Tracker. #3.1.1 Tracking USER internalUser62 latitutde 69.05419575175873 longitude 112.2161861454905
10:15:49.382 [pool-1-thread-1] DEBUG tourGuide.service.RewardsService - Begin Tracker. #3.1.2 Tracking USER internalUser62
10:15:49.382 [pool-1-thread-1] DEBUG tourGuide.service.RewardsService - Begin Tracker. #3.1.1 Tracking USER internalUser62 latitutde 63.178211940182194 longitude -155.07109531470772
10:15:49.382 [pool-1-thread-1] DEBUG tourGuide.service.RewardsService - Begin Tracker. #3.1.2 Tracking USER internalUser62
10:15:49.382 [pool-1-thread-1] DEBUG tourGuide.service.RewardsService - Begin Tracker. #3.1.1 Tracking USER internalUser62 latitutde 79.11329497148625 longitude -16.886639414706252
10:15:49.382 [pool-1-thread-1] DEBUG tourGuide.service.RewardsService - Begin Tracker. #3.1.2 Tracking USER internalUser62
10:15:49.383 [pool-1-thread-1] DEBUG tourGuide.service.RewardsService - Begin Tracker. #3.1.1 Tracking USER internalUser62 latitutde -14.544659 longitude 108.098511
10:15:49.383 [pool-1-thread-1] DEBUG tourGuide.service.RewardsService - Begin Tracker. #3.1.2 Tracking USER internalUser62
10:15:49.383 [pool-1-thread-1] DEBUG tourGuide.service.RewardsService - Begin Tracker. #3.1.1 Tracking USER internalUser62 latitutde 46.394757 longitude 21.071642
10:15:49.383 [pool-1-thread-1] DEBUG tourGuide.service.RewardsService - Begin Tracker. #3.1.2 Tracking USER internalUser62
10:15:49.383 [pool-1-thread-1] DEBUG tourGuide.service.RewardsService - Begin Tracker. #3.2 Tracking USER internalUser62
10:15:49.384 [pool-1-thread-1] DEBUG tourGuide.service.TourGuideService - Begin Tracker. #4 Tracking USER internalUser62
10:15:49.431 [pool-1-thread-1] DEBUG tourGuide.service.TourGuideService - Begin Tracker. #1 Tracking USER internalUser65
10:15:49.431 [pool-1-thread-1] DEBUG tourGuide.service.TourGuideService - Begin Tracker. #2 Tracking USER internalUser65 latitutde -76.881485 longitude -138.612431
10:15:49.436 [Test worker] DEBUG tourGuide.service.TourGuideService - Begin Tracker. #1 Tracking USER internalUser61
10:15:49.436 [Test worker] DEBUG tourGuide.service.TourGuideService - Begin Tracker. #2 Tracking USER internalUser61 latitutde 25.836561 longitude -2.22255
10:15:49.441 [pool-1-thread-1] DEBUG tourGuide.service.RewardsService - Begin Tracker. #3.1.0 Tracking USER internalUser65
10:15:49.441 [pool-1-thread-1] DEBUG tourGuide.service.RewardsService - Begin Tracker. #3.1.1 Tracking USER internalUser65 latitutde 65.35686902913051 longitude 22.705041385981218
10:15:49.441 [pool-1-thread-1] DEBUG tourGuide.service.RewardsService - Begin Tracker. #3.1.2 Tracking USER internalUser65
10:15:49.441 [pool-1-thread-1] DEBUG tourGuide.service.RewardsService - Begin Tracker. #3.1.1 Tracking USER internalUser65 latitutde 21.321814668234964 longitude 86.82920155899501
10:15:49.441 [pool-1-thread-1] DEBUG tourGuide.service.RewardsService - Begin Tracker. #3.1.2 Tracking USER internalUser65
10:15:49.441 [pool-1-thread-1] DEBUG tourGuide.service.RewardsService - Begin Tracker. #3.1.1 Tracking USER internalUser65 latitutde 78.55544141658837 longitude 35.568183385417285
10:15:49.442 [pool-1-thread-1] DEBUG tourGuide.service.RewardsService - Begin Tracker. #3.1.2 Tracking USER internalUser65
10:15:49.442 [pool-1-thread-1] DEBUG tourGuide.service.RewardsService - Begin Tracker. #3.1.1 Tracking USER internalUser65 latitutde 54.834495 longitude 15.271254
10:15:49.442 [pool-1-thread-1] DEBUG tourGuide.service.RewardsService - Begin Tracker. #3.1.2 Tracking USER internalUser65
10:15:49.442 [pool-1-thread-1] DEBUG tourGuide.service.RewardsService - Begin Tracker. #3.1.1 Tracking USER internalUser65 latitutde -76.881485 longitude -138.612431
10:15:49.445 [pool-1-thread-1] DEBUG tourGuide.service.RewardsService - Begin Tracker. #3.1.2 Tracking USER internalUser65
10:15:49.446 [pool-1-thread-1] DEBUG tourGuide.service.RewardsService - Begin Tracker. #3.2 Tracking USER internalUser65
10:15:49.447 [pool-1-thread-1] DEBUG tourGuide.service.TourGuideService - Begin Tracker. #4 Tracking USER internalUser65
10:15:49.456 [Test worker] DEBUG tourGuide.service.RewardsService - Begin Tracker. #3.1.0 Tracking USER internalUser61
10:15:49.456 [Test worker] DEBUG tourGuide.service.RewardsService - Begin Tracker. #3.1.1 Tracking USER internalUser61 latitutde -54.90892946428086 longitude 92.9319975913387
10:15:49.457 [Test worker] DEBUG tourGuide.service.RewardsService - Begin Tracker. #3.1.2 Tracking USER internalUser61
10:15:49.460 [Test worker] DEBUG tourGuide.service.RewardsService - Begin Tracker. #3.1.1 Tracking USER internalUser61 latitutde -49.5344763922213 longitude -113.29527456018096
10:15:49.461 [Test worker] DEBUG tourGuide.service.RewardsService - Begin Tracker. #3.1.2 Tracking USER internalUser61
10:15:49.461 [Test worker] DEBUG tourGuide.service.RewardsService - Begin Tracker. #3.1.1 Tracking USER internalUser61 latitutde -58.63219549178302 longitude -161.19734246558846
10:15:49.461 [Test worker] DEBUG tourGuide.service.RewardsService - Begin Tracker. #3.1.2 Tracking USER internalUser61
10:15:49.461 [Test worker] DEBUG tourGuide.service.RewardsService - Begin Tracker. #3.1.1 Tracking USER internalUser61 latitutde 25.836561 longitude -2.22255
10:15:49.461 [Test worker] DEBUG tourGuide.service.RewardsService - Begin Tracker. #3.1.2 Tracking USER internalUser61
10:15:49.461 [Test worker] DEBUG tourGuide.service.RewardsService - Begin Tracker. #3.2 Tracking USER internalUser61
10:15:49.461 [Test worker] DEBUG tourGuide.service.TourGuideService - Begin Tracker. #4 Tracking USER internalUser61
10:15:49.513 [Test worker] DEBUG tourGuide.service.TourGuideService - Begin Tracker. #1 Tracking USER internalUser60
10:15:49.513 [Test worker] DEBUG tourGuide.service.TourGuideService - Begin Tracker. #2 Tracking USER internalUser60 latitutde -65.761909 longitude -39.955485
10:15:49.523 [Test worker] DEBUG tourGuide.service.RewardsService - Begin Tracker. #3.1.0 Tracking USER internalUser60
10:15:49.523 [Test worker] DEBUG tourGuide.service.RewardsService - Begin Tracker. #3.1.1 Tracking USER internalUser60 latitutde 14.185257676098942 longitude -12.888747724686056
10:15:49.523 [Test worker] DEBUG tourGuide.service.RewardsService - Begin Tracker. #3.1.2 Tracking USER internalUser60
10:15:49.523 [Test worker] DEBUG tourGuide.service.RewardsService - Begin Tracker. #3.1.1 Tracking USER internalUser60 latitutde 6.801570912964081 longitude -48.63631184193656
10:15:49.523 [Test worker] DEBUG tourGuide.service.RewardsService - Begin Tracker. #3.1.2 Tracking USER internalUser60
10:15:49.523 [Test worker] DEBUG tourGuide.service.RewardsService - Begin Tracker. #3.1.1 Tracking USER internalUser60 latitutde -37.31574191438407 longitude -114.34982711947815
10:15:49.523 [Test worker] DEBUG tourGuide.service.RewardsService - Begin Tracker. #3.1.2 Tracking USER internalUser60
10:15:49.524 [Test worker] DEBUG tourGuide.service.RewardsService - Begin Tracker. #3.1.1 Tracking USER internalUser60 latitutde -65.761909 longitude -39.955485
10:15:49.524 [Test worker] DEBUG tourGuide.service.RewardsService - Begin Tracker. #3.1.2 Tracking USER internalUser60
10:15:49.524 [Test worker] DEBUG tourGuide.service.RewardsService - Begin Tracker. #3.2 Tracking USER internalUser60
10:15:49.524 [Test worker] DEBUG tourGuide.service.TourGuideService - Begin Tracker. #4 Tracking USER internalUser60
Fin boucle
10:15:49.525 [Test worker] DEBUG tourGuide.tracker.Tracker - Tracker stopping (0)
10:15:49.525 [pool-1-thread-1] DEBUG tourGuide.service.TourGuideService - Begin Tracker. #1 Tracking USER internalUser64
10:15:49.525 [pool-1-thread-1] DEBUG tourGuide.service.TourGuideService - Begin Tracker. #2 Tracking USER internalUser64 latitutde 74.297265 longitude -10.709142
highVolumeTrackLocation: Time Elapsed: 8 seconds.
10:15:49.528 [Test worker] INFO tourGuide.service.TourGuideService - TestMode enabled
10:15:49.528 [Test worker] DEBUG tourGuide.service.TourGuideService - Initializing users
10:15:49.573 [pool-1-thread-1] DEBUG tourGuide.service.RewardsService - Begin Tracker. #3.1.0 Tracking USER internalUser64
10:15:49.574 [pool-1-thread-1] DEBUG tourGuide.service.RewardsService - Begin Tracker. #3.1.1 Tracking USER internalUser64 latitutde -77.98049502583576 longitude -87.38050279285845
10:15:49.574 [pool-1-thread-1] DEBUG tourGuide.service.RewardsService - Begin Tracker. #3.1.2 Tracking USER internalUser64
10:15:49.574 [pool-1-thread-1] DEBUG tourGuide.service.RewardsService - Begin Tracker. #3.1.1 Tracking USER internalUser64 latitutde 10.551177524996803 longitude 78.76279800370054
10:15:49.574 [pool-1-thread-1] DEBUG tourGuide.service.RewardsService - Begin Tracker. #3.1.2 Tracking USER internalUser64
10:15:49.574 [pool-1-thread-1] DEBUG tourGuide.service.RewardsService - Begin Tracker. #3.1.1 Tracking USER internalUser64 latitutde 17.24203587173905 longitude 67.72886770150211
10:15:49.574 [pool-1-thread-1] DEBUG tourGuide.service.RewardsService - Begin Tracker. #3.1.2 Tracking USER internalUser64
10:15:49.574 [pool-1-thread-1] DEBUG tourGuide.service.RewardsService - Begin Tracker. #3.1.1 Tracking USER internalUser64 latitutde 67.215216 longitude -155.199838
10:15:49.574 [pool-1-thread-1] DEBUG tourGuide.service.RewardsService - Begin Tracker. #3.1.2 Tracking USER internalUser64
10:15:49.574 [pool-1-thread-1] DEBUG tourGuide.service.RewardsService - Begin Tracker. #3.1.1 Tracking USER internalUser64 latitutde 74.297265 longitude -10.709142
10:15:49.574 [pool-1-thread-1] DEBUG tourGuide.service.RewardsService - Begin Tracker. #3.1.2 Tracking USER internalUser64
10:15:49.574 [pool-1-thread-1] DEBUG tourGuide.service.RewardsService - Begin Tracker. #3.2 Tracking USER internalUser64
10:15:49.574 [pool-1-thread-1] DEBUG tourGuide.service.TourGuideService - Begin Tracker. #4 Tracking USER internalUser64
10:15:49.595 [Test worker] DEBUG tourGuide.service.TourGuideService - Created 100 internal test users.
10:15:49.595 [Test worker] DEBUG tourGuide.service.TourGuideService - Finished initializing users
10:15:49.604 [pool-2-thread-1] DEBUG tourGuide.tracker.Tracker - Begin Tracker. Tracking 100 users.
10:15:49.618 [Test worker] DEBUG tourGuide.service.RewardsService - Begin Tracker. #3.1.0 Tracking USER internalUser78
10:15:49.618 [Test worker] DEBUG tourGuide.service.RewardsService - Begin Tracker. #3.1.1 Tracking USER internalUser78 latitutde -40.81901833747925 longitude -90.56585240218303
10:15:49.618 [Test worker] DEBUG tourGuide.service.RewardsService - Begin Tracker. #3.1.2 Tracking USER internalUser78
10:15:49.618 [Test worker] DEBUG tourGuide.service.RewardsService - Begin Tracker. #3.1.1 Tracking USER internalUser78 latitutde -52.19702932531066 longitude 47.04589642159041
10:15:49.618 [Test worker] DEBUG tourGuide.service.RewardsService - Begin Tracker. #3.1.2 Tracking USER internalUser78
10:15:49.618 [Test worker] DEBUG tourGuide.service.RewardsService - Begin Tracker. #3.1.1 Tracking USER internalUser78 latitutde -11.82574998747809 longitude -80.46853952485326
10:15:49.618 [Test worker] DEBUG tourGuide.service.RewardsService - Begin Tracker. #3.1.2 Tracking USER internalUser78
10:15:49.618 [Test worker] DEBUG tourGuide.service.RewardsService - Begin Tracker. #3.1.1 Tracking USER internalUser78 latitutde 33.817595 longitude -117.922008
10:15:49.630 [pool-1-thread-1] DEBUG tourGuide.service.TourGuideService - Begin Tracker. #1 Tracking USER internalUser61
10:15:49.630 [pool-1-thread-1] DEBUG tourGuide.service.TourGuideService - Begin Tracker. #2 Tracking USER internalUser61 latitutde 41.630058 longitude -147.958939
10:15:49.643 [pool-1-thread-1] DEBUG tourGuide.service.RewardsService - Begin Tracker. #3.1.0 Tracking USER internalUser61
10:15:49.643 [pool-1-thread-1] DEBUG tourGuide.service.RewardsService - Begin Tracker. #3.1.1 Tracking USER internalUser61 latitutde -54.90892946428086 longitude 92.9319975913387
10:15:49.645 [pool-1-thread-1] DEBUG tourGuide.service.RewardsService - Begin Tracker. #3.1.2 Tracking USER internalUser61
10:15:49.646 [pool-1-thread-1] DEBUG tourGuide.service.RewardsService - Begin Tracker. #3.1.1 Tracking USER internalUser61 latitutde -49.5344763922213 longitude -113.29527456018096
10:15:49.647 [pool-1-thread-1] DEBUG tourGuide.service.RewardsService - Begin Tracker. #3.1.2 Tracking USER internalUser61
10:15:49.647 [pool-1-thread-1] DEBUG tourGuide.service.RewardsService - Begin Tracker. #3.1.1 Tracking USER internalUser61 latitutde -58.63219549178302 longitude -161.19734246558846
10:15:49.651 [pool-1-thread-1] DEBUG tourGuide.service.RewardsService - Begin Tracker. #3.1.2 Tracking USER internalUser61
10:15:49.651 [pool-1-thread-1] DEBUG tourGuide.service.RewardsService - Begin Tracker. #3.1.1 Tracking USER internalUser61 latitutde 25.836561 longitude -2.22255
10:15:49.652 [pool-1-thread-1] DEBUG tourGuide.service.RewardsService - Begin Tracker. #3.1.2 Tracking USER internalUser61
10:15:49.653 [pool-1-thread-1] DEBUG tourGuide.service.RewardsService - Begin Tracker. #3.1.1 Tracking USER internalUser61 latitutde 41.630058 longitude -147.958939
10:15:49.654 [pool-1-thread-1] DEBUG tourGuide.service.RewardsService - Begin Tracker. #3.1.2 Tracking USER internalUser61
10:15:49.655 [pool-1-thread-1] DEBUG tourGuide.service.RewardsService - Begin Tracker. #3.2 Tracking USER internalUser61
10:15:49.656 [pool-1-thread-1] DEBUG tourGuide.service.TourGuideService - Begin Tracker. #4 Tracking USER internalUser61
10:15:49.643 [pool-2-thread-1] DEBUG tourGuide.service.TourGuideService - Begin Tracker. #1 Tracking USER internalUser78
10:15:49.731 [pool-1-thread-1] DEBUG tourGuide.service.TourGuideService - Begin Tracker. #1 Tracking USER internalUser60
10:15:49.731 [pool-1-thread-1] DEBUG tourGuide.service.TourGuideService - Begin Tracker. #2 Tracking USER internalUser60 latitutde -51.029895 longitude -87.373238
10:15:49.743 [pool-1-thread-1] DEBUG tourGuide.service.RewardsService - Begin Tracker. #3.1.0 Tracking USER internalUser60
10:15:49.743 [pool-1-thread-1] DEBUG tourGuide.service.RewardsService - Begin Tracker. #3.1.1 Tracking USER internalUser60 latitutde 14.185257676098942 longitude -12.888747724686056
10:15:49.743 [pool-1-thread-1] DEBUG tourGuide.service.RewardsService - Begin Tracker. #3.1.2 Tracking USER internalUser60
10:15:49.743 [pool-1-thread-1] DEBUG tourGuide.service.RewardsService - Begin Tracker. #3.1.1 Tracking USER internalUser60 latitutde 6.801570912964081 longitude -48.63631184193656
10:15:49.744 [pool-1-thread-1] DEBUG tourGuide.service.RewardsService - Begin Tracker. #3.1.2 Tracking USER internalUser60
10:15:49.744 [pool-1-thread-1] DEBUG tourGuide.service.RewardsService - Begin Tracker. #3.1.1 Tracking USER internalUser60 latitutde -37.31574191438407 longitude -114.34982711947815
10:15:49.744 [pool-1-thread-1] DEBUG tourGuide.service.RewardsService - Begin Tracker. #3.1.2 Tracking USER internalUser60
10:15:49.745 [pool-1-thread-1] DEBUG tourGuide.service.RewardsService - Begin Tracker. #3.1.1 Tracking USER internalUser60 latitutde -65.761909 longitude -39.955485
10:15:49.745 [pool-1-thread-1] DEBUG tourGuide.service.RewardsService - Begin Tracker. #3.1.2 Tracking USER internalUser60
10:15:49.745 [pool-1-thread-1] DEBUG tourGuide.service.RewardsService - Begin Tracker. #3.1.1 Tracking USER internalUser60 latitutde -51.029895 longitude -87.373238
10:15:49.745 [pool-1-thread-1] DEBUG tourGuide.service.RewardsService - Begin Tracker. #3.1.2 Tracking USER internalUser60
10:15:49.746 [pool-1-thread-1] DEBUG tourGuide.service.RewardsService - Begin Tracker. #3.2 Tracking USER internalUser60
10:15:49.747 [pool-1-thread-1] DEBUG tourGuide.service.TourGuideService - Begin Tracker. #4 Tracking USER internalUser60
10:15:49.747 [pool-1-thread-1] DEBUG tourGuide.tracker.Tracker - Tracker Time Elapsed: 8 seconds.
10:15:49.747 [pool-1-thread-1] DEBUG tourGuide.tracker.Tracker - Tracker sleeping
10:15:49.884 [Test worker] DEBUG tourGuide.service.RewardsService - Begin Tracker. #3.1.2 Tracking USER internalUser78
10:15:49.884 [pool-2-thread-1] DEBUG tourGuide.service.TourGuideService - Begin Tracker. #2 Tracking USER internalUser78 latitutde 23.713712 longitude 66.326808
10:15:49.884 [Test worker] DEBUG tourGuide.service.RewardsService - Begin Tracker. #3.2 Tracking USER internalUser78
10:15:49.894 [pool-2-thread-1] DEBUG tourGuide.service.RewardsService - Begin Tracker. #3.1.0 Tracking USER internalUser78
10:15:49.894 [pool-2-thread-1] DEBUG tourGuide.service.RewardsService - Begin Tracker. #3.1.1 Tracking USER internalUser78 latitutde -40.81901833747925 longitude -90.56585240218303
10:15:49.894 [pool-2-thread-1] DEBUG tourGuide.service.RewardsService - Begin Tracker. #3.1.2 Tracking USER internalUser78
10:15:49.894 [pool-2-thread-1] DEBUG tourGuide.service.RewardsService - Begin Tracker. #3.1.1 Tracking USER internalUser78 latitutde -52.19702932531066 longitude 47.04589642159041
10:15:49.894 [pool-2-thread-1] DEBUG tourGuide.service.RewardsService - Begin Tracker. #3.1.2 Tracking USER internalUser78
10:15:49.894 [pool-2-thread-1] DEBUG tourGuide.service.RewardsService - Begin Tracker. #3.1.1 Tracking USER internalUser78 latitutde -11.82574998747809 longitude -80.46853952485326
10:15:49.894 [pool-2-thread-1] DEBUG tourGuide.service.RewardsService - Begin Tracker. #3.1.2 Tracking USER internalUser78
10:15:49.894 [pool-2-thread-1] DEBUG tourGuide.service.RewardsService - Begin Tracker. #3.1.1 Tracking USER internalUser78 latitutde 33.817595 longitude -117.922008
10:15:49.895 [pool-2-thread-1] DEBUG tourGuide.service.RewardsService - Begin Tracker. #3.1.2 Tracking USER internalUser78
10:15:49.895 [pool-2-thread-1] DEBUG tourGuide.service.RewardsService - Begin Tracker. #3.1.1 Tracking USER internalUser78 latitutde 23.713712 longitude 66.326808
10:15:49.895 [pool-2-thread-1] DEBUG tourGuide.service.RewardsService - Begin Tracker. #3.1.2 Tracking USER internalUser78
10:15:49.895 [pool-2-thread-1] DEBUG tourGuide.service.RewardsService - Begin Tracker. #3.2 Tracking USER internalUser78
10:15:49.895 [pool-2-thread-1] DEBUG tourGuide.service.TourGuideService - Begin Tracker. #4 Tracking USER internalUser78
10:15:49.894 [Test worker] DEBUG tourGuide.service.RewardsService - Begin Tracker. #3.1.0 Tracking USER internalUser77
10:15:49.896 [Test worker] DEBUG tourGuide.service.RewardsService - Begin Tracker. #3.1.1 Tracking USER internalUser77 latitutde -31.261919606996223 longitude 103.83996933012793
10:15:49.896 [Test worker] DEBUG tourGuide.service.RewardsService - Begin Tracker. #3.1.2 Tracking USER internalUser77
10:15:49.896 [Test worker] DEBUG tourGuide.service.RewardsService - Begin Tracker. #3.1.1 Tracking USER internalUser77 latitutde -20.896679940746566 longitude 38.34060670057511
10:15:49.896 [Test worker] DEBUG tourGuide.service.RewardsService - Begin Tracker. #3.1.2 Tracking USER internalUser77
10:15:49.896 [Test worker] DEBUG tourGuide.service.RewardsService - Begin Tracker. #3.1.1 Tracking USER internalUser77 latitutde -57.337433314866686 longitude 147.4262261174748
10:15:49.896 [Test worker] DEBUG tourGuide.service.RewardsService - Begin Tracker. #3.1.2 Tracking USER internalUser77
10:15:49.897 [Test worker] DEBUG tourGuide.service.RewardsService - Begin Tracker. #3.1.1 Tracking USER internalUser77 latitutde 33.817595 longitude -117.922008
10:15:49.950 [pool-2-thread-1] DEBUG tourGuide.service.TourGuideService - Begin Tracker. #1 Tracking USER internalUser77
10:15:50.782 [Test worker] DEBUG tourGuide.service.RewardsService - Begin Tracker. #3.1.2 Tracking USER internalUser77
10:15:50.782 [pool-2-thread-1] DEBUG tourGuide.service.TourGuideService - Begin Tracker. #2 Tracking USER internalUser77 latitutde -31.270812 longitude 7.64226
10:15:50.782 [Test worker] DEBUG tourGuide.service.RewardsService - Begin Tracker. #3.2 Tracking USER internalUser77
10:15:50.803 [Test worker] DEBUG tourGuide.service.RewardsService - Begin Tracker. #3.1.0 Tracking USER internalUser79
10:15:50.804 [Test worker] DEBUG tourGuide.service.RewardsService - Begin Tracker. #3.1.1 Tracking USER internalUser79 latitutde 33.51081419517239 longitude 71.05862462965052
10:15:50.804 [Test worker] DEBUG tourGuide.service.RewardsService - Begin Tracker. #3.1.2 Tracking USER internalUser79
10:15:50.804 [Test worker] DEBUG tourGuide.service.RewardsService - Begin Tracker. #3.1.1 Tracking USER internalUser79 latitutde -30.81805460369857 longitude 3.126761502712071
10:15:50.805 [Test worker] DEBUG tourGuide.service.RewardsService - Begin Tracker. #3.1.2 Tracking USER internalUser79
10:15:50.805 [Test worker] DEBUG tourGuide.service.RewardsService - Begin Tracker. #3.1.1 Tracking USER internalUser79 latitutde 58.12431763102711 longitude 88.564285532069
10:15:50.805 [Test worker] DEBUG tourGuide.service.RewardsService - Begin Tracker. #3.1.2 Tracking USER internalUser79
10:15:50.805 [Test worker] DEBUG tourGuide.service.RewardsService - Begin Tracker. #3.1.1 Tracking USER internalUser79 latitutde 33.817595 longitude -117.922008
10:15:50.807 [pool-2-thread-1] DEBUG tourGuide.service.RewardsService - Begin Tracker. #3.1.0 Tracking USER internalUser77
10:15:50.807 [pool-2-thread-1] DEBUG tourGuide.service.RewardsService - Begin Tracker. #3.1.1 Tracking USER internalUser77 latitutde -31.261919606996223 longitude 103.83996933012793
10:15:50.807 [pool-2-thread-1] DEBUG tourGuide.service.RewardsService - Begin Tracker. #3.1.2 Tracking USER internalUser77
10:15:50.807 [pool-2-thread-1] DEBUG tourGuide.service.RewardsService - Begin Tracker. #3.1.1 Tracking USER internalUser77 latitutde -20.896679940746566 longitude 38.34060670057511
10:15:50.807 [pool-2-thread-1] DEBUG tourGuide.service.RewardsService - Begin Tracker. #3.1.2 Tracking USER internalUser77
10:15:50.807 [pool-2-thread-1] DEBUG tourGuide.service.RewardsService - Begin Tracker. #3.1.1 Tracking USER internalUser77 latitutde -57.337433314866686 longitude 147.4262261174748
10:15:50.810 [pool-2-thread-1] DEBUG tourGuide.service.RewardsService - Begin Tracker. #3.1.2 Tracking USER internalUser77
10:15:50.810 [pool-2-thread-1] DEBUG tourGuide.service.RewardsService - Begin Tracker. #3.1.1 Tracking USER internalUser77 latitutde 33.817595 longitude -117.922008
10:15:50.810 [pool-2-thread-1] DEBUG tourGuide.service.RewardsService - Begin Tracker. #3.1.2 Tracking USER internalUser77
10:15:50.810 [pool-2-thread-1] DEBUG tourGuide.service.RewardsService - Begin Tracker. #3.1.1 Tracking USER internalUser77 latitutde -31.270812 longitude 7.64226
10:15:50.811 [pool-2-thread-1] DEBUG tourGuide.service.RewardsService - Begin Tracker. #3.1.2 Tracking USER internalUser77
10:15:50.811 [pool-2-thread-1] DEBUG tourGuide.service.RewardsService - Begin Tracker. #3.2 Tracking USER internalUser77
10:15:50.811 [pool-2-thread-1] DEBUG tourGuide.service.TourGuideService - Begin Tracker. #4 Tracking USER internalUser77
10:15:50.883 [pool-2-thread-1] DEBUG tourGuide.service.TourGuideService - Begin Tracker. #1 Tracking USER internalUser79
10:15:51.241 [Test worker] DEBUG tourGuide.service.RewardsService - Begin Tracker. #3.1.2 Tracking USER internalUser79
10:15:51.241 [pool-2-thread-1] DEBUG tourGuide.service.TourGuideService - Begin Tracker. #2 Tracking USER internalUser79 latitutde 43.974098 longitude 104.336889
10:15:51.241 [Test worker] DEBUG tourGuide.service.RewardsService - Begin Tracker. #3.2 Tracking USER internalUser79
10:15:51.261 [pool-2-thread-1] DEBUG tourGuide.service.RewardsService - Begin Tracker. #3.1.0 Tracking USER internalUser79
10:15:51.261 [pool-2-thread-1] DEBUG tourGuide.service.RewardsService - Begin Tracker. #3.1.1 Tracking USER internalUser79 latitutde 33.51081419517239 longitude 71.05862462965052
10:15:51.261 [pool-2-thread-1] DEBUG tourGuide.service.RewardsService - Begin Tracker. #3.1.2 Tracking USER internalUser79
10:15:51.261 [pool-2-thread-1] DEBUG tourGuide.service.RewardsService - Begin Tracker. #3.1.1 Tracking USER internalUser79 latitutde -30.81805460369857 longitude 3.126761502712071
10:15:51.261 [pool-2-thread-1] DEBUG tourGuide.service.RewardsService - Begin Tracker. #3.1.2 Tracking USER internalUser79
10:15:51.261 [pool-2-thread-1] DEBUG tourGuide.service.RewardsService - Begin Tracker. #3.1.1 Tracking USER internalUser79 latitutde 58.12431763102711 longitude 88.564285532069
10:15:51.261 [pool-2-thread-1] DEBUG tourGuide.service.RewardsService - Begin Tracker. #3.1.2 Tracking USER internalUser79
10:15:51.261 [pool-2-thread-1] DEBUG tourGuide.service.RewardsService - Begin Tracker. #3.1.1 Tracking USER internalUser79 latitutde 33.817595 longitude -117.922008
10:15:51.261 [pool-2-thread-1] DEBUG tourGuide.service.RewardsService - Begin Tracker. #3.1.2 Tracking USER internalUser79
10:15:51.261 [pool-2-thread-1] DEBUG tourGuide.service.RewardsService - Begin Tracker. #3.1.1 Tracking USER internalUser79 latitutde 43.974098 longitude 104.336889
10:15:51.261 [pool-2-thread-1] DEBUG tourGuide.service.RewardsService - Begin Tracker. #3.1.2 Tracking USER internalUser79
10:15:51.261 [pool-2-thread-1] DEBUG tourGuide.service.RewardsService - Begin Tracker. #3.2 Tracking USER internalUser79
10:15:51.261 [pool-2-thread-1] DEBUG tourGuide.service.TourGuideService - Begin Tracker. #4 Tracking USER internalUser79
10:15:51.262 [Test worker] DEBUG tourGuide.service.RewardsService - Begin Tracker. #3.1.0 Tracking USER internalUser74
10:15:51.262 [Test worker] DEBUG tourGuide.service.RewardsService - Begin Tracker. #3.1.1 Tracking USER internalUser74 latitutde -30.110758187937385 longitude -154.62063950380997
10:15:51.262 [Test worker] DEBUG tourGuide.service.RewardsService - Begin Tracker. #3.1.2 Tracking USER internalUser74
10:15:51.262 [Test worker] DEBUG tourGuide.service.RewardsService - Begin Tracker. #3.1.1 Tracking USER internalUser74 latitutde 60.05298423247251 longitude 117.31119477418787
10:15:51.263 [Test worker] DEBUG tourGuide.service.RewardsService - Begin Tracker. #3.1.2 Tracking USER internalUser74
10:15:51.263 [Test worker] DEBUG tourGuide.service.RewardsService - Begin Tracker. #3.1.1 Tracking USER internalUser74 latitutde 0.7061636002755733 longitude -87.56211270760379
10:15:51.265 [Test worker] DEBUG tourGuide.service.RewardsService - Begin Tracker. #3.1.2 Tracking USER internalUser74
10:15:51.265 [Test worker] DEBUG tourGuide.service.RewardsService - Begin Tracker. #3.1.1 Tracking USER internalUser74 latitutde 33.817595 longitude -117.922008
10:15:51.335 [pool-2-thread-1] DEBUG tourGuide.service.TourGuideService - Begin Tracker. #1 Tracking USER internalUser74
10:15:51.967 [Test worker] DEBUG tourGuide.service.RewardsService - Begin Tracker. #3.1.2 Tracking USER internalUser74
10:15:51.967 [Test worker] DEBUG tourGuide.service.RewardsService - Begin Tracker. #3.2 Tracking USER internalUser74
10:15:51.967 [pool-2-thread-1] DEBUG tourGuide.service.TourGuideService - Begin Tracker. #2 Tracking USER internalUser74 latitutde -32.789843 longitude -63.486024
10:15:51.983 [pool-2-thread-1] DEBUG tourGuide.service.RewardsService - Begin Tracker. #3.1.0 Tracking USER internalUser74
10:15:51.983 [Test worker] DEBUG tourGuide.service.RewardsService - Begin Tracker. #3.1.0 Tracking USER internalUser73
10:15:51.983 [pool-2-thread-1] DEBUG tourGuide.service.RewardsService - Begin Tracker. #3.1.1 Tracking USER internalUser74 latitutde -30.110758187937385 longitude -154.62063950380997
10:15:51.983 [Test worker] DEBUG tourGuide.service.RewardsService - Begin Tracker. #3.1.1 Tracking USER internalUser73 latitutde -0.8140548452226852 longitude 34.326625298417696
10:15:51.983 [Test worker] DEBUG tourGuide.service.RewardsService - Begin Tracker. #3.1.2 Tracking USER internalUser73
10:15:51.983 [Test worker] DEBUG tourGuide.service.RewardsService - Begin Tracker. #3.1.1 Tracking USER internalUser73 latitutde 21.35270046078884 longitude -142.94461263021918
10:15:51.983 [Test worker] DEBUG tourGuide.service.RewardsService - Begin Tracker. #3.1.2 Tracking USER internalUser73
10:15:51.983 [Test worker] DEBUG tourGuide.service.RewardsService - Begin Tracker. #3.1.1 Tracking USER internalUser73 latitutde -15.864759915168023 longitude -12.819394469670726
10:15:51.983 [Test worker] DEBUG tourGuide.service.RewardsService - Begin Tracker. #3.1.2 Tracking USER internalUser73
10:15:51.983 [Test worker] DEBUG tourGuide.service.RewardsService - Begin Tracker. #3.1.1 Tracking USER internalUser73 latitutde 33.817595 longitude -117.922008
10:15:51.983 [pool-2-thread-1] DEBUG tourGuide.service.RewardsService - Begin Tracker. #3.1.2 Tracking USER internalUser74
10:15:51.984 [pool-2-thread-1] DEBUG tourGuide.service.RewardsService - Begin Tracker. #3.1.1 Tracking USER internalUser74 latitutde 60.05298423247251 longitude 117.31119477418787
10:15:51.984 [pool-2-thread-1] DEBUG tourGuide.service.RewardsService - Begin Tracker. #3.1.2 Tracking USER internalUser74
10:15:51.984 [pool-2-thread-1] DEBUG tourGuide.service.RewardsService - Begin Tracker. #3.1.1 Tracking USER internalUser74 latitutde 0.7061636002755733 longitude -87.56211270760379
10:15:51.984 [pool-2-thread-1] DEBUG tourGuide.service.RewardsService - Begin Tracker. #3.1.2 Tracking USER internalUser74
10:15:51.984 [pool-2-thread-1] DEBUG tourGuide.service.RewardsService - Begin Tracker. #3.1.1 Tracking USER internalUser74 latitutde 33.817595 longitude -117.922008
10:15:51.984 [pool-2-thread-1] DEBUG tourGuide.service.RewardsService - Begin Tracker. #3.1.2 Tracking USER internalUser74
10:15:51.984 [pool-2-thread-1] DEBUG tourGuide.service.RewardsService - Begin Tracker. #3.1.1 Tracking USER internalUser74 latitutde -32.789843 longitude -63.486024
10:15:51.984 [pool-2-thread-1] DEBUG tourGuide.service.RewardsService - Begin Tracker. #3.1.2 Tracking USER internalUser74
10:15:51.984 [pool-2-thread-1] DEBUG tourGuide.service.RewardsService - Begin Tracker. #3.2 Tracking USER internalUser74
10:15:51.984 [pool-2-thread-1] DEBUG tourGuide.service.TourGuideService - Begin Tracker. #4 Tracking USER internalUser74
10:15:52.021 [pool-2-thread-1] DEBUG tourGuide.service.TourGuideService - Begin Tracker. #1 Tracking USER internalUser73
10:15:52.099 [Test worker] DEBUG tourGuide.service.RewardsService - Begin Tracker. #3.1.2 Tracking USER internalUser73
10:15:52.099 [Test worker] DEBUG tourGuide.service.RewardsService - Begin Tracker. #3.2 Tracking USER internalUser73
10:15:52.099 [pool-2-thread-1] DEBUG tourGuide.service.TourGuideService - Begin Tracker. #2 Tracking USER internalUser73 latitutde 47.59842 longitude -3.659718
10:15:52.125 [pool-2-thread-1] DEBUG tourGuide.service.RewardsService - Begin Tracker. #3.1.0 Tracking USER internalUser73
10:15:52.125 [pool-2-thread-1] DEBUG tourGuide.service.RewardsService - Begin Tracker. #3.1.1 Tracking USER internalUser73 latitutde -0.8140548452226852 longitude 34.326625298417696
10:15:52.125 [pool-2-thread-1] DEBUG tourGuide.service.RewardsService - Begin Tracker. #3.1.2 Tracking USER internalUser73
10:15:52.125 [pool-2-thread-1] DEBUG tourGuide.service.RewardsService - Begin Tracker. #3.1.1 Tracking USER internalUser73 latitutde 21.35270046078884 longitude -142.94461263021918
10:15:52.125 [pool-2-thread-1] DEBUG tourGuide.service.RewardsService - Begin Tracker. #3.1.2 Tracking USER internalUser73
10:15:52.125 [pool-2-thread-1] DEBUG tourGuide.service.RewardsService - Begin Tracker. #3.1.1 Tracking USER internalUser73 latitutde -15.864759915168023 longitude -12.819394469670726
10:15:52.125 [pool-2-thread-1] DEBUG tourGuide.service.RewardsService - Begin Tracker. #3.1.2 Tracking USER internalUser73
10:15:52.125 [pool-2-thread-1] DEBUG tourGuide.service.RewardsService - Begin Tracker. #3.1.1 Tracking USER internalUser73 latitutde 33.817595 longitude -117.922008
10:15:52.125 [pool-2-thread-1] DEBUG tourGuide.service.RewardsService - Begin Tracker. #3.1.2 Tracking USER internalUser73
10:15:52.125 [pool-2-thread-1] DEBUG tourGuide.service.RewardsService - Begin Tracker. #3.1.1 Tracking USER internalUser73 latitutde 47.59842 longitude -3.659718
10:15:52.125 [pool-2-thread-1] DEBUG tourGuide.service.RewardsService - Begin Tracker. #3.1.2 Tracking USER internalUser73
10:15:52.125 [pool-2-thread-1] DEBUG tourGuide.service.RewardsService - Begin Tracker. #3.2 Tracking USER internalUser73
10:15:52.125 [pool-2-thread-1] DEBUG tourGuide.service.TourGuideService - Begin Tracker. #4 Tracking USER internalUser73
10:15:52.125 [Test worker] DEBUG tourGuide.service.RewardsService - Begin Tracker. #3.1.0 Tracking USER internalUser76
10:15:52.125 [Test worker] DEBUG tourGuide.service.RewardsService - Begin Tracker. #3.1.1 Tracking USER internalUser76 latitutde 66.01681051471334 longitude -179.0746428954396
10:15:52.125 [Test worker] DEBUG tourGuide.service.RewardsService - Begin Tracker. #3.1.2 Tracking USER internalUser76
10:15:52.125 [Test worker] DEBUG tourGuide.service.RewardsService - Begin Tracker. #3.1.1 Tracking USER internalUser76 latitutde -43.681767191071465 longitude 45.187158386661935
10:15:52.125 [Test worker] DEBUG tourGuide.service.RewardsService - Begin Tracker. #3.1.2 Tracking USER internalUser76
10:15:52.125 [Test worker] DEBUG tourGuide.service.RewardsService - Begin Tracker. #3.1.1 Tracking USER internalUser76 latitutde -77.25024415542839 longitude 159.44824887517382
10:15:52.125 [Test worker] DEBUG tourGuide.service.RewardsService - Begin Tracker. #3.1.2 Tracking USER internalUser76
10:15:52.125 [Test worker] DEBUG tourGuide.service.RewardsService - Begin Tracker. #3.1.1 Tracking USER internalUser76 latitutde 33.817595 longitude -117.922008
10:15:52.158 [pool-2-thread-1] DEBUG tourGuide.service.TourGuideService - Begin Tracker. #1 Tracking USER internalUser76
10:15:52.658 [Test worker] DEBUG tourGuide.service.RewardsService - Begin Tracker. #3.1.2 Tracking USER internalUser76
10:15:52.658 [Test worker] DEBUG tourGuide.service.RewardsService - Begin Tracker. #3.2 Tracking USER internalUser76
10:15:52.658 [pool-2-thread-1] DEBUG tourGuide.service.TourGuideService - Begin Tracker. #2 Tracking USER internalUser76 latitutde -24.600228 longitude -46.91843
10:15:52.674 [pool-2-thread-1] DEBUG tourGuide.service.RewardsService - Begin Tracker. #3.1.0 Tracking USER internalUser76
10:15:52.674 [pool-2-thread-1] DEBUG tourGuide.service.RewardsService - Begin Tracker. #3.1.1 Tracking USER internalUser76 latitutde 66.01681051471334 longitude -179.0746428954396
10:15:52.674 [pool-2-thread-1] DEBUG tourGuide.service.RewardsService - Begin Tracker. #3.1.2 Tracking USER internalUser76
10:15:52.674 [pool-2-thread-1] DEBUG tourGuide.service.RewardsService - Begin Tracker. #3.1.1 Tracking USER internalUser76 latitutde -43.681767191071465 longitude 45.187158386661935
10:15:52.674 [pool-2-thread-1] DEBUG tourGuide.service.RewardsService - Begin Tracker. #3.1.2 Tracking USER internalUser76
10:15:52.674 [pool-2-thread-1] DEBUG tourGuide.service.RewardsService - Begin Tracker. #3.1.1 Tracking USER internalUser76 latitutde -77.25024415542839 longitude 159.44824887517382
10:15:52.674 [pool-2-thread-1] DEBUG tourGuide.service.RewardsService - Begin Tracker. #3.1.2 Tracking USER internalUser76
10:15:52.674 [pool-2-thread-1] DEBUG tourGuide.service.RewardsService - Begin Tracker. #3.1.1 Tracking USER internalUser76 latitutde 33.817595 longitude -117.922008
10:15:52.674 [pool-2-thread-1] DEBUG tourGuide.service.RewardsService - Begin Tracker. #3.1.2 Tracking USER internalUser76
10:15:52.674 [pool-2-thread-1] DEBUG tourGuide.service.RewardsService - Begin Tracker. #3.1.1 Tracking USER internalUser76 latitutde -24.600228 longitude -46.91843
10:15:52.674 [pool-2-thread-1] DEBUG tourGuide.service.RewardsService - Begin Tracker. #3.1.2 Tracking USER internalUser76
10:15:52.674 [pool-2-thread-1] DEBUG tourGuide.service.RewardsService - Begin Tracker. #3.2 Tracking USER internalUser76
10:15:52.674 [pool-2-thread-1] DEBUG tourGuide.service.TourGuideService - Begin Tracker. #4 Tracking USER internalUser76
10:15:52.676 [Test worker] DEBUG tourGuide.service.RewardsService - Begin Tracker. #3.1.0 Tracking USER internalUser75
10:15:52.676 [Test worker] DEBUG tourGuide.service.RewardsService - Begin Tracker. #3.1.1 Tracking USER internalUser75 latitutde 78.60970977727811 longitude 66.04360088215677
10:15:52.677 [Test worker] DEBUG tourGuide.service.RewardsService - Begin Tracker. #3.1.2 Tracking USER internalUser75
10:15:52.677 [Test worker] DEBUG tourGuide.service.RewardsService - Begin Tracker. #3.1.1 Tracking USER internalUser75 latitutde -11.719269913774454 longitude 179.9795454429928
10:15:52.677 [Test worker] DEBUG tourGuide.service.RewardsService - Begin Tracker. #3.1.2 Tracking USER internalUser75
10:15:52.677 [Test worker] DEBUG tourGuide.service.RewardsService - Begin Tracker. #3.1.1 Tracking USER internalUser75 latitutde 84.43858041437906 longitude -56.69714847679691
10:15:52.677 [Test worker] DEBUG tourGuide.service.RewardsService - Begin Tracker. #3.1.2 Tracking USER internalUser75
10:15:52.678 [Test worker] DEBUG tourGuide.service.RewardsService - Begin Tracker. #3.1.1 Tracking USER internalUser75 latitutde 33.817595 longitude -117.922008
10:15:52.771 [pool-2-thread-1] DEBUG tourGuide.service.TourGuideService - Begin Tracker. #1 Tracking USER internalUser75
10:15:53.108 [Test worker] DEBUG tourGuide.service.RewardsService - Begin Tracker. #3.1.2 Tracking USER internalUser75
10:15:53.108 [Test worker] DEBUG tourGuide.service.RewardsService - Begin Tracker. #3.2 Tracking USER internalUser75
10:15:53.108 [pool-2-thread-1] DEBUG tourGuide.service.TourGuideService - Begin Tracker. #2 Tracking USER internalUser75 latitutde 77.361339 longitude 103.199601
10:15:53.124 [pool-2-thread-1] DEBUG tourGuide.service.RewardsService - Begin Tracker. #3.1.0 Tracking USER internalUser75
10:15:53.124 [pool-2-thread-1] DEBUG tourGuide.service.RewardsService - Begin Tracker. #3.1.1 Tracking USER internalUser75 latitutde 78.60970977727811 longitude 66.04360088215677
10:15:53.124 [pool-2-thread-1] DEBUG tourGuide.service.RewardsService - Begin Tracker. #3.1.2 Tracking USER internalUser75
10:15:53.124 [pool-2-thread-1] DEBUG tourGuide.service.RewardsService - Begin Tracker. #3.1.1 Tracking USER internalUser75 latitutde -11.719269913774454 longitude 179.9795454429928
10:15:53.124 [pool-2-thread-1] DEBUG tourGuide.service.RewardsService - Begin Tracker. #3.1.2 Tracking USER internalUser75
10:15:53.124 [pool-2-thread-1] DEBUG tourGuide.service.RewardsService - Begin Tracker. #3.1.1 Tracking USER internalUser75 latitutde 84.43858041437906 longitude -56.69714847679691
10:15:53.124 [pool-2-thread-1] DEBUG tourGuide.service.RewardsService - Begin Tracker. #3.1.2 Tracking USER internalUser75
10:15:53.124 [pool-2-thread-1] DEBUG tourGuide.service.RewardsService - Begin Tracker. #3.1.1 Tracking USER internalUser75 latitutde 33.817595 longitude -117.922008
10:15:53.124 [pool-2-thread-1] DEBUG tourGuide.service.RewardsService - Begin Tracker. #3.1.2 Tracking USER internalUser75
10:15:53.124 [pool-2-thread-1] DEBUG tourGuide.service.RewardsService - Begin Tracker. #3.1.1 Tracking USER internalUser75 latitutde 77.361339 longitude 103.199601
10:15:53.124 [pool-2-thread-1] DEBUG tourGuide.service.RewardsService - Begin Tracker. #3.1.2 Tracking USER internalUser75
10:15:53.124 [pool-2-thread-1] DEBUG tourGuide.service.RewardsService - Begin Tracker. #3.2 Tracking USER internalUser75
10:15:53.124 [pool-2-thread-1] DEBUG tourGuide.service.TourGuideService - Begin Tracker. #4 Tracking USER internalUser75
10:15:53.125 [Test worker] DEBUG tourGuide.service.RewardsService - Begin Tracker. #3.1.0 Tracking USER internalUser70
10:15:53.125 [Test worker] DEBUG tourGuide.service.RewardsService - Begin Tracker. #3.1.1 Tracking USER internalUser70 latitutde 49.820257852765536 longitude 64.52830543782972
10:15:53.125 [Test worker] DEBUG tourGuide.service.RewardsService - Begin Tracker. #3.1.2 Tracking USER internalUser70
10:15:53.126 [Test worker] DEBUG tourGuide.service.RewardsService - Begin Tracker. #3.1.1 Tracking USER internalUser70 latitutde -61.94606407017654 longitude -82.8228634729295
10:15:53.126 [Test worker] DEBUG tourGuide.service.RewardsService - Begin Tracker. #3.1.2 Tracking USER internalUser70
10:15:53.126 [Test worker] DEBUG tourGuide.service.RewardsService - Begin Tracker. #3.1.1 Tracking USER internalUser70 latitutde 57.54105606207969 longitude 60.32621821084075
10:15:53.126 [Test worker] DEBUG tourGuide.service.RewardsService - Begin Tracker. #3.1.2 Tracking USER internalUser70
10:15:53.126 [Test worker] DEBUG tourGuide.service.RewardsService - Begin Tracker. #3.1.1 Tracking USER internalUser70 latitutde 33.817595 longitude -117.922008
10:15:53.178 [pool-2-thread-1] DEBUG tourGuide.service.TourGuideService - Begin Tracker. #1 Tracking USER internalUser70
10:15:53.466 [Test worker] DEBUG tourGuide.service.RewardsService - Begin Tracker. #3.1.2 Tracking USER internalUser70
10:15:53.466 [Test worker] DEBUG tourGuide.service.RewardsService - Begin Tracker. #3.2 Tracking USER internalUser70
10:15:53.466 [pool-2-thread-1] DEBUG tourGuide.service.TourGuideService - Begin Tracker. #2 Tracking USER internalUser70 latitutde 81.192188 longitude 74.805939
10:15:53.482 [pool-2-thread-1] DEBUG tourGuide.service.RewardsService - Begin Tracker. #3.1.0 Tracking USER internalUser70
10:15:53.482 [pool-2-thread-1] DEBUG tourGuide.service.RewardsService - Begin Tracker. #3.1.1 Tracking USER internalUser70 latitutde 49.820257852765536 longitude 64.52830543782972
10:15:53.482 [pool-2-thread-1] DEBUG tourGuide.service.RewardsService - Begin Tracker. #3.1.2 Tracking USER internalUser70
10:15:53.482 [pool-2-thread-1] DEBUG tourGuide.service.RewardsService - Begin Tracker. #3.1.1 Tracking USER internalUser70 latitutde -61.94606407017654 longitude -82.8228634729295
10:15:53.482 [pool-2-thread-1] DEBUG tourGuide.service.RewardsService - Begin Tracker. #3.1.2 Tracking USER internalUser70
10:15:53.482 [pool-2-thread-1] DEBUG tourGuide.service.RewardsService - Begin Tracker. #3.1.1 Tracking USER internalUser70 latitutde 57.54105606207969 longitude 60.32621821084075
10:15:53.482 [pool-2-thread-1] DEBUG tourGuide.service.RewardsService - Begin Tracker. #3.1.2 Tracking USER internalUser70
10:15:53.482 [pool-2-thread-1] DEBUG tourGuide.service.RewardsService - Begin Tracker. #3.1.1 Tracking USER internalUser70 latitutde 33.817595 longitude -117.922008
10:15:53.482 [pool-2-thread-1] DEBUG tourGuide.service.RewardsService - Begin Tracker. #3.1.2 Tracking USER internalUser70
10:15:53.482 [pool-2-thread-1] DEBUG tourGuide.service.RewardsService - Begin Tracker. #3.1.1 Tracking USER internalUser70 latitutde 81.192188 longitude 74.805939
10:15:53.482 [pool-2-thread-1] DEBUG tourGuide.service.RewardsService - Begin Tracker. #3.1.2 Tracking USER internalUser70
10:15:53.482 [pool-2-thread-1] DEBUG tourGuide.service.RewardsService - Begin Tracker. #3.2 Tracking USER internalUser70
10:15:53.482 [pool-2-thread-1] DEBUG tourGuide.service.TourGuideService - Begin Tracker. #4 Tracking USER internalUser70
10:15:53.482 [Test worker] DEBUG tourGuide.service.RewardsService - Begin Tracker. #3.1.0 Tracking USER internalUser72
10:15:53.482 [Test worker] DEBUG tourGuide.service.RewardsService - Begin Tracker. #3.1.1 Tracking USER internalUser72 latitutde 76.49972150879651 longitude 4.139009685756264
10:15:53.482 [Test worker] DEBUG tourGuide.service.RewardsService - Begin Tracker. #3.1.2 Tracking USER internalUser72
10:15:53.482 [Test worker] DEBUG tourGuide.service.RewardsService - Begin Tracker. #3.1.1 Tracking USER internalUser72 latitutde 54.649111244244494 longitude -39.00835404975024
10:15:53.482 [Test worker] DEBUG tourGuide.service.RewardsService - Begin Tracker. #3.1.2 Tracking USER internalUser72
10:15:53.483 [Test worker] DEBUG tourGuide.service.RewardsService - Begin Tracker. #3.1.1 Tracking USER internalUser72 latitutde -16.086136936863596 longitude 118.88720866115705
10:15:53.483 [Test worker] DEBUG tourGuide.service.RewardsService - Begin Tracker. #3.1.2 Tracking USER internalUser72
10:15:53.483 [Test worker] DEBUG tourGuide.service.RewardsService - Begin Tracker. #3.1.1 Tracking USER internalUser72 latitutde 33.817595 longitude -117.922008
10:15:53.557 [pool-2-thread-1] DEBUG tourGuide.service.TourGuideService - Begin Tracker. #1 Tracking USER internalUser72
10:15:54.273 [Test worker] DEBUG tourGuide.service.RewardsService - Begin Tracker. #3.1.2 Tracking USER internalUser72
10:15:54.273 [Test worker] DEBUG tourGuide.service.RewardsService - Begin Tracker. #3.2 Tracking USER internalUser72
10:15:54.273 [pool-2-thread-1] DEBUG tourGuide.service.TourGuideService - Begin Tracker. #2 Tracking USER internalUser72 latitutde 29.980644 longitude -111.9087
10:15:54.288 [pool-2-thread-1] DEBUG tourGuide.service.RewardsService - Begin Tracker. #3.1.0 Tracking USER internalUser72
10:15:54.288 [pool-2-thread-1] DEBUG tourGuide.service.RewardsService - Begin Tracker. #3.1.1 Tracking USER internalUser72 latitutde 76.49972150879651 longitude 4.139009685756264
10:15:54.288 [pool-2-thread-1] DEBUG tourGuide.service.RewardsService - Begin Tracker. #3.1.2 Tracking USER internalUser72
10:15:54.288 [pool-2-thread-1] DEBUG tourGuide.service.RewardsService - Begin Tracker. #3.1.1 Tracking USER internalUser72 latitutde 54.649111244244494 longitude -39.00835404975024
10:15:54.288 [pool-2-thread-1] DEBUG tourGuide.service.RewardsService - Begin Tracker. #3.1.2 Tracking USER internalUser72
10:15:54.288 [pool-2-thread-1] DEBUG tourGuide.service.RewardsService - Begin Tracker. #3.1.1 Tracking USER internalUser72 latitutde -16.086136936863596 longitude 118.88720866115705
10:15:54.288 [pool-2-thread-1] DEBUG tourGuide.service.RewardsService - Begin Tracker. #3.1.2 Tracking USER internalUser72
10:15:54.288 [pool-2-thread-1] DEBUG tourGuide.service.RewardsService - Begin Tracker. #3.1.1 Tracking USER internalUser72 latitutde 33.817595 longitude -117.922008
10:15:54.288 [pool-2-thread-1] DEBUG tourGuide.service.RewardsService - Begin Tracker. #3.1.2 Tracking USER internalUser72
10:15:54.288 [pool-2-thread-1] DEBUG tourGuide.service.RewardsService - Begin Tracker. #3.1.1 Tracking USER internalUser72 latitutde 29.980644 longitude -111.9087
10:15:54.288 [pool-2-thread-1] DEBUG tourGuide.service.RewardsService - Begin Tracker. #3.1.2 Tracking USER internalUser72
10:15:54.288 [pool-2-thread-1] DEBUG tourGuide.service.RewardsService - Begin Tracker. #3.2 Tracking USER internalUser72
10:15:54.288 [pool-2-thread-1] DEBUG tourGuide.service.TourGuideService - Begin Tracker. #4 Tracking USER internalUser72
10:15:54.292 [Test worker] DEBUG tourGuide.service.RewardsService - Begin Tracker. #3.1.0 Tracking USER internalUser71
10:15:54.292 [Test worker] DEBUG tourGuide.service.RewardsService - Begin Tracker. #3.1.1 Tracking USER internalUser71 latitutde -3.9723775879317884 longitude -153.18176538568886
10:15:54.293 [Test worker] DEBUG tourGuide.service.RewardsService - Begin Tracker. #3.1.2 Tracking USER internalUser71
10:15:54.293 [Test worker] DEBUG tourGuide.service.RewardsService - Begin Tracker. #3.1.1 Tracking USER internalUser71 latitutde -72.16051869805639 longitude 5.820753548349188
10:15:54.293 [Test worker] DEBUG tourGuide.service.RewardsService - Begin Tracker. #3.1.2 Tracking USER internalUser71
10:15:54.293 [Test worker] DEBUG tourGuide.service.RewardsService - Begin Tracker. #3.1.1 Tracking USER internalUser71 latitutde -4.212904237644807 longitude 127.38388102301798
10:15:54.293 [Test worker] DEBUG tourGuide.service.RewardsService - Begin Tracker. #3.1.2 Tracking USER internalUser71
10:15:54.294 [Test worker] DEBUG tourGuide.service.RewardsService - Begin Tracker. #3.1.1 Tracking USER internalUser71 latitutde 33.817595 longitude -117.922008
10:15:54.389 [pool-2-thread-1] DEBUG tourGuide.service.TourGuideService - Begin Tracker. #1 Tracking USER internalUser71
10:15:54.780 [Test worker] DEBUG tourGuide.service.RewardsService - Begin Tracker. #3.1.2 Tracking USER internalUser71
10:15:54.780 [pool-2-thread-1] DEBUG tourGuide.service.TourGuideService - Begin Tracker. #2 Tracking USER internalUser71 latitutde 59.925337 longitude -135.449563
10:15:54.780 [Test worker] DEBUG tourGuide.service.RewardsService - Begin Tracker. #3.2 Tracking USER internalUser71
10:15:54.795 [pool-2-thread-1] DEBUG tourGuide.service.RewardsService - Begin Tracker. #3.1.0 Tracking USER internalUser71
10:15:54.795 [pool-2-thread-1] DEBUG tourGuide.service.RewardsService - Begin Tracker. #3.1.1 Tracking USER internalUser71 latitutde -3.9723775879317884 longitude -153.18176538568886
10:15:54.795 [pool-2-thread-1] DEBUG tourGuide.service.RewardsService - Begin Tracker. #3.1.2 Tracking USER internalUser71
10:15:54.795 [pool-2-thread-1] DEBUG tourGuide.service.RewardsService - Begin Tracker. #3.1.1 Tracking USER internalUser71 latitutde -72.16051869805639 longitude 5.820753548349188
10:15:54.795 [pool-2-thread-1] DEBUG tourGuide.service.RewardsService - Begin Tracker. #3.1.2 Tracking USER internalUser71
10:15:54.795 [pool-2-thread-1] DEBUG tourGuide.service.RewardsService - Begin Tracker. #3.1.1 Tracking USER internalUser71 latitutde -4.212904237644807 longitude 127.38388102301798
10:15:54.795 [pool-2-thread-1] DEBUG tourGuide.service.RewardsService - Begin Tracker. #3.1.2 Tracking USER internalUser71
10:15:54.795 [pool-2-thread-1] DEBUG tourGuide.service.RewardsService - Begin Tracker. #3.1.1 Tracking USER internalUser71 latitutde 33.817595 longitude -117.922008
10:15:54.795 [pool-2-thread-1] DEBUG tourGuide.service.RewardsService - Begin Tracker. #3.1.2 Tracking USER internalUser71
10:15:54.795 [pool-2-thread-1] DEBUG tourGuide.service.RewardsService - Begin Tracker. #3.1.1 Tracking USER internalUser71 latitutde 59.925337 longitude -135.449563
10:15:54.795 [pool-2-thread-1] DEBUG tourGuide.service.RewardsService - Begin Tracker. #3.1.2 Tracking USER internalUser71
10:15:54.795 [pool-2-thread-1] DEBUG tourGuide.service.RewardsService - Begin Tracker. #3.2 Tracking USER internalUser71
10:15:54.795 [pool-2-thread-1] DEBUG tourGuide.service.TourGuideService - Begin Tracker. #4 Tracking USER internalUser71
10:15:54.796 [Test worker] DEBUG tourGuide.service.RewardsService - Begin Tracker. #3.1.0 Tracking USER internalUser90
10:15:54.796 [Test worker] DEBUG tourGuide.service.RewardsService - Begin Tracker. #3.1.1 Tracking USER internalUser90 latitutde 38.307413901307584 longitude -139.3325619775227
10:15:54.796 [Test worker] DEBUG tourGuide.service.RewardsService - Begin Tracker. #3.1.2 Tracking USER internalUser90
10:15:54.796 [Test worker] DEBUG tourGuide.service.RewardsService - Begin Tracker. #3.1.1 Tracking USER internalUser90 latitutde 47.7626989139566 longitude 108.95467286127223
10:15:54.796 [Test worker] DEBUG tourGuide.service.RewardsService - Begin Tracker. #3.1.2 Tracking USER internalUser90
10:15:54.796 [Test worker] DEBUG tourGuide.service.RewardsService - Begin Tracker. #3.1.1 Tracking USER internalUser90 latitutde -55.17553166432037 longitude 143.3176400248251
10:15:54.796 [Test worker] DEBUG tourGuide.service.RewardsService - Begin Tracker. #3.1.2 Tracking USER internalUser90
10:15:54.796 [Test worker] DEBUG tourGuide.service.RewardsService - Begin Tracker. #3.1.1 Tracking USER internalUser90 latitutde 33.817595 longitude -117.922008
10:15:54.866 [pool-2-thread-1] DEBUG tourGuide.service.TourGuideService - Begin Tracker. #1 Tracking USER internalUser90
10:15:55.761 [Test worker] DEBUG tourGuide.service.RewardsService - Begin Tracker. #3.1.2 Tracking USER internalUser90
10:15:55.761 [Test worker] DEBUG tourGuide.service.RewardsService - Begin Tracker. #3.2 Tracking USER internalUser90
10:15:55.761 [pool-2-thread-1] DEBUG tourGuide.service.TourGuideService - Begin Tracker. #2 Tracking USER internalUser90 latitutde -84.464932 longitude 78.644043
10:15:55.777 [pool-2-thread-1] DEBUG tourGuide.service.RewardsService - Begin Tracker. #3.1.0 Tracking USER internalUser90
10:15:55.777 [Test worker] DEBUG tourGuide.service.RewardsService - Begin Tracker. #3.1.0 Tracking USER internalUser89
10:15:55.777 [pool-2-thread-1] DEBUG tourGuide.service.RewardsService - Begin Tracker. #3.1.1 Tracking USER internalUser90 latitutde 38.307413901307584 longitude -139.3325619775227
10:15:55.777 [Test worker] DEBUG tourGuide.service.RewardsService - Begin Tracker. #3.1.1 Tracking USER internalUser89 latitutde -38.37206037665741 longitude 158.5345071131626
10:15:55.777 [Test worker] DEBUG tourGuide.service.RewardsService - Begin Tracker. #3.1.2 Tracking USER internalUser89
10:15:55.777 [pool-2-thread-1] DEBUG tourGuide.service.RewardsService - Begin Tracker. #3.1.2 Tracking USER internalUser90
10:15:55.777 [Test worker] DEBUG tourGuide.service.RewardsService - Begin Tracker. #3.1.1 Tracking USER internalUser89 latitutde 9.459962234163044 longitude 165.45272675027934
10:15:55.777 [pool-2-thread-1] DEBUG tourGuide.service.RewardsService - Begin Tracker. #3.1.1 Tracking USER internalUser90 latitutde 47.7626989139566 longitude 108.95467286127223
10:15:55.777 [Test worker] DEBUG tourGuide.service.RewardsService - Begin Tracker. #3.1.2 Tracking USER internalUser89
10:15:55.777 [Test worker] DEBUG tourGuide.service.RewardsService - Begin Tracker. #3.1.1 Tracking USER internalUser89 latitutde 35.68927936713408 longitude -101.56219200298212
10:15:55.777 [Test worker] DEBUG tourGuide.service.RewardsService - Begin Tracker. #3.1.2 Tracking USER internalUser89
10:15:55.777 [pool-2-thread-1] DEBUG tourGuide.service.RewardsService - Begin Tracker. #3.1.2 Tracking USER internalUser90
10:15:55.777 [Test worker] DEBUG tourGuide.service.RewardsService - Begin Tracker. #3.1.1 Tracking USER internalUser89 latitutde 33.817595 longitude -117.922008
10:15:55.777 [pool-2-thread-1] DEBUG tourGuide.service.RewardsService - Begin Tracker. #3.1.1 Tracking USER internalUser90 latitutde -55.17553166432037 longitude 143.3176400248251
10:15:55.777 [pool-2-thread-1] DEBUG tourGuide.service.RewardsService - Begin Tracker. #3.1.2 Tracking USER internalUser90
10:15:55.777 [pool-2-thread-1] DEBUG tourGuide.service.RewardsService - Begin Tracker. #3.1.1 Tracking USER internalUser90 latitutde 33.817595 longitude -117.922008
10:15:55.777 [pool-2-thread-1] DEBUG tourGuide.service.RewardsService - Begin Tracker. #3.1.2 Tracking USER internalUser90
10:15:55.777 [pool-2-thread-1] DEBUG tourGuide.service.RewardsService - Begin Tracker. #3.1.1 Tracking USER internalUser90 latitutde -84.464932 longitude 78.644043
10:15:55.777 [pool-2-thread-1] DEBUG tourGuide.service.RewardsService - Begin Tracker. #3.1.2 Tracking USER internalUser90
10:15:55.777 [pool-2-thread-1] DEBUG tourGuide.service.RewardsService - Begin Tracker. #3.2 Tracking USER internalUser90
10:15:55.777 [pool-2-thread-1] DEBUG tourGuide.service.TourGuideService - Begin Tracker. #4 Tracking USER internalUser90
10:15:55.862 [pool-2-thread-1] DEBUG tourGuide.service.TourGuideService - Begin Tracker. #1 Tracking USER internalUser89
10:15:56.013 [Test worker] DEBUG tourGuide.service.RewardsService - Begin Tracker. #3.1.2 Tracking USER internalUser89
10:15:56.013 [Test worker] DEBUG tourGuide.service.RewardsService - Begin Tracker. #3.2 Tracking USER internalUser89
10:15:56.013 [pool-2-thread-1] DEBUG tourGuide.service.TourGuideService - Begin Tracker. #2 Tracking USER internalUser89 latitutde -59.886825 longitude -133.218976
10:15:56.029 [pool-2-thread-1] DEBUG tourGuide.service.RewardsService - Begin Tracker. #3.1.0 Tracking USER internalUser89
10:15:56.029 [pool-2-thread-1] DEBUG tourGuide.service.RewardsService - Begin Tracker. #3.1.1 Tracking USER internalUser89 latitutde -38.37206037665741 longitude 158.5345071131626
10:15:56.029 [pool-2-thread-1] DEBUG tourGuide.service.RewardsService - Begin Tracker. #3.1.2 Tracking USER internalUser89
10:15:56.029 [pool-2-thread-1] DEBUG tourGuide.service.RewardsService - Begin Tracker. #3.1.1 Tracking USER internalUser89 latitutde 9.459962234163044 longitude 165.45272675027934
10:15:56.029 [pool-2-thread-1] DEBUG tourGuide.service.RewardsService - Begin Tracker. #3.1.2 Tracking USER internalUser89
10:15:56.029 [pool-2-thread-1] DEBUG tourGuide.service.RewardsService - Begin Tracker. #3.1.1 Tracking USER internalUser89 latitutde 35.68927936713408 longitude -101.56219200298212
10:15:56.029 [pool-2-thread-1] DEBUG tourGuide.service.RewardsService - Begin Tracker. #3.1.2 Tracking USER internalUser89
10:15:56.029 [pool-2-thread-1] DEBUG tourGuide.service.RewardsService - Begin Tracker. #3.1.1 Tracking USER internalUser89 latitutde 33.817595 longitude -117.922008
10:15:56.029 [pool-2-thread-1] DEBUG tourGuide.service.RewardsService - Begin Tracker. #3.1.2 Tracking USER internalUser89
10:15:56.029 [pool-2-thread-1] DEBUG tourGuide.service.RewardsService - Begin Tracker. #3.1.1 Tracking USER internalUser89 latitutde -59.886825 longitude -133.218976
10:15:56.029 [pool-2-thread-1] DEBUG tourGuide.service.RewardsService - Begin Tracker. #3.1.2 Tracking USER internalUser89
10:15:56.029 [pool-2-thread-1] DEBUG tourGuide.service.RewardsService - Begin Tracker. #3.2 Tracking USER internalUser89
10:15:56.029 [pool-2-thread-1] DEBUG tourGuide.service.TourGuideService - Begin Tracker. #4 Tracking USER internalUser89
10:15:56.034 [Test worker] DEBUG tourGuide.service.RewardsService - Begin Tracker. #3.1.0 Tracking USER internalUser88
10:15:56.034 [Test worker] DEBUG tourGuide.service.RewardsService - Begin Tracker. #3.1.1 Tracking USER internalUser88 latitutde 63.32043541435587 longitude 149.02037749366497
10:15:56.034 [Test worker] DEBUG tourGuide.service.RewardsService - Begin Tracker. #3.1.2 Tracking USER internalUser88
10:15:56.034 [Test worker] DEBUG tourGuide.service.RewardsService - Begin Tracker. #3.1.1 Tracking USER internalUser88 latitutde 72.02482590213941 longitude 88.80779003924727
10:15:56.034 [Test worker] DEBUG tourGuide.service.RewardsService - Begin Tracker. #3.1.2 Tracking USER internalUser88
10:15:56.035 [Test worker] DEBUG tourGuide.service.RewardsService - Begin Tracker. #3.1.1 Tracking USER internalUser88 latitutde 35.439616532760596 longitude 17.003938511862856
10:15:56.035 [Test worker] DEBUG tourGuide.service.RewardsService - Begin Tracker. #3.1.2 Tracking USER internalUser88
10:15:56.035 [Test worker] DEBUG tourGuide.service.RewardsService - Begin Tracker. #3.1.1 Tracking USER internalUser88 latitutde 33.817595 longitude -117.922008
10:15:56.076 [pool-2-thread-1] DEBUG tourGuide.service.TourGuideService - Begin Tracker. #1 Tracking USER internalUser88
10:15:56.334 [Test worker] DEBUG tourGuide.service.RewardsService - Begin Tracker. #3.1.2 Tracking USER internalUser88
10:15:56.334 [pool-2-thread-1] DEBUG tourGuide.service.TourGuideService - Begin Tracker. #2 Tracking USER internalUser88 latitutde 84.481073 longitude -123.570254
10:15:56.334 [Test worker] DEBUG tourGuide.service.RewardsService - Begin Tracker. #3.2 Tracking USER internalUser88
10:15:56.358 [pool-2-thread-1] DEBUG tourGuide.service.RewardsService - Begin Tracker. #3.1.0 Tracking USER internalUser88
10:15:56.358 [Test worker] DEBUG tourGuide.service.RewardsService - Begin Tracker. #3.1.0 Tracking USER internalUser85
10:15:56.358 [pool-2-thread-1] DEBUG tourGuide.service.RewardsService - Begin Tracker. #3.1.1 Tracking USER internalUser88 latitutde 63.32043541435587 longitude 149.02037749366497
10:15:56.358 [Test worker] DEBUG tourGuide.service.RewardsService - Begin Tracker. #3.1.1 Tracking USER internalUser85 latitutde -9.620062025693812 longitude -89.56795740046314
10:15:56.358 [pool-2-thread-1] DEBUG tourGuide.service.RewardsService - Begin Tracker. #3.1.2 Tracking USER internalUser88
10:15:56.358 [pool-2-thread-1] DEBUG tourGuide.service.RewardsService - Begin Tracker. #3.1.1 Tracking USER internalUser88 latitutde 72.02482590213941 longitude 88.80779003924727
10:15:56.358 [pool-2-thread-1] DEBUG tourGuide.service.RewardsService - Begin Tracker. #3.1.2 Tracking USER internalUser88
10:15:56.358 [pool-2-thread-1] DEBUG tourGuide.service.RewardsService - Begin Tracker. #3.1.1 Tracking USER internalUser88 latitutde 35.439616532760596 longitude 17.003938511862856
10:15:56.358 [pool-2-thread-1] DEBUG tourGuide.service.RewardsService - Begin Tracker. #3.1.2 Tracking USER internalUser88
10:15:56.358 [pool-2-thread-1] DEBUG tourGuide.service.RewardsService - Begin Tracker. #3.1.1 Tracking USER internalUser88 latitutde 33.817595 longitude -117.922008
10:15:56.358 [pool-2-thread-1] DEBUG tourGuide.service.RewardsService - Begin Tracker. #3.1.2 Tracking USER internalUser88
10:15:56.358 [pool-2-thread-1] DEBUG tourGuide.service.RewardsService - Begin Tracker. #3.1.1 Tracking USER internalUser88 latitutde 84.481073 longitude -123.570254
10:15:56.358 [pool-2-thread-1] DEBUG tourGuide.service.RewardsService - Begin Tracker. #3.1.2 Tracking USER internalUser88
10:15:56.358 [pool-2-thread-1] DEBUG tourGuide.service.RewardsService - Begin Tracker. #3.2 Tracking USER internalUser88
10:15:56.358 [pool-2-thread-1] DEBUG tourGuide.service.TourGuideService - Begin Tracker. #4 Tracking USER internalUser88
10:15:56.359 [Test worker] DEBUG tourGuide.service.RewardsService - Begin Tracker. #3.1.2 Tracking USER internalUser85
10:15:56.359 [Test worker] DEBUG tourGuide.service.RewardsService - Begin Tracker. #3.1.1 Tracking USER internalUser85 latitutde 28.434987661728897 longitude -155.0447149396632
10:15:56.359 [Test worker] DEBUG tourGuide.service.RewardsService - Begin Tracker. #3.1.2 Tracking USER internalUser85
10:15:56.359 [Test worker] DEBUG tourGuide.service.RewardsService - Begin Tracker. #3.1.1 Tracking USER internalUser85 latitutde 24.69728533780983 longitude -134.6134615776169
10:15:56.359 [Test worker] DEBUG tourGuide.service.RewardsService - Begin Tracker. #3.1.2 Tracking USER internalUser85
10:15:56.359 [Test worker] DEBUG tourGuide.service.RewardsService - Begin Tracker. #3.1.1 Tracking USER internalUser85 latitutde 33.817595 longitude -117.922008
10:15:56.409 [pool-2-thread-1] DEBUG tourGuide.service.TourGuideService - Begin Tracker. #1 Tracking USER internalUser85
10:15:56.702 [Test worker] DEBUG tourGuide.service.RewardsService - Begin Tracker. #3.1.2 Tracking USER internalUser85
10:15:56.702 [pool-2-thread-1] DEBUG tourGuide.service.TourGuideService - Begin Tracker. #2 Tracking USER internalUser85 latitutde -25.682436 longitude 152.930274
10:15:56.702 [Test worker] DEBUG tourGuide.service.RewardsService - Begin Tracker. #3.2 Tracking USER internalUser85
10:15:56.718 [pool-2-thread-1] DEBUG tourGuide.service.RewardsService - Begin Tracker. #3.1.0 Tracking USER internalUser85
10:15:56.718 [Test worker] DEBUG tourGuide.service.RewardsService - Begin Tracker. #3.1.0 Tracking USER internalUser84
10:15:56.718 [pool-2-thread-1] DEBUG tourGuide.service.RewardsService - Begin Tracker. #3.1.1 Tracking USER internalUser85 latitutde -9.620062025693812 longitude -89.56795740046314
10:15:56.718 [Test worker] DEBUG tourGuide.service.RewardsService - Begin Tracker. #3.1.1 Tracking USER internalUser84 latitutde -29.239639926724415 longitude -24.864684305475464
10:15:56.718 [Test worker] DEBUG tourGuide.service.RewardsService - Begin Tracker. #3.1.2 Tracking USER internalUser84
10:15:56.718 [Test worker] DEBUG tourGuide.service.RewardsService - Begin Tracker. #3.1.1 Tracking USER internalUser84 latitutde -3.0261503769028337 longitude -4.296393311318013
10:15:56.718 [pool-2-thread-1] DEBUG tourGuide.service.RewardsService - Begin Tracker. #3.1.2 Tracking USER internalUser85
10:15:56.718 [pool-2-thread-1] DEBUG tourGuide.service.RewardsService - Begin Tracker. #3.1.1 Tracking USER internalUser85 latitutde 28.434987661728897 longitude -155.0447149396632
10:15:56.718 [Test worker] DEBUG tourGuide.service.RewardsService - Begin Tracker. #3.1.2 Tracking USER internalUser84
10:15:56.718 [Test worker] DEBUG tourGuide.service.RewardsService - Begin Tracker. #3.1.1 Tracking USER internalUser84 latitutde 35.31883455254483 longitude 100.62557442527873
10:15:56.718 [pool-2-thread-1] DEBUG tourGuide.service.RewardsService - Begin Tracker. #3.1.2 Tracking USER internalUser85
10:15:56.718 [Test worker] DEBUG tourGuide.service.RewardsService - Begin Tracker. #3.1.2 Tracking USER internalUser84
10:15:56.718 [pool-2-thread-1] DEBUG tourGuide.service.RewardsService - Begin Tracker. #3.1.1 Tracking USER internalUser85 latitutde 24.69728533780983 longitude -134.6134615776169
10:15:56.718 [Test worker] DEBUG tourGuide.service.RewardsService - Begin Tracker. #3.1.1 Tracking USER internalUser84 latitutde 33.817595 longitude -117.922008
10:15:56.719 [pool-2-thread-1] DEBUG tourGuide.service.RewardsService - Begin Tracker. #3.1.2 Tracking USER internalUser85
10:15:56.719 [pool-2-thread-1] DEBUG tourGuide.service.RewardsService - Begin Tracker. #3.1.1 Tracking USER internalUser85 latitutde 33.817595 longitude -117.922008
10:15:56.719 [pool-2-thread-1] DEBUG tourGuide.service.RewardsService - Begin Tracker. #3.1.2 Tracking USER internalUser85
10:15:56.719 [pool-2-thread-1] DEBUG tourGuide.service.RewardsService - Begin Tracker. #3.1.1 Tracking USER internalUser85 latitutde -25.682436 longitude 152.930274
10:15:56.719 [pool-2-thread-1] DEBUG tourGuide.service.RewardsService - Begin Tracker. #3.1.2 Tracking USER internalUser85
10:15:56.719 [pool-2-thread-1] DEBUG tourGuide.service.RewardsService - Begin Tracker. #3.2 Tracking USER internalUser85
10:15:56.719 [pool-2-thread-1] DEBUG tourGuide.service.TourGuideService - Begin Tracker. #4 Tracking USER internalUser85
10:15:56.756 [pool-2-thread-1] DEBUG tourGuide.service.TourGuideService - Begin Tracker. #1 Tracking USER internalUser84
10:15:57.533 [Test worker] DEBUG tourGuide.service.RewardsService - Begin Tracker. #3.1.2 Tracking USER internalUser84
10:15:57.533 [Test worker] DEBUG tourGuide.service.RewardsService - Begin Tracker. #3.2 Tracking USER internalUser84
10:15:57.533 [pool-2-thread-1] DEBUG tourGuide.service.TourGuideService - Begin Tracker. #2 Tracking USER internalUser84 latitutde -50.317384 longitude 18.511831
10:15:57.548 [Test worker] DEBUG tourGuide.service.RewardsService - Begin Tracker. #3.1.0 Tracking USER internalUser87
10:15:57.548 [pool-2-thread-1] DEBUG tourGuide.service.RewardsService - Begin Tracker. #3.1.0 Tracking USER internalUser84
10:15:57.548 [pool-2-thread-1] DEBUG tourGuide.service.RewardsService - Begin Tracker. #3.1.1 Tracking USER internalUser84 latitutde -29.239639926724415 longitude -24.864684305475464
10:15:57.548 [pool-2-thread-1] DEBUG tourGuide.service.RewardsService - Begin Tracker. #3.1.2 Tracking USER internalUser84
10:15:57.548 [pool-2-thread-1] DEBUG tourGuide.service.RewardsService - Begin Tracker. #3.1.1 Tracking USER internalUser84 latitutde -3.0261503769028337 longitude -4.296393311318013
10:15:57.548 [pool-2-thread-1] DEBUG tourGuide.service.RewardsService - Begin Tracker. #3.1.2 Tracking USER internalUser84
10:15:57.548 [pool-2-thread-1] DEBUG tourGuide.service.RewardsService - Begin Tracker. #3.1.1 Tracking USER internalUser84 latitutde 35.31883455254483 longitude 100.62557442527873
10:15:57.548 [pool-2-thread-1] DEBUG tourGuide.service.RewardsService - Begin Tracker. #3.1.2 Tracking USER internalUser84
10:15:57.548 [pool-2-thread-1] DEBUG tourGuide.service.RewardsService - Begin Tracker. #3.1.1 Tracking USER internalUser84 latitutde 33.817595 longitude -117.922008
10:15:57.548 [pool-2-thread-1] DEBUG tourGuide.service.RewardsService - Begin Tracker. #3.1.2 Tracking USER internalUser84
10:15:57.548 [pool-2-thread-1] DEBUG tourGuide.service.RewardsService - Begin Tracker. #3.1.1 Tracking USER internalUser84 latitutde -50.317384 longitude 18.511831
10:15:57.548 [pool-2-thread-1] DEBUG tourGuide.service.RewardsService - Begin Tracker. #3.1.2 Tracking USER internalUser84
10:15:57.548 [pool-2-thread-1] DEBUG tourGuide.service.RewardsService - Begin Tracker. #3.2 Tracking USER internalUser84
10:15:57.548 [pool-2-thread-1] DEBUG tourGuide.service.TourGuideService - Begin Tracker. #4 Tracking USER internalUser84
10:15:57.548 [Test worker] DEBUG tourGuide.service.RewardsService - Begin Tracker. #3.1.1 Tracking USER internalUser87 latitutde 32.22197752906068 longitude -86.18224434912139
10:15:57.548 [Test worker] DEBUG tourGuide.service.RewardsService - Begin Tracker. #3.1.2 Tracking USER internalUser87
10:15:57.548 [Test worker] DEBUG tourGuide.service.RewardsService - Begin Tracker. #3.1.1 Tracking USER internalUser87 latitutde 34.84767257052786 longitude -27.910394662794232
10:15:57.548 [Test worker] DEBUG tourGuide.service.RewardsService - Begin Tracker. #3.1.2 Tracking USER internalUser87
10:15:57.548 [Test worker] DEBUG tourGuide.service.RewardsService - Begin Tracker. #3.1.1 Tracking USER internalUser87 latitutde 53.29843984669395 longitude 2.345487905342594
10:15:57.548 [Test worker] DEBUG tourGuide.service.RewardsService - Begin Tracker. #3.1.2 Tracking USER internalUser87
10:15:57.548 [Test worker] DEBUG tourGuide.service.RewardsService - Begin Tracker. #3.1.1 Tracking USER internalUser87 latitutde 33.817595 longitude -117.922008
10:15:57.611 [pool-2-thread-1] DEBUG tourGuide.service.TourGuideService - Begin Tracker. #1 Tracking USER internalUser87
10:15:58.008 [Test worker] DEBUG tourGuide.service.RewardsService - Begin Tracker. #3.1.2 Tracking USER internalUser87
10:15:58.008 [pool-2-thread-1] DEBUG tourGuide.service.TourGuideService - Begin Tracker. #2 Tracking USER internalUser87 latitutde 42.877419 longitude -35.494869
10:15:58.008 [Test worker] DEBUG tourGuide.service.RewardsService - Begin Tracker. #3.2 Tracking USER internalUser87
10:15:58.023 [pool-2-thread-1] DEBUG tourGuide.service.RewardsService - Begin Tracker. #3.1.0 Tracking USER internalUser87
10:15:58.023 [pool-2-thread-1] DEBUG tourGuide.service.RewardsService - Begin Tracker. #3.1.1 Tracking USER internalUser87 latitutde 32.22197752906068 longitude -86.18224434912139
10:15:58.023 [pool-2-thread-1] DEBUG tourGuide.service.RewardsService - Begin Tracker. #3.1.2 Tracking USER internalUser87
10:15:58.023 [pool-2-thread-1] DEBUG tourGuide.service.RewardsService - Begin Tracker. #3.1.1 Tracking USER internalUser87 latitutde 34.84767257052786 longitude -27.910394662794232
10:15:58.023 [pool-2-thread-1] DEBUG tourGuide.service.RewardsService - Begin Tracker. #3.1.2 Tracking USER internalUser87
10:15:58.023 [pool-2-thread-1] DEBUG tourGuide.service.RewardsService - Begin Tracker. #3.1.1 Tracking USER internalUser87 latitutde 53.29843984669395 longitude 2.345487905342594
10:15:58.023 [pool-2-thread-1] DEBUG tourGuide.service.RewardsService - Begin Tracker. #3.1.2 Tracking USER internalUser87
10:15:58.023 [pool-2-thread-1] DEBUG tourGuide.service.RewardsService - Begin Tracker. #3.1.1 Tracking USER internalUser87 latitutde 33.817595 longitude -117.922008
10:15:58.023 [pool-2-thread-1] DEBUG tourGuide.service.RewardsService - Begin Tracker. #3.1.2 Tracking USER internalUser87
10:15:58.023 [pool-2-thread-1] DEBUG tourGuide.service.RewardsService - Begin Tracker. #3.1.1 Tracking USER internalUser87 latitutde 42.877419 longitude -35.494869
10:15:58.023 [pool-2-thread-1] DEBUG tourGuide.service.RewardsService - Begin Tracker. #3.1.2 Tracking USER internalUser87
10:15:58.023 [pool-2-thread-1] DEBUG tourGuide.service.RewardsService - Begin Tracker. #3.2 Tracking USER internalUser87
10:15:58.023 [pool-2-thread-1] DEBUG tourGuide.service.TourGuideService - Begin Tracker. #4 Tracking USER internalUser87
10:15:58.029 [Test worker] DEBUG tourGuide.service.RewardsService - Begin Tracker. #3.1.0 Tracking USER internalUser86
10:15:58.034 [Test worker] DEBUG tourGuide.service.RewardsService - Begin Tracker. #3.1.1 Tracking USER internalUser86 latitutde -74.62739083338585 longitude -93.55086701079132
10:15:58.035 [Test worker] DEBUG tourGuide.service.RewardsService - Begin Tracker. #3.1.2 Tracking USER internalUser86
10:15:58.036 [Test worker] DEBUG tourGuide.service.RewardsService - Begin Tracker. #3.1.1 Tracking USER internalUser86 latitutde 67.87120893173466 longitude 116.83970419522893
10:15:58.037 [Test worker] DEBUG tourGuide.service.RewardsService - Begin Tracker. #3.1.2 Tracking USER internalUser86
10:15:58.037 [Test worker] DEBUG tourGuide.service.RewardsService - Begin Tracker. #3.1.1 Tracking USER internalUser86 latitutde -9.741351136454 longitude -172.9005290131686
10:15:58.038 [Test worker] DEBUG tourGuide.service.RewardsService - Begin Tracker. #3.1.2 Tracking USER internalUser86
10:15:58.039 [Test worker] DEBUG tourGuide.service.RewardsService - Begin Tracker. #3.1.1 Tracking USER internalUser86 latitutde 33.817595 longitude -117.922008
10:15:58.114 [pool-2-thread-1] DEBUG tourGuide.service.TourGuideService - Begin Tracker. #1 Tracking USER internalUser86
10:15:58.333 [Test worker] DEBUG tourGuide.service.RewardsService - Begin Tracker. #3.1.2 Tracking USER internalUser86
10:15:58.333 [Test worker] DEBUG tourGuide.service.RewardsService - Begin Tracker. #3.2 Tracking USER internalUser86
10:15:58.333 [pool-2-thread-1] DEBUG tourGuide.service.TourGuideService - Begin Tracker. #2 Tracking USER internalUser86 latitutde 24.443972 longitude 179.544037
10:15:58.357 [pool-2-thread-1] DEBUG tourGuide.service.RewardsService - Begin Tracker. #3.1.0 Tracking USER internalUser86
10:15:58.357 [pool-2-thread-1] DEBUG tourGuide.service.RewardsService - Begin Tracker. #3.1.1 Tracking USER internalUser86 latitutde -74.62739083338585 longitude -93.55086701079132
10:15:58.357 [Test worker] DEBUG tourGuide.service.RewardsService - Begin Tracker. #3.1.0 Tracking USER internalUser81
10:15:58.357 [Test worker] DEBUG tourGuide.service.RewardsService - Begin Tracker. #3.1.1 Tracking USER internalUser81 latitutde 74.36498255341647 longitude -51.17785055297722
10:15:58.357 [pool-2-thread-1] DEBUG tourGuide.service.RewardsService - Begin Tracker. #3.1.2 Tracking USER internalUser86
10:15:58.357 [pool-2-thread-1] DEBUG tourGuide.service.RewardsService - Begin Tracker. #3.1.1 Tracking USER internalUser86 latitutde 67.87120893173466 longitude 116.83970419522893
10:15:58.357 [pool-2-thread-1] DEBUG tourGuide.service.RewardsService - Begin Tracker. #3.1.2 Tracking USER internalUser86
10:15:58.357 [pool-2-thread-1] DEBUG tourGuide.service.RewardsService - Begin Tracker. #3.1.1 Tracking USER internalUser86 latitutde -9.741351136454 longitude -172.9005290131686
10:15:58.357 [pool-2-thread-1] DEBUG tourGuide.service.RewardsService - Begin Tracker. #3.1.2 Tracking USER internalUser86
10:15:58.357 [pool-2-thread-1] DEBUG tourGuide.service.RewardsService - Begin Tracker. #3.1.1 Tracking USER internalUser86 latitutde 33.817595 longitude -117.922008
10:15:58.357 [pool-2-thread-1] DEBUG tourGuide.service.RewardsService - Begin Tracker. #3.1.2 Tracking USER internalUser86
10:15:58.357 [pool-2-thread-1] DEBUG tourGuide.service.RewardsService - Begin Tracker. #3.1.1 Tracking USER internalUser86 latitutde 24.443972 longitude 179.544037
10:15:58.357 [pool-2-thread-1] DEBUG tourGuide.service.RewardsService - Begin Tracker. #3.1.2 Tracking USER internalUser86
10:15:58.357 [pool-2-thread-1] DEBUG tourGuide.service.RewardsService - Begin Tracker. #3.2 Tracking USER internalUser86
10:15:58.357 [pool-2-thread-1] DEBUG tourGuide.service.TourGuideService - Begin Tracker. #4 Tracking USER internalUser86
10:15:58.357 [Test worker] DEBUG tourGuide.service.RewardsService - Begin Tracker. #3.1.2 Tracking USER internalUser81
10:15:58.358 [Test worker] DEBUG tourGuide.service.RewardsService - Begin Tracker. #3.1.1 Tracking USER internalUser81 latitutde 24.91317374756106 longitude -78.3235199374025
10:15:58.358 [Test worker] DEBUG tourGuide.service.RewardsService - Begin Tracker. #3.1.2 Tracking USER internalUser81
10:15:58.358 [Test worker] DEBUG tourGuide.service.RewardsService - Begin Tracker. #3.1.1 Tracking USER internalUser81 latitutde -74.12658851995559 longitude -51.20567656670531
10:15:58.358 [Test worker] DEBUG tourGuide.service.RewardsService - Begin Tracker. #3.1.2 Tracking USER internalUser81
10:15:58.358 [Test worker] DEBUG tourGuide.service.RewardsService - Begin Tracker. #3.1.1 Tracking USER internalUser81 latitutde 33.817595 longitude -117.922008
10:15:58.414 [pool-2-thread-1] DEBUG tourGuide.service.TourGuideService - Begin Tracker. #1 Tracking USER internalUser81
10:15:58.801 [Test worker] DEBUG tourGuide.service.RewardsService - Begin Tracker. #3.1.2 Tracking USER internalUser81
10:15:58.801 [Test worker] DEBUG tourGuide.service.RewardsService - Begin Tracker. #3.2 Tracking USER internalUser81
10:15:58.801 [pool-2-thread-1] DEBUG tourGuide.service.TourGuideService - Begin Tracker. #2 Tracking USER internalUser81 latitutde -81.377689 longitude -155.89456
10:15:58.817 [Test worker] DEBUG tourGuide.service.RewardsService - Begin Tracker. #3.1.0 Tracking USER internalUser80
10:15:58.817 [Test worker] DEBUG tourGuide.service.RewardsService - Begin Tracker. #3.1.1 Tracking USER internalUser80 latitutde -37.189639438936936 longitude -168.9146456857369
10:15:58.817 [pool-2-thread-1] DEBUG tourGuide.service.RewardsService - Begin Tracker. #3.1.0 Tracking USER internalUser81
10:15:58.817 [pool-2-thread-1] DEBUG tourGuide.service.RewardsService - Begin Tracker. #3.1.1 Tracking USER internalUser81 latitutde 74.36498255341647 longitude -51.17785055297722
10:15:58.817 [Test worker] DEBUG tourGuide.service.RewardsService - Begin Tracker. #3.1.2 Tracking USER internalUser80
10:15:58.817 [Test worker] DEBUG tourGuide.service.RewardsService - Begin Tracker. #3.1.1 Tracking USER internalUser80 latitutde 66.89818484884219 longitude 71.23076104269737
10:15:58.817 [Test worker] DEBUG tourGuide.service.RewardsService - Begin Tracker. #3.1.2 Tracking USER internalUser80
10:15:58.817 [pool-2-thread-1] DEBUG tourGuide.service.RewardsService - Begin Tracker. #3.1.2 Tracking USER internalUser81
10:15:58.817 [Test worker] DEBUG tourGuide.service.RewardsService - Begin Tracker. #3.1.1 Tracking USER internalUser80 latitutde -77.39517880295097 longitude 120.6739274511499
10:15:58.817 [pool-2-thread-1] DEBUG tourGuide.service.RewardsService - Begin Tracker. #3.1.1 Tracking USER internalUser81 latitutde 24.91317374756106 longitude -78.3235199374025
10:15:58.817 [Test worker] DEBUG tourGuide.service.RewardsService - Begin Tracker. #3.1.2 Tracking USER internalUser80
10:15:58.817 [Test worker] DEBUG tourGuide.service.RewardsService - Begin Tracker. #3.1.1 Tracking USER internalUser80 latitutde 33.817595 longitude -117.922008
10:15:58.817 [pool-2-thread-1] DEBUG tourGuide.service.RewardsService - Begin Tracker. #3.1.2 Tracking USER internalUser81
10:15:58.817 [pool-2-thread-1] DEBUG tourGuide.service.RewardsService - Begin Tracker. #3.1.1 Tracking USER internalUser81 latitutde -74.12658851995559 longitude -51.20567656670531
10:15:58.817 [pool-2-thread-1] DEBUG tourGuide.service.RewardsService - Begin Tracker. #3.1.2 Tracking USER internalUser81
10:15:58.817 [pool-2-thread-1] DEBUG tourGuide.service.RewardsService - Begin Tracker. #3.1.1 Tracking USER internalUser81 latitutde 33.817595 longitude -117.922008
10:15:58.817 [pool-2-thread-1] DEBUG tourGuide.service.RewardsService - Begin Tracker. #3.1.2 Tracking USER internalUser81
10:15:58.817 [pool-2-thread-1] DEBUG tourGuide.service.RewardsService - Begin Tracker. #3.1.1 Tracking USER internalUser81 latitutde -81.377689 longitude -155.89456
10:15:58.817 [pool-2-thread-1] DEBUG tourGuide.service.RewardsService - Begin Tracker. #3.1.2 Tracking USER internalUser81
10:15:58.817 [pool-2-thread-1] DEBUG tourGuide.service.RewardsService - Begin Tracker. #3.2 Tracking USER internalUser81
10:15:58.817 [pool-2-thread-1] DEBUG tourGuide.service.TourGuideService - Begin Tracker. #4 Tracking USER internalUser81
10:15:58.914 [pool-2-thread-1] DEBUG tourGuide.service.TourGuideService - Begin Tracker. #1 Tracking USER internalUser80
10:15:59.537 [Test worker] DEBUG tourGuide.service.RewardsService - Begin Tracker. #3.1.2 Tracking USER internalUser80
10:15:59.537 [pool-2-thread-1] DEBUG tourGuide.service.TourGuideService - Begin Tracker. #2 Tracking USER internalUser80 latitutde -41.850864 longitude -108.721548
10:15:59.537 [Test worker] DEBUG tourGuide.service.RewardsService - Begin Tracker. #3.2 Tracking USER internalUser80
10:15:59.553 [Test worker] DEBUG tourGuide.service.RewardsService - Begin Tracker. #3.1.0 Tracking USER internalUser83
10:15:59.553 [pool-2-thread-1] DEBUG tourGuide.service.RewardsService - Begin Tracker. #3.1.0 Tracking USER internalUser80
10:15:59.553 [Test worker] DEBUG tourGuide.service.RewardsService - Begin Tracker. #3.1.1 Tracking USER internalUser83 latitutde 12.962674917353638 longitude -146.64781937251823
10:15:59.553 [pool-2-thread-1] DEBUG tourGuide.service.RewardsService - Begin Tracker. #3.1.1 Tracking USER internalUser80 latitutde -37.189639438936936 longitude -168.9146456857369
10:15:59.553 [pool-2-thread-1] DEBUG tourGuide.service.RewardsService - Begin Tracker. #3.1.2 Tracking USER internalUser80
10:15:59.553 [pool-2-thread-1] DEBUG tourGuide.service.RewardsService - Begin Tracker. #3.1.1 Tracking USER internalUser80 latitutde 66.89818484884219 longitude 71.23076104269737
10:15:59.553 [pool-2-thread-1] DEBUG tourGuide.service.RewardsService - Begin Tracker. #3.1.2 Tracking USER internalUser80
10:15:59.553 [pool-2-thread-1] DEBUG tourGuide.service.RewardsService - Begin Tracker. #3.1.1 Tracking USER internalUser80 latitutde -77.39517880295097 longitude 120.6739274511499
10:15:59.553 [pool-2-thread-1] DEBUG tourGuide.service.RewardsService - Begin Tracker. #3.1.2 Tracking USER internalUser80
10:15:59.553 [pool-2-thread-1] DEBUG tourGuide.service.RewardsService - Begin Tracker. #3.1.1 Tracking USER internalUser80 latitutde 33.817595 longitude -117.922008
10:15:59.553 [pool-2-thread-1] DEBUG tourGuide.service.RewardsService - Begin Tracker. #3.1.2 Tracking USER internalUser80
10:15:59.553 [pool-2-thread-1] DEBUG tourGuide.service.RewardsService - Begin Tracker. #3.1.1 Tracking USER internalUser80 latitutde -41.850864 longitude -108.721548
10:15:59.553 [pool-2-thread-1] DEBUG tourGuide.service.RewardsService - Begin Tracker. #3.1.2 Tracking USER internalUser80
10:15:59.553 [pool-2-thread-1] DEBUG tourGuide.service.RewardsService - Begin Tracker. #3.2 Tracking USER internalUser80
10:15:59.553 [pool-2-thread-1] DEBUG tourGuide.service.TourGuideService - Begin Tracker. #4 Tracking USER internalUser80
10:15:59.553 [Test worker] DEBUG tourGuide.service.RewardsService - Begin Tracker. #3.1.2 Tracking USER internalUser83
10:15:59.554 [Test worker] DEBUG tourGuide.service.RewardsService - Begin Tracker. #3.1.1 Tracking USER internalUser83 latitutde 59.539155495513086 longitude 45.012700165884155
10:15:59.554 [Test worker] DEBUG tourGuide.service.RewardsService - Begin Tracker. #3.1.2 Tracking USER internalUser83
10:15:59.554 [Test worker] DEBUG tourGuide.service.RewardsService - Begin Tracker. #3.1.1 Tracking USER internalUser83 latitutde -61.75822913956612 longitude 69.78968932067278
10:15:59.554 [Test worker] DEBUG tourGuide.service.RewardsService - Begin Tracker. #3.1.2 Tracking USER internalUser83
10:15:59.554 [Test worker] DEBUG tourGuide.service.RewardsService - Begin Tracker. #3.1.1 Tracking USER internalUser83 latitutde 33.817595 longitude -117.922008
10:15:59.654 [pool-2-thread-1] DEBUG tourGuide.service.TourGuideService - Begin Tracker. #1 Tracking USER internalUser83
10:16:00.266 [Test worker] DEBUG tourGuide.service.RewardsService - Begin Tracker. #3.1.2 Tracking USER internalUser83
10:16:00.266 [Test worker] DEBUG tourGuide.service.RewardsService - Begin Tracker. #3.2 Tracking USER internalUser83
10:16:00.266 [pool-2-thread-1] DEBUG tourGuide.service.TourGuideService - Begin Tracker. #2 Tracking USER internalUser83 latitutde -74.901048 longitude 112.275594
10:16:00.281 [Test worker] DEBUG tourGuide.service.RewardsService - Begin Tracker. #3.1.0 Tracking USER internalUser82
10:16:00.281 [pool-2-thread-1] DEBUG tourGuide.service.RewardsService - Begin Tracker. #3.1.0 Tracking USER internalUser83
10:16:00.281 [pool-2-thread-1] DEBUG tourGuide.service.RewardsService - Begin Tracker. #3.1.1 Tracking USER internalUser83 latitutde 12.962674917353638 longitude -146.64781937251823
10:16:00.281 [pool-2-thread-1] DEBUG tourGuide.service.RewardsService - Begin Tracker. #3.1.2 Tracking USER internalUser83
10:16:00.281 [pool-2-thread-1] DEBUG tourGuide.service.RewardsService - Begin Tracker. #3.1.1 Tracking USER internalUser83 latitutde 59.539155495513086 longitude 45.012700165884155
10:16:00.281 [pool-2-thread-1] DEBUG tourGuide.service.RewardsService - Begin Tracker. #3.1.2 Tracking USER internalUser83
10:16:00.281 [pool-2-thread-1] DEBUG tourGuide.service.RewardsService - Begin Tracker. #3.1.1 Tracking USER internalUser83 latitutde -61.75822913956612 longitude 69.78968932067278
10:16:00.281 [pool-2-thread-1] DEBUG tourGuide.service.RewardsService - Begin Tracker. #3.1.2 Tracking USER internalUser83
10:16:00.281 [pool-2-thread-1] DEBUG tourGuide.service.RewardsService - Begin Tracker. #3.1.1 Tracking USER internalUser83 latitutde 33.817595 longitude -117.922008
10:16:00.281 [pool-2-thread-1] DEBUG tourGuide.service.RewardsService - Begin Tracker. #3.1.2 Tracking USER internalUser83
10:16:00.281 [pool-2-thread-1] DEBUG tourGuide.service.RewardsService - Begin Tracker. #3.1.1 Tracking USER internalUser83 latitutde -74.901048 longitude 112.275594
10:16:00.281 [pool-2-thread-1] DEBUG tourGuide.service.RewardsService - Begin Tracker. #3.1.2 Tracking USER internalUser83
10:16:00.281 [pool-2-thread-1] DEBUG tourGuide.service.RewardsService - Begin Tracker. #3.2 Tracking USER internalUser83
10:16:00.281 [pool-2-thread-1] DEBUG tourGuide.service.TourGuideService - Begin Tracker. #4 Tracking USER internalUser83
10:16:00.282 [Test worker] DEBUG tourGuide.service.RewardsService - Begin Tracker. #3.1.1 Tracking USER internalUser82 latitutde -37.87406785666932 longitude -39.46052699953546
10:16:00.282 [Test worker] DEBUG tourGuide.service.RewardsService - Begin Tracker. #3.1.2 Tracking USER internalUser82
10:16:00.282 [Test worker] DEBUG tourGuide.service.RewardsService - Begin Tracker. #3.1.1 Tracking USER internalUser82 latitutde -38.39276581514056 longitude -86.32969129788204
10:16:00.282 [Test worker] DEBUG tourGuide.service.RewardsService - Begin Tracker. #3.1.2 Tracking USER internalUser82
10:16:00.282 [Test worker] DEBUG tourGuide.service.RewardsService - Begin Tracker. #3.1.1 Tracking USER internalUser82 latitutde 19.081608730816455 longitude 7.200578358071255
10:16:00.282 [Test worker] DEBUG tourGuide.service.RewardsService - Begin Tracker. #3.1.2 Tracking USER internalUser82
10:16:00.283 [Test worker] DEBUG tourGuide.service.RewardsService - Begin Tracker. #3.1.1 Tracking USER internalUser82 latitutde 33.817595 longitude -117.922008
10:16:00.325 [pool-2-thread-1] DEBUG tourGuide.service.TourGuideService - Begin Tracker. #1 Tracking USER internalUser82
10:16:01.170 [Test worker] DEBUG tourGuide.service.RewardsService - Begin Tracker. #3.1.2 Tracking USER internalUser82
10:16:01.170 [Test worker] DEBUG tourGuide.service.RewardsService - Begin Tracker. #3.2 Tracking USER internalUser82
10:16:01.170 [pool-2-thread-1] DEBUG tourGuide.service.TourGuideService - Begin Tracker. #2 Tracking USER internalUser82 latitutde -51.7384 longitude 118.020482
10:16:01.191 [pool-2-thread-1] DEBUG tourGuide.service.RewardsService - Begin Tracker. #3.1.0 Tracking USER internalUser82
10:16:01.191 [Test worker] DEBUG tourGuide.service.RewardsService - Begin Tracker. #3.1.0 Tracking USER internalUser9
10:16:01.191 [pool-2-thread-1] DEBUG tourGuide.service.RewardsService - Begin Tracker. #3.1.1 Tracking USER internalUser82 latitutde -37.87406785666932 longitude -39.46052699953546
10:16:01.191 [Test worker] DEBUG tourGuide.service.RewardsService - Begin Tracker. #3.1.1 Tracking USER internalUser9 latitutde -52.356642479156555 longitude 135.02305810010773
10:16:01.191 [pool-2-thread-1] DEBUG tourGuide.service.RewardsService - Begin Tracker. #3.1.2 Tracking USER internalUser82
10:16:01.191 [pool-2-thread-1] DEBUG tourGuide.service.RewardsService - Begin Tracker. #3.1.1 Tracking USER internalUser82 latitutde -38.39276581514056 longitude -86.32969129788204
10:16:01.191 [Test worker] DEBUG tourGuide.service.RewardsService - Begin Tracker. #3.1.2 Tracking USER internalUser9
10:16:01.191 [Test worker] DEBUG tourGuide.service.RewardsService - Begin Tracker. #3.1.1 Tracking USER internalUser9 latitutde -82.91782632838041 longitude -122.92685115379876
10:16:01.191 [pool-2-thread-1] DEBUG tourGuide.service.RewardsService - Begin Tracker. #3.1.2 Tracking USER internalUser82
10:16:01.191 [pool-2-thread-1] DEBUG tourGuide.service.RewardsService - Begin Tracker. #3.1.1 Tracking USER internalUser82 latitutde 19.081608730816455 longitude 7.200578358071255
10:16:01.191 [Test worker] DEBUG tourGuide.service.RewardsService - Begin Tracker. #3.1.2 Tracking USER internalUser9
10:16:01.191 [Test worker] DEBUG tourGuide.service.RewardsService - Begin Tracker. #3.1.1 Tracking USER internalUser9 latitutde 42.36300720986286 longitude 177.34605645364138
10:16:01.191 [pool-2-thread-1] DEBUG tourGuide.service.RewardsService - Begin Tracker. #3.1.2 Tracking USER internalUser82
10:16:01.191 [pool-2-thread-1] DEBUG tourGuide.service.RewardsService - Begin Tracker. #3.1.1 Tracking USER internalUser82 latitutde 33.817595 longitude -117.922008
10:16:01.191 [Test worker] DEBUG tourGuide.service.RewardsService - Begin Tracker. #3.1.2 Tracking USER internalUser9
10:16:01.191 [Test worker] DEBUG tourGuide.service.RewardsService - Begin Tracker. #3.1.1 Tracking USER internalUser9 latitutde 33.817595 longitude -117.922008
10:16:01.191 [pool-2-thread-1] DEBUG tourGuide.service.RewardsService - Begin Tracker. #3.1.2 Tracking USER internalUser82
10:16:01.191 [pool-2-thread-1] DEBUG tourGuide.service.RewardsService - Begin Tracker. #3.1.1 Tracking USER internalUser82 latitutde -51.7384 longitude 118.020482
10:16:01.191 [pool-2-thread-1] DEBUG tourGuide.service.RewardsService - Begin Tracker. #3.1.2 Tracking USER internalUser82
10:16:01.191 [pool-2-thread-1] DEBUG tourGuide.service.RewardsService - Begin Tracker. #3.2 Tracking USER internalUser82
10:16:01.191 [pool-2-thread-1] DEBUG tourGuide.service.TourGuideService - Begin Tracker. #4 Tracking USER internalUser82
10:16:01.259 [pool-2-thread-1] DEBUG tourGuide.service.TourGuideService - Begin Tracker. #1 Tracking USER internalUser9
10:16:01.644 [Test worker] DEBUG tourGuide.service.RewardsService - Begin Tracker. #3.1.2 Tracking USER internalUser9
10:16:01.644 [Test worker] DEBUG tourGuide.service.RewardsService - Begin Tracker. #3.2 Tracking USER internalUser9
10:16:01.644 [pool-2-thread-1] DEBUG tourGuide.service.TourGuideService - Begin Tracker. #2 Tracking USER internalUser9 latitutde -1.143603 longitude -14.605208
10:16:01.656 [pool-2-thread-1] DEBUG tourGuide.service.RewardsService - Begin Tracker. #3.1.0 Tracking USER internalUser9
10:16:01.656 [pool-2-thread-1] DEBUG tourGuide.service.RewardsService - Begin Tracker. #3.1.1 Tracking USER internalUser9 latitutde -52.356642479156555 longitude 135.02305810010773
10:16:01.656 [pool-2-thread-1] DEBUG tourGuide.service.RewardsService - Begin Tracker. #3.1.2 Tracking USER internalUser9
10:16:01.656 [pool-2-thread-1] DEBUG tourGuide.service.RewardsService - Begin Tracker. #3.1.1 Tracking USER internalUser9 latitutde -82.91782632838041 longitude -122.92685115379876
10:16:01.656 [pool-2-thread-1] DEBUG tourGuide.service.RewardsService - Begin Tracker. #3.1.2 Tracking USER internalUser9
10:16:01.656 [pool-2-thread-1] DEBUG tourGuide.service.RewardsService - Begin Tracker. #3.1.1 Tracking USER internalUser9 latitutde 42.36300720986286 longitude 177.34605645364138
10:16:01.656 [pool-2-thread-1] DEBUG tourGuide.service.RewardsService - Begin Tracker. #3.1.2 Tracking USER internalUser9
10:16:01.656 [pool-2-thread-1] DEBUG tourGuide.service.RewardsService - Begin Tracker. #3.1.1 Tracking USER internalUser9 latitutde 33.817595 longitude -117.922008
10:16:01.656 [pool-2-thread-1] DEBUG tourGuide.service.RewardsService - Begin Tracker. #3.1.2 Tracking USER internalUser9
10:16:01.656 [pool-2-thread-1] DEBUG tourGuide.service.RewardsService - Begin Tracker. #3.1.1 Tracking USER internalUser9 latitutde -1.143603 longitude -14.605208
10:16:01.657 [pool-2-thread-1] DEBUG tourGuide.service.RewardsService - Begin Tracker. #3.1.2 Tracking USER internalUser9
10:16:01.657 [pool-2-thread-1] DEBUG tourGuide.service.RewardsService - Begin Tracker. #3.2 Tracking USER internalUser9
10:16:01.657 [pool-2-thread-1] DEBUG tourGuide.service.TourGuideService - Begin Tracker. #4 Tracking USER internalUser9
10:16:01.670 [Test worker] DEBUG tourGuide.service.RewardsService - Begin Tracker. #3.1.0 Tracking USER internalUser8
10:16:01.670 [Test worker] DEBUG tourGuide.service.RewardsService - Begin Tracker. #3.1.1 Tracking USER internalUser8 latitutde 23.317267084266163 longitude 36.9943523078951
10:16:01.670 [Test worker] DEBUG tourGuide.service.RewardsService - Begin Tracker. #3.1.2 Tracking USER internalUser8
10:16:01.670 [Test worker] DEBUG tourGuide.service.RewardsService - Begin Tracker. #3.1.1 Tracking USER internalUser8 latitutde -36.32109181462375 longitude -26.28711904104256
10:16:01.670 [Test worker] DEBUG tourGuide.service.RewardsService - Begin Tracker. #3.1.2 Tracking USER internalUser8
10:16:01.670 [Test worker] DEBUG tourGuide.service.RewardsService - Begin Tracker. #3.1.1 Tracking USER internalUser8 latitutde -16.56758139526606 longitude -143.9859532053791
10:16:01.671 [Test worker] DEBUG tourGuide.service.RewardsService - Begin Tracker. #3.1.2 Tracking USER internalUser8
10:16:01.671 [Test worker] DEBUG tourGuide.service.RewardsService - Begin Tracker. #3.1.1 Tracking USER internalUser8 latitutde 33.817595 longitude -117.922008
10:16:01.701 [pool-2-thread-1] DEBUG tourGuide.service.TourGuideService - Begin Tracker. #1 Tracking USER internalUser8
10:16:02.615 [Test worker] DEBUG tourGuide.service.RewardsService - Begin Tracker. #3.1.2 Tracking USER internalUser8
10:16:02.615 [pool-2-thread-1] DEBUG tourGuide.service.TourGuideService - Begin Tracker. #2 Tracking USER internalUser8 latitutde -20.812256 longitude 86.602987
10:16:02.615 [Test worker] DEBUG tourGuide.service.RewardsService - Begin Tracker. #3.2 Tracking USER internalUser8
10:16:02.631 [pool-2-thread-1] DEBUG tourGuide.service.RewardsService - Begin Tracker. #3.1.0 Tracking USER internalUser8
10:16:02.631 [pool-2-thread-1] DEBUG tourGuide.service.RewardsService - Begin Tracker. #3.1.1 Tracking USER internalUser8 latitutde 23.317267084266163 longitude 36.9943523078951
10:16:02.631 [pool-2-thread-1] DEBUG tourGuide.service.RewardsService - Begin Tracker. #3.1.2 Tracking USER internalUser8
10:16:02.631 [pool-2-thread-1] DEBUG tourGuide.service.RewardsService - Begin Tracker. #3.1.1 Tracking USER internalUser8 latitutde -36.32109181462375 longitude -26.28711904104256
10:16:02.631 [pool-2-thread-1] DEBUG tourGuide.service.RewardsService - Begin Tracker. #3.1.2 Tracking USER internalUser8
10:16:02.631 [pool-2-thread-1] DEBUG tourGuide.service.RewardsService - Begin Tracker. #3.1.1 Tracking USER internalUser8 latitutde -16.56758139526606 longitude -143.9859532053791
10:16:02.631 [pool-2-thread-1] DEBUG tourGuide.service.RewardsService - Begin Tracker. #3.1.2 Tracking USER internalUser8
10:16:02.631 [pool-2-thread-1] DEBUG tourGuide.service.RewardsService - Begin Tracker. #3.1.1 Tracking USER internalUser8 latitutde 33.817595 longitude -117.922008
10:16:02.631 [pool-2-thread-1] DEBUG tourGuide.service.RewardsService - Begin Tracker. #3.1.2 Tracking USER internalUser8
10:16:02.631 [pool-2-thread-1] DEBUG tourGuide.service.RewardsService - Begin Tracker. #3.1.1 Tracking USER internalUser8 latitutde -20.812256 longitude 86.602987
10:16:02.631 [pool-2-thread-1] DEBUG tourGuide.service.RewardsService - Begin Tracker. #3.1.2 Tracking USER internalUser8
10:16:02.631 [pool-2-thread-1] DEBUG tourGuide.service.RewardsService - Begin Tracker. #3.2 Tracking USER internalUser8
10:16:02.631 [pool-2-thread-1] DEBUG tourGuide.service.TourGuideService - Begin Tracker. #4 Tracking USER internalUser8
10:16:02.637 [Test worker] DEBUG tourGuide.service.RewardsService - Begin Tracker. #3.1.0 Tracking USER internalUser19
10:16:02.638 [Test worker] DEBUG tourGuide.service.RewardsService - Begin Tracker. #3.1.1 Tracking USER internalUser19 latitutde -40.09522863823026 longitude 57.619082001499095
10:16:02.638 [Test worker] DEBUG tourGuide.service.RewardsService - Begin Tracker. #3.1.2 Tracking USER internalUser19
10:16:02.638 [Test worker] DEBUG tourGuide.service.RewardsService - Begin Tracker. #3.1.1 Tracking USER internalUser19 latitutde 13.843563318291416 longitude 139.65180592817438
10:16:02.638 [Test worker] DEBUG tourGuide.service.RewardsService - Begin Tracker. #3.1.2 Tracking USER internalUser19
10:16:02.638 [Test worker] DEBUG tourGuide.service.RewardsService - Begin Tracker. #3.1.1 Tracking USER internalUser19 latitutde -55.605931307884134 longitude -103.80263400514936
10:16:02.638 [Test worker] DEBUG tourGuide.service.RewardsService - Begin Tracker. #3.1.2 Tracking USER internalUser19
10:16:02.638 [Test worker] DEBUG tourGuide.service.RewardsService - Begin Tracker. #3.1.1 Tracking USER internalUser19 latitutde 33.817595 longitude -117.922008
10:16:02.682 [pool-2-thread-1] DEBUG tourGuide.service.TourGuideService - Begin Tracker. #1 Tracking USER internalUser19
10:16:03.602 [Test worker] DEBUG tourGuide.service.RewardsService - Begin Tracker. #3.1.2 Tracking USER internalUser19
10:16:03.602 [Test worker] DEBUG tourGuide.service.RewardsService - Begin Tracker. #3.2 Tracking USER internalUser19
10:16:03.602 [pool-2-thread-1] DEBUG tourGuide.service.TourGuideService - Begin Tracker. #2 Tracking USER internalUser19 latitutde 35.746699 longitude 76.044465
10:16:03.617 [pool-2-thread-1] DEBUG tourGuide.service.RewardsService - Begin Tracker. #3.1.0 Tracking USER internalUser19
10:16:03.617 [pool-2-thread-1] DEBUG tourGuide.service.RewardsService - Begin Tracker. #3.1.1 Tracking USER internalUser19 latitutde -40.09522863823026 longitude 57.619082001499095
10:16:03.617 [pool-2-thread-1] DEBUG tourGuide.service.RewardsService - Begin Tracker. #3.1.2 Tracking USER internalUser19
10:16:03.617 [pool-2-thread-1] DEBUG tourGuide.service.RewardsService - Begin Tracker. #3.1.1 Tracking USER internalUser19 latitutde 13.843563318291416 longitude 139.65180592817438
10:16:03.617 [pool-2-thread-1] DEBUG tourGuide.service.RewardsService - Begin Tracker. #3.1.2 Tracking USER internalUser19
10:16:03.617 [pool-2-thread-1] DEBUG tourGuide.service.RewardsService - Begin Tracker. #3.1.1 Tracking USER internalUser19 latitutde -55.605931307884134 longitude -103.80263400514936
10:16:03.617 [pool-2-thread-1] DEBUG tourGuide.service.RewardsService - Begin Tracker. #3.1.2 Tracking USER internalUser19
10:16:03.617 [pool-2-thread-1] DEBUG tourGuide.service.RewardsService - Begin Tracker. #3.1.1 Tracking USER internalUser19 latitutde 33.817595 longitude -117.922008
10:16:03.617 [pool-2-thread-1] DEBUG tourGuide.service.RewardsService - Begin Tracker. #3.1.2 Tracking USER internalUser19
10:16:03.617 [pool-2-thread-1] DEBUG tourGuide.service.RewardsService - Begin Tracker. #3.1.1 Tracking USER internalUser19 latitutde 35.746699 longitude 76.044465
10:16:03.617 [pool-2-thread-1] DEBUG tourGuide.service.RewardsService - Begin Tracker. #3.1.2 Tracking USER internalUser19
10:16:03.617 [pool-2-thread-1] DEBUG tourGuide.service.RewardsService - Begin Tracker. #3.2 Tracking USER internalUser19
10:16:03.617 [pool-2-thread-1] DEBUG tourGuide.service.TourGuideService - Begin Tracker. #4 Tracking USER internalUser19
10:16:03.618 [Test worker] DEBUG tourGuide.service.RewardsService - Begin Tracker. #3.1.0 Tracking USER internalUser16
10:16:03.618 [Test worker] DEBUG tourGuide.service.RewardsService - Begin Tracker. #3.1.1 Tracking USER internalUser16 latitutde 28.477057778109938 longitude 58.68255620176646
10:16:03.618 [Test worker] DEBUG tourGuide.service.RewardsService - Begin Tracker. #3.1.2 Tracking USER internalUser16
10:16:03.618 [Test worker] DEBUG tourGuide.service.RewardsService - Begin Tracker. #3.1.1 Tracking USER internalUser16 latitutde 63.880893869678715 longitude -136.093842425599
10:16:03.618 [Test worker] DEBUG tourGuide.service.RewardsService - Begin Tracker. #3.1.2 Tracking USER internalUser16
10:16:03.618 [Test worker] DEBUG tourGuide.service.RewardsService - Begin Tracker. #3.1.1 Tracking USER internalUser16 latitutde 57.912755399500526 longitude -152.26615262309477
10:16:03.618 [Test worker] DEBUG tourGuide.service.RewardsService - Begin Tracker. #3.1.2 Tracking USER internalUser16
10:16:03.618 [Test worker] DEBUG tourGuide.service.RewardsService - Begin Tracker. #3.1.1 Tracking USER internalUser16 latitutde 33.817595 longitude -117.922008
10:16:03.696 [pool-2-thread-1] DEBUG tourGuide.service.TourGuideService - Begin Tracker. #1 Tracking USER internalUser16
10:16:04.317 [Test worker] DEBUG tourGuide.service.RewardsService - Begin Tracker. #3.1.2 Tracking USER internalUser16
10:16:04.317 [Test worker] DEBUG tourGuide.service.RewardsService - Begin Tracker. #3.2 Tracking USER internalUser16
10:16:04.317 [pool-2-thread-1] DEBUG tourGuide.service.TourGuideService - Begin Tracker. #2 Tracking USER internalUser16 latitutde -65.471541 longitude 71.056657
10:16:04.333 [pool-2-thread-1] DEBUG tourGuide.service.RewardsService - Begin Tracker. #3.1.0 Tracking USER internalUser16
10:16:04.333 [pool-2-thread-1] DEBUG tourGuide.service.RewardsService - Begin Tracker. #3.1.1 Tracking USER internalUser16 latitutde 28.477057778109938 longitude 58.68255620176646
10:16:04.333 [pool-2-thread-1] DEBUG tourGuide.service.RewardsService - Begin Tracker. #3.1.2 Tracking USER internalUser16
10:16:04.333 [pool-2-thread-1] DEBUG tourGuide.service.RewardsService - Begin Tracker. #3.1.1 Tracking USER internalUser16 latitutde 63.880893869678715 longitude -136.093842425599
10:16:04.333 [pool-2-thread-1] DEBUG tourGuide.service.RewardsService - Begin Tracker. #3.1.2 Tracking USER internalUser16
10:16:04.333 [pool-2-thread-1] DEBUG tourGuide.service.RewardsService - Begin Tracker. #3.1.1 Tracking USER internalUser16 latitutde 57.912755399500526 longitude -152.26615262309477
10:16:04.333 [pool-2-thread-1] DEBUG tourGuide.service.RewardsService - Begin Tracker. #3.1.2 Tracking USER internalUser16
10:16:04.333 [pool-2-thread-1] DEBUG tourGuide.service.RewardsService - Begin Tracker. #3.1.1 Tracking USER internalUser16 latitutde 33.817595 longitude -117.922008
10:16:04.333 [pool-2-thread-1] DEBUG tourGuide.service.RewardsService - Begin Tracker. #3.1.2 Tracking USER internalUser16
10:16:04.333 [pool-2-thread-1] DEBUG tourGuide.service.RewardsService - Begin Tracker. #3.1.1 Tracking USER internalUser16 latitutde -65.471541 longitude 71.056657
10:16:04.333 [pool-2-thread-1] DEBUG tourGuide.service.RewardsService - Begin Tracker. #3.1.2 Tracking USER internalUser16
10:16:04.333 [pool-2-thread-1] DEBUG tourGuide.service.RewardsService - Begin Tracker. #3.2 Tracking USER internalUser16
10:16:04.333 [pool-2-thread-1] DEBUG tourGuide.service.TourGuideService - Begin Tracker. #4 Tracking USER internalUser16
10:16:04.334 [Test worker] DEBUG tourGuide.service.RewardsService - Begin Tracker. #3.1.0 Tracking USER internalUser15
10:16:04.334 [Test worker] DEBUG tourGuide.service.RewardsService - Begin Tracker. #3.1.1 Tracking USER internalUser15 latitutde 68.73120813771817 longitude -142.28672392156415
10:16:04.334 [Test worker] DEBUG tourGuide.service.RewardsService - Begin Tracker. #3.1.2 Tracking USER internalUser15
10:16:04.334 [Test worker] DEBUG tourGuide.service.RewardsService - Begin Tracker. #3.1.1 Tracking USER internalUser15 latitutde 38.17281297315904 longitude 34.00720949239624
10:16:04.334 [Test worker] DEBUG tourGuide.service.RewardsService - Begin Tracker. #3.1.2 Tracking USER internalUser15
10:16:04.334 [Test worker] DEBUG tourGuide.service.RewardsService - Begin Tracker. #3.1.1 Tracking USER internalUser15 latitutde 25.026272662420126 longitude 118.89240532919575
10:16:04.334 [Test worker] DEBUG tourGuide.service.RewardsService - Begin Tracker. #3.1.2 Tracking USER internalUser15
10:16:04.334 [Test worker] DEBUG tourGuide.service.RewardsService - Begin Tracker. #3.1.1 Tracking USER internalUser15 latitutde 33.817595 longitude -117.922008
10:16:04.402 [pool-2-thread-1] DEBUG tourGuide.service.TourGuideService - Begin Tracker. #1 Tracking USER internalUser15
10:16:05.047 [Test worker] DEBUG tourGuide.service.RewardsService - Begin Tracker. #3.1.2 Tracking USER internalUser15
10:16:05.047 [Test worker] DEBUG tourGuide.service.RewardsService - Begin Tracker. #3.2 Tracking USER internalUser15
10:16:05.047 [pool-2-thread-1] DEBUG tourGuide.service.TourGuideService - Begin Tracker. #2 Tracking USER internalUser15 latitutde -34.871236 longitude -54.300973
10:16:05.062 [pool-2-thread-1] DEBUG tourGuide.service.RewardsService - Begin Tracker. #3.1.0 Tracking USER internalUser15
10:16:05.062 [pool-2-thread-1] DEBUG tourGuide.service.RewardsService - Begin Tracker. #3.1.1 Tracking USER internalUser15 latitutde 68.73120813771817 longitude -142.28672392156415
10:16:05.062 [pool-2-thread-1] DEBUG tourGuide.service.RewardsService - Begin Tracker. #3.1.2 Tracking USER internalUser15
10:16:05.062 [pool-2-thread-1] DEBUG tourGuide.service.RewardsService - Begin Tracker. #3.1.1 Tracking USER internalUser15 latitutde 38.17281297315904 longitude 34.00720949239624
10:16:05.062 [pool-2-thread-1] DEBUG tourGuide.service.RewardsService - Begin Tracker. #3.1.2 Tracking USER internalUser15
10:16:05.062 [pool-2-thread-1] DEBUG tourGuide.service.RewardsService - Begin Tracker. #3.1.1 Tracking USER internalUser15 latitutde 25.026272662420126 longitude 118.89240532919575
10:16:05.062 [pool-2-thread-1] DEBUG tourGuide.service.RewardsService - Begin Tracker. #3.1.2 Tracking USER internalUser15
10:16:05.062 [pool-2-thread-1] DEBUG tourGuide.service.RewardsService - Begin Tracker. #3.1.1 Tracking USER internalUser15 latitutde 33.817595 longitude -117.922008
10:16:05.062 [pool-2-thread-1] DEBUG tourGuide.service.RewardsService - Begin Tracker. #3.1.2 Tracking USER internalUser15
10:16:05.062 [pool-2-thread-1] DEBUG tourGuide.service.RewardsService - Begin Tracker. #3.1.1 Tracking USER internalUser15 latitutde -34.871236 longitude -54.300973
10:16:05.062 [pool-2-thread-1] DEBUG tourGuide.service.RewardsService - Begin Tracker. #3.1.2 Tracking USER internalUser15
10:16:05.062 [pool-2-thread-1] DEBUG tourGuide.service.RewardsService - Begin Tracker. #3.2 Tracking USER internalUser15
10:16:05.062 [pool-2-thread-1] DEBUG tourGuide.service.TourGuideService - Begin Tracker. #4 Tracking USER internalUser15
10:16:05.067 [Test worker] DEBUG tourGuide.service.RewardsService - Begin Tracker. #3.1.0 Tracking USER internalUser18
10:16:05.068 [Test worker] DEBUG tourGuide.service.RewardsService - Begin Tracker. #3.1.1 Tracking USER internalUser18 latitutde 53.06815045539051 longitude 145.75887856581545
10:16:05.068 [Test worker] DEBUG tourGuide.service.RewardsService - Begin Tracker. #3.1.2 Tracking USER internalUser18
10:16:05.068 [Test worker] DEBUG tourGuide.service.RewardsService - Begin Tracker. #3.1.1 Tracking USER internalUser18 latitutde -66.01402313637712 longitude -30.701243235909516
10:16:05.068 [Test worker] DEBUG tourGuide.service.RewardsService - Begin Tracker. #3.1.2 Tracking USER internalUser18
10:16:05.068 [Test worker] DEBUG tourGuide.service.RewardsService - Begin Tracker. #3.1.1 Tracking USER internalUser18 latitutde -59.241375538688914 longitude 102.52459549037837
10:16:05.068 [Test worker] DEBUG tourGuide.service.RewardsService - Begin Tracker. #3.1.2 Tracking USER internalUser18
10:16:05.068 [Test worker] DEBUG tourGuide.service.RewardsService - Begin Tracker. #3.1.1 Tracking USER internalUser18 latitutde 33.817595 longitude -117.922008
10:16:05.142 [pool-2-thread-1] DEBUG tourGuide.service.TourGuideService - Begin Tracker. #1 Tracking USER internalUser18
10:16:05.611 [Test worker] DEBUG tourGuide.service.RewardsService - Begin Tracker. #3.1.2 Tracking USER internalUser18
10:16:05.611 [Test worker] DEBUG tourGuide.service.RewardsService - Begin Tracker. #3.2 Tracking USER internalUser18
10:16:05.611 [pool-2-thread-1] DEBUG tourGuide.service.TourGuideService - Begin Tracker. #2 Tracking USER internalUser18 latitutde 51.438703 longitude 152.788762
10:16:05.626 [pool-2-thread-1] DEBUG tourGuide.service.RewardsService - Begin Tracker. #3.1.0 Tracking USER internalUser18
10:16:05.626 [pool-2-thread-1] DEBUG tourGuide.service.RewardsService - Begin Tracker. #3.1.1 Tracking USER internalUser18 latitutde 53.06815045539051 longitude 145.75887856581545
10:16:05.626 [pool-2-thread-1] DEBUG tourGuide.service.RewardsService - Begin Tracker. #3.1.2 Tracking USER internalUser18
10:16:05.626 [pool-2-thread-1] DEBUG tourGuide.service.RewardsService - Begin Tracker. #3.1.1 Tracking USER internalUser18 latitutde -66.01402313637712 longitude -30.701243235909516
10:16:05.626 [pool-2-thread-1] DEBUG tourGuide.service.RewardsService - Begin Tracker. #3.1.2 Tracking USER internalUser18
10:16:05.626 [pool-2-thread-1] DEBUG tourGuide.service.RewardsService - Begin Tracker. #3.1.1 Tracking USER internalUser18 latitutde -59.241375538688914 longitude 102.52459549037837
10:16:05.626 [pool-2-thread-1] DEBUG tourGuide.service.RewardsService - Begin Tracker. #3.1.2 Tracking USER internalUser18
10:16:05.626 [pool-2-thread-1] DEBUG tourGuide.service.RewardsService - Begin Tracker. #3.1.1 Tracking USER internalUser18 latitutde 33.817595 longitude -117.922008
10:16:05.626 [pool-2-thread-1] DEBUG tourGuide.service.RewardsService - Begin Tracker. #3.1.2 Tracking USER internalUser18
10:16:05.626 [pool-2-thread-1] DEBUG tourGuide.service.RewardsService - Begin Tracker. #3.1.1 Tracking USER internalUser18 latitutde 51.438703 longitude 152.788762
10:16:05.626 [pool-2-thread-1] DEBUG tourGuide.service.RewardsService - Begin Tracker. #3.1.2 Tracking USER internalUser18
10:16:05.626 [pool-2-thread-1] DEBUG tourGuide.service.RewardsService - Begin Tracker. #3.2 Tracking USER internalUser18
10:16:05.626 [pool-2-thread-1] DEBUG tourGuide.service.TourGuideService - Begin Tracker. #4 Tracking USER internalUser18
10:16:05.627 [Test worker] DEBUG tourGuide.service.RewardsService - Begin Tracker. #3.1.0 Tracking USER internalUser17
10:16:05.627 [Test worker] DEBUG tourGuide.service.RewardsService - Begin Tracker. #3.1.1 Tracking USER internalUser17 latitutde 38.4222330147994 longitude -173.25073411222962
10:16:05.627 [Test worker] DEBUG tourGuide.service.RewardsService - Begin Tracker. #3.1.2 Tracking USER internalUser17
10:16:05.627 [Test worker] DEBUG tourGuide.service.RewardsService - Begin Tracker. #3.1.1 Tracking USER internalUser17 latitutde 29.221324869541334 longitude -51.052958442709354
10:16:05.627 [Test worker] DEBUG tourGuide.service.RewardsService - Begin Tracker. #3.1.2 Tracking USER internalUser17
10:16:05.627 [Test worker] DEBUG tourGuide.service.RewardsService - Begin Tracker. #3.1.1 Tracking USER internalUser17 latitutde 43.64353828217688 longitude -144.17236163472882
10:16:05.628 [Test worker] DEBUG tourGuide.service.RewardsService - Begin Tracker. #3.1.2 Tracking USER internalUser17
10:16:05.628 [Test worker] DEBUG tourGuide.service.RewardsService - Begin Tracker. #3.1.1 Tracking USER internalUser17 latitutde 33.817595 longitude -117.922008
10:16:05.689 [pool-2-thread-1] DEBUG tourGuide.service.TourGuideService - Begin Tracker. #1 Tracking USER internalUser17
10:16:05.959 [Test worker] DEBUG tourGuide.service.RewardsService - Begin Tracker. #3.1.2 Tracking USER internalUser17
10:16:05.959 [pool-2-thread-1] DEBUG tourGuide.service.TourGuideService - Begin Tracker. #2 Tracking USER internalUser17 latitutde -81.581183 longitude 37.839999
10:16:05.959 [Test worker] DEBUG tourGuide.service.RewardsService - Begin Tracker. #3.2 Tracking USER internalUser17
10:16:05.975 [pool-2-thread-1] DEBUG tourGuide.service.RewardsService - Begin Tracker. #3.1.0 Tracking USER internalUser17
10:16:05.975 [pool-2-thread-1] DEBUG tourGuide.service.RewardsService - Begin Tracker. #3.1.1 Tracking USER internalUser17 latitutde 38.4222330147994 longitude -173.25073411222962
10:16:05.975 [pool-2-thread-1] DEBUG tourGuide.service.RewardsService - Begin Tracker. #3.1.2 Tracking USER internalUser17
10:16:05.975 [pool-2-thread-1] DEBUG tourGuide.service.RewardsService - Begin Tracker. #3.1.1 Tracking USER internalUser17 latitutde 29.221324869541334 longitude -51.052958442709354
10:16:05.975 [pool-2-thread-1] DEBUG tourGuide.service.RewardsService - Begin Tracker. #3.1.2 Tracking USER internalUser17
10:16:05.975 [pool-2-thread-1] DEBUG tourGuide.service.RewardsService - Begin Tracker. #3.1.1 Tracking USER internalUser17 latitutde 43.64353828217688 longitude -144.17236163472882
10:16:05.975 [pool-2-thread-1] DEBUG tourGuide.service.RewardsService - Begin Tracker. #3.1.2 Tracking USER internalUser17
10:16:05.975 [pool-2-thread-1] DEBUG tourGuide.service.RewardsService - Begin Tracker. #3.1.1 Tracking USER internalUser17 latitutde 33.817595 longitude -117.922008
10:16:05.975 [pool-2-thread-1] DEBUG tourGuide.service.RewardsService - Begin Tracker. #3.1.2 Tracking USER internalUser17
10:16:05.975 [pool-2-thread-1] DEBUG tourGuide.service.RewardsService - Begin Tracker. #3.1.1 Tracking USER internalUser17 latitutde -81.581183 longitude 37.839999
10:16:05.975 [pool-2-thread-1] DEBUG tourGuide.service.RewardsService - Begin Tracker. #3.1.2 Tracking USER internalUser17
10:16:05.975 [pool-2-thread-1] DEBUG tourGuide.service.RewardsService - Begin Tracker. #3.2 Tracking USER internalUser17
10:16:05.975 [pool-2-thread-1] DEBUG tourGuide.service.TourGuideService - Begin Tracker. #4 Tracking USER internalUser17
10:16:05.979 [Test worker] DEBUG tourGuide.service.RewardsService - Begin Tracker. #3.1.0 Tracking USER internalUser12
10:16:05.979 [Test worker] DEBUG tourGuide.service.RewardsService - Begin Tracker. #3.1.1 Tracking USER internalUser12 latitutde -1.0328851594774875 longitude 24.013270427040084
10:16:05.979 [Test worker] DEBUG tourGuide.service.RewardsService - Begin Tracker. #3.1.2 Tracking USER internalUser12
10:16:05.979 [Test worker] DEBUG tourGuide.service.RewardsService - Begin Tracker. #3.1.1 Tracking USER internalUser12 latitutde 30.637552182480547 longitude 150.4284001209549
10:16:05.979 [Test worker] DEBUG tourGuide.service.RewardsService - Begin Tracker. #3.1.2 Tracking USER internalUser12
10:16:05.980 [Test worker] DEBUG tourGuide.service.RewardsService - Begin Tracker. #3.1.1 Tracking USER internalUser12 latitutde 57.92173757191341 longitude 56.91147655509377
10:16:05.980 [Test worker] DEBUG tourGuide.service.RewardsService - Begin Tracker. #3.1.2 Tracking USER internalUser12
10:16:05.983 [Test worker] DEBUG tourGuide.service.RewardsService - Begin Tracker. #3.1.1 Tracking USER internalUser12 latitutde 33.817595 longitude -117.922008
10:16:06.073 [pool-2-thread-1] DEBUG tourGuide.service.TourGuideService - Begin Tracker. #1 Tracking USER internalUser12
10:16:06.183 [Test worker] DEBUG tourGuide.service.RewardsService - Begin Tracker. #3.1.2 Tracking USER internalUser12
10:16:06.183 [pool-2-thread-1] DEBUG tourGuide.service.TourGuideService - Begin Tracker. #2 Tracking USER internalUser12 latitutde 19.033628 longitude -93.73848
10:16:06.183 [Test worker] DEBUG tourGuide.service.RewardsService - Begin Tracker. #3.2 Tracking USER internalUser12
10:16:06.206 [pool-2-thread-1] DEBUG tourGuide.service.RewardsService - Begin Tracker. #3.1.0 Tracking USER internalUser12
10:16:06.206 [pool-2-thread-1] DEBUG tourGuide.service.RewardsService - Begin Tracker. #3.1.1 Tracking USER internalUser12 latitutde -1.0328851594774875 longitude 24.013270427040084
10:16:06.206 [pool-2-thread-1] DEBUG tourGuide.service.RewardsService - Begin Tracker. #3.1.2 Tracking USER internalUser12
10:16:06.206 [pool-2-thread-1] DEBUG tourGuide.service.RewardsService - Begin Tracker. #3.1.1 Tracking USER internalUser12 latitutde 30.637552182480547 longitude 150.4284001209549
10:16:06.206 [pool-2-thread-1] DEBUG tourGuide.service.RewardsService - Begin Tracker. #3.1.2 Tracking USER internalUser12
10:16:06.206 [pool-2-thread-1] DEBUG tourGuide.service.RewardsService - Begin Tracker. #3.1.1 Tracking USER internalUser12 latitutde 57.92173757191341 longitude 56.91147655509377
10:16:06.206 [pool-2-thread-1] DEBUG tourGuide.service.RewardsService - Begin Tracker. #3.1.2 Tracking USER internalUser12
10:16:06.206 [pool-2-thread-1] DEBUG tourGuide.service.RewardsService - Begin Tracker. #3.1.1 Tracking USER internalUser12 latitutde 33.817595 longitude -117.922008
10:16:06.206 [pool-2-thread-1] DEBUG tourGuide.service.RewardsService - Begin Tracker. #3.1.2 Tracking USER internalUser12
10:16:06.206 [pool-2-thread-1] DEBUG tourGuide.service.RewardsService - Begin Tracker. #3.1.1 Tracking USER internalUser12 latitutde 19.033628 longitude -93.73848
10:16:06.206 [pool-2-thread-1] DEBUG tourGuide.service.RewardsService - Begin Tracker. #3.1.2 Tracking USER internalUser12
10:16:06.206 [pool-2-thread-1] DEBUG tourGuide.service.RewardsService - Begin Tracker. #3.2 Tracking USER internalUser12
10:16:06.206 [pool-2-thread-1] DEBUG tourGuide.service.TourGuideService - Begin Tracker. #4 Tracking USER internalUser12
10:16:06.206 [Test worker] DEBUG tourGuide.service.RewardsService - Begin Tracker. #3.1.0 Tracking USER internalUser11
10:16:06.206 [Test worker] DEBUG tourGuide.service.RewardsService - Begin Tracker. #3.1.1 Tracking USER internalUser11 latitutde 80.02415687092878 longitude -140.62314698036275
10:16:06.209 [Test worker] DEBUG tourGuide.service.RewardsService - Begin Tracker. #3.1.2 Tracking USER internalUser11
10:16:06.209 [Test worker] DEBUG tourGuide.service.RewardsService - Begin Tracker. #3.1.1 Tracking USER internalUser11 latitutde -26.688374155091466 longitude -121.88053513714613
10:16:06.210 [Test worker] DEBUG tourGuide.service.RewardsService - Begin Tracker. #3.1.2 Tracking USER internalUser11
10:16:06.210 [Test worker] DEBUG tourGuide.service.RewardsService - Begin Tracker. #3.1.1 Tracking USER internalUser11 latitutde 62.945124455762226 longitude 52.887039648585244
10:16:06.210 [Test worker] DEBUG tourGuide.service.RewardsService - Begin Tracker. #3.1.2 Tracking USER internalUser11
10:16:06.210 [Test worker] DEBUG tourGuide.service.RewardsService - Begin Tracker. #3.1.1 Tracking USER internalUser11 latitutde 33.817595 longitude -117.922008
10:16:06.238 [pool-2-thread-1] DEBUG tourGuide.service.TourGuideService - Begin Tracker. #1 Tracking USER internalUser11
10:16:06.678 [Test worker] DEBUG tourGuide.service.RewardsService - Begin Tracker. #3.1.2 Tracking USER internalUser11
10:16:06.678 [Test worker] DEBUG tourGuide.service.RewardsService - Begin Tracker. #3.2 Tracking USER internalUser11
10:16:06.678 [pool-2-thread-1] DEBUG tourGuide.service.TourGuideService - Begin Tracker. #2 Tracking USER internalUser11 latitutde 41.179319 longitude 11.353149
10:16:06.694 [pool-2-thread-1] DEBUG tourGuide.service.RewardsService - Begin Tracker. #3.1.0 Tracking USER internalUser11
10:16:06.694 [pool-2-thread-1] DEBUG tourGuide.service.RewardsService - Begin Tracker. #3.1.1 Tracking USER internalUser11 latitutde 80.02415687092878 longitude -140.62314698036275
10:16:06.694 [pool-2-thread-1] DEBUG tourGuide.service.RewardsService - Begin Tracker. #3.1.2 Tracking USER internalUser11
10:16:06.694 [pool-2-thread-1] DEBUG tourGuide.service.RewardsService - Begin Tracker. #3.1.1 Tracking USER internalUser11 latitutde -26.688374155091466 longitude -121.88053513714613
10:16:06.694 [pool-2-thread-1] DEBUG tourGuide.service.RewardsService - Begin Tracker. #3.1.2 Tracking USER internalUser11
10:16:06.694 [pool-2-thread-1] DEBUG tourGuide.service.RewardsService - Begin Tracker. #3.1.1 Tracking USER internalUser11 latitutde 62.945124455762226 longitude 52.887039648585244
10:16:06.694 [pool-2-thread-1] DEBUG tourGuide.service.RewardsService - Begin Tracker. #3.1.2 Tracking USER internalUser11
10:16:06.694 [pool-2-thread-1] DEBUG tourGuide.service.RewardsService - Begin Tracker. #3.1.1 Tracking USER internalUser11 latitutde 33.817595 longitude -117.922008
10:16:06.694 [pool-2-thread-1] DEBUG tourGuide.service.RewardsService - Begin Tracker. #3.1.2 Tracking USER internalUser11
10:16:06.694 [pool-2-thread-1] DEBUG tourGuide.service.RewardsService - Begin Tracker. #3.1.1 Tracking USER internalUser11 latitutde 41.179319 longitude 11.353149
10:16:06.694 [pool-2-thread-1] DEBUG tourGuide.service.RewardsService - Begin Tracker. #3.1.2 Tracking USER internalUser11
10:16:06.694 [pool-2-thread-1] DEBUG tourGuide.service.RewardsService - Begin Tracker. #3.2 Tracking USER internalUser11
10:16:06.694 [pool-2-thread-1] DEBUG tourGuide.service.TourGuideService - Begin Tracker. #4 Tracking USER internalUser11
10:16:06.701 [Test worker] DEBUG tourGuide.service.RewardsService - Begin Tracker. #3.1.0 Tracking USER internalUser99
10:16:06.701 [Test worker] DEBUG tourGuide.service.RewardsService - Begin Tracker. #3.1.1 Tracking USER internalUser99 latitutde -80.69923631317918 longitude -91.17365348140892
10:16:06.701 [Test worker] DEBUG tourGuide.service.RewardsService - Begin Tracker. #3.1.2 Tracking USER internalUser99
10:16:06.701 [Test worker] DEBUG tourGuide.service.RewardsService - Begin Tracker. #3.1.1 Tracking USER internalUser99 latitutde -56.45814946425648 longitude -60.919970615505065
10:16:06.701 [Test worker] DEBUG tourGuide.service.RewardsService - Begin Tracker. #3.1.2 Tracking USER internalUser99
10:16:06.701 [Test worker] DEBUG tourGuide.service.RewardsService - Begin Tracker. #3.1.1 Tracking USER internalUser99 latitutde -22.4407166895476 longitude -133.89494420465465
10:16:06.701 [Test worker] DEBUG tourGuide.service.RewardsService - Begin Tracker. #3.1.2 Tracking USER internalUser99
10:16:06.701 [Test worker] DEBUG tourGuide.service.RewardsService - Begin Tracker. #3.1.1 Tracking USER internalUser99 latitutde 33.817595 longitude -117.922008
10:16:06.785 [pool-2-thread-1] DEBUG tourGuide.service.TourGuideService - Begin Tracker. #1 Tracking USER internalUser99
10:16:07.074 [Test worker] DEBUG tourGuide.service.RewardsService - Begin Tracker. #3.1.2 Tracking USER internalUser99
10:16:07.074 [Test worker] DEBUG tourGuide.service.RewardsService - Begin Tracker. #3.2 Tracking USER internalUser99
10:16:07.074 [pool-2-thread-1] DEBUG tourGuide.service.TourGuideService - Begin Tracker. #2 Tracking USER internalUser99 latitutde -58.925459 longitude 133.645721
10:16:07.090 [pool-2-thread-1] DEBUG tourGuide.service.RewardsService - Begin Tracker. #3.1.0 Tracking USER internalUser99
10:16:07.090 [pool-2-thread-1] DEBUG tourGuide.service.RewardsService - Begin Tracker. #3.1.1 Tracking USER internalUser99 latitutde -80.69923631317918 longitude -91.17365348140892
10:16:07.090 [pool-2-thread-1] DEBUG tourGuide.service.RewardsService - Begin Tracker. #3.1.2 Tracking USER internalUser99
10:16:07.090 [pool-2-thread-1] DEBUG tourGuide.service.RewardsService - Begin Tracker. #3.1.1 Tracking USER internalUser99 latitutde -56.45814946425648 longitude -60.919970615505065
10:16:07.090 [pool-2-thread-1] DEBUG tourGuide.service.RewardsService - Begin Tracker. #3.1.2 Tracking USER internalUser99
10:16:07.090 [pool-2-thread-1] DEBUG tourGuide.service.RewardsService - Begin Tracker. #3.1.1 Tracking USER internalUser99 latitutde -22.4407166895476 longitude -133.89494420465465
10:16:07.090 [pool-2-thread-1] DEBUG tourGuide.service.RewardsService - Begin Tracker. #3.1.2 Tracking USER internalUser99
10:16:07.090 [pool-2-thread-1] DEBUG tourGuide.service.RewardsService - Begin Tracker. #3.1.1 Tracking USER internalUser99 latitutde 33.817595 longitude -117.922008
10:16:07.090 [pool-2-thread-1] DEBUG tourGuide.service.RewardsService - Begin Tracker. #3.1.2 Tracking USER internalUser99
10:16:07.090 [pool-2-thread-1] DEBUG tourGuide.service.RewardsService - Begin Tracker. #3.1.1 Tracking USER internalUser99 latitutde -58.925459 longitude 133.645721
10:16:07.090 [pool-2-thread-1] DEBUG tourGuide.service.RewardsService - Begin Tracker. #3.1.2 Tracking USER internalUser99
10:16:07.090 [pool-2-thread-1] DEBUG tourGuide.service.RewardsService - Begin Tracker. #3.2 Tracking USER internalUser99
10:16:07.090 [pool-2-thread-1] DEBUG tourGuide.service.TourGuideService - Begin Tracker. #4 Tracking USER internalUser99
10:16:07.094 [Test worker] DEBUG tourGuide.service.RewardsService - Begin Tracker. #3.1.0 Tracking USER internalUser14
10:16:07.095 [Test worker] DEBUG tourGuide.service.RewardsService - Begin Tracker. #3.1.1 Tracking USER internalUser14 latitutde 43.28430050333722 longitude 75.31277359758238
10:16:07.095 [Test worker] DEBUG tourGuide.service.RewardsService - Begin Tracker. #3.1.2 Tracking USER internalUser14
10:16:07.095 [Test worker] DEBUG tourGuide.service.RewardsService - Begin Tracker. #3.1.1 Tracking USER internalUser14 latitutde 26.619424700253347 longitude 17.296966741950655
10:16:07.095 [Test worker] DEBUG tourGuide.service.RewardsService - Begin Tracker. #3.1.2 Tracking USER internalUser14
10:16:07.095 [Test worker] DEBUG tourGuide.service.RewardsService - Begin Tracker. #3.1.1 Tracking USER internalUser14 latitutde -9.821062827757231 longitude -115.93466904610287
10:16:07.095 [Test worker] DEBUG tourGuide.service.RewardsService - Begin Tracker. #3.1.2 Tracking USER internalUser14
10:16:07.095 [Test worker] DEBUG tourGuide.service.RewardsService - Begin Tracker. #3.1.1 Tracking USER internalUser14 latitutde 33.817595 longitude -117.922008
10:16:07.180 [pool-2-thread-1] DEBUG tourGuide.service.TourGuideService - Begin Tracker. #1 Tracking USER internalUser14
10:16:07.959 [Test worker] DEBUG tourGuide.service.RewardsService - Begin Tracker. #3.1.2 Tracking USER internalUser14
10:16:07.959 [Test worker] DEBUG tourGuide.service.RewardsService - Begin Tracker. #3.2 Tracking USER internalUser14
10:16:07.959 [pool-2-thread-1] DEBUG tourGuide.service.TourGuideService - Begin Tracker. #2 Tracking USER internalUser14 latitutde 69.821199 longitude 71.650228
10:16:07.975 [Test worker] DEBUG tourGuide.service.RewardsService - Begin Tracker. #3.1.0 Tracking USER internalUser13
10:16:07.975 [pool-2-thread-1] DEBUG tourGuide.service.RewardsService - Begin Tracker. #3.1.0 Tracking USER internalUser14
10:16:07.975 [pool-2-thread-1] DEBUG tourGuide.service.RewardsService - Begin Tracker. #3.1.1 Tracking USER internalUser14 latitutde 43.28430050333722 longitude 75.31277359758238
10:16:07.975 [pool-2-thread-1] DEBUG tourGuide.service.RewardsService - Begin Tracker. #3.1.2 Tracking USER internalUser14
10:16:07.975 [pool-2-thread-1] DEBUG tourGuide.service.RewardsService - Begin Tracker. #3.1.1 Tracking USER internalUser14 latitutde 26.619424700253347 longitude 17.296966741950655
10:16:07.975 [pool-2-thread-1] DEBUG tourGuide.service.RewardsService - Begin Tracker. #3.1.2 Tracking USER internalUser14
10:16:07.975 [pool-2-thread-1] DEBUG tourGuide.service.RewardsService - Begin Tracker. #3.1.1 Tracking USER internalUser14 latitutde -9.821062827757231 longitude -115.93466904610287
10:16:07.975 [pool-2-thread-1] DEBUG tourGuide.service.RewardsService - Begin Tracker. #3.1.2 Tracking USER internalUser14
10:16:07.975 [pool-2-thread-1] DEBUG tourGuide.service.RewardsService - Begin Tracker. #3.1.1 Tracking USER internalUser14 latitutde 33.817595 longitude -117.922008
10:16:07.975 [Test worker] DEBUG tourGuide.service.RewardsService - Begin Tracker. #3.1.1 Tracking USER internalUser13 latitutde 29.741672662227813 longitude -146.01545983945928
10:16:07.975 [pool-2-thread-1] DEBUG tourGuide.service.RewardsService - Begin Tracker. #3.1.2 Tracking USER internalUser14
10:16:07.975 [pool-2-thread-1] DEBUG tourGuide.service.RewardsService - Begin Tracker. #3.1.1 Tracking USER internalUser14 latitutde 69.821199 longitude 71.650228
10:16:07.975 [pool-2-thread-1] DEBUG tourGuide.service.RewardsService - Begin Tracker. #3.1.2 Tracking USER internalUser14
10:16:07.975 [pool-2-thread-1] DEBUG tourGuide.service.RewardsService - Begin Tracker. #3.2 Tracking USER internalUser14
10:16:07.975 [pool-2-thread-1] DEBUG tourGuide.service.TourGuideService - Begin Tracker. #4 Tracking USER internalUser14
10:16:07.975 [Test worker] DEBUG tourGuide.service.RewardsService - Begin Tracker. #3.1.2 Tracking USER internalUser13
10:16:07.975 [Test worker] DEBUG tourGuide.service.RewardsService - Begin Tracker. #3.1.1 Tracking USER internalUser13 latitutde -32.89663457750733 longitude -63.51326084449063
10:16:07.975 [Test worker] DEBUG tourGuide.service.RewardsService - Begin Tracker. #3.1.2 Tracking USER internalUser13
10:16:07.975 [Test worker] DEBUG tourGuide.service.RewardsService - Begin Tracker. #3.1.1 Tracking USER internalUser13 latitutde -49.225738879445835 longitude 172.97945508783562
10:16:07.975 [Test worker] DEBUG tourGuide.service.RewardsService - Begin Tracker. #3.1.2 Tracking USER internalUser13
10:16:07.975 [Test worker] DEBUG tourGuide.service.RewardsService - Begin Tracker. #3.1.1 Tracking USER internalUser13 latitutde 33.817595 longitude -117.922008
10:16:08.068 [pool-2-thread-1] DEBUG tourGuide.service.TourGuideService - Begin Tracker. #1 Tracking USER internalUser13
10:16:08.299 [Test worker] DEBUG tourGuide.service.RewardsService - Begin Tracker. #3.1.2 Tracking USER internalUser13
10:16:08.299 [Test worker] DEBUG tourGuide.service.RewardsService - Begin Tracker. #3.2 Tracking USER internalUser13
10:16:08.299 [pool-2-thread-1] DEBUG tourGuide.service.TourGuideService - Begin Tracker. #2 Tracking USER internalUser13 latitutde -49.019354 longitude -143.21736
10:16:08.315 [pool-2-thread-1] DEBUG tourGuide.service.RewardsService - Begin Tracker. #3.1.0 Tracking USER internalUser13
10:16:08.315 [pool-2-thread-1] DEBUG tourGuide.service.RewardsService - Begin Tracker. #3.1.1 Tracking USER internalUser13 latitutde 29.741672662227813 longitude -146.01545983945928
10:16:08.315 [Test worker] DEBUG tourGuide.service.RewardsService - Begin Tracker. #3.1.0 Tracking USER internalUser3
10:16:08.315 [Test worker] DEBUG tourGuide.service.RewardsService - Begin Tracker. #3.1.1 Tracking USER internalUser3 latitutde 53.566099823106214 longitude 53.744750482930414
10:16:08.315 [pool-2-thread-1] DEBUG tourGuide.service.RewardsService - Begin Tracker. #3.1.2 Tracking USER internalUser13
10:16:08.315 [pool-2-thread-1] DEBUG tourGuide.service.RewardsService - Begin Tracker. #3.1.1 Tracking USER internalUser13 latitutde -32.89663457750733 longitude -63.51326084449063
10:16:08.315 [pool-2-thread-1] DEBUG tourGuide.service.RewardsService - Begin Tracker. #3.1.2 Tracking USER internalUser13
10:16:08.315 [pool-2-thread-1] DEBUG tourGuide.service.RewardsService - Begin Tracker. #3.1.1 Tracking USER internalUser13 latitutde -49.225738879445835 longitude 172.97945508783562
10:16:08.315 [pool-2-thread-1] DEBUG tourGuide.service.RewardsService - Begin Tracker. #3.1.2 Tracking USER internalUser13
10:16:08.315 [pool-2-thread-1] DEBUG tourGuide.service.RewardsService - Begin Tracker. #3.1.1 Tracking USER internalUser13 latitutde 33.817595 longitude -117.922008
10:16:08.315 [pool-2-thread-1] DEBUG tourGuide.service.RewardsService - Begin Tracker. #3.1.2 Tracking USER internalUser13
10:16:08.315 [pool-2-thread-1] DEBUG tourGuide.service.RewardsService - Begin Tracker. #3.1.1 Tracking USER internalUser13 latitutde -49.019354 longitude -143.21736
10:16:08.315 [pool-2-thread-1] DEBUG tourGuide.service.RewardsService - Begin Tracker. #3.1.2 Tracking USER internalUser13
10:16:08.315 [pool-2-thread-1] DEBUG tourGuide.service.RewardsService - Begin Tracker. #3.2 Tracking USER internalUser13
10:16:08.315 [pool-2-thread-1] DEBUG tourGuide.service.TourGuideService - Begin Tracker. #4 Tracking USER internalUser13
10:16:08.316 [Test worker] DEBUG tourGuide.service.RewardsService - Begin Tracker. #3.1.2 Tracking USER internalUser3
10:16:08.316 [Test worker] DEBUG tourGuide.service.RewardsService - Begin Tracker. #3.1.1 Tracking USER internalUser3 latitutde -24.847143167310257 longitude -21.560427129602658
10:16:08.316 [Test worker] DEBUG tourGuide.service.RewardsService - Begin Tracker. #3.1.2 Tracking USER internalUser3
10:16:08.316 [Test worker] DEBUG tourGuide.service.RewardsService - Begin Tracker. #3.1.1 Tracking USER internalUser3 latitutde -55.807476181939265 longitude -146.82658326117308
10:16:08.316 [Test worker] DEBUG tourGuide.service.RewardsService - Begin Tracker. #3.1.2 Tracking USER internalUser3
10:16:08.316 [Test worker] DEBUG tourGuide.service.RewardsService - Begin Tracker. #3.1.1 Tracking USER internalUser3 latitutde 33.817595 longitude -117.922008
10:16:08.414 [pool-2-thread-1] DEBUG tourGuide.service.TourGuideService - Begin Tracker. #1 Tracking USER internalUser3
10:16:08.645 [Test worker] DEBUG tourGuide.service.RewardsService - Begin Tracker. #3.1.2 Tracking USER internalUser3
10:16:08.645 [pool-2-thread-1] DEBUG tourGuide.service.TourGuideService - Begin Tracker. #2 Tracking USER internalUser3 latitutde 66.995992 longitude -96.682845
10:16:08.645 [Test worker] DEBUG tourGuide.service.RewardsService - Begin Tracker. #3.2 Tracking USER internalUser3
10:16:08.661 [pool-2-thread-1] DEBUG tourGuide.service.RewardsService - Begin Tracker. #3.1.0 Tracking USER internalUser3
10:16:08.661 [Test worker] DEBUG tourGuide.service.RewardsService - Begin Tracker. #3.1.0 Tracking USER internalUser96
10:16:08.661 [pool-2-thread-1] DEBUG tourGuide.service.RewardsService - Begin Tracker. #3.1.1 Tracking USER internalUser3 latitutde 53.566099823106214 longitude 53.744750482930414
10:16:08.661 [Test worker] DEBUG tourGuide.service.RewardsService - Begin Tracker. #3.1.1 Tracking USER internalUser96 latitutde 4.857177654818599 longitude -101.63835721753833
10:16:08.661 [pool-2-thread-1] DEBUG tourGuide.service.RewardsService - Begin Tracker. #3.1.2 Tracking USER internalUser3
10:16:08.661 [pool-2-thread-1] DEBUG tourGuide.service.RewardsService - Begin Tracker. #3.1.1 Tracking USER internalUser3 latitutde -24.847143167310257 longitude -21.560427129602658
10:16:08.661 [Test worker] DEBUG tourGuide.service.RewardsService - Begin Tracker. #3.1.2 Tracking USER internalUser96
10:16:08.661 [Test worker] DEBUG tourGuide.service.RewardsService - Begin Tracker. #3.1.1 Tracking USER internalUser96 latitutde 37.09286030232377 longitude 108.60255494681275
10:16:08.661 [pool-2-thread-1] DEBUG tourGuide.service.RewardsService - Begin Tracker. #3.1.2 Tracking USER internalUser3
10:16:08.661 [pool-2-thread-1] DEBUG tourGuide.service.RewardsService - Begin Tracker. #3.1.1 Tracking USER internalUser3 latitutde -55.807476181939265 longitude -146.82658326117308
10:16:08.661 [Test worker] DEBUG tourGuide.service.RewardsService - Begin Tracker. #3.1.2 Tracking USER internalUser96
10:16:08.661 [Test worker] DEBUG tourGuide.service.RewardsService - Begin Tracker. #3.1.1 Tracking USER internalUser96 latitutde -26.040181471509094 longitude -165.9138676544311
10:16:08.661 [pool-2-thread-1] DEBUG tourGuide.service.RewardsService - Begin Tracker. #3.1.2 Tracking USER internalUser3
10:16:08.661 [pool-2-thread-1] DEBUG tourGuide.service.RewardsService - Begin Tracker. #3.1.1 Tracking USER internalUser3 latitutde 33.817595 longitude -117.922008
10:16:08.661 [Test worker] DEBUG tourGuide.service.RewardsService - Begin Tracker. #3.1.2 Tracking USER internalUser96
10:16:08.661 [Test worker] DEBUG tourGuide.service.RewardsService - Begin Tracker. #3.1.1 Tracking USER internalUser96 latitutde 33.817595 longitude -117.922008
10:16:08.661 [pool-2-thread-1] DEBUG tourGuide.service.RewardsService - Begin Tracker. #3.1.2 Tracking USER internalUser3
10:16:08.661 [pool-2-thread-1] DEBUG tourGuide.service.RewardsService - Begin Tracker. #3.1.1 Tracking USER internalUser3 latitutde 66.995992 longitude -96.682845
10:16:08.661 [pool-2-thread-1] DEBUG tourGuide.service.RewardsService - Begin Tracker. #3.1.2 Tracking USER internalUser3
10:16:08.661 [pool-2-thread-1] DEBUG tourGuide.service.RewardsService - Begin Tracker. #3.2 Tracking USER internalUser3
10:16:08.661 [pool-2-thread-1] DEBUG tourGuide.service.TourGuideService - Begin Tracker. #4 Tracking USER internalUser3
10:16:08.706 [pool-2-thread-1] DEBUG tourGuide.service.TourGuideService - Begin Tracker. #1 Tracking USER internalUser96
10:16:08.988 [Test worker] DEBUG tourGuide.service.RewardsService - Begin Tracker. #3.1.2 Tracking USER internalUser96
10:16:08.988 [Test worker] DEBUG tourGuide.service.RewardsService - Begin Tracker. #3.2 Tracking USER internalUser96
10:16:08.988 [pool-2-thread-1] DEBUG tourGuide.service.TourGuideService - Begin Tracker. #2 Tracking USER internalUser96 latitutde 66.08423 longitude 28.57813
10:16:09.004 [pool-2-thread-1] DEBUG tourGuide.service.RewardsService - Begin Tracker. #3.1.0 Tracking USER internalUser96
10:16:09.004 [pool-2-thread-1] DEBUG tourGuide.service.RewardsService - Begin Tracker. #3.1.1 Tracking USER internalUser96 latitutde 4.857177654818599 longitude -101.63835721753833
10:16:09.004 [pool-2-thread-1] DEBUG tourGuide.service.RewardsService - Begin Tracker. #3.1.2 Tracking USER internalUser96
10:16:09.004 [pool-2-thread-1] DEBUG tourGuide.service.RewardsService - Begin Tracker. #3.1.1 Tracking USER internalUser96 latitutde 37.09286030232377 longitude 108.60255494681275
10:16:09.004 [pool-2-thread-1] DEBUG tourGuide.service.RewardsService - Begin Tracker. #3.1.2 Tracking USER internalUser96
10:16:09.004 [pool-2-thread-1] DEBUG tourGuide.service.RewardsService - Begin Tracker. #3.1.1 Tracking USER internalUser96 latitutde -26.040181471509094 longitude -165.9138676544311
10:16:09.004 [pool-2-thread-1] DEBUG tourGuide.service.RewardsService - Begin Tracker. #3.1.2 Tracking USER internalUser96
10:16:09.004 [pool-2-thread-1] DEBUG tourGuide.service.RewardsService - Begin Tracker. #3.1.1 Tracking USER internalUser96 latitutde 33.817595 longitude -117.922008
10:16:09.004 [pool-2-thread-1] DEBUG tourGuide.service.RewardsService - Begin Tracker. #3.1.2 Tracking USER internalUser96
10:16:09.004 [pool-2-thread-1] DEBUG tourGuide.service.RewardsService - Begin Tracker. #3.1.1 Tracking USER internalUser96 latitutde 66.08423 longitude 28.57813
10:16:09.004 [pool-2-thread-1] DEBUG tourGuide.service.RewardsService - Begin Tracker. #3.1.2 Tracking USER internalUser96
10:16:09.004 [pool-2-thread-1] DEBUG tourGuide.service.RewardsService - Begin Tracker. #3.2 Tracking USER internalUser96
10:16:09.004 [pool-2-thread-1] DEBUG tourGuide.service.TourGuideService - Begin Tracker. #4 Tracking USER internalUser96
10:16:09.004 [Test worker] DEBUG tourGuide.service.RewardsService - Begin Tracker. #3.1.0 Tracking USER internalUser2
10:16:09.004 [Test worker] DEBUG tourGuide.service.RewardsService - Begin Tracker. #3.1.1 Tracking USER internalUser2 latitutde -37.32982828895097 longitude -162.5516323476791
10:16:09.004 [Test worker] DEBUG tourGuide.service.RewardsService - Begin Tracker. #3.1.2 Tracking USER internalUser2
10:16:09.004 [Test worker] DEBUG tourGuide.service.RewardsService - Begin Tracker. #3.1.1 Tracking USER internalUser2 latitutde -84.03390178793866 longitude 132.2764468495149
10:16:09.004 [Test worker] DEBUG tourGuide.service.RewardsService - Begin Tracker. #3.1.2 Tracking USER internalUser2
10:16:09.004 [Test worker] DEBUG tourGuide.service.RewardsService - Begin Tracker. #3.1.1 Tracking USER internalUser2 latitutde -7.541486900436425 longitude -20.84579190034907
10:16:09.004 [Test worker] DEBUG tourGuide.service.RewardsService - Begin Tracker. #3.1.2 Tracking USER internalUser2
10:16:09.004 [Test worker] DEBUG tourGuide.service.RewardsService - Begin Tracker. #3.1.1 Tracking USER internalUser2 latitutde 33.817595 longitude -117.922008
10:16:09.097 [pool-2-thread-1] DEBUG tourGuide.service.TourGuideService - Begin Tracker. #1 Tracking USER internalUser2
10:16:09.769 [Test worker] DEBUG tourGuide.service.RewardsService - Begin Tracker. #3.1.2 Tracking USER internalUser2
10:16:09.769 [Test worker] DEBUG tourGuide.service.RewardsService - Begin Tracker. #3.2 Tracking USER internalUser2
10:16:09.769 [pool-2-thread-1] DEBUG tourGuide.service.TourGuideService - Begin Tracker. #2 Tracking USER internalUser2 latitutde 28.371263 longitude 137.668233
10:16:09.784 [pool-2-thread-1] DEBUG tourGuide.service.RewardsService - Begin Tracker. #3.1.0 Tracking USER internalUser2
10:16:09.784 [pool-2-thread-1] DEBUG tourGuide.service.RewardsService - Begin Tracker. #3.1.1 Tracking USER internalUser2 latitutde -37.32982828895097 longitude -162.5516323476791
10:16:09.784 [pool-2-thread-1] DEBUG tourGuide.service.RewardsService - Begin Tracker. #3.1.2 Tracking USER internalUser2
10:16:09.784 [pool-2-thread-1] DEBUG tourGuide.service.RewardsService - Begin Tracker. #3.1.1 Tracking USER internalUser2 latitutde -84.03390178793866 longitude 132.2764468495149
10:16:09.784 [pool-2-thread-1] DEBUG tourGuide.service.RewardsService - Begin Tracker. #3.1.2 Tracking USER internalUser2
10:16:09.784 [pool-2-thread-1] DEBUG tourGuide.service.RewardsService - Begin Tracker. #3.1.1 Tracking USER internalUser2 latitutde -7.541486900436425 longitude -20.84579190034907
10:16:09.784 [pool-2-thread-1] DEBUG tourGuide.service.RewardsService - Begin Tracker. #3.1.2 Tracking USER internalUser2
10:16:09.784 [pool-2-thread-1] DEBUG tourGuide.service.RewardsService - Begin Tracker. #3.1.1 Tracking USER internalUser2 latitutde 33.817595 longitude -117.922008
10:16:09.784 [pool-2-thread-1] DEBUG tourGuide.service.RewardsService - Begin Tracker. #3.1.2 Tracking USER internalUser2
10:16:09.784 [pool-2-thread-1] DEBUG tourGuide.service.RewardsService - Begin Tracker. #3.1.1 Tracking USER internalUser2 latitutde 28.371263 longitude 137.668233
10:16:09.784 [pool-2-thread-1] DEBUG tourGuide.service.RewardsService - Begin Tracker. #3.1.2 Tracking USER internalUser2
10:16:09.784 [pool-2-thread-1] DEBUG tourGuide.service.RewardsService - Begin Tracker. #3.2 Tracking USER internalUser2
10:16:09.784 [pool-2-thread-1] DEBUG tourGuide.service.TourGuideService - Begin Tracker. #4 Tracking USER internalUser2
10:16:09.785 [Test worker] DEBUG tourGuide.service.RewardsService - Begin Tracker. #3.1.0 Tracking USER internalUser95
10:16:09.785 [Test worker] DEBUG tourGuide.service.RewardsService - Begin Tracker. #3.1.1 Tracking USER internalUser95 latitutde -61.47160014297491 longitude 13.051231158206434
10:16:09.785 [Test worker] DEBUG tourGuide.service.RewardsService - Begin Tracker. #3.1.2 Tracking USER internalUser95
10:16:09.785 [Test worker] DEBUG tourGuide.service.RewardsService - Begin Tracker. #3.1.1 Tracking USER internalUser95 latitutde 42.02028849282863 longitude 139.92583963918162
10:16:09.785 [Test worker] DEBUG tourGuide.service.RewardsService - Begin Tracker. #3.1.2 Tracking USER internalUser95
10:16:09.785 [Test worker] DEBUG tourGuide.service.RewardsService - Begin Tracker. #3.1.1 Tracking USER internalUser95 latitutde 71.41218096297919 longitude -130.02112343669478
10:16:09.785 [Test worker] DEBUG tourGuide.service.RewardsService - Begin Tracker. #3.1.2 Tracking USER internalUser95
10:16:09.785 [Test worker] DEBUG tourGuide.service.RewardsService - Begin Tracker. #3.1.1 Tracking USER internalUser95 latitutde 33.817595 longitude -117.922008
10:16:09.835 [pool-2-thread-1] DEBUG tourGuide.service.TourGuideService - Begin Tracker. #1 Tracking USER internalUser95
10:16:10.102 [Test worker] DEBUG tourGuide.service.RewardsService - Begin Tracker. #3.1.2 Tracking USER internalUser95
10:16:10.102 [Test worker] DEBUG tourGuide.service.RewardsService - Begin Tracker. #3.2 Tracking USER internalUser95
10:16:10.102 [pool-2-thread-1] DEBUG tourGuide.service.TourGuideService - Begin Tracker. #2 Tracking USER internalUser95 latitutde 31.073157 longitude -98.48149
10:16:10.118 [pool-2-thread-1] DEBUG tourGuide.service.RewardsService - Begin Tracker. #3.1.0 Tracking USER internalUser95
10:16:10.118 [pool-2-thread-1] DEBUG tourGuide.service.RewardsService - Begin Tracker. #3.1.1 Tracking USER internalUser95 latitutde -61.47160014297491 longitude 13.051231158206434
10:16:10.118 [pool-2-thread-1] DEBUG tourGuide.service.RewardsService - Begin Tracker. #3.1.2 Tracking USER internalUser95
10:16:10.118 [pool-2-thread-1] DEBUG tourGuide.service.RewardsService - Begin Tracker. #3.1.1 Tracking USER internalUser95 latitutde 42.02028849282863 longitude 139.92583963918162
10:16:10.118 [pool-2-thread-1] DEBUG tourGuide.service.RewardsService - Begin Tracker. #3.1.2 Tracking USER internalUser95
10:16:10.118 [pool-2-thread-1] DEBUG tourGuide.service.RewardsService - Begin Tracker. #3.1.1 Tracking USER internalUser95 latitutde 71.41218096297919 longitude -130.02112343669478
10:16:10.118 [pool-2-thread-1] DEBUG tourGuide.service.RewardsService - Begin Tracker. #3.1.2 Tracking USER internalUser95
10:16:10.118 [pool-2-thread-1] DEBUG tourGuide.service.RewardsService - Begin Tracker. #3.1.1 Tracking USER internalUser95 latitutde 33.817595 longitude -117.922008
10:16:10.118 [pool-2-thread-1] DEBUG tourGuide.service.RewardsService - Begin Tracker. #3.1.2 Tracking USER internalUser95
10:16:10.118 [pool-2-thread-1] DEBUG tourGuide.service.RewardsService - Begin Tracker. #3.1.1 Tracking USER internalUser95 latitutde 31.073157 longitude -98.48149
10:16:10.118 [pool-2-thread-1] DEBUG tourGuide.service.RewardsService - Begin Tracker. #3.1.2 Tracking USER internalUser95
10:16:10.118 [pool-2-thread-1] DEBUG tourGuide.service.RewardsService - Begin Tracker. #3.2 Tracking USER internalUser95
10:16:10.118 [pool-2-thread-1] DEBUG tourGuide.service.TourGuideService - Begin Tracker. #4 Tracking USER internalUser95
10:16:10.118 [Test worker] DEBUG tourGuide.service.RewardsService - Begin Tracker. #3.1.0 Tracking USER internalUser1
10:16:10.118 [Test worker] DEBUG tourGuide.service.RewardsService - Begin Tracker. #3.1.1 Tracking USER internalUser1 latitutde -19.932815211706753 longitude -38.20937261163175
10:16:10.118 [Test worker] DEBUG tourGuide.service.RewardsService - Begin Tracker. #3.1.2 Tracking USER internalUser1
10:16:10.119 [Test worker] DEBUG tourGuide.service.RewardsService - Begin Tracker. #3.1.1 Tracking USER internalUser1 latitutde -28.232229925164667 longitude 173.16301098352892
10:16:10.119 [Test worker] DEBUG tourGuide.service.RewardsService - Begin Tracker. #3.1.2 Tracking USER internalUser1
10:16:10.119 [Test worker] DEBUG tourGuide.service.RewardsService - Begin Tracker. #3.1.1 Tracking USER internalUser1 latitutde 43.61995883978406 longitude 113.8537642066064
10:16:10.119 [Test worker] DEBUG tourGuide.service.RewardsService - Begin Tracker. #3.1.2 Tracking USER internalUser1
10:16:10.119 [Test worker] DEBUG tourGuide.service.RewardsService - Begin Tracker. #3.1.1 Tracking USER internalUser1 latitutde 33.817595 longitude -117.922008
10:16:10.166 [pool-2-thread-1] DEBUG tourGuide.service.TourGuideService - Begin Tracker. #1 Tracking USER internalUser1
10:16:11.072 [Test worker] DEBUG tourGuide.service.RewardsService - Begin Tracker. #3.1.2 Tracking USER internalUser1
10:16:11.072 [Test worker] DEBUG tourGuide.service.RewardsService - Begin Tracker. #3.2 Tracking USER internalUser1
10:16:11.072 [pool-2-thread-1] DEBUG tourGuide.service.TourGuideService - Begin Tracker. #2 Tracking USER internalUser1 latitutde -33.879505 longitude -9.117207
10:16:11.088 [pool-2-thread-1] DEBUG tourGuide.service.RewardsService - Begin Tracker. #3.1.0 Tracking USER internalUser1
10:16:11.088 [pool-2-thread-1] DEBUG tourGuide.service.RewardsService - Begin Tracker. #3.1.1 Tracking USER internalUser1 latitutde -19.932815211706753 longitude -38.20937261163175
10:16:11.088 [pool-2-thread-1] DEBUG tourGuide.service.RewardsService - Begin Tracker. #3.1.2 Tracking USER internalUser1
10:16:11.088 [pool-2-thread-1] DEBUG tourGuide.service.RewardsService - Begin Tracker. #3.1.1 Tracking USER internalUser1 latitutde -28.232229925164667 longitude 173.16301098352892
10:16:11.088 [pool-2-thread-1] DEBUG tourGuide.service.RewardsService - Begin Tracker. #3.1.2 Tracking USER internalUser1
10:16:11.088 [pool-2-thread-1] DEBUG tourGuide.service.RewardsService - Begin Tracker. #3.1.1 Tracking USER internalUser1 latitutde 43.61995883978406 longitude 113.8537642066064
10:16:11.088 [pool-2-thread-1] DEBUG tourGuide.service.RewardsService - Begin Tracker. #3.1.2 Tracking USER internalUser1
10:16:11.088 [pool-2-thread-1] DEBUG tourGuide.service.RewardsService - Begin Tracker. #3.1.1 Tracking USER internalUser1 latitutde 33.817595 longitude -117.922008
10:16:11.088 [pool-2-thread-1] DEBUG tourGuide.service.RewardsService - Begin Tracker. #3.1.2 Tracking USER internalUser1
10:16:11.088 [pool-2-thread-1] DEBUG tourGuide.service.RewardsService - Begin Tracker. #3.1.1 Tracking USER internalUser1 latitutde -33.879505 longitude -9.117207
10:16:11.088 [pool-2-thread-1] DEBUG tourGuide.service.RewardsService - Begin Tracker. #3.1.2 Tracking USER internalUser1
10:16:11.088 [Test worker] DEBUG tourGuide.service.RewardsService - Begin Tracker. #3.1.0 Tracking USER internalUser10
10:16:11.088 [pool-2-thread-1] DEBUG tourGuide.service.RewardsService - Begin Tracker. #3.2 Tracking USER internalUser1
10:16:11.088 [pool-2-thread-1] DEBUG tourGuide.service.TourGuideService - Begin Tracker. #4 Tracking USER internalUser1
10:16:11.088 [Test worker] DEBUG tourGuide.service.RewardsService - Begin Tracker. #3.1.1 Tracking USER internalUser10 latitutde 9.94369730420243 longitude -93.66790984458324
10:16:11.088 [Test worker] DEBUG tourGuide.service.RewardsService - Begin Tracker. #3.1.2 Tracking USER internalUser10
10:16:11.088 [Test worker] DEBUG tourGuide.service.RewardsService - Begin Tracker. #3.1.1 Tracking USER internalUser10 latitutde 59.1135422150609 longitude -99.98886091965417
10:16:11.088 [Test worker] DEBUG tourGuide.service.RewardsService - Begin Tracker. #3.1.2 Tracking USER internalUser10
10:16:11.088 [Test worker] DEBUG tourGuide.service.RewardsService - Begin Tracker. #3.1.1 Tracking USER internalUser10 latitutde -39.669733177387876 longitude 163.44092237710214
10:16:11.088 [Test worker] DEBUG tourGuide.service.RewardsService - Begin Tracker. #3.1.2 Tracking USER internalUser10
10:16:11.088 [Test worker] DEBUG tourGuide.service.RewardsService - Begin Tracker. #3.1.1 Tracking USER internalUser10 latitutde 33.817595 longitude -117.922008
10:16:11.137 [pool-2-thread-1] DEBUG tourGuide.service.TourGuideService - Begin Tracker. #1 Tracking USER internalUser10
10:16:11.708 [Test worker] DEBUG tourGuide.service.RewardsService - Begin Tracker. #3.1.2 Tracking USER internalUser10
10:16:11.708 [Test worker] DEBUG tourGuide.service.RewardsService - Begin Tracker. #3.2 Tracking USER internalUser10
10:16:11.708 [pool-2-thread-1] DEBUG tourGuide.service.TourGuideService - Begin Tracker. #2 Tracking USER internalUser10 latitutde 48.844288 longitude -16.28572
10:16:11.723 [pool-2-thread-1] DEBUG tourGuide.service.RewardsService - Begin Tracker. #3.1.0 Tracking USER internalUser10
10:16:11.723 [pool-2-thread-1] DEBUG tourGuide.service.RewardsService - Begin Tracker. #3.1.1 Tracking USER internalUser10 latitutde 9.94369730420243 longitude -93.66790984458324
10:16:11.723 [Test worker] DEBUG tourGuide.service.RewardsService - Begin Tracker. #3.1.0 Tracking USER internalUser98
10:16:11.723 [Test worker] DEBUG tourGuide.service.RewardsService - Begin Tracker. #3.1.1 Tracking USER internalUser98 latitutde 77.96785725502417 longitude -140.8609154503913
10:16:11.723 [pool-2-thread-1] DEBUG tourGuide.service.RewardsService - Begin Tracker. #3.1.2 Tracking USER internalUser10
10:16:11.723 [pool-2-thread-1] DEBUG tourGuide.service.RewardsService - Begin Tracker. #3.1.1 Tracking USER internalUser10 latitutde 59.1135422150609 longitude -99.98886091965417
10:16:11.723 [Test worker] DEBUG tourGuide.service.RewardsService - Begin Tracker. #3.1.2 Tracking USER internalUser98
10:16:11.723 [Test worker] DEBUG tourGuide.service.RewardsService - Begin Tracker. #3.1.1 Tracking USER internalUser98 latitutde 42.77877572944368 longitude -106.00162337158734
10:16:11.723 [pool-2-thread-1] DEBUG tourGuide.service.RewardsService - Begin Tracker. #3.1.2 Tracking USER internalUser10
10:16:11.723 [pool-2-thread-1] DEBUG tourGuide.service.RewardsService - Begin Tracker. #3.1.1 Tracking USER internalUser10 latitutde -39.669733177387876 longitude 163.44092237710214
10:16:11.723 [pool-2-thread-1] DEBUG tourGuide.service.RewardsService - Begin Tracker. #3.1.2 Tracking USER internalUser10
10:16:11.723 [pool-2-thread-1] DEBUG tourGuide.service.RewardsService - Begin Tracker. #3.1.1 Tracking USER internalUser10 latitutde 33.817595 longitude -117.922008
10:16:11.723 [pool-2-thread-1] DEBUG tourGuide.service.RewardsService - Begin Tracker. #3.1.2 Tracking USER internalUser10
10:16:11.723 [pool-2-thread-1] DEBUG tourGuide.service.RewardsService - Begin Tracker. #3.1.1 Tracking USER internalUser10 latitutde 48.844288 longitude -16.28572
10:16:11.723 [pool-2-thread-1] DEBUG tourGuide.service.RewardsService - Begin Tracker. #3.1.2 Tracking USER internalUser10
10:16:11.723 [pool-2-thread-1] DEBUG tourGuide.service.RewardsService - Begin Tracker. #3.2 Tracking USER internalUser10
10:16:11.723 [pool-2-thread-1] DEBUG tourGuide.service.TourGuideService - Begin Tracker. #4 Tracking USER internalUser10
10:16:11.723 [Test worker] DEBUG tourGuide.service.RewardsService - Begin Tracker. #3.1.2 Tracking USER internalUser98
10:16:11.724 [Test worker] DEBUG tourGuide.service.RewardsService - Begin Tracker. #3.1.1 Tracking USER internalUser98 latitutde -65.96695232988458 longitude 32.76498198463514
10:16:11.724 [Test worker] DEBUG tourGuide.service.RewardsService - Begin Tracker. #3.1.2 Tracking USER internalUser98
10:16:11.724 [Test worker] DEBUG tourGuide.service.RewardsService - Begin Tracker. #3.1.1 Tracking USER internalUser98 latitutde 33.817595 longitude -117.922008
10:16:11.732 [Test worker] DEBUG tourGuide.service.RewardsService - Begin Tracker. #3.1.2 Tracking USER internalUser98
10:16:11.732 [Test worker] DEBUG tourGuide.service.RewardsService - Begin Tracker. #3.2 Tracking USER internalUser98
10:16:11.743 [Test worker] DEBUG tourGuide.service.RewardsService - Begin Tracker. #3.1.0 Tracking USER internalUser0
10:16:11.743 [Test worker] DEBUG tourGuide.service.RewardsService - Begin Tracker. #3.1.1 Tracking USER internalUser0 latitutde 32.22942438102217 longitude 140.1163513138925
10:16:11.743 [Test worker] DEBUG tourGuide.service.RewardsService - Begin Tracker. #3.1.2 Tracking USER internalUser0
10:16:11.743 [Test worker] DEBUG tourGuide.service.RewardsService - Begin Tracker. #3.1.1 Tracking USER internalUser0 latitutde 84.89210379488401 longitude -92.4028523293271
10:16:11.743 [Test worker] DEBUG tourGuide.service.RewardsService - Begin Tracker. #3.1.2 Tracking USER internalUser0
10:16:11.743 [Test worker] DEBUG tourGuide.service.RewardsService - Begin Tracker. #3.1.1 Tracking USER internalUser0 latitutde 65.68075268205254 longitude 29.607682168107914
10:16:11.743 [Test worker] DEBUG tourGuide.service.RewardsService - Begin Tracker. #3.1.2 Tracking USER internalUser0
10:16:11.743 [Test worker] DEBUG tourGuide.service.RewardsService - Begin Tracker. #3.1.1 Tracking USER internalUser0 latitutde 33.817595 longitude -117.922008
10:16:11.783 [pool-2-thread-1] DEBUG tourGuide.service.TourGuideService - Begin Tracker. #1 Tracking USER internalUser98
10:16:11.783 [pool-2-thread-1] DEBUG tourGuide.service.TourGuideService - Begin Tracker. #2 Tracking USER internalUser98 latitutde -52.654039 longitude -171.646133
10:16:11.793 [pool-2-thread-1] DEBUG tourGuide.service.RewardsService - Begin Tracker. #3.1.0 Tracking USER internalUser98
10:16:11.793 [pool-2-thread-1] DEBUG tourGuide.service.RewardsService - Begin Tracker. #3.1.1 Tracking USER internalUser98 latitutde 77.96785725502417 longitude -140.8609154503913
10:16:11.793 [pool-2-thread-1] DEBUG tourGuide.service.RewardsService - Begin Tracker. #3.1.2 Tracking USER internalUser98
10:16:11.793 [pool-2-thread-1] DEBUG tourGuide.service.RewardsService - Begin Tracker. #3.1.1 Tracking USER internalUser98 latitutde 42.77877572944368 longitude -106.00162337158734
10:16:11.793 [pool-2-thread-1] DEBUG tourGuide.service.RewardsService - Begin Tracker. #3.1.2 Tracking USER internalUser98
10:16:11.793 [pool-2-thread-1] DEBUG tourGuide.service.RewardsService - Begin Tracker. #3.1.1 Tracking USER internalUser98 latitutde -65.96695232988458 longitude 32.76498198463514
10:16:11.793 [pool-2-thread-1] DEBUG tourGuide.service.RewardsService - Begin Tracker. #3.1.2 Tracking USER internalUser98
10:16:11.793 [pool-2-thread-1] DEBUG tourGuide.service.RewardsService - Begin Tracker. #3.1.1 Tracking USER internalUser98 latitutde 33.817595 longitude -117.922008
10:16:11.793 [pool-2-thread-1] DEBUG tourGuide.service.RewardsService - Begin Tracker. #3.1.2 Tracking USER internalUser98
10:16:11.793 [pool-2-thread-1] DEBUG tourGuide.service.RewardsService - Begin Tracker. #3.1.1 Tracking USER internalUser98 latitutde -52.654039 longitude -171.646133
10:16:11.793 [pool-2-thread-1] DEBUG tourGuide.service.RewardsService - Begin Tracker. #3.1.2 Tracking USER internalUser98
10:16:11.793 [pool-2-thread-1] DEBUG tourGuide.service.RewardsService - Begin Tracker. #3.2 Tracking USER internalUser98
10:16:11.793 [pool-2-thread-1] DEBUG tourGuide.service.TourGuideService - Begin Tracker. #4 Tracking USER internalUser98
10:16:11.837 [pool-2-thread-1] DEBUG tourGuide.service.TourGuideService - Begin Tracker. #1 Tracking USER internalUser0
10:16:12.666 [Test worker] DEBUG tourGuide.service.RewardsService - Begin Tracker. #3.1.2 Tracking USER internalUser0
10:16:12.666 [Test worker] DEBUG tourGuide.service.RewardsService - Begin Tracker. #3.2 Tracking USER internalUser0
10:16:12.666 [pool-2-thread-1] DEBUG tourGuide.service.TourGuideService - Begin Tracker. #2 Tracking USER internalUser0 latitutde 81.203721 longitude 84.36313
10:16:12.681 [pool-2-thread-1] DEBUG tourGuide.service.RewardsService - Begin Tracker. #3.1.0 Tracking USER internalUser0
10:16:12.681 [Test worker] DEBUG tourGuide.service.RewardsService - Begin Tracker. #3.1.0 Tracking USER internalUser97
10:16:12.681 [pool-2-thread-1] DEBUG tourGuide.service.RewardsService - Begin Tracker. #3.1.1 Tracking USER internalUser0 latitutde 32.22942438102217 longitude 140.1163513138925
10:16:12.681 [Test worker] DEBUG tourGuide.service.RewardsService - Begin Tracker. #3.1.1 Tracking USER internalUser97 latitutde 17.777500247380814 longitude 61.92567692913343
10:16:12.681 [pool-2-thread-1] DEBUG tourGuide.service.RewardsService - Begin Tracker. #3.1.2 Tracking USER internalUser0
10:16:12.681 [Test worker] DEBUG tourGuide.service.RewardsService - Begin Tracker. #3.1.2 Tracking USER internalUser97
10:16:12.681 [pool-2-thread-1] DEBUG tourGuide.service.RewardsService - Begin Tracker. #3.1.1 Tracking USER internalUser0 latitutde 84.89210379488401 longitude -92.4028523293271
10:16:12.681 [pool-2-thread-1] DEBUG tourGuide.service.RewardsService - Begin Tracker. #3.1.2 Tracking USER internalUser0
10:16:12.681 [Test worker] DEBUG tourGuide.service.RewardsService - Begin Tracker. #3.1.1 Tracking USER internalUser97 latitutde 45.94696778021009 longitude 85.46535381034147
10:16:12.681 [Test worker] DEBUG tourGuide.service.RewardsService - Begin Tracker. #3.1.2 Tracking USER internalUser97
10:16:12.681 [pool-2-thread-1] DEBUG tourGuide.service.RewardsService - Begin Tracker. #3.1.1 Tracking USER internalUser0 latitutde 65.68075268205254 longitude 29.607682168107914
10:16:12.681 [Test worker] DEBUG tourGuide.service.RewardsService - Begin Tracker. #3.1.1 Tracking USER internalUser97 latitutde -1.2380202822573239 longitude 150.27970415936431
10:16:12.681 [pool-2-thread-1] DEBUG tourGuide.service.RewardsService - Begin Tracker. #3.1.2 Tracking USER internalUser0
10:16:12.681 [pool-2-thread-1] DEBUG tourGuide.service.RewardsService - Begin Tracker. #3.1.1 Tracking USER internalUser0 latitutde 33.817595 longitude -117.922008
10:16:12.681 [pool-2-thread-1] DEBUG tourGuide.service.RewardsService - Begin Tracker. #3.1.2 Tracking USER internalUser0
10:16:12.681 [pool-2-thread-1] DEBUG tourGuide.service.RewardsService - Begin Tracker. #3.1.1 Tracking USER internalUser0 latitutde 81.203721 longitude 84.36313
10:16:12.681 [pool-2-thread-1] DEBUG tourGuide.service.RewardsService - Begin Tracker. #3.1.2 Tracking USER internalUser0
10:16:12.681 [pool-2-thread-1] DEBUG tourGuide.service.RewardsService - Begin Tracker. #3.2 Tracking USER internalUser0
10:16:12.681 [pool-2-thread-1] DEBUG tourGuide.service.TourGuideService - Begin Tracker. #4 Tracking USER internalUser0
10:16:12.682 [Test worker] DEBUG tourGuide.service.RewardsService - Begin Tracker. #3.1.2 Tracking USER internalUser97
10:16:12.682 [Test worker] DEBUG tourGuide.service.RewardsService - Begin Tracker. #3.1.1 Tracking USER internalUser97 latitutde 33.817595 longitude -117.922008
10:16:12.723 [pool-2-thread-1] DEBUG tourGuide.service.TourGuideService - Begin Tracker. #1 Tracking USER internalUser97
10:16:13.230 [Test worker] DEBUG tourGuide.service.RewardsService - Begin Tracker. #3.1.2 Tracking USER internalUser97
10:16:13.230 [pool-2-thread-1] DEBUG tourGuide.service.TourGuideService - Begin Tracker. #2 Tracking USER internalUser97 latitutde -50.607665 longitude 174.455573
10:16:13.230 [Test worker] DEBUG tourGuide.service.RewardsService - Begin Tracker. #3.2 Tracking USER internalUser97
10:16:13.245 [Test worker] DEBUG tourGuide.service.RewardsService - Begin Tracker. #3.1.0 Tracking USER internalUser7
10:16:13.245 [pool-2-thread-1] DEBUG tourGuide.service.RewardsService - Begin Tracker. #3.1.0 Tracking USER internalUser97
10:16:13.245 [pool-2-thread-1] DEBUG tourGuide.service.RewardsService - Begin Tracker. #3.1.1 Tracking USER internalUser97 latitutde 17.777500247380814 longitude 61.92567692913343
10:16:13.245 [pool-2-thread-1] DEBUG tourGuide.service.RewardsService - Begin Tracker. #3.1.2 Tracking USER internalUser97
10:16:13.245 [pool-2-thread-1] DEBUG tourGuide.service.RewardsService - Begin Tracker. #3.1.1 Tracking USER internalUser97 latitutde 45.94696778021009 longitude 85.46535381034147
10:16:13.245 [pool-2-thread-1] DEBUG tourGuide.service.RewardsService - Begin Tracker. #3.1.2 Tracking USER internalUser97
10:16:13.245 [pool-2-thread-1] DEBUG tourGuide.service.RewardsService - Begin Tracker. #3.1.1 Tracking USER internalUser97 latitutde -1.2380202822573239 longitude 150.27970415936431
10:16:13.245 [pool-2-thread-1] DEBUG tourGuide.service.RewardsService - Begin Tracker. #3.1.2 Tracking USER internalUser97
10:16:13.245 [pool-2-thread-1] DEBUG tourGuide.service.RewardsService - Begin Tracker. #3.1.1 Tracking USER internalUser97 latitutde 33.817595 longitude -117.922008
10:16:13.245 [pool-2-thread-1] DEBUG tourGuide.service.RewardsService - Begin Tracker. #3.1.2 Tracking USER internalUser97
10:16:13.245 [pool-2-thread-1] DEBUG tourGuide.service.RewardsService - Begin Tracker. #3.1.1 Tracking USER internalUser97 latitutde -50.607665 longitude 174.455573
10:16:13.245 [pool-2-thread-1] DEBUG tourGuide.service.RewardsService - Begin Tracker. #3.1.2 Tracking USER internalUser97
10:16:13.245 [pool-2-thread-1] DEBUG tourGuide.service.RewardsService - Begin Tracker. #3.2 Tracking USER internalUser97
10:16:13.245 [pool-2-thread-1] DEBUG tourGuide.service.TourGuideService - Begin Tracker. #4 Tracking USER internalUser97
10:16:13.245 [Test worker] DEBUG tourGuide.service.RewardsService - Begin Tracker. #3.1.1 Tracking USER internalUser7 latitutde 53.56190575076508 longitude 129.21617727268944
10:16:13.245 [Test worker] DEBUG tourGuide.service.RewardsService - Begin Tracker. #3.1.2 Tracking USER internalUser7
10:16:13.246 [Test worker] DEBUG tourGuide.service.RewardsService - Begin Tracker. #3.1.1 Tracking USER internalUser7 latitutde 40.392078916314915 longitude -36.28822084014814
10:16:13.246 [Test worker] DEBUG tourGuide.service.RewardsService - Begin Tracker. #3.1.2 Tracking USER internalUser7
10:16:13.246 [Test worker] DEBUG tourGuide.service.RewardsService - Begin Tracker. #3.1.1 Tracking USER internalUser7 latitutde -73.436667583747 longitude 176.8888260549129
10:16:13.246 [Test worker] DEBUG tourGuide.service.RewardsService - Begin Tracker. #3.1.2 Tracking USER internalUser7
10:16:13.246 [Test worker] DEBUG tourGuide.service.RewardsService - Begin Tracker. #3.1.1 Tracking USER internalUser7 latitutde 33.817595 longitude -117.922008
10:16:13.289 [pool-2-thread-1] DEBUG tourGuide.service.TourGuideService - Begin Tracker. #1 Tracking USER internalUser7
10:16:13.567 [Test worker] DEBUG tourGuide.service.RewardsService - Begin Tracker. #3.1.2 Tracking USER internalUser7
10:16:13.567 [Test worker] DEBUG tourGuide.service.RewardsService - Begin Tracker. #3.2 Tracking USER internalUser7
10:16:13.567 [pool-2-thread-1] DEBUG tourGuide.service.TourGuideService - Begin Tracker. #2 Tracking USER internalUser7 latitutde 9.106625 longitude -143.178536
10:16:13.595 [pool-2-thread-1] DEBUG tourGuide.service.RewardsService - Begin Tracker. #3.1.0 Tracking USER internalUser7
10:16:13.595 [Test worker] DEBUG tourGuide.service.RewardsService - Begin Tracker. #3.1.0 Tracking USER internalUser92
10:16:13.595 [pool-2-thread-1] DEBUG tourGuide.service.RewardsService - Begin Tracker. #3.1.1 Tracking USER internalUser7 latitutde 53.56190575076508 longitude 129.21617727268944
10:16:13.595 [Test worker] DEBUG tourGuide.service.RewardsService - Begin Tracker. #3.1.1 Tracking USER internalUser92 latitutde -21.85218451519146 longitude 175.82849821394723
10:16:13.595 [Test worker] DEBUG tourGuide.service.RewardsService - Begin Tracker. #3.1.2 Tracking USER internalUser92
10:16:13.595 [pool-2-thread-1] DEBUG tourGuide.service.RewardsService - Begin Tracker. #3.1.2 Tracking USER internalUser7
10:16:13.595 [Test worker] DEBUG tourGuide.service.RewardsService - Begin Tracker. #3.1.1 Tracking USER internalUser92 latitutde -81.38048900921476 longitude 132.23389056328767
10:16:13.595 [pool-2-thread-1] DEBUG tourGuide.service.RewardsService - Begin Tracker. #3.1.1 Tracking USER internalUser7 latitutde 40.392078916314915 longitude -36.28822084014814
10:16:13.595 [pool-2-thread-1] DEBUG tourGuide.service.RewardsService - Begin Tracker. #3.1.2 Tracking USER internalUser7
10:16:13.595 [pool-2-thread-1] DEBUG tourGuide.service.RewardsService - Begin Tracker. #3.1.1 Tracking USER internalUser7 latitutde -73.436667583747 longitude 176.8888260549129
10:16:13.595 [pool-2-thread-1] DEBUG tourGuide.service.RewardsService - Begin Tracker. #3.1.2 Tracking USER internalUser7
10:16:13.595 [pool-2-thread-1] DEBUG tourGuide.service.RewardsService - Begin Tracker. #3.1.1 Tracking USER internalUser7 latitutde 33.817595 longitude -117.922008
10:16:13.595 [pool-2-thread-1] DEBUG tourGuide.service.RewardsService - Begin Tracker. #3.1.2 Tracking USER internalUser7
10:16:13.595 [pool-2-thread-1] DEBUG tourGuide.service.RewardsService - Begin Tracker. #3.1.1 Tracking USER internalUser7 latitutde 9.106625 longitude -143.178536
10:16:13.595 [Test worker] DEBUG tourGuide.service.RewardsService - Begin Tracker. #3.1.2 Tracking USER internalUser92
10:16:13.595 [Test worker] DEBUG tourGuide.service.RewardsService - Begin Tracker. #3.1.1 Tracking USER internalUser92 latitutde 35.1508445597249 longitude -128.9060430004873
10:16:13.595 [pool-2-thread-1] DEBUG tourGuide.service.RewardsService - Begin Tracker. #3.1.2 Tracking USER internalUser7
10:16:13.595 [pool-2-thread-1] DEBUG tourGuide.service.RewardsService - Begin Tracker. #3.2 Tracking USER internalUser7
10:16:13.595 [pool-2-thread-1] DEBUG tourGuide.service.TourGuideService - Begin Tracker. #4 Tracking USER internalUser7
10:16:13.595 [Test worker] DEBUG tourGuide.service.RewardsService - Begin Tracker. #3.1.2 Tracking USER internalUser92
10:16:13.595 [Test worker] DEBUG tourGuide.service.RewardsService - Begin Tracker. #3.1.1 Tracking USER internalUser92 latitutde 33.817595 longitude -117.922008
10:16:13.691 [pool-2-thread-1] DEBUG tourGuide.service.TourGuideService - Begin Tracker. #1 Tracking USER internalUser92
10:16:14.322 [Test worker] DEBUG tourGuide.service.RewardsService - Begin Tracker. #3.1.2 Tracking USER internalUser92
10:16:14.322 [Test worker] DEBUG tourGuide.service.RewardsService - Begin Tracker. #3.2 Tracking USER internalUser92
10:16:14.322 [pool-2-thread-1] DEBUG tourGuide.service.TourGuideService - Begin Tracker. #2 Tracking USER internalUser92 latitutde 5.455541 longitude 63.957371
10:16:14.338 [pool-2-thread-1] DEBUG tourGuide.service.RewardsService - Begin Tracker. #3.1.0 Tracking USER internalUser92
10:16:14.338 [Test worker] DEBUG tourGuide.service.RewardsService - Begin Tracker. #3.1.0 Tracking USER internalUser6
10:16:14.338 [pool-2-thread-1] DEBUG tourGuide.service.RewardsService - Begin Tracker. #3.1.1 Tracking USER internalUser92 latitutde -21.85218451519146 longitude 175.82849821394723
10:16:14.338 [Test worker] DEBUG tourGuide.service.RewardsService - Begin Tracker. #3.1.1 Tracking USER internalUser6 latitutde 5.440784149241011 longitude 170.24764350745153
10:16:14.338 [Test worker] DEBUG tourGuide.service.RewardsService - Begin Tracker. #3.1.2 Tracking USER internalUser6
10:16:14.338 [Test worker] DEBUG tourGuide.service.RewardsService - Begin Tracker. #3.1.1 Tracking USER internalUser6 latitutde 30.576624451051742 longitude -12.407647283138544
10:16:14.338 [Test worker] DEBUG tourGuide.service.RewardsService - Begin Tracker. #3.1.2 Tracking USER internalUser6
10:16:14.338 [Test worker] DEBUG tourGuide.service.RewardsService - Begin Tracker. #3.1.1 Tracking USER internalUser6 latitutde -12.958374898812906 longitude -126.38015033675485
10:16:14.338 [Test worker] DEBUG tourGuide.service.RewardsService - Begin Tracker. #3.1.2 Tracking USER internalUser6
10:16:14.338 [Test worker] DEBUG tourGuide.service.RewardsService - Begin Tracker. #3.1.1 Tracking USER internalUser6 latitutde 33.817595 longitude -117.922008
10:16:14.338 [pool-2-thread-1] DEBUG tourGuide.service.RewardsService - Begin Tracker. #3.1.2 Tracking USER internalUser92
10:16:14.338 [pool-2-thread-1] DEBUG tourGuide.service.RewardsService - Begin Tracker. #3.1.1 Tracking USER internalUser92 latitutde -81.38048900921476 longitude 132.23389056328767
10:16:14.338 [pool-2-thread-1] DEBUG tourGuide.service.RewardsService - Begin Tracker. #3.1.2 Tracking USER internalUser92
10:16:14.338 [pool-2-thread-1] DEBUG tourGuide.service.RewardsService - Begin Tracker. #3.1.1 Tracking USER internalUser92 latitutde 35.1508445597249 longitude -128.9060430004873
10:16:14.338 [pool-2-thread-1] DEBUG tourGuide.service.RewardsService - Begin Tracker. #3.1.2 Tracking USER internalUser92
10:16:14.338 [pool-2-thread-1] DEBUG tourGuide.service.RewardsService - Begin Tracker. #3.1.1 Tracking USER internalUser92 latitutde 33.817595 longitude -117.922008
10:16:14.338 [pool-2-thread-1] DEBUG tourGuide.service.RewardsService - Begin Tracker. #3.1.2 Tracking USER internalUser92
10:16:14.338 [pool-2-thread-1] DEBUG tourGuide.service.RewardsService - Begin Tracker. #3.1.1 Tracking USER internalUser92 latitutde 5.455541 longitude 63.957371
10:16:14.338 [pool-2-thread-1] DEBUG tourGuide.service.RewardsService - Begin Tracker. #3.1.2 Tracking USER internalUser92
10:16:14.338 [pool-2-thread-1] DEBUG tourGuide.service.RewardsService - Begin Tracker. #3.2 Tracking USER internalUser92
10:16:14.338 [pool-2-thread-1] DEBUG tourGuide.service.TourGuideService - Begin Tracker. #4 Tracking USER internalUser92
10:16:14.417 [pool-2-thread-1] DEBUG tourGuide.service.TourGuideService - Begin Tracker. #1 Tracking USER internalUser6
10:16:14.485 [Test worker] DEBUG tourGuide.service.RewardsService - Begin Tracker. #3.1.2 Tracking USER internalUser6
10:16:14.485 [Test worker] DEBUG tourGuide.service.RewardsService - Begin Tracker. #3.2 Tracking USER internalUser6
10:16:14.485 [pool-2-thread-1] DEBUG tourGuide.service.TourGuideService - Begin Tracker. #2 Tracking USER internalUser6 latitutde 76.224928 longitude 136.821369
10:16:14.506 [pool-2-thread-1] DEBUG tourGuide.service.RewardsService - Begin Tracker. #3.1.0 Tracking USER internalUser6
10:16:14.506 [Test worker] DEBUG tourGuide.service.RewardsService - Begin Tracker. #3.1.0 Tracking USER internalUser91
10:16:14.506 [Test worker] DEBUG tourGuide.service.RewardsService - Begin Tracker. #3.1.1 Tracking USER internalUser91 latitutde 72.52001211762709 longitude -68.62113403892987
10:16:14.506 [pool-2-thread-1] DEBUG tourGuide.service.RewardsService - Begin Tracker. #3.1.1 Tracking USER internalUser6 latitutde 5.440784149241011 longitude 170.24764350745153
10:16:14.506 [pool-2-thread-1] DEBUG tourGuide.service.RewardsService - Begin Tracker. #3.1.2 Tracking USER internalUser6
10:16:14.506 [Test worker] DEBUG tourGuide.service.RewardsService - Begin Tracker. #3.1.2 Tracking USER internalUser91
10:16:14.506 [Test worker] DEBUG tourGuide.service.RewardsService - Begin Tracker. #3.1.1 Tracking USER internalUser91 latitutde -46.82622997654546 longitude 150.1105419707572
10:16:14.506 [Test worker] DEBUG tourGuide.service.RewardsService - Begin Tracker. #3.1.2 Tracking USER internalUser91
10:16:14.506 [Test worker] DEBUG tourGuide.service.RewardsService - Begin Tracker. #3.1.1 Tracking USER internalUser91 latitutde -79.23832791397304 longitude -20.17290183247664
10:16:14.506 [Test worker] DEBUG tourGuide.service.RewardsService - Begin Tracker. #3.1.2 Tracking USER internalUser91
10:16:14.506 [Test worker] DEBUG tourGuide.service.RewardsService - Begin Tracker. #3.1.1 Tracking USER internalUser91 latitutde 33.817595 longitude -117.922008
10:16:14.506 [pool-2-thread-1] DEBUG tourGuide.service.RewardsService - Begin Tracker. #3.1.1 Tracking USER internalUser6 latitutde 30.576624451051742 longitude -12.407647283138544
10:16:14.506 [pool-2-thread-1] DEBUG tourGuide.service.RewardsService - Begin Tracker. #3.1.2 Tracking USER internalUser6
10:16:14.506 [pool-2-thread-1] DEBUG tourGuide.service.RewardsService - Begin Tracker. #3.1.1 Tracking USER internalUser6 latitutde -12.958374898812906 longitude -126.38015033675485
10:16:14.506 [pool-2-thread-1] DEBUG tourGuide.service.RewardsService - Begin Tracker. #3.1.2 Tracking USER internalUser6
10:16:14.506 [pool-2-thread-1] DEBUG tourGuide.service.RewardsService - Begin Tracker. #3.1.1 Tracking USER internalUser6 latitutde 33.817595 longitude -117.922008
10:16:14.506 [pool-2-thread-1] DEBUG tourGuide.service.RewardsService - Begin Tracker. #3.1.2 Tracking USER internalUser6
10:16:14.506 [pool-2-thread-1] DEBUG tourGuide.service.RewardsService - Begin Tracker. #3.1.1 Tracking USER internalUser6 latitutde 76.224928 longitude 136.821369
10:16:14.506 [pool-2-thread-1] DEBUG tourGuide.service.RewardsService - Begin Tracker. #3.1.2 Tracking USER internalUser6
10:16:14.506 [pool-2-thread-1] DEBUG tourGuide.service.RewardsService - Begin Tracker. #3.2 Tracking USER internalUser6
10:16:14.506 [pool-2-thread-1] DEBUG tourGuide.service.TourGuideService - Begin Tracker. #4 Tracking USER internalUser6
10:16:14.562 [pool-2-thread-1] DEBUG tourGuide.service.TourGuideService - Begin Tracker. #1 Tracking USER internalUser91
10:16:14.958 [Test worker] DEBUG tourGuide.service.RewardsService - Begin Tracker. #3.1.2 Tracking USER internalUser91
10:16:14.958 [Test worker] DEBUG tourGuide.service.RewardsService - Begin Tracker. #3.2 Tracking USER internalUser91
10:16:14.958 [pool-2-thread-1] DEBUG tourGuide.service.TourGuideService - Begin Tracker. #2 Tracking USER internalUser91 latitutde 55.783295 longitude -61.260223
10:16:14.974 [pool-2-thread-1] DEBUG tourGuide.service.RewardsService - Begin Tracker. #3.1.0 Tracking USER internalUser91
10:16:14.974 [Test worker] DEBUG tourGuide.service.RewardsService - Begin Tracker. #3.1.0 Tracking USER internalUser5
10:16:14.974 [pool-2-thread-1] DEBUG tourGuide.service.RewardsService - Begin Tracker. #3.1.1 Tracking USER internalUser91 latitutde 72.52001211762709 longitude -68.62113403892987
10:16:14.974 [Test worker] DEBUG tourGuide.service.RewardsService - Begin Tracker. #3.1.1 Tracking USER internalUser5 latitutde -1.9554786697742514 longitude -49.43890117139421
10:16:14.974 [Test worker] DEBUG tourGuide.service.RewardsService - Begin Tracker. #3.1.2 Tracking USER internalUser5
10:16:14.974 [pool-2-thread-1] DEBUG tourGuide.service.RewardsService - Begin Tracker. #3.1.2 Tracking USER internalUser91
10:16:14.974 [Test worker] DEBUG tourGuide.service.RewardsService - Begin Tracker. #3.1.1 Tracking USER internalUser5 latitutde 38.42333693261355 longitude -10.627480452179725
10:16:14.974 [pool-2-thread-1] DEBUG tourGuide.service.RewardsService - Begin Tracker. #3.1.1 Tracking USER internalUser91 latitutde -46.82622997654546 longitude 150.1105419707572
10:16:14.974 [Test worker] DEBUG tourGuide.service.RewardsService - Begin Tracker. #3.1.2 Tracking USER internalUser5
10:16:14.974 [Test worker] DEBUG tourGuide.service.RewardsService - Begin Tracker. #3.1.1 Tracking USER internalUser5 latitutde -46.72577431877825 longitude 97.1170581619354
10:16:14.974 [pool-2-thread-1] DEBUG tourGuide.service.RewardsService - Begin Tracker. #3.1.2 Tracking USER internalUser91
10:16:14.974 [pool-2-thread-1] DEBUG tourGuide.service.RewardsService - Begin Tracker. #3.1.1 Tracking USER internalUser91 latitutde -79.23832791397304 longitude -20.17290183247664
10:16:14.974 [pool-2-thread-1] DEBUG tourGuide.service.RewardsService - Begin Tracker. #3.1.2 Tracking USER internalUser91
10:16:14.974 [pool-2-thread-1] DEBUG tourGuide.service.RewardsService - Begin Tracker. #3.1.1 Tracking USER internalUser91 latitutde 33.817595 longitude -117.922008
10:16:14.974 [Test worker] DEBUG tourGuide.service.RewardsService - Begin Tracker. #3.1.2 Tracking USER internalUser5
10:16:14.974 [Test worker] DEBUG tourGuide.service.RewardsService - Begin Tracker. #3.1.1 Tracking USER internalUser5 latitutde 33.817595 longitude -117.922008
10:16:14.974 [pool-2-thread-1] DEBUG tourGuide.service.RewardsService - Begin Tracker. #3.1.2 Tracking USER internalUser91
10:16:14.975 [pool-2-thread-1] DEBUG tourGuide.service.RewardsService - Begin Tracker. #3.1.1 Tracking USER internalUser91 latitutde 55.783295 longitude -61.260223
10:16:14.975 [pool-2-thread-1] DEBUG tourGuide.service.RewardsService - Begin Tracker. #3.1.2 Tracking USER internalUser91
10:16:14.975 [pool-2-thread-1] DEBUG tourGuide.service.RewardsService - Begin Tracker. #3.2 Tracking USER internalUser91
10:16:14.975 [pool-2-thread-1] DEBUG tourGuide.service.TourGuideService - Begin Tracker. #4 Tracking USER internalUser91
10:16:15.030 [pool-2-thread-1] DEBUG tourGuide.service.TourGuideService - Begin Tracker. #1 Tracking USER internalUser5
10:16:15.634 [Test worker] DEBUG tourGuide.service.RewardsService - Begin Tracker. #3.1.2 Tracking USER internalUser5
10:16:15.634 [Test worker] DEBUG tourGuide.service.RewardsService - Begin Tracker. #3.2 Tracking USER internalUser5
10:16:15.634 [pool-2-thread-1] DEBUG tourGuide.service.TourGuideService - Begin Tracker. #2 Tracking USER internalUser5 latitutde 65.868124 longitude 34.60006
10:16:15.649 [pool-2-thread-1] DEBUG tourGuide.service.RewardsService - Begin Tracker. #3.1.0 Tracking USER internalUser5
10:16:15.649 [Test worker] DEBUG tourGuide.service.RewardsService - Begin Tracker. #3.1.0 Tracking USER internalUser94
10:16:15.649 [pool-2-thread-1] DEBUG tourGuide.service.RewardsService - Begin Tracker. #3.1.1 Tracking USER internalUser5 latitutde -1.9554786697742514 longitude -49.43890117139421
10:16:15.649 [Test worker] DEBUG tourGuide.service.RewardsService - Begin Tracker. #3.1.1 Tracking USER internalUser94 latitutde 74.10402875104631 longitude 135.46814565704096
10:16:15.649 [Test worker] DEBUG tourGuide.service.RewardsService - Begin Tracker. #3.1.2 Tracking USER internalUser94
10:16:15.649 [Test worker] DEBUG tourGuide.service.RewardsService - Begin Tracker. #3.1.1 Tracking USER internalUser94 latitutde -27.070882727699235 longitude -60.29352125712401
10:16:15.649 [pool-2-thread-1] DEBUG tourGuide.service.RewardsService - Begin Tracker. #3.1.2 Tracking USER internalUser5
10:16:15.649 [pool-2-thread-1] DEBUG tourGuide.service.RewardsService - Begin Tracker. #3.1.1 Tracking USER internalUser5 latitutde 38.42333693261355 longitude -10.627480452179725
10:16:15.649 [Test worker] DEBUG tourGuide.service.RewardsService - Begin Tracker. #3.1.2 Tracking USER internalUser94
10:16:15.649 [Test worker] DEBUG tourGuide.service.RewardsService - Begin Tracker. #3.1.1 Tracking USER internalUser94 latitutde -38.625591871736006 longitude 149.12273707136023
10:16:15.649 [pool-2-thread-1] DEBUG tourGuide.service.RewardsService - Begin Tracker. #3.1.2 Tracking USER internalUser5
10:16:15.649 [pool-2-thread-1] DEBUG tourGuide.service.RewardsService - Begin Tracker. #3.1.1 Tracking USER internalUser5 latitutde -46.72577431877825 longitude 97.1170581619354
10:16:15.649 [pool-2-thread-1] DEBUG tourGuide.service.RewardsService - Begin Tracker. #3.1.2 Tracking USER internalUser5
10:16:15.649 [Test worker] DEBUG tourGuide.service.RewardsService - Begin Tracker. #3.1.2 Tracking USER internalUser94
10:16:15.649 [pool-2-thread-1] DEBUG tourGuide.service.RewardsService - Begin Tracker. #3.1.1 Tracking USER internalUser5 latitutde 33.817595 longitude -117.922008
10:16:15.649 [pool-2-thread-1] DEBUG tourGuide.service.RewardsService - Begin Tracker. #3.1.2 Tracking USER internalUser5
10:16:15.649 [pool-2-thread-1] DEBUG tourGuide.service.RewardsService - Begin Tracker. #3.1.1 Tracking USER internalUser5 latitutde 65.868124 longitude 34.60006
10:16:15.649 [pool-2-thread-1] DEBUG tourGuide.service.RewardsService - Begin Tracker. #3.1.2 Tracking USER internalUser5
10:16:15.649 [pool-2-thread-1] DEBUG tourGuide.service.RewardsService - Begin Tracker. #3.2 Tracking USER internalUser5
10:16:15.649 [pool-2-thread-1] DEBUG tourGuide.service.TourGuideService - Begin Tracker. #4 Tracking USER internalUser5
10:16:15.649 [Test worker] DEBUG tourGuide.service.RewardsService - Begin Tracker. #3.1.1 Tracking USER internalUser94 latitutde 33.817595 longitude -117.922008
10:16:15.727 [pool-2-thread-1] DEBUG tourGuide.service.TourGuideService - Begin Tracker. #1 Tracking USER internalUser94
10:16:16.087 [Test worker] DEBUG tourGuide.service.RewardsService - Begin Tracker. #3.1.2 Tracking USER internalUser94
10:16:16.087 [Test worker] DEBUG tourGuide.service.RewardsService - Begin Tracker. #3.2 Tracking USER internalUser94
10:16:16.087 [pool-2-thread-1] DEBUG tourGuide.service.TourGuideService - Begin Tracker. #2 Tracking USER internalUser94 latitutde 36.99185 longitude 97.392918
10:16:16.103 [pool-2-thread-1] DEBUG tourGuide.service.RewardsService - Begin Tracker. #3.1.0 Tracking USER internalUser94
10:16:16.103 [pool-2-thread-1] DEBUG tourGuide.service.RewardsService - Begin Tracker. #3.1.1 Tracking USER internalUser94 latitutde 74.10402875104631 longitude 135.46814565704096
10:16:16.103 [pool-2-thread-1] DEBUG tourGuide.service.RewardsService - Begin Tracker. #3.1.2 Tracking USER internalUser94
10:16:16.103 [pool-2-thread-1] DEBUG tourGuide.service.RewardsService - Begin Tracker. #3.1.1 Tracking USER internalUser94 latitutde -27.070882727699235 longitude -60.29352125712401
10:16:16.103 [pool-2-thread-1] DEBUG tourGuide.service.RewardsService - Begin Tracker. #3.1.2 Tracking USER internalUser94
10:16:16.103 [pool-2-thread-1] DEBUG tourGuide.service.RewardsService - Begin Tracker. #3.1.1 Tracking USER internalUser94 latitutde -38.625591871736006 longitude 149.12273707136023
10:16:16.103 [pool-2-thread-1] DEBUG tourGuide.service.RewardsService - Begin Tracker. #3.1.2 Tracking USER internalUser94
10:16:16.103 [pool-2-thread-1] DEBUG tourGuide.service.RewardsService - Begin Tracker. #3.1.1 Tracking USER internalUser94 latitutde 33.817595 longitude -117.922008
10:16:16.103 [pool-2-thread-1] DEBUG tourGuide.service.RewardsService - Begin Tracker. #3.1.2 Tracking USER internalUser94
10:16:16.103 [pool-2-thread-1] DEBUG tourGuide.service.RewardsService - Begin Tracker. #3.1.1 Tracking USER internalUser94 latitutde 36.99185 longitude 97.392918
10:16:16.103 [pool-2-thread-1] DEBUG tourGuide.service.RewardsService - Begin Tracker. #3.1.2 Tracking USER internalUser94
10:16:16.103 [pool-2-thread-1] DEBUG tourGuide.service.RewardsService - Begin Tracker. #3.2 Tracking USER internalUser94
10:16:16.103 [pool-2-thread-1] DEBUG tourGuide.service.TourGuideService - Begin Tracker. #4 Tracking USER internalUser94
10:16:16.103 [Test worker] DEBUG tourGuide.service.RewardsService - Begin Tracker. #3.1.0 Tracking USER internalUser4
10:16:16.103 [Test worker] DEBUG tourGuide.service.RewardsService - Begin Tracker. #3.1.1 Tracking USER internalUser4 latitutde 24.829178407724697 longitude -70.35315571947395
10:16:16.103 [Test worker] DEBUG tourGuide.service.RewardsService - Begin Tracker. #3.1.2 Tracking USER internalUser4
10:16:16.103 [Test worker] DEBUG tourGuide.service.RewardsService - Begin Tracker. #3.1.1 Tracking USER internalUser4 latitutde 73.25223312061553 longitude 55.22869289922585
10:16:16.103 [Test worker] DEBUG tourGuide.service.RewardsService - Begin Tracker. #3.1.2 Tracking USER internalUser4
10:16:16.103 [Test worker] DEBUG tourGuide.service.RewardsService - Begin Tracker. #3.1.1 Tracking USER internalUser4 latitutde 63.206583433461276 longitude 107.66062878446888
10:16:16.104 [Test worker] DEBUG tourGuide.service.RewardsService - Begin Tracker. #3.1.2 Tracking USER internalUser4
10:16:16.104 [Test worker] DEBUG tourGuide.service.RewardsService - Begin Tracker. #3.1.1 Tracking USER internalUser4 latitutde 33.817595 longitude -117.922008
10:16:16.143 [pool-2-thread-1] DEBUG tourGuide.service.TourGuideService - Begin Tracker. #1 Tracking USER internalUser4
10:16:16.861 [Test worker] DEBUG tourGuide.service.RewardsService - Begin Tracker. #3.1.2 Tracking USER internalUser4
10:16:16.861 [Test worker] DEBUG tourGuide.service.RewardsService - Begin Tracker. #3.2 Tracking USER internalUser4
10:16:16.861 [pool-2-thread-1] DEBUG tourGuide.service.TourGuideService - Begin Tracker. #2 Tracking USER internalUser4 latitutde -18.357963 longitude 144.759002
10:16:16.877 [pool-2-thread-1] DEBUG tourGuide.service.RewardsService - Begin Tracker. #3.1.0 Tracking USER internalUser4
10:16:16.877 [pool-2-thread-1] DEBUG tourGuide.service.RewardsService - Begin Tracker. #3.1.1 Tracking USER internalUser4 latitutde 24.829178407724697 longitude -70.35315571947395
10:16:16.877 [pool-2-thread-1] DEBUG tourGuide.service.RewardsService - Begin Tracker. #3.1.2 Tracking USER internalUser4
10:16:16.877 [pool-2-thread-1] DEBUG tourGuide.service.RewardsService - Begin Tracker. #3.1.1 Tracking USER internalUser4 latitutde 73.25223312061553 longitude 55.22869289922585
10:16:16.877 [Test worker] DEBUG tourGuide.service.RewardsService - Begin Tracker. #3.1.0 Tracking USER internalUser93
10:16:16.877 [pool-2-thread-1] DEBUG tourGuide.service.RewardsService - Begin Tracker. #3.1.2 Tracking USER internalUser4
10:16:16.877 [pool-2-thread-1] DEBUG tourGuide.service.RewardsService - Begin Tracker. #3.1.1 Tracking USER internalUser4 latitutde 63.206583433461276 longitude 107.66062878446888
10:16:16.877 [Test worker] DEBUG tourGuide.service.RewardsService - Begin Tracker. #3.1.1 Tracking USER internalUser93 latitutde 9.50260782088003 longitude 22.368943827557132
10:16:16.877 [pool-2-thread-1] DEBUG tourGuide.service.RewardsService - Begin Tracker. #3.1.2 Tracking USER internalUser4
10:16:16.877 [pool-2-thread-1] DEBUG tourGuide.service.RewardsService - Begin Tracker. #3.1.1 Tracking USER internalUser4 latitutde 33.817595 longitude -117.922008
10:16:16.877 [pool-2-thread-1] DEBUG tourGuide.service.RewardsService - Begin Tracker. #3.1.2 Tracking USER internalUser4
10:16:16.877 [pool-2-thread-1] DEBUG tourGuide.service.RewardsService - Begin Tracker. #3.1.1 Tracking USER internalUser4 latitutde -18.357963 longitude 144.759002
10:16:16.877 [pool-2-thread-1] DEBUG tourGuide.service.RewardsService - Begin Tracker. #3.1.2 Tracking USER internalUser4
10:16:16.877 [pool-2-thread-1] DEBUG tourGuide.service.RewardsService - Begin Tracker. #3.2 Tracking USER internalUser4
10:16:16.877 [pool-2-thread-1] DEBUG tourGuide.service.TourGuideService - Begin Tracker. #4 Tracking USER internalUser4
10:16:16.878 [Test worker] DEBUG tourGuide.service.RewardsService - Begin Tracker. #3.1.2 Tracking USER internalUser93
10:16:16.878 [Test worker] DEBUG tourGuide.service.RewardsService - Begin Tracker. #3.1.1 Tracking USER internalUser93 latitutde 69.20488642209389 longitude 162.1948404872253
10:16:16.878 [Test worker] DEBUG tourGuide.service.RewardsService - Begin Tracker. #3.1.2 Tracking USER internalUser93
10:16:16.878 [Test worker] DEBUG tourGuide.service.RewardsService - Begin Tracker. #3.1.1 Tracking USER internalUser93 latitutde -82.32412193243167 longitude -77.78012036722295
10:16:16.878 [Test worker] DEBUG tourGuide.service.RewardsService - Begin Tracker. #3.1.2 Tracking USER internalUser93
10:16:16.878 [Test worker] DEBUG tourGuide.service.RewardsService - Begin Tracker. #3.1.1 Tracking USER internalUser93 latitutde 33.817595 longitude -117.922008
10:16:16.912 [pool-2-thread-1] DEBUG tourGuide.service.TourGuideService - Begin Tracker. #1 Tracking USER internalUser93
10:16:17.795 [Test worker] DEBUG tourGuide.service.RewardsService - Begin Tracker. #3.1.2 Tracking USER internalUser93
10:16:17.795 [pool-2-thread-1] DEBUG tourGuide.service.TourGuideService - Begin Tracker. #2 Tracking USER internalUser93 latitutde -31.126621 longitude -71.727262
10:16:17.795 [Test worker] DEBUG tourGuide.service.RewardsService - Begin Tracker. #3.2 Tracking USER internalUser93
10:16:17.812 [pool-2-thread-1] DEBUG tourGuide.service.RewardsService - Begin Tracker. #3.1.0 Tracking USER internalUser93
10:16:17.812 [pool-2-thread-1] DEBUG tourGuide.service.RewardsService - Begin Tracker. #3.1.1 Tracking USER internalUser93 latitutde 9.50260782088003 longitude 22.368943827557132
10:16:17.812 [pool-2-thread-1] DEBUG tourGuide.service.RewardsService - Begin Tracker. #3.1.2 Tracking USER internalUser93
10:16:17.812 [pool-2-thread-1] DEBUG tourGuide.service.RewardsService - Begin Tracker. #3.1.1 Tracking USER internalUser93 latitutde 69.20488642209389 longitude 162.1948404872253
10:16:17.812 [pool-2-thread-1] DEBUG tourGuide.service.RewardsService - Begin Tracker. #3.1.2 Tracking USER internalUser93
10:16:17.812 [pool-2-thread-1] DEBUG tourGuide.service.RewardsService - Begin Tracker. #3.1.1 Tracking USER internalUser93 latitutde -82.32412193243167 longitude -77.78012036722295
10:16:17.812 [pool-2-thread-1] DEBUG tourGuide.service.RewardsService - Begin Tracker. #3.1.2 Tracking USER internalUser93
10:16:17.812 [pool-2-thread-1] DEBUG tourGuide.service.RewardsService - Begin Tracker. #3.1.1 Tracking USER internalUser93 latitutde 33.817595 longitude -117.922008
10:16:17.812 [pool-2-thread-1] DEBUG tourGuide.service.RewardsService - Begin Tracker. #3.1.2 Tracking USER internalUser93
10:16:17.812 [pool-2-thread-1] DEBUG tourGuide.service.RewardsService - Begin Tracker. #3.1.1 Tracking USER internalUser93 latitutde -31.126621 longitude -71.727262
10:16:17.812 [pool-2-thread-1] DEBUG tourGuide.service.RewardsService - Begin Tracker. #3.1.2 Tracking USER internalUser93
10:16:17.812 [pool-2-thread-1] DEBUG tourGuide.service.RewardsService - Begin Tracker. #3.2 Tracking USER internalUser93
10:16:17.812 [pool-2-thread-1] DEBUG tourGuide.service.TourGuideService - Begin Tracker. #4 Tracking USER internalUser93
10:16:17.818 [Test worker] DEBUG tourGuide.service.RewardsService - Begin Tracker. #3.1.0 Tracking USER internalUser27
10:16:17.819 [Test worker] DEBUG tourGuide.service.RewardsService - Begin Tracker. #3.1.1 Tracking USER internalUser27 latitutde 61.82388050367376 longitude -4.15210819758056
10:16:17.819 [Test worker] DEBUG tourGuide.service.RewardsService - Begin Tracker. #3.1.2 Tracking USER internalUser27
10:16:17.819 [Test worker] DEBUG tourGuide.service.RewardsService - Begin Tracker. #3.1.1 Tracking USER internalUser27 latitutde 26.781936301023705 longitude 43.20440623183623
10:16:17.819 [Test worker] DEBUG tourGuide.service.RewardsService - Begin Tracker. #3.1.2 Tracking USER internalUser27
10:16:17.819 [Test worker] DEBUG tourGuide.service.RewardsService - Begin Tracker. #3.1.1 Tracking USER internalUser27 latitutde 48.6353699163063 longitude -44.12656944663598
10:16:17.819 [Test worker] DEBUG tourGuide.service.RewardsService - Begin Tracker. #3.1.2 Tracking USER internalUser27
10:16:17.820 [Test worker] DEBUG tourGuide.service.RewardsService - Begin Tracker. #3.1.1 Tracking USER internalUser27 latitutde 33.817595 longitude -117.922008
10:16:17.905 [pool-2-thread-1] DEBUG tourGuide.service.TourGuideService - Begin Tracker. #1 Tracking USER internalUser27
10:16:18.384 [Test worker] DEBUG tourGuide.service.RewardsService - Begin Tracker. #3.1.2 Tracking USER internalUser27
10:16:18.384 [Test worker] DEBUG tourGuide.service.RewardsService - Begin Tracker. #3.2 Tracking USER internalUser27
10:16:18.384 [pool-2-thread-1] DEBUG tourGuide.service.TourGuideService - Begin Tracker. #2 Tracking USER internalUser27 latitutde -82.620783 longitude 135.708424
10:16:18.399 [pool-2-thread-1] DEBUG tourGuide.service.RewardsService - Begin Tracker. #3.1.0 Tracking USER internalUser27
10:16:18.399 [pool-2-thread-1] DEBUG tourGuide.service.RewardsService - Begin Tracker. #3.1.1 Tracking USER internalUser27 latitutde 61.82388050367376 longitude -4.15210819758056
10:16:18.399 [pool-2-thread-1] DEBUG tourGuide.service.RewardsService - Begin Tracker. #3.1.2 Tracking USER internalUser27
10:16:18.399 [pool-2-thread-1] DEBUG tourGuide.service.RewardsService - Begin Tracker. #3.1.1 Tracking USER internalUser27 latitutde 26.781936301023705 longitude 43.20440623183623
10:16:18.399 [pool-2-thread-1] DEBUG tourGuide.service.RewardsService - Begin Tracker. #3.1.2 Tracking USER internalUser27
10:16:18.399 [pool-2-thread-1] DEBUG tourGuide.service.RewardsService - Begin Tracker. #3.1.1 Tracking USER internalUser27 latitutde 48.6353699163063 longitude -44.12656944663598
10:16:18.399 [pool-2-thread-1] DEBUG tourGuide.service.RewardsService - Begin Tracker. #3.1.2 Tracking USER internalUser27
10:16:18.399 [pool-2-thread-1] DEBUG tourGuide.service.RewardsService - Begin Tracker. #3.1.1 Tracking USER internalUser27 latitutde 33.817595 longitude -117.922008
10:16:18.399 [pool-2-thread-1] DEBUG tourGuide.service.RewardsService - Begin Tracker. #3.1.2 Tracking USER internalUser27
10:16:18.399 [pool-2-thread-1] DEBUG tourGuide.service.RewardsService - Begin Tracker. #3.1.1 Tracking USER internalUser27 latitutde -82.620783 longitude 135.708424
10:16:18.399 [pool-2-thread-1] DEBUG tourGuide.service.RewardsService - Begin Tracker. #3.1.2 Tracking USER internalUser27
10:16:18.399 [pool-2-thread-1] DEBUG tourGuide.service.RewardsService - Begin Tracker. #3.2 Tracking USER internalUser27
10:16:18.399 [pool-2-thread-1] DEBUG tourGuide.service.TourGuideService - Begin Tracker. #4 Tracking USER internalUser27
10:16:18.403 [Test worker] DEBUG tourGuide.service.RewardsService - Begin Tracker. #3.1.0 Tracking USER internalUser26
10:16:18.403 [Test worker] DEBUG tourGuide.service.RewardsService - Begin Tracker. #3.1.1 Tracking USER internalUser26 latitutde 66.24677308862937 longitude -66.63798743975323
10:16:18.403 [Test worker] DEBUG tourGuide.service.RewardsService - Begin Tracker. #3.1.2 Tracking USER internalUser26
10:16:18.403 [Test worker] DEBUG tourGuide.service.RewardsService - Begin Tracker. #3.1.1 Tracking USER internalUser26 latitutde 30.972463859418724 longitude 90.18972194657584
10:16:18.403 [Test worker] DEBUG tourGuide.service.RewardsService - Begin Tracker. #3.1.2 Tracking USER internalUser26
10:16:18.404 [Test worker] DEBUG tourGuide.service.RewardsService - Begin Tracker. #3.1.1 Tracking USER internalUser26 latitutde 19.771390158025284 longitude -43.77810899271432
10:16:18.404 [Test worker] DEBUG tourGuide.service.RewardsService - Begin Tracker. #3.1.2 Tracking USER internalUser26
10:16:18.404 [Test worker] DEBUG tourGuide.service.RewardsService - Begin Tracker. #3.1.1 Tracking USER internalUser26 latitutde 33.817595 longitude -117.922008
10:16:18.456 [pool-2-thread-1] DEBUG tourGuide.service.TourGuideService - Begin Tracker. #1 Tracking USER internalUser26
10:16:18.613 [Test worker] DEBUG tourGuide.service.RewardsService - Begin Tracker. #3.1.2 Tracking USER internalUser26
10:16:18.613 [Test worker] DEBUG tourGuide.service.RewardsService - Begin Tracker. #3.2 Tracking USER internalUser26
10:16:18.613 [pool-2-thread-1] DEBUG tourGuide.service.TourGuideService - Begin Tracker. #2 Tracking USER internalUser26 latitutde -84.652837 longitude -49.83156
10:16:18.629 [pool-2-thread-1] DEBUG tourGuide.service.RewardsService - Begin Tracker. #3.1.0 Tracking USER internalUser26
10:16:18.629 [pool-2-thread-1] DEBUG tourGuide.service.RewardsService - Begin Tracker. #3.1.1 Tracking USER internalUser26 latitutde 66.24677308862937 longitude -66.63798743975323
10:16:18.629 [pool-2-thread-1] DEBUG tourGuide.service.RewardsService - Begin Tracker. #3.1.2 Tracking USER internalUser26
10:16:18.629 [pool-2-thread-1] DEBUG tourGuide.service.RewardsService - Begin Tracker. #3.1.1 Tracking USER internalUser26 latitutde 30.972463859418724 longitude 90.18972194657584
10:16:18.629 [pool-2-thread-1] DEBUG tourGuide.service.RewardsService - Begin Tracker. #3.1.2 Tracking USER internalUser26
10:16:18.629 [pool-2-thread-1] DEBUG tourGuide.service.RewardsService - Begin Tracker. #3.1.1 Tracking USER internalUser26 latitutde 19.771390158025284 longitude -43.77810899271432
10:16:18.629 [pool-2-thread-1] DEBUG tourGuide.service.RewardsService - Begin Tracker. #3.1.2 Tracking USER internalUser26
10:16:18.629 [pool-2-thread-1] DEBUG tourGuide.service.RewardsService - Begin Tracker. #3.1.1 Tracking USER internalUser26 latitutde 33.817595 longitude -117.922008
10:16:18.629 [pool-2-thread-1] DEBUG tourGuide.service.RewardsService - Begin Tracker. #3.1.2 Tracking USER internalUser26
10:16:18.629 [pool-2-thread-1] DEBUG tourGuide.service.RewardsService - Begin Tracker. #3.1.1 Tracking USER internalUser26 latitutde -84.652837 longitude -49.83156
10:16:18.629 [pool-2-thread-1] DEBUG tourGuide.service.RewardsService - Begin Tracker. #3.1.2 Tracking USER internalUser26
10:16:18.629 [pool-2-thread-1] DEBUG tourGuide.service.RewardsService - Begin Tracker. #3.2 Tracking USER internalUser26
10:16:18.629 [pool-2-thread-1] DEBUG tourGuide.service.TourGuideService - Begin Tracker. #4 Tracking USER internalUser26
10:16:18.634 [Test worker] DEBUG tourGuide.service.RewardsService - Begin Tracker. #3.1.0 Tracking USER internalUser29
10:16:18.634 [Test worker] DEBUG tourGuide.service.RewardsService - Begin Tracker. #3.1.1 Tracking USER internalUser29 latitutde 30.23098830886022 longitude -104.32983329794452
10:16:18.635 [Test worker] DEBUG tourGuide.service.RewardsService - Begin Tracker. #3.1.2 Tracking USER internalUser29
10:16:18.635 [Test worker] DEBUG tourGuide.service.RewardsService - Begin Tracker. #3.1.1 Tracking USER internalUser29 latitutde 2.667020506341558 longitude -139.50059483239983
10:16:18.635 [Test worker] DEBUG tourGuide.service.RewardsService - Begin Tracker. #3.1.2 Tracking USER internalUser29
10:16:18.635 [Test worker] DEBUG tourGuide.service.RewardsService - Begin Tracker. #3.1.1 Tracking USER internalUser29 latitutde 21.358724404407255 longitude 66.91788772450093
10:16:18.635 [Test worker] DEBUG tourGuide.service.RewardsService - Begin Tracker. #3.1.2 Tracking USER internalUser29
10:16:18.635 [Test worker] DEBUG tourGuide.service.RewardsService - Begin Tracker. #3.1.1 Tracking USER internalUser29 latitutde 33.817595 longitude -117.922008
10:16:18.683 [pool-2-thread-1] DEBUG tourGuide.service.TourGuideService - Begin Tracker. #1 Tracking USER internalUser29
10:16:19.184 [Test worker] DEBUG tourGuide.service.RewardsService - Begin Tracker. #3.1.2 Tracking USER internalUser29
10:16:19.184 [Test worker] DEBUG tourGuide.service.RewardsService - Begin Tracker. #3.2 Tracking USER internalUser29
10:16:19.184 [pool-2-thread-1] DEBUG tourGuide.service.TourGuideService - Begin Tracker. #2 Tracking USER internalUser29 latitutde 62.704331 longitude 35.577622
10:16:19.200 [pool-2-thread-1] DEBUG tourGuide.service.RewardsService - Begin Tracker. #3.1.0 Tracking USER internalUser29
10:16:19.200 [pool-2-thread-1] DEBUG tourGuide.service.RewardsService - Begin Tracker. #3.1.1 Tracking USER internalUser29 latitutde 30.23098830886022 longitude -104.32983329794452
10:16:19.200 [Test worker] DEBUG tourGuide.service.RewardsService - Begin Tracker. #3.1.0 Tracking USER internalUser28
10:16:19.200 [Test worker] DEBUG tourGuide.service.RewardsService - Begin Tracker. #3.1.1 Tracking USER internalUser28 latitutde -69.73272776065865 longitude 89.1768790884982
10:16:19.200 [pool-2-thread-1] DEBUG tourGuide.service.RewardsService - Begin Tracker. #3.1.2 Tracking USER internalUser29
10:16:19.200 [pool-2-thread-1] DEBUG tourGuide.service.RewardsService - Begin Tracker. #3.1.1 Tracking USER internalUser29 latitutde 2.667020506341558 longitude -139.50059483239983
10:16:19.200 [pool-2-thread-1] DEBUG tourGuide.service.RewardsService - Begin Tracker. #3.1.2 Tracking USER internalUser29
10:16:19.200 [pool-2-thread-1] DEBUG tourGuide.service.RewardsService - Begin Tracker. #3.1.1 Tracking USER internalUser29 latitutde 21.358724404407255 longitude 66.91788772450093
10:16:19.200 [pool-2-thread-1] DEBUG tourGuide.service.RewardsService - Begin Tracker. #3.1.2 Tracking USER internalUser29
10:16:19.200 [pool-2-thread-1] DEBUG tourGuide.service.RewardsService - Begin Tracker. #3.1.1 Tracking USER internalUser29 latitutde 33.817595 longitude -117.922008
10:16:19.200 [pool-2-thread-1] DEBUG tourGuide.service.RewardsService - Begin Tracker. #3.1.2 Tracking USER internalUser29
10:16:19.200 [pool-2-thread-1] DEBUG tourGuide.service.RewardsService - Begin Tracker. #3.1.1 Tracking USER internalUser29 latitutde 62.704331 longitude 35.577622
10:16:19.200 [pool-2-thread-1] DEBUG tourGuide.service.RewardsService - Begin Tracker. #3.1.2 Tracking USER internalUser29
10:16:19.200 [pool-2-thread-1] DEBUG tourGuide.service.RewardsService - Begin Tracker. #3.2 Tracking USER internalUser29
10:16:19.200 [pool-2-thread-1] DEBUG tourGuide.service.TourGuideService - Begin Tracker. #4 Tracking USER internalUser29
10:16:19.201 [Test worker] DEBUG tourGuide.service.RewardsService - Begin Tracker. #3.1.2 Tracking USER internalUser28
10:16:19.201 [Test worker] DEBUG tourGuide.service.RewardsService - Begin Tracker. #3.1.1 Tracking USER internalUser28 latitutde 79.32833235613418 longitude 3.3602329782993934
10:16:19.201 [Test worker] DEBUG tourGuide.service.RewardsService - Begin Tracker. #3.1.2 Tracking USER internalUser28
10:16:19.201 [Test worker] DEBUG tourGuide.service.RewardsService - Begin Tracker. #3.1.1 Tracking USER internalUser28 latitutde 40.66890991522891 longitude 145.217281263938
10:16:19.201 [Test worker] DEBUG tourGuide.service.RewardsService - Begin Tracker. #3.1.2 Tracking USER internalUser28
10:16:19.201 [Test worker] DEBUG tourGuide.service.RewardsService - Begin Tracker. #3.1.1 Tracking USER internalUser28 latitutde 33.817595 longitude -117.922008
10:16:19.235 [pool-2-thread-1] DEBUG tourGuide.service.TourGuideService - Begin Tracker. #1 Tracking USER internalUser28
10:16:20.059 [Test worker] DEBUG tourGuide.service.RewardsService - Begin Tracker. #3.1.2 Tracking USER internalUser28
10:16:20.059 [Test worker] DEBUG tourGuide.service.RewardsService - Begin Tracker. #3.2 Tracking USER internalUser28
10:16:20.059 [pool-2-thread-1] DEBUG tourGuide.service.TourGuideService - Begin Tracker. #2 Tracking USER internalUser28 latitutde -31.431428 longitude -56.477851
10:16:20.074 [pool-2-thread-1] DEBUG tourGuide.service.RewardsService - Begin Tracker. #3.1.0 Tracking USER internalUser28
10:16:20.074 [Test worker] DEBUG tourGuide.service.RewardsService - Begin Tracker. #3.1.0 Tracking USER internalUser23
10:16:20.074 [pool-2-thread-1] DEBUG tourGuide.service.RewardsService - Begin Tracker. #3.1.1 Tracking USER internalUser28 latitutde -69.73272776065865 longitude 89.1768790884982
10:16:20.074 [Test worker] DEBUG tourGuide.service.RewardsService - Begin Tracker. #3.1.1 Tracking USER internalUser23 latitutde 67.30086348959401 longitude 73.22128314424847
10:16:20.074 [Test worker] DEBUG tourGuide.service.RewardsService - Begin Tracker. #3.1.2 Tracking USER internalUser23
10:16:20.074 [pool-2-thread-1] DEBUG tourGuide.service.RewardsService - Begin Tracker. #3.1.2 Tracking USER internalUser28
10:16:20.074 [Test worker] DEBUG tourGuide.service.RewardsService - Begin Tracker. #3.1.1 Tracking USER internalUser23 latitutde -71.02642962222144 longitude 177.5788354507709
10:16:20.074 [pool-2-thread-1] DEBUG tourGuide.service.RewardsService - Begin Tracker. #3.1.1 Tracking USER internalUser28 latitutde 79.32833235613418 longitude 3.3602329782993934
10:16:20.074 [Test worker] DEBUG tourGuide.service.RewardsService - Begin Tracker. #3.1.2 Tracking USER internalUser23
10:16:20.074 [pool-2-thread-1] DEBUG tourGuide.service.RewardsService - Begin Tracker. #3.1.2 Tracking USER internalUser28
10:16:20.074 [Test worker] DEBUG tourGuide.service.RewardsService - Begin Tracker. #3.1.1 Tracking USER internalUser23 latitutde 15.323680075514204 longitude -90.49061921508098
10:16:20.074 [pool-2-thread-1] DEBUG tourGuide.service.RewardsService - Begin Tracker. #3.1.1 Tracking USER internalUser28 latitutde 40.66890991522891 longitude 145.217281263938
10:16:20.074 [Test worker] DEBUG tourGuide.service.RewardsService - Begin Tracker. #3.1.2 Tracking USER internalUser23
10:16:20.074 [Test worker] DEBUG tourGuide.service.RewardsService - Begin Tracker. #3.1.1 Tracking USER internalUser23 latitutde 33.817595 longitude -117.922008
10:16:20.074 [pool-2-thread-1] DEBUG tourGuide.service.RewardsService - Begin Tracker. #3.1.2 Tracking USER internalUser28
10:16:20.075 [pool-2-thread-1] DEBUG tourGuide.service.RewardsService - Begin Tracker. #3.1.1 Tracking USER internalUser28 latitutde 33.817595 longitude -117.922008
10:16:20.075 [pool-2-thread-1] DEBUG tourGuide.service.RewardsService - Begin Tracker. #3.1.2 Tracking USER internalUser28
10:16:20.075 [pool-2-thread-1] DEBUG tourGuide.service.RewardsService - Begin Tracker. #3.1.1 Tracking USER internalUser28 latitutde -31.431428 longitude -56.477851
10:16:20.075 [pool-2-thread-1] DEBUG tourGuide.service.RewardsService - Begin Tracker. #3.1.2 Tracking USER internalUser28
10:16:20.075 [pool-2-thread-1] DEBUG tourGuide.service.RewardsService - Begin Tracker. #3.2 Tracking USER internalUser28
10:16:20.075 [pool-2-thread-1] DEBUG tourGuide.service.TourGuideService - Begin Tracker. #4 Tracking USER internalUser28
10:16:20.148 [pool-2-thread-1] DEBUG tourGuide.service.TourGuideService - Begin Tracker. #1 Tracking USER internalUser23
10:16:20.245 [Test worker] DEBUG tourGuide.service.RewardsService - Begin Tracker. #3.1.2 Tracking USER internalUser23
10:16:20.245 [Test worker] DEBUG tourGuide.service.RewardsService - Begin Tracker. #3.2 Tracking USER internalUser23
10:16:20.245 [pool-2-thread-1] DEBUG tourGuide.service.TourGuideService - Begin Tracker. #2 Tracking USER internalUser23 latitutde 35.7562 longitude -98.979195
10:16:20.260 [pool-2-thread-1] DEBUG tourGuide.service.RewardsService - Begin Tracker. #3.1.0 Tracking USER internalUser23
10:16:20.260 [pool-2-thread-1] DEBUG tourGuide.service.RewardsService - Begin Tracker. #3.1.1 Tracking USER internalUser23 latitutde 67.30086348959401 longitude 73.22128314424847
10:16:20.260 [pool-2-thread-1] DEBUG tourGuide.service.RewardsService - Begin Tracker. #3.1.2 Tracking USER internalUser23
10:16:20.260 [pool-2-thread-1] DEBUG tourGuide.service.RewardsService - Begin Tracker. #3.1.1 Tracking USER internalUser23 latitutde -71.02642962222144 longitude 177.5788354507709
10:16:20.260 [pool-2-thread-1] DEBUG tourGuide.service.RewardsService - Begin Tracker. #3.1.2 Tracking USER internalUser23
10:16:20.260 [pool-2-thread-1] DEBUG tourGuide.service.RewardsService - Begin Tracker. #3.1.1 Tracking USER internalUser23 latitutde 15.323680075514204 longitude -90.49061921508098
10:16:20.260 [pool-2-thread-1] DEBUG tourGuide.service.RewardsService - Begin Tracker. #3.1.2 Tracking USER internalUser23
10:16:20.260 [pool-2-thread-1] DEBUG tourGuide.service.RewardsService - Begin Tracker. #3.1.1 Tracking USER internalUser23 latitutde 33.817595 longitude -117.922008
10:16:20.260 [pool-2-thread-1] DEBUG tourGuide.service.RewardsService - Begin Tracker. #3.1.2 Tracking USER internalUser23
10:16:20.260 [pool-2-thread-1] DEBUG tourGuide.service.RewardsService - Begin Tracker. #3.1.1 Tracking USER internalUser23 latitutde 35.7562 longitude -98.979195
10:16:20.260 [pool-2-thread-1] DEBUG tourGuide.service.RewardsService - Begin Tracker. #3.1.2 Tracking USER internalUser23
10:16:20.260 [pool-2-thread-1] DEBUG tourGuide.service.RewardsService - Begin Tracker. #3.2 Tracking USER internalUser23
10:16:20.260 [pool-2-thread-1] DEBUG tourGuide.service.TourGuideService - Begin Tracker. #4 Tracking USER internalUser23
10:16:20.261 [Test worker] DEBUG tourGuide.service.RewardsService - Begin Tracker. #3.1.0 Tracking USER internalUser22
10:16:20.262 [Test worker] DEBUG tourGuide.service.RewardsService - Begin Tracker. #3.1.1 Tracking USER internalUser22 latitutde 34.877214186048036 longitude 142.52163462353724
10:16:20.262 [Test worker] DEBUG tourGuide.service.RewardsService - Begin Tracker. #3.1.2 Tracking USER internalUser22
10:16:20.262 [Test worker] DEBUG tourGuide.service.RewardsService - Begin Tracker. #3.1.1 Tracking USER internalUser22 latitutde 13.054375060537396 longitude -54.044481266537915
10:16:20.262 [Test worker] DEBUG tourGuide.service.RewardsService - Begin Tracker. #3.1.2 Tracking USER internalUser22
10:16:20.262 [Test worker] DEBUG tourGuide.service.RewardsService - Begin Tracker. #3.1.1 Tracking USER internalUser22 latitutde 71.54929642253046 longitude -112.7532232435115
10:16:20.262 [Test worker] DEBUG tourGuide.service.RewardsService - Begin Tracker. #3.1.2 Tracking USER internalUser22
10:16:20.262 [Test worker] DEBUG tourGuide.service.RewardsService - Begin Tracker. #3.1.1 Tracking USER internalUser22 latitutde 33.817595 longitude -117.922008
10:16:20.315 [pool-2-thread-1] DEBUG tourGuide.service.TourGuideService - Begin Tracker. #1 Tracking USER internalUser22
10:16:20.410 [Test worker] DEBUG tourGuide.service.RewardsService - Begin Tracker. #3.1.2 Tracking USER internalUser22
10:16:20.410 [Test worker] DEBUG tourGuide.service.RewardsService - Begin Tracker. #3.2 Tracking USER internalUser22
10:16:20.410 [pool-2-thread-1] DEBUG tourGuide.service.TourGuideService - Begin Tracker. #2 Tracking USER internalUser22 latitutde -8.09979 longitude -154.114341
10:16:20.426 [pool-2-thread-1] DEBUG tourGuide.service.RewardsService - Begin Tracker. #3.1.0 Tracking USER internalUser22
10:16:20.426 [Test worker] DEBUG tourGuide.service.RewardsService - Begin Tracker. #3.1.0 Tracking USER internalUser25
10:16:20.426 [pool-2-thread-1] DEBUG tourGuide.service.RewardsService - Begin Tracker. #3.1.1 Tracking USER internalUser22 latitutde 34.877214186048036 longitude 142.52163462353724
10:16:20.426 [Test worker] DEBUG tourGuide.service.RewardsService - Begin Tracker. #3.1.1 Tracking USER internalUser25 latitutde 54.23281616692694 longitude -140.70570305564758
10:16:20.426 [pool-2-thread-1] DEBUG tourGuide.service.RewardsService - Begin Tracker. #3.1.2 Tracking USER internalUser22
10:16:20.426 [pool-2-thread-1] DEBUG tourGuide.service.RewardsService - Begin Tracker. #3.1.1 Tracking USER internalUser22 latitutde 13.054375060537396 longitude -54.044481266537915
10:16:20.426 [Test worker] DEBUG tourGuide.service.RewardsService - Begin Tracker. #3.1.2 Tracking USER internalUser25
10:16:20.426 [Test worker] DEBUG tourGuide.service.RewardsService - Begin Tracker. #3.1.1 Tracking USER internalUser25 latitutde 7.0941518919682665 longitude -172.0037696604737
10:16:20.426 [pool-2-thread-1] DEBUG tourGuide.service.RewardsService - Begin Tracker. #3.1.2 Tracking USER internalUser22
10:16:20.426 [pool-2-thread-1] DEBUG tourGuide.service.RewardsService - Begin Tracker. #3.1.1 Tracking USER internalUser22 latitutde 71.54929642253046 longitude -112.7532232435115
10:16:20.426 [Test worker] DEBUG tourGuide.service.RewardsService - Begin Tracker. #3.1.2 Tracking USER internalUser25
10:16:20.426 [Test worker] DEBUG tourGuide.service.RewardsService - Begin Tracker. #3.1.1 Tracking USER internalUser25 latitutde 67.22191917945389 longitude 13.66713411974601
10:16:20.426 [pool-2-thread-1] DEBUG tourGuide.service.RewardsService - Begin Tracker. #3.1.2 Tracking USER internalUser22
10:16:20.426 [pool-2-thread-1] DEBUG tourGuide.service.RewardsService - Begin Tracker. #3.1.1 Tracking USER internalUser22 latitutde 33.817595 longitude -117.922008
10:16:20.426 [Test worker] DEBUG tourGuide.service.RewardsService - Begin Tracker. #3.1.2 Tracking USER internalUser25
10:16:20.426 [Test worker] DEBUG tourGuide.service.RewardsService - Begin Tracker. #3.1.1 Tracking USER internalUser25 latitutde 33.817595 longitude -117.922008
10:16:20.426 [pool-2-thread-1] DEBUG tourGuide.service.RewardsService - Begin Tracker. #3.1.2 Tracking USER internalUser22
10:16:20.426 [pool-2-thread-1] DEBUG tourGuide.service.RewardsService - Begin Tracker. #3.1.1 Tracking USER internalUser22 latitutde -8.09979 longitude -154.114341
10:16:20.426 [pool-2-thread-1] DEBUG tourGuide.service.RewardsService - Begin Tracker. #3.1.2 Tracking USER internalUser22
10:16:20.426 [pool-2-thread-1] DEBUG tourGuide.service.RewardsService - Begin Tracker. #3.2 Tracking USER internalUser22
10:16:20.426 [pool-2-thread-1] DEBUG tourGuide.service.TourGuideService - Begin Tracker. #4 Tracking USER internalUser22
10:16:20.474 [pool-2-thread-1] DEBUG tourGuide.service.TourGuideService - Begin Tracker. #1 Tracking USER internalUser25
10:16:20.533 [Test worker] DEBUG tourGuide.service.RewardsService - Begin Tracker. #3.1.2 Tracking USER internalUser25
10:16:20.533 [Test worker] DEBUG tourGuide.service.RewardsService - Begin Tracker. #3.2 Tracking USER internalUser25
10:16:20.533 [pool-2-thread-1] DEBUG tourGuide.service.TourGuideService - Begin Tracker. #2 Tracking USER internalUser25 latitutde 21.250472 longitude -114.298074
10:16:20.552 [Test worker] DEBUG tourGuide.service.RewardsService - Begin Tracker. #3.1.0 Tracking USER internalUser24
10:16:20.552 [pool-2-thread-1] DEBUG tourGuide.service.RewardsService - Begin Tracker. #3.1.0 Tracking USER internalUser25
10:16:20.552 [Test worker] DEBUG tourGuide.service.RewardsService - Begin Tracker. #3.1.1 Tracking USER internalUser24 latitutde 18.96031614931651 longitude 84.19102344281305
10:16:20.552 [pool-2-thread-1] DEBUG tourGuide.service.RewardsService - Begin Tracker. #3.1.1 Tracking USER internalUser25 latitutde 54.23281616692694 longitude -140.70570305564758
10:16:20.552 [Test worker] DEBUG tourGuide.service.RewardsService - Begin Tracker. #3.1.2 Tracking USER internalUser24
10:16:20.552 [pool-2-thread-1] DEBUG tourGuide.service.RewardsService - Begin Tracker. #3.1.2 Tracking USER internalUser25
10:16:20.552 [pool-2-thread-1] DEBUG tourGuide.service.RewardsService - Begin Tracker. #3.1.1 Tracking USER internalUser25 latitutde 7.0941518919682665 longitude -172.0037696604737
10:16:20.552 [pool-2-thread-1] DEBUG tourGuide.service.RewardsService - Begin Tracker. #3.1.2 Tracking USER internalUser25
10:16:20.552 [pool-2-thread-1] DEBUG tourGuide.service.RewardsService - Begin Tracker. #3.1.1 Tracking USER internalUser25 latitutde 67.22191917945389 longitude 13.66713411974601
10:16:20.552 [pool-2-thread-1] DEBUG tourGuide.service.RewardsService - Begin Tracker. #3.1.2 Tracking USER internalUser25
10:16:20.552 [pool-2-thread-1] DEBUG tourGuide.service.RewardsService - Begin Tracker. #3.1.1 Tracking USER internalUser25 latitutde 33.817595 longitude -117.922008
10:16:20.552 [pool-2-thread-1] DEBUG tourGuide.service.RewardsService - Begin Tracker. #3.1.2 Tracking USER internalUser25
10:16:20.552 [pool-2-thread-1] DEBUG tourGuide.service.RewardsService - Begin Tracker. #3.1.1 Tracking USER internalUser25 latitutde 21.250472 longitude -114.298074
10:16:20.552 [pool-2-thread-1] DEBUG tourGuide.service.RewardsService - Begin Tracker. #3.1.2 Tracking USER internalUser25
10:16:20.552 [pool-2-thread-1] DEBUG tourGuide.service.RewardsService - Begin Tracker. #3.2 Tracking USER internalUser25
10:16:20.552 [pool-2-thread-1] DEBUG tourGuide.service.TourGuideService - Begin Tracker. #4 Tracking USER internalUser25
10:16:20.552 [Test worker] DEBUG tourGuide.service.RewardsService - Begin Tracker. #3.1.1 Tracking USER internalUser24 latitutde -64.96052673107769 longitude -106.16219753529101
10:16:20.552 [Test worker] DEBUG tourGuide.service.RewardsService - Begin Tracker. #3.1.2 Tracking USER internalUser24
10:16:20.552 [Test worker] DEBUG tourGuide.service.RewardsService - Begin Tracker. #3.1.1 Tracking USER internalUser24 latitutde -72.59013226233716 longitude -9.131553978696502
10:16:20.553 [Test worker] DEBUG tourGuide.service.RewardsService - Begin Tracker. #3.1.2 Tracking USER internalUser24
10:16:20.553 [Test worker] DEBUG tourGuide.service.RewardsService - Begin Tracker. #3.1.1 Tracking USER internalUser24 latitutde 33.817595 longitude -117.922008
10:16:20.621 [Test worker] DEBUG tourGuide.service.RewardsService - Begin Tracker. #3.1.2 Tracking USER internalUser24
10:16:20.621 [Test worker] DEBUG tourGuide.service.RewardsService - Begin Tracker. #3.2 Tracking USER internalUser24
10:16:20.631 [Test worker] DEBUG tourGuide.service.RewardsService - Begin Tracker. #3.1.0 Tracking USER internalUser21
10:16:20.631 [Test worker] DEBUG tourGuide.service.RewardsService - Begin Tracker. #3.1.1 Tracking USER internalUser21 latitutde -45.48922646382717 longitude -118.79388795495893
10:16:20.632 [Test worker] DEBUG tourGuide.service.RewardsService - Begin Tracker. #3.1.2 Tracking USER internalUser21
10:16:20.632 [Test worker] DEBUG tourGuide.service.RewardsService - Begin Tracker. #3.1.1 Tracking USER internalUser21 latitutde -71.08102028003098 longitude 147.93056359338328
10:16:20.632 [Test worker] DEBUG tourGuide.service.RewardsService - Begin Tracker. #3.1.2 Tracking USER internalUser21
10:16:20.632 [Test worker] DEBUG tourGuide.service.RewardsService - Begin Tracker. #3.1.1 Tracking USER internalUser21 latitutde 4.0203274317903634 longitude -52.02782055505722
10:16:20.632 [Test worker] DEBUG tourGuide.service.RewardsService - Begin Tracker. #3.1.2 Tracking USER internalUser21
10:16:20.632 [Test worker] DEBUG tourGuide.service.RewardsService - Begin Tracker. #3.1.1 Tracking USER internalUser21 latitutde 33.817595 longitude -117.922008
10:16:20.639 [pool-2-thread-1] DEBUG tourGuide.service.TourGuideService - Begin Tracker. #1 Tracking USER internalUser24
10:16:20.639 [pool-2-thread-1] DEBUG tourGuide.service.TourGuideService - Begin Tracker. #2 Tracking USER internalUser24 latitutde -40.360388 longitude -12.061672
10:16:20.650 [pool-2-thread-1] DEBUG tourGuide.service.RewardsService - Begin Tracker. #3.1.0 Tracking USER internalUser24
10:16:20.650 [pool-2-thread-1] DEBUG tourGuide.service.RewardsService - Begin Tracker. #3.1.1 Tracking USER internalUser24 latitutde 18.96031614931651 longitude 84.19102344281305
10:16:20.650 [pool-2-thread-1] DEBUG tourGuide.service.RewardsService - Begin Tracker. #3.1.2 Tracking USER internalUser24
10:16:20.650 [pool-2-thread-1] DEBUG tourGuide.service.RewardsService - Begin Tracker. #3.1.1 Tracking USER internalUser24 latitutde -64.96052673107769 longitude -106.16219753529101
10:16:20.650 [pool-2-thread-1] DEBUG tourGuide.service.RewardsService - Begin Tracker. #3.1.2 Tracking USER internalUser24
10:16:20.650 [pool-2-thread-1] DEBUG tourGuide.service.RewardsService - Begin Tracker. #3.1.1 Tracking USER internalUser24 latitutde -72.59013226233716 longitude -9.131553978696502
10:16:20.650 [pool-2-thread-1] DEBUG tourGuide.service.RewardsService - Begin Tracker. #3.1.2 Tracking USER internalUser24
10:16:20.650 [pool-2-thread-1] DEBUG tourGuide.service.RewardsService - Begin Tracker. #3.1.1 Tracking USER internalUser24 latitutde 33.817595 longitude -117.922008
10:16:20.650 [pool-2-thread-1] DEBUG tourGuide.service.RewardsService - Begin Tracker. #3.1.2 Tracking USER internalUser24
10:16:20.650 [pool-2-thread-1] DEBUG tourGuide.service.RewardsService - Begin Tracker. #3.1.1 Tracking USER internalUser24 latitutde -40.360388 longitude -12.061672
10:16:20.650 [pool-2-thread-1] DEBUG tourGuide.service.RewardsService - Begin Tracker. #3.1.2 Tracking USER internalUser24
10:16:20.651 [pool-2-thread-1] DEBUG tourGuide.service.RewardsService - Begin Tracker. #3.2 Tracking USER internalUser24
10:16:20.651 [pool-2-thread-1] DEBUG tourGuide.service.TourGuideService - Begin Tracker. #4 Tracking USER internalUser24
10:16:20.728 [pool-2-thread-1] DEBUG tourGuide.service.TourGuideService - Begin Tracker. #1 Tracking USER internalUser21
10:16:21.321 [Test worker] DEBUG tourGuide.service.RewardsService - Begin Tracker. #3.1.2 Tracking USER internalUser21
10:16:21.321 [pool-2-thread-1] DEBUG tourGuide.service.TourGuideService - Begin Tracker. #2 Tracking USER internalUser21 latitutde -2.582437 longitude 22.667601
10:16:21.321 [Test worker] DEBUG tourGuide.service.RewardsService - Begin Tracker. #3.2 Tracking USER internalUser21
10:16:21.339 [pool-2-thread-1] DEBUG tourGuide.service.RewardsService - Begin Tracker. #3.1.0 Tracking USER internalUser21
10:16:21.339 [Test worker] DEBUG tourGuide.service.RewardsService - Begin Tracker. #3.1.0 Tracking USER internalUser20
10:16:21.339 [pool-2-thread-1] DEBUG tourGuide.service.RewardsService - Begin Tracker. #3.1.1 Tracking USER internalUser21 latitutde -45.48922646382717 longitude -118.79388795495893
10:16:21.339 [Test worker] DEBUG tourGuide.service.RewardsService - Begin Tracker. #3.1.1 Tracking USER internalUser20 latitutde 51.884946883406286 longitude 179.34148813198925
10:16:21.339 [pool-2-thread-1] DEBUG tourGuide.service.RewardsService - Begin Tracker. #3.1.2 Tracking USER internalUser21
10:16:21.339 [Test worker] DEBUG tourGuide.service.RewardsService - Begin Tracker. #3.1.2 Tracking USER internalUser20
10:16:21.339 [pool-2-thread-1] DEBUG tourGuide.service.RewardsService - Begin Tracker. #3.1.1 Tracking USER internalUser21 latitutde -71.08102028003098 longitude 147.93056359338328
10:16:21.339 [Test worker] DEBUG tourGuide.service.RewardsService - Begin Tracker. #3.1.1 Tracking USER internalUser20 latitutde -48.11392703785001 longitude -58.62959327557866
10:16:21.339 [Test worker] DEBUG tourGuide.service.RewardsService - Begin Tracker. #3.1.2 Tracking USER internalUser20
10:16:21.339 [Test worker] DEBUG tourGuide.service.RewardsService - Begin Tracker. #3.1.1 Tracking USER internalUser20 latitutde 29.515026507370322 longitude -81.88384874876145
10:16:21.339 [pool-2-thread-1] DEBUG tourGuide.service.RewardsService - Begin Tracker. #3.1.2 Tracking USER internalUser21
10:16:21.339 [pool-2-thread-1] DEBUG tourGuide.service.RewardsService - Begin Tracker. #3.1.1 Tracking USER internalUser21 latitutde 4.0203274317903634 longitude -52.02782055505722
10:16:21.339 [pool-2-thread-1] DEBUG tourGuide.service.RewardsService - Begin Tracker. #3.1.2 Tracking USER internalUser21
10:16:21.339 [pool-2-thread-1] DEBUG tourGuide.service.RewardsService - Begin Tracker. #3.1.1 Tracking USER internalUser21 latitutde 33.817595 longitude -117.922008
10:16:21.339 [Test worker] DEBUG tourGuide.service.RewardsService - Begin Tracker. #3.1.2 Tracking USER internalUser20
10:16:21.339 [pool-2-thread-1] DEBUG tourGuide.service.RewardsService - Begin Tracker. #3.1.2 Tracking USER internalUser21
10:16:21.339 [pool-2-thread-1] DEBUG tourGuide.service.RewardsService - Begin Tracker. #3.1.1 Tracking USER internalUser21 latitutde -2.582437 longitude 22.667601
10:16:21.339 [pool-2-thread-1] DEBUG tourGuide.service.RewardsService - Begin Tracker. #3.1.2 Tracking USER internalUser21
10:16:21.339 [pool-2-thread-1] DEBUG tourGuide.service.RewardsService - Begin Tracker. #3.2 Tracking USER internalUser21
10:16:21.339 [pool-2-thread-1] DEBUG tourGuide.service.TourGuideService - Begin Tracker. #4 Tracking USER internalUser21
10:16:21.339 [Test worker] DEBUG tourGuide.service.RewardsService - Begin Tracker. #3.1.1 Tracking USER internalUser20 latitutde 33.817595 longitude -117.922008
10:16:21.375 [pool-2-thread-1] DEBUG tourGuide.service.TourGuideService - Begin Tracker. #1 Tracking USER internalUser20
10:16:21.375 [Test worker] DEBUG tourGuide.service.RewardsService - Begin Tracker. #3.1.2 Tracking USER internalUser20
10:16:21.375 [Test worker] DEBUG tourGuide.service.RewardsService - Begin Tracker. #3.2 Tracking USER internalUser20
10:16:21.375 [pool-2-thread-1] DEBUG tourGuide.service.TourGuideService - Begin Tracker. #2 Tracking USER internalUser20 latitutde 42.39102 longitude -96.972125
10:16:21.391 [Test worker] DEBUG tourGuide.service.RewardsService - Begin Tracker. #3.1.0 Tracking USER internalUser38
10:16:21.391 [pool-2-thread-1] DEBUG tourGuide.service.RewardsService - Begin Tracker. #3.1.0 Tracking USER internalUser20
10:16:21.391 [Test worker] DEBUG tourGuide.service.RewardsService - Begin Tracker. #3.1.1 Tracking USER internalUser38 latitutde 79.3752095506137 longitude -45.35679064467365
10:16:21.391 [pool-2-thread-1] DEBUG tourGuide.service.RewardsService - Begin Tracker. #3.1.1 Tracking USER internalUser20 latitutde 51.884946883406286 longitude 179.34148813198925
10:16:21.391 [Test worker] DEBUG tourGuide.service.RewardsService - Begin Tracker. #3.1.2 Tracking USER internalUser38
10:16:21.391 [pool-2-thread-1] DEBUG tourGuide.service.RewardsService - Begin Tracker. #3.1.2 Tracking USER internalUser20
10:16:21.391 [Test worker] DEBUG tourGuide.service.RewardsService - Begin Tracker. #3.1.1 Tracking USER internalUser38 latitutde -46.939935852079145 longitude 8.828237509064252
10:16:21.391 [pool-2-thread-1] DEBUG tourGuide.service.RewardsService - Begin Tracker. #3.1.1 Tracking USER internalUser20 latitutde -48.11392703785001 longitude -58.62959327557866
10:16:21.391 [pool-2-thread-1] DEBUG tourGuide.service.RewardsService - Begin Tracker. #3.1.2 Tracking USER internalUser20
10:16:21.391 [pool-2-thread-1] DEBUG tourGuide.service.RewardsService - Begin Tracker. #3.1.1 Tracking USER internalUser20 latitutde 29.515026507370322 longitude -81.88384874876145
10:16:21.391 [Test worker] DEBUG tourGuide.service.RewardsService - Begin Tracker. #3.1.2 Tracking USER internalUser38
10:16:21.391 [pool-2-thread-1] DEBUG tourGuide.service.RewardsService - Begin Tracker. #3.1.2 Tracking USER internalUser20
10:16:21.391 [pool-2-thread-1] DEBUG tourGuide.service.RewardsService - Begin Tracker. #3.1.1 Tracking USER internalUser20 latitutde 33.817595 longitude -117.922008
10:16:21.391 [pool-2-thread-1] DEBUG tourGuide.service.RewardsService - Begin Tracker. #3.1.2 Tracking USER internalUser20
10:16:21.391 [pool-2-thread-1] DEBUG tourGuide.service.RewardsService - Begin Tracker. #3.1.1 Tracking USER internalUser20 latitutde 42.39102 longitude -96.972125
10:16:21.391 [pool-2-thread-1] DEBUG tourGuide.service.RewardsService - Begin Tracker. #3.1.2 Tracking USER internalUser20
10:16:21.391 [pool-2-thread-1] DEBUG tourGuide.service.RewardsService - Begin Tracker. #3.2 Tracking USER internalUser20
10:16:21.391 [pool-2-thread-1] DEBUG tourGuide.service.TourGuideService - Begin Tracker. #4 Tracking USER internalUser20
10:16:21.391 [Test worker] DEBUG tourGuide.service.RewardsService - Begin Tracker. #3.1.1 Tracking USER internalUser38 latitutde -27.67441439703856 longitude 51.27830761443485
10:16:21.392 [Test worker] DEBUG tourGuide.service.RewardsService - Begin Tracker. #3.1.2 Tracking USER internalUser38
10:16:21.392 [Test worker] DEBUG tourGuide.service.RewardsService - Begin Tracker. #3.1.1 Tracking USER internalUser38 latitutde 33.817595 longitude -117.922008
10:16:21.411 [Test worker] DEBUG tourGuide.service.RewardsService - Begin Tracker. #3.1.2 Tracking USER internalUser38
10:16:21.411 [Test worker] DEBUG tourGuide.service.RewardsService - Begin Tracker. #3.2 Tracking USER internalUser38
10:16:21.422 [Test worker] DEBUG tourGuide.service.RewardsService - Begin Tracker. #3.1.0 Tracking USER internalUser37
10:16:21.422 [Test worker] DEBUG tourGuide.service.RewardsService - Begin Tracker. #3.1.1 Tracking USER internalUser37 latitutde 19.246917805311696 longitude 9.673841007720682
10:16:21.422 [Test worker] DEBUG tourGuide.service.RewardsService - Begin Tracker. #3.1.2 Tracking USER internalUser37
10:16:21.422 [Test worker] DEBUG tourGuide.service.RewardsService - Begin Tracker. #3.1.1 Tracking USER internalUser37 latitutde 64.7501104428984 longitude 45.506314169136175
10:16:21.422 [Test worker] DEBUG tourGuide.service.RewardsService - Begin Tracker. #3.1.2 Tracking USER internalUser37
10:16:21.422 [Test worker] DEBUG tourGuide.service.RewardsService - Begin Tracker. #3.1.1 Tracking USER internalUser37 latitutde -0.4062220611058933 longitude 106.78964046065221
10:16:21.422 [Test worker] DEBUG tourGuide.service.RewardsService - Begin Tracker. #3.1.2 Tracking USER internalUser37
10:16:21.422 [Test worker] DEBUG tourGuide.service.RewardsService - Begin Tracker. #3.1.1 Tracking USER internalUser37 latitutde 33.817595 longitude -117.922008
10:16:21.432 [pool-2-thread-1] DEBUG tourGuide.service.TourGuideService - Begin Tracker. #1 Tracking USER internalUser38
10:16:21.432 [pool-2-thread-1] DEBUG tourGuide.service.TourGuideService - Begin Tracker. #2 Tracking USER internalUser38 latitutde -2.852224 longitude -146.859838
10:16:21.443 [pool-2-thread-1] DEBUG tourGuide.service.RewardsService - Begin Tracker. #3.1.0 Tracking USER internalUser38
10:16:21.443 [pool-2-thread-1] DEBUG tourGuide.service.RewardsService - Begin Tracker. #3.1.1 Tracking USER internalUser38 latitutde 79.3752095506137 longitude -45.35679064467365
10:16:21.443 [pool-2-thread-1] DEBUG tourGuide.service.RewardsService - Begin Tracker. #3.1.2 Tracking USER internalUser38
10:16:21.443 [pool-2-thread-1] DEBUG tourGuide.service.RewardsService - Begin Tracker. #3.1.1 Tracking USER internalUser38 latitutde -46.939935852079145 longitude 8.828237509064252
10:16:21.443 [pool-2-thread-1] DEBUG tourGuide.service.RewardsService - Begin Tracker. #3.1.2 Tracking USER internalUser38
10:16:21.443 [pool-2-thread-1] DEBUG tourGuide.service.RewardsService - Begin Tracker. #3.1.1 Tracking USER internalUser38 latitutde -27.67441439703856 longitude 51.27830761443485
10:16:21.443 [pool-2-thread-1] DEBUG tourGuide.service.RewardsService - Begin Tracker. #3.1.2 Tracking USER internalUser38
10:16:21.443 [pool-2-thread-1] DEBUG tourGuide.service.RewardsService - Begin Tracker. #3.1.1 Tracking USER internalUser38 latitutde 33.817595 longitude -117.922008
10:16:21.444 [pool-2-thread-1] DEBUG tourGuide.service.RewardsService - Begin Tracker. #3.1.2 Tracking USER internalUser38
10:16:21.444 [pool-2-thread-1] DEBUG tourGuide.service.RewardsService - Begin Tracker. #3.1.1 Tracking USER internalUser38 latitutde -2.852224 longitude -146.859838
10:16:21.444 [pool-2-thread-1] DEBUG tourGuide.service.RewardsService - Begin Tracker. #3.1.2 Tracking USER internalUser38
10:16:21.444 [pool-2-thread-1] DEBUG tourGuide.service.RewardsService - Begin Tracker. #3.2 Tracking USER internalUser38
10:16:21.444 [pool-2-thread-1] DEBUG tourGuide.service.TourGuideService - Begin Tracker. #4 Tracking USER internalUser38
10:16:21.511 [pool-2-thread-1] DEBUG tourGuide.service.TourGuideService - Begin Tracker. #1 Tracking USER internalUser37
10:16:22.317 [Test worker] DEBUG tourGuide.service.RewardsService - Begin Tracker. #3.1.2 Tracking USER internalUser37
10:16:22.317 [pool-2-thread-1] DEBUG tourGuide.service.TourGuideService - Begin Tracker. #2 Tracking USER internalUser37 latitutde 10.602626 longitude -170.277656
10:16:22.317 [Test worker] DEBUG tourGuide.service.RewardsService - Begin Tracker. #3.2 Tracking USER internalUser37
10:16:22.329 [pool-2-thread-1] DEBUG tourGuide.service.RewardsService - Begin Tracker. #3.1.0 Tracking USER internalUser37
10:16:22.329 [pool-2-thread-1] DEBUG tourGuide.service.RewardsService - Begin Tracker. #3.1.1 Tracking USER internalUser37 latitutde 19.246917805311696 longitude 9.673841007720682
10:16:22.329 [pool-2-thread-1] DEBUG tourGuide.service.RewardsService - Begin Tracker. #3.1.2 Tracking USER internalUser37
10:16:22.329 [pool-2-thread-1] DEBUG tourGuide.service.RewardsService - Begin Tracker. #3.1.1 Tracking USER internalUser37 latitutde 64.7501104428984 longitude 45.506314169136175
10:16:22.329 [pool-2-thread-1] DEBUG tourGuide.service.RewardsService - Begin Tracker. #3.1.2 Tracking USER internalUser37
10:16:22.329 [pool-2-thread-1] DEBUG tourGuide.service.RewardsService - Begin Tracker. #3.1.1 Tracking USER internalUser37 latitutde -0.4062220611058933 longitude 106.78964046065221
10:16:22.329 [pool-2-thread-1] DEBUG tourGuide.service.RewardsService - Begin Tracker. #3.1.2 Tracking USER internalUser37
10:16:22.329 [pool-2-thread-1] DEBUG tourGuide.service.RewardsService - Begin Tracker. #3.1.1 Tracking USER internalUser37 latitutde 33.817595 longitude -117.922008
10:16:22.329 [pool-2-thread-1] DEBUG tourGuide.service.RewardsService - Begin Tracker. #3.1.2 Tracking USER internalUser37
10:16:22.329 [pool-2-thread-1] DEBUG tourGuide.service.RewardsService - Begin Tracker. #3.1.1 Tracking USER internalUser37 latitutde 10.602626 longitude -170.277656
10:16:22.329 [pool-2-thread-1] DEBUG tourGuide.service.RewardsService - Begin Tracker. #3.1.2 Tracking USER internalUser37
10:16:22.329 [pool-2-thread-1] DEBUG tourGuide.service.RewardsService - Begin Tracker. #3.2 Tracking USER internalUser37
10:16:22.329 [pool-2-thread-1] DEBUG tourGuide.service.TourGuideService - Begin Tracker. #4 Tracking USER internalUser37
10:16:22.329 [Test worker] DEBUG tourGuide.service.RewardsService - Begin Tracker. #3.1.0 Tracking USER internalUser39
10:16:22.329 [Test worker] DEBUG tourGuide.service.RewardsService - Begin Tracker. #3.1.1 Tracking USER internalUser39 latitutde -40.62785316639577 longitude -124.28914676294401
10:16:22.329 [Test worker] DEBUG tourGuide.service.RewardsService - Begin Tracker. #3.1.2 Tracking USER internalUser39
10:16:22.330 [Test worker] DEBUG tourGuide.service.RewardsService - Begin Tracker. #3.1.1 Tracking USER internalUser39 latitutde 77.61557426777767 longitude -179.6628776404731
10:16:22.330 [Test worker] DEBUG tourGuide.service.RewardsService - Begin Tracker. #3.1.2 Tracking USER internalUser39
10:16:22.330 [Test worker] DEBUG tourGuide.service.RewardsService - Begin Tracker. #3.1.1 Tracking USER internalUser39 latitutde -70.82535098147741 longitude -52.136786451060416
10:16:22.330 [Test worker] DEBUG tourGuide.service.RewardsService - Begin Tracker. #3.1.2 Tracking USER internalUser39
10:16:22.330 [Test worker] DEBUG tourGuide.service.RewardsService - Begin Tracker. #3.1.1 Tracking USER internalUser39 latitutde 33.817595 longitude -117.922008
10:16:22.391 [pool-2-thread-1] DEBUG tourGuide.service.TourGuideService - Begin Tracker. #1 Tracking USER internalUser39
10:16:22.972 [Test worker] DEBUG tourGuide.service.RewardsService - Begin Tracker. #3.1.2 Tracking USER internalUser39
10:16:22.972 [Test worker] DEBUG tourGuide.service.RewardsService - Begin Tracker. #3.2 Tracking USER internalUser39
10:16:22.972 [pool-2-thread-1] DEBUG tourGuide.service.TourGuideService - Begin Tracker. #2 Tracking USER internalUser39 latitutde 26.373317 longitude 177.28053
10:16:22.987 [pool-2-thread-1] DEBUG tourGuide.service.RewardsService - Begin Tracker. #3.1.0 Tracking USER internalUser39
10:16:22.987 [pool-2-thread-1] DEBUG tourGuide.service.RewardsService - Begin Tracker. #3.1.1 Tracking USER internalUser39 latitutde -40.62785316639577 longitude -124.28914676294401
10:16:22.987 [Test worker] DEBUG tourGuide.service.RewardsService - Begin Tracker. #3.1.0 Tracking USER internalUser34
10:16:22.987 [pool-2-thread-1] DEBUG tourGuide.service.RewardsService - Begin Tracker. #3.1.2 Tracking USER internalUser39
10:16:22.987 [pool-2-thread-1] DEBUG tourGuide.service.RewardsService - Begin Tracker. #3.1.1 Tracking USER internalUser39 latitutde 77.61557426777767 longitude -179.6628776404731
10:16:22.987 [Test worker] DEBUG tourGuide.service.RewardsService - Begin Tracker. #3.1.1 Tracking USER internalUser34 latitutde -81.21451452473039 longitude -2.974072205433174
10:16:22.987 [pool-2-thread-1] DEBUG tourGuide.service.RewardsService - Begin Tracker. #3.1.2 Tracking USER internalUser39
10:16:22.987 [pool-2-thread-1] DEBUG tourGuide.service.RewardsService - Begin Tracker. #3.1.1 Tracking USER internalUser39 latitutde -70.82535098147741 longitude -52.136786451060416
10:16:22.987 [pool-2-thread-1] DEBUG tourGuide.service.RewardsService - Begin Tracker. #3.1.2 Tracking USER internalUser39
10:16:22.987 [pool-2-thread-1] DEBUG tourGuide.service.RewardsService - Begin Tracker. #3.1.1 Tracking USER internalUser39 latitutde 33.817595 longitude -117.922008
10:16:22.987 [pool-2-thread-1] DEBUG tourGuide.service.RewardsService - Begin Tracker. #3.1.2 Tracking USER internalUser39
10:16:22.987 [pool-2-thread-1] DEBUG tourGuide.service.RewardsService - Begin Tracker. #3.1.1 Tracking USER internalUser39 latitutde 26.373317 longitude 177.28053
10:16:22.987 [pool-2-thread-1] DEBUG tourGuide.service.RewardsService - Begin Tracker. #3.1.2 Tracking USER internalUser39
10:16:22.987 [pool-2-thread-1] DEBUG tourGuide.service.RewardsService - Begin Tracker. #3.2 Tracking USER internalUser39
10:16:22.987 [pool-2-thread-1] DEBUG tourGuide.service.TourGuideService - Begin Tracker. #4 Tracking USER internalUser39
10:16:22.987 [Test worker] DEBUG tourGuide.service.RewardsService - Begin Tracker. #3.1.2 Tracking USER internalUser34
10:16:22.988 [Test worker] DEBUG tourGuide.service.RewardsService - Begin Tracker. #3.1.1 Tracking USER internalUser34 latitutde 53.781506131970644 longitude -158.67620153104332
10:16:22.988 [Test worker] DEBUG tourGuide.service.RewardsService - Begin Tracker. #3.1.2 Tracking USER internalUser34
10:16:22.988 [Test worker] DEBUG tourGuide.service.RewardsService - Begin Tracker. #3.1.1 Tracking USER internalUser34 latitutde -19.115787174126964 longitude 26.735988926365764
10:16:22.988 [Test worker] DEBUG tourGuide.service.RewardsService - Begin Tracker. #3.1.2 Tracking USER internalUser34
10:16:22.988 [Test worker] DEBUG tourGuide.service.RewardsService - Begin Tracker. #3.1.1 Tracking USER internalUser34 latitutde 33.817595 longitude -117.922008
10:16:23.075 [pool-2-thread-1] DEBUG tourGuide.service.TourGuideService - Begin Tracker. #1 Tracking USER internalUser34
10:16:23.240 [Test worker] DEBUG tourGuide.service.RewardsService - Begin Tracker. #3.1.2 Tracking USER internalUser34
10:16:23.240 [Test worker] DEBUG tourGuide.service.RewardsService - Begin Tracker. #3.2 Tracking USER internalUser34
10:16:23.240 [pool-2-thread-1] DEBUG tourGuide.service.TourGuideService - Begin Tracker. #2 Tracking USER internalUser34 latitutde -15.357654 longitude -108.764971
10:16:23.255 [pool-2-thread-1] DEBUG tourGuide.service.RewardsService - Begin Tracker. #3.1.0 Tracking USER internalUser34
10:16:23.255 [Test worker] DEBUG tourGuide.service.RewardsService - Begin Tracker. #3.1.0 Tracking USER internalUser33
10:16:23.255 [pool-2-thread-1] DEBUG tourGuide.service.RewardsService - Begin Tracker. #3.1.1 Tracking USER internalUser34 latitutde -81.21451452473039 longitude -2.974072205433174
10:16:23.255 [Test worker] DEBUG tourGuide.service.RewardsService - Begin Tracker. #3.1.1 Tracking USER internalUser33 latitutde 19.346449107464224 longitude 14.92350569428612
10:16:23.255 [Test worker] DEBUG tourGuide.service.RewardsService - Begin Tracker. #3.1.2 Tracking USER internalUser33
10:16:23.255 [Test worker] DEBUG tourGuide.service.RewardsService - Begin Tracker. #3.1.1 Tracking USER internalUser33 latitutde -77.28314602494797 longitude 51.68670264352713
10:16:23.255 [pool-2-thread-1] DEBUG tourGuide.service.RewardsService - Begin Tracker. #3.1.2 Tracking USER internalUser34
10:16:23.255 [pool-2-thread-1] DEBUG tourGuide.service.RewardsService - Begin Tracker. #3.1.1 Tracking USER internalUser34 latitutde 53.781506131970644 longitude -158.67620153104332
10:16:23.255 [Test worker] DEBUG tourGuide.service.RewardsService - Begin Tracker. #3.1.2 Tracking USER internalUser33
10:16:23.255 [Test worker] DEBUG tourGuide.service.RewardsService - Begin Tracker. #3.1.1 Tracking USER internalUser33 latitutde -47.035548259806475 longitude 128.34732124334988
10:16:23.255 [pool-2-thread-1] DEBUG tourGuide.service.RewardsService - Begin Tracker. #3.1.2 Tracking USER internalUser34
10:16:23.255 [pool-2-thread-1] DEBUG tourGuide.service.RewardsService - Begin Tracker. #3.1.1 Tracking USER internalUser34 latitutde -19.115787174126964 longitude 26.735988926365764
10:16:23.255 [pool-2-thread-1] DEBUG tourGuide.service.RewardsService - Begin Tracker. #3.1.2 Tracking USER internalUser34
10:16:23.255 [pool-2-thread-1] DEBUG tourGuide.service.RewardsService - Begin Tracker. #3.1.1 Tracking USER internalUser34 latitutde 33.817595 longitude -117.922008
10:16:23.255 [pool-2-thread-1] DEBUG tourGuide.service.RewardsService - Begin Tracker. #3.1.2 Tracking USER internalUser34
10:16:23.255 [pool-2-thread-1] DEBUG tourGuide.service.RewardsService - Begin Tracker. #3.1.1 Tracking USER internalUser34 latitutde -15.357654 longitude -108.764971
10:16:23.255 [Test worker] DEBUG tourGuide.service.RewardsService - Begin Tracker. #3.1.2 Tracking USER internalUser33
10:16:23.255 [pool-2-thread-1] DEBUG tourGuide.service.RewardsService - Begin Tracker. #3.1.2 Tracking USER internalUser34
10:16:23.255 [pool-2-thread-1] DEBUG tourGuide.service.RewardsService - Begin Tracker. #3.2 Tracking USER internalUser34
10:16:23.255 [pool-2-thread-1] DEBUG tourGuide.service.TourGuideService - Begin Tracker. #4 Tracking USER internalUser34
10:16:23.255 [Test worker] DEBUG tourGuide.service.RewardsService - Begin Tracker. #3.1.1 Tracking USER internalUser33 latitutde 33.817595 longitude -117.922008
10:16:23.339 [pool-2-thread-1] DEBUG tourGuide.service.TourGuideService - Begin Tracker. #1 Tracking USER internalUser33
10:16:23.692 [Test worker] DEBUG tourGuide.service.RewardsService - Begin Tracker. #3.1.2 Tracking USER internalUser33
10:16:23.692 [Test worker] DEBUG tourGuide.service.RewardsService - Begin Tracker. #3.2 Tracking USER internalUser33
10:16:23.692 [pool-2-thread-1] DEBUG tourGuide.service.TourGuideService - Begin Tracker. #2 Tracking USER internalUser33 latitutde -10.162727 longitude -126.488957
10:16:23.708 [Test worker] DEBUG tourGuide.service.RewardsService - Begin Tracker. #3.1.0 Tracking USER internalUser36
10:16:23.708 [Test worker] DEBUG tourGuide.service.RewardsService - Begin Tracker. #3.1.1 Tracking USER internalUser36 latitutde 72.79802702192086 longitude 29.327971850174208
10:16:23.708 [pool-2-thread-1] DEBUG tourGuide.service.RewardsService - Begin Tracker. #3.1.0 Tracking USER internalUser33
10:16:23.708 [pool-2-thread-1] DEBUG tourGuide.service.RewardsService - Begin Tracker. #3.1.1 Tracking USER internalUser33 latitutde 19.346449107464224 longitude 14.92350569428612
10:16:23.708 [Test worker] DEBUG tourGuide.service.RewardsService - Begin Tracker. #3.1.2 Tracking USER internalUser36
10:16:23.708 [pool-2-thread-1] DEBUG tourGuide.service.RewardsService - Begin Tracker. #3.1.2 Tracking USER internalUser33
10:16:23.708 [pool-2-thread-1] DEBUG tourGuide.service.RewardsService - Begin Tracker. #3.1.1 Tracking USER internalUser33 latitutde -77.28314602494797 longitude 51.68670264352713
10:16:23.708 [pool-2-thread-1] DEBUG tourGuide.service.RewardsService - Begin Tracker. #3.1.2 Tracking USER internalUser33
10:16:23.708 [pool-2-thread-1] DEBUG tourGuide.service.RewardsService - Begin Tracker. #3.1.1 Tracking USER internalUser33 latitutde -47.035548259806475 longitude 128.34732124334988
10:16:23.708 [pool-2-thread-1] DEBUG tourGuide.service.RewardsService - Begin Tracker. #3.1.2 Tracking USER internalUser33
10:16:23.708 [pool-2-thread-1] DEBUG tourGuide.service.RewardsService - Begin Tracker. #3.1.1 Tracking USER internalUser33 latitutde 33.817595 longitude -117.922008
10:16:23.708 [pool-2-thread-1] DEBUG tourGuide.service.RewardsService - Begin Tracker. #3.1.2 Tracking USER internalUser33
10:16:23.708 [pool-2-thread-1] DEBUG tourGuide.service.RewardsService - Begin Tracker. #3.1.1 Tracking USER internalUser33 latitutde -10.162727 longitude -126.488957
10:16:23.708 [pool-2-thread-1] DEBUG tourGuide.service.RewardsService - Begin Tracker. #3.1.2 Tracking USER internalUser33
10:16:23.708 [pool-2-thread-1] DEBUG tourGuide.service.RewardsService - Begin Tracker. #3.2 Tracking USER internalUser33
10:16:23.708 [pool-2-thread-1] DEBUG tourGuide.service.TourGuideService - Begin Tracker. #4 Tracking USER internalUser33
10:16:23.708 [Test worker] DEBUG tourGuide.service.RewardsService - Begin Tracker. #3.1.1 Tracking USER internalUser36 latitutde -52.773420623848395 longitude -22.4073976239373
10:16:23.708 [Test worker] DEBUG tourGuide.service.RewardsService - Begin Tracker. #3.1.2 Tracking USER internalUser36
10:16:23.708 [Test worker] DEBUG tourGuide.service.RewardsService - Begin Tracker. #3.1.1 Tracking USER internalUser36 latitutde 33.9333167180766 longitude 62.70337473459395
10:16:23.708 [Test worker] DEBUG tourGuide.service.RewardsService - Begin Tracker. #3.1.2 Tracking USER internalUser36
10:16:23.708 [Test worker] DEBUG tourGuide.service.RewardsService - Begin Tracker. #3.1.1 Tracking USER internalUser36 latitutde 33.817595 longitude -117.922008
10:16:23.746 [pool-2-thread-1] DEBUG tourGuide.service.TourGuideService - Begin Tracker. #1 Tracking USER internalUser36
10:16:24.277 [Test worker] DEBUG tourGuide.service.RewardsService - Begin Tracker. #3.1.2 Tracking USER internalUser36
10:16:24.277 [Test worker] DEBUG tourGuide.service.RewardsService - Begin Tracker. #3.2 Tracking USER internalUser36
10:16:24.277 [pool-2-thread-1] DEBUG tourGuide.service.TourGuideService - Begin Tracker. #2 Tracking USER internalUser36 latitutde 12.43655 longitude -88.972386
10:16:24.293 [Test worker] DEBUG tourGuide.service.RewardsService - Begin Tracker. #3.1.0 Tracking USER internalUser35
10:16:24.293 [pool-2-thread-1] DEBUG tourGuide.service.RewardsService - Begin Tracker. #3.1.0 Tracking USER internalUser36
10:16:24.293 [pool-2-thread-1] DEBUG tourGuide.service.RewardsService - Begin Tracker. #3.1.1 Tracking USER internalUser36 latitutde 72.79802702192086 longitude 29.327971850174208
10:16:24.293 [pool-2-thread-1] DEBUG tourGuide.service.RewardsService - Begin Tracker. #3.1.2 Tracking USER internalUser36
10:16:24.293 [pool-2-thread-1] DEBUG tourGuide.service.RewardsService - Begin Tracker. #3.1.1 Tracking USER internalUser36 latitutde -52.773420623848395 longitude -22.4073976239373
10:16:24.293 [pool-2-thread-1] DEBUG tourGuide.service.RewardsService - Begin Tracker. #3.1.2 Tracking USER internalUser36
10:16:24.293 [pool-2-thread-1] DEBUG tourGuide.service.RewardsService - Begin Tracker. #3.1.1 Tracking USER internalUser36 latitutde 33.9333167180766 longitude 62.70337473459395
10:16:24.293 [pool-2-thread-1] DEBUG tourGuide.service.RewardsService - Begin Tracker. #3.1.2 Tracking USER internalUser36
10:16:24.293 [pool-2-thread-1] DEBUG tourGuide.service.RewardsService - Begin Tracker. #3.1.1 Tracking USER internalUser36 latitutde 33.817595 longitude -117.922008
10:16:24.293 [pool-2-thread-1] DEBUG tourGuide.service.RewardsService - Begin Tracker. #3.1.2 Tracking USER internalUser36
10:16:24.293 [pool-2-thread-1] DEBUG tourGuide.service.RewardsService - Begin Tracker. #3.1.1 Tracking USER internalUser36 latitutde 12.43655 longitude -88.972386
10:16:24.293 [pool-2-thread-1] DEBUG tourGuide.service.RewardsService - Begin Tracker. #3.1.2 Tracking USER internalUser36
10:16:24.293 [pool-2-thread-1] DEBUG tourGuide.service.RewardsService - Begin Tracker. #3.2 Tracking USER internalUser36
10:16:24.293 [pool-2-thread-1] DEBUG tourGuide.service.TourGuideService - Begin Tracker. #4 Tracking USER internalUser36
10:16:24.293 [Test worker] DEBUG tourGuide.service.RewardsService - Begin Tracker. #3.1.1 Tracking USER internalUser35 latitutde -59.380784832683716 longitude 67.85350610848215
10:16:24.293 [Test worker] DEBUG tourGuide.service.RewardsService - Begin Tracker. #3.1.2 Tracking USER internalUser35
10:16:24.293 [Test worker] DEBUG tourGuide.service.RewardsService - Begin Tracker. #3.1.1 Tracking USER internalUser35 latitutde -13.64263272829811 longitude 166.88169124367244
10:16:24.293 [Test worker] DEBUG tourGuide.service.RewardsService - Begin Tracker. #3.1.2 Tracking USER internalUser35
10:16:24.293 [Test worker] DEBUG tourGuide.service.RewardsService - Begin Tracker. #3.1.1 Tracking USER internalUser35 latitutde 23.067939118789525 longitude -95.32305485480848
10:16:24.293 [Test worker] DEBUG tourGuide.service.RewardsService - Begin Tracker. #3.1.2 Tracking USER internalUser35
10:16:24.293 [Test worker] DEBUG tourGuide.service.RewardsService - Begin Tracker. #3.1.1 Tracking USER internalUser35 latitutde 33.817595 longitude -117.922008
10:16:24.375 [pool-2-thread-1] DEBUG tourGuide.service.TourGuideService - Begin Tracker. #1 Tracking USER internalUser35
10:16:24.515 [Test worker] DEBUG tourGuide.service.RewardsService - Begin Tracker. #3.1.2 Tracking USER internalUser35
10:16:24.515 [Test worker] DEBUG tourGuide.service.RewardsService - Begin Tracker. #3.2 Tracking USER internalUser35
10:16:24.515 [pool-2-thread-1] DEBUG tourGuide.service.TourGuideService - Begin Tracker. #2 Tracking USER internalUser35 latitutde -28.955316 longitude 167.590021
10:16:24.531 [pool-2-thread-1] DEBUG tourGuide.service.RewardsService - Begin Tracker. #3.1.0 Tracking USER internalUser35
10:16:24.531 [pool-2-thread-1] DEBUG tourGuide.service.RewardsService - Begin Tracker. #3.1.1 Tracking USER internalUser35 latitutde -59.380784832683716 longitude 67.85350610848215
10:16:24.531 [pool-2-thread-1] DEBUG tourGuide.service.RewardsService - Begin Tracker. #3.1.2 Tracking USER internalUser35
10:16:24.531 [pool-2-thread-1] DEBUG tourGuide.service.RewardsService - Begin Tracker. #3.1.1 Tracking USER internalUser35 latitutde -13.64263272829811 longitude 166.88169124367244
10:16:24.531 [pool-2-thread-1] DEBUG tourGuide.service.RewardsService - Begin Tracker. #3.1.2 Tracking USER internalUser35
10:16:24.531 [pool-2-thread-1] DEBUG tourGuide.service.RewardsService - Begin Tracker. #3.1.1 Tracking USER internalUser35 latitutde 23.067939118789525 longitude -95.32305485480848
10:16:24.531 [pool-2-thread-1] DEBUG tourGuide.service.RewardsService - Begin Tracker. #3.1.2 Tracking USER internalUser35
10:16:24.531 [pool-2-thread-1] DEBUG tourGuide.service.RewardsService - Begin Tracker. #3.1.1 Tracking USER internalUser35 latitutde 33.817595 longitude -117.922008
10:16:24.531 [pool-2-thread-1] DEBUG tourGuide.service.RewardsService - Begin Tracker. #3.1.2 Tracking USER internalUser35
10:16:24.531 [pool-2-thread-1] DEBUG tourGuide.service.RewardsService - Begin Tracker. #3.1.1 Tracking USER internalUser35 latitutde -28.955316 longitude 167.590021
10:16:24.531 [pool-2-thread-1] DEBUG tourGuide.service.RewardsService - Begin Tracker. #3.1.2 Tracking USER internalUser35
10:16:24.531 [pool-2-thread-1] DEBUG tourGuide.service.RewardsService - Begin Tracker. #3.2 Tracking USER internalUser35
10:16:24.531 [pool-2-thread-1] DEBUG tourGuide.service.TourGuideService - Begin Tracker. #4 Tracking USER internalUser35
10:16:24.534 [Test worker] DEBUG tourGuide.service.RewardsService - Begin Tracker. #3.1.0 Tracking USER internalUser30
10:16:24.535 [Test worker] DEBUG tourGuide.service.RewardsService - Begin Tracker. #3.1.1 Tracking USER internalUser30 latitutde 77.73053267637465 longitude -11.46288937058901
10:16:24.536 [Test worker] DEBUG tourGuide.service.RewardsService - Begin Tracker. #3.1.2 Tracking USER internalUser30
10:16:24.536 [Test worker] DEBUG tourGuide.service.RewardsService - Begin Tracker. #3.1.1 Tracking USER internalUser30 latitutde 78.96562624711805 longitude 29.00946942721083
10:16:24.536 [Test worker] DEBUG tourGuide.service.RewardsService - Begin Tracker. #3.1.2 Tracking USER internalUser30
10:16:24.536 [Test worker] DEBUG tourGuide.service.RewardsService - Begin Tracker. #3.1.1 Tracking USER internalUser30 latitutde 84.5296873557055 longitude -19.40610271625141
10:16:24.536 [Test worker] DEBUG tourGuide.service.RewardsService - Begin Tracker. #3.1.2 Tracking USER internalUser30
10:16:24.536 [Test worker] DEBUG tourGuide.service.RewardsService - Begin Tracker. #3.1.1 Tracking USER internalUser30 latitutde 33.817595 longitude -117.922008
10:16:24.564 [pool-2-thread-1] DEBUG tourGuide.service.TourGuideService - Begin Tracker. #1 Tracking USER internalUser30
10:16:25.235 [Test worker] DEBUG tourGuide.service.RewardsService - Begin Tracker. #3.1.2 Tracking USER internalUser30
10:16:25.235 [Test worker] DEBUG tourGuide.service.RewardsService - Begin Tracker. #3.2 Tracking USER internalUser30
10:16:25.235 [pool-2-thread-1] DEBUG tourGuide.service.TourGuideService - Begin Tracker. #2 Tracking USER internalUser30 latitutde -77.657034 longitude -178.724181
10:16:25.251 [pool-2-thread-1] DEBUG tourGuide.service.RewardsService - Begin Tracker. #3.1.0 Tracking USER internalUser30
10:16:25.251 [Test worker] DEBUG tourGuide.service.RewardsService - Begin Tracker. #3.1.0 Tracking USER internalUser32
10:16:25.251 [pool-2-thread-1] DEBUG tourGuide.service.RewardsService - Begin Tracker. #3.1.1 Tracking USER internalUser30 latitutde 77.73053267637465 longitude -11.46288937058901
10:16:25.251 [Test worker] DEBUG tourGuide.service.RewardsService - Begin Tracker. #3.1.1 Tracking USER internalUser32 latitutde -43.99098488173928 longitude 148.6838903067149
10:16:25.251 [pool-2-thread-1] DEBUG tourGuide.service.RewardsService - Begin Tracker. #3.1.2 Tracking USER internalUser30
10:16:25.251 [Test worker] DEBUG tourGuide.service.RewardsService - Begin Tracker. #3.1.2 Tracking USER internalUser32
10:16:25.251 [Test worker] DEBUG tourGuide.service.RewardsService - Begin Tracker. #3.1.1 Tracking USER internalUser32 latitutde 34.110345999188326 longitude 97.02078495255091
10:16:25.251 [Test worker] DEBUG tourGuide.service.RewardsService - Begin Tracker. #3.1.2 Tracking USER internalUser32
10:16:25.251 [Test worker] DEBUG tourGuide.service.RewardsService - Begin Tracker. #3.1.1 Tracking USER internalUser32 latitutde -25.693845833922936 longitude -67.32636680097693
10:16:25.251 [pool-2-thread-1] DEBUG tourGuide.service.RewardsService - Begin Tracker. #3.1.1 Tracking USER internalUser30 latitutde 78.96562624711805 longitude 29.00946942721083
10:16:25.251 [Test worker] DEBUG tourGuide.service.RewardsService - Begin Tracker. #3.1.2 Tracking USER internalUser32
10:16:25.251 [Test worker] DEBUG tourGuide.service.RewardsService - Begin Tracker. #3.1.1 Tracking USER internalUser32 latitutde 33.817595 longitude -117.922008
10:16:25.251 [pool-2-thread-1] DEBUG tourGuide.service.RewardsService - Begin Tracker. #3.1.2 Tracking USER internalUser30
10:16:25.251 [pool-2-thread-1] DEBUG tourGuide.service.RewardsService - Begin Tracker. #3.1.1 Tracking USER internalUser30 latitutde 84.5296873557055 longitude -19.40610271625141
10:16:25.251 [pool-2-thread-1] DEBUG tourGuide.service.RewardsService - Begin Tracker. #3.1.2 Tracking USER internalUser30
10:16:25.251 [pool-2-thread-1] DEBUG tourGuide.service.RewardsService - Begin Tracker. #3.1.1 Tracking USER internalUser30 latitutde 33.817595 longitude -117.922008
10:16:25.251 [pool-2-thread-1] DEBUG tourGuide.service.RewardsService - Begin Tracker. #3.1.2 Tracking USER internalUser30
10:16:25.251 [pool-2-thread-1] DEBUG tourGuide.service.RewardsService - Begin Tracker. #3.1.1 Tracking USER internalUser30 latitutde -77.657034 longitude -178.724181
10:16:25.251 [pool-2-thread-1] DEBUG tourGuide.service.RewardsService - Begin Tracker. #3.1.2 Tracking USER internalUser30
10:16:25.251 [pool-2-thread-1] DEBUG tourGuide.service.RewardsService - Begin Tracker. #3.2 Tracking USER internalUser30
10:16:25.251 [pool-2-thread-1] DEBUG tourGuide.service.TourGuideService - Begin Tracker. #4 Tracking USER internalUser30
10:16:25.334 [pool-2-thread-1] DEBUG tourGuide.service.TourGuideService - Begin Tracker. #1 Tracking USER internalUser32
10:16:25.589 [Test worker] DEBUG tourGuide.service.RewardsService - Begin Tracker. #3.1.2 Tracking USER internalUser32
10:16:25.589 [Test worker] DEBUG tourGuide.service.RewardsService - Begin Tracker. #3.2 Tracking USER internalUser32
10:16:25.589 [pool-2-thread-1] DEBUG tourGuide.service.TourGuideService - Begin Tracker. #2 Tracking USER internalUser32 latitutde 4.53274 longitude 50.906875
10:16:25.605 [pool-2-thread-1] DEBUG tourGuide.service.RewardsService - Begin Tracker. #3.1.0 Tracking USER internalUser32
10:16:25.605 [Test worker] DEBUG tourGuide.service.RewardsService - Begin Tracker. #3.1.0 Tracking USER internalUser31
10:16:25.605 [pool-2-thread-1] DEBUG tourGuide.service.RewardsService - Begin Tracker. #3.1.1 Tracking USER internalUser32 latitutde -43.99098488173928 longitude 148.6838903067149
10:16:25.605 [Test worker] DEBUG tourGuide.service.RewardsService - Begin Tracker. #3.1.1 Tracking USER internalUser31 latitutde -30.965312565482158 longitude 151.81973723067773
10:16:25.605 [Test worker] DEBUG tourGuide.service.RewardsService - Begin Tracker. #3.1.2 Tracking USER internalUser31
10:16:25.605 [pool-2-thread-1] DEBUG tourGuide.service.RewardsService - Begin Tracker. #3.1.2 Tracking USER internalUser32
10:16:25.605 [Test worker] DEBUG tourGuide.service.RewardsService - Begin Tracker. #3.1.1 Tracking USER internalUser31 latitutde 82.78024141045282 longitude -60.185921459730594
10:16:25.605 [pool-2-thread-1] DEBUG tourGuide.service.RewardsService - Begin Tracker. #3.1.1 Tracking USER internalUser32 latitutde 34.110345999188326 longitude 97.02078495255091
10:16:25.605 [pool-2-thread-1] DEBUG tourGuide.service.RewardsService - Begin Tracker. #3.1.2 Tracking USER internalUser32
10:16:25.605 [Test worker] DEBUG tourGuide.service.RewardsService - Begin Tracker. #3.1.2 Tracking USER internalUser31
10:16:25.605 [pool-2-thread-1] DEBUG tourGuide.service.RewardsService - Begin Tracker. #3.1.1 Tracking USER internalUser32 latitutde -25.693845833922936 longitude -67.32636680097693
10:16:25.605 [Test worker] DEBUG tourGuide.service.RewardsService - Begin Tracker. #3.1.1 Tracking USER internalUser31 latitutde 1.0105204419509306 longitude -121.42953005840555
10:16:25.605 [pool-2-thread-1] DEBUG tourGuide.service.RewardsService - Begin Tracker. #3.1.2 Tracking USER internalUser32
10:16:25.605 [pool-2-thread-1] DEBUG tourGuide.service.RewardsService - Begin Tracker. #3.1.1 Tracking USER internalUser32 latitutde 33.817595 longitude -117.922008
10:16:25.605 [Test worker] DEBUG tourGuide.service.RewardsService - Begin Tracker. #3.1.2 Tracking USER internalUser31
10:16:25.605 [Test worker] DEBUG tourGuide.service.RewardsService - Begin Tracker. #3.1.1 Tracking USER internalUser31 latitutde 33.817595 longitude -117.922008
10:16:25.605 [pool-2-thread-1] DEBUG tourGuide.service.RewardsService - Begin Tracker. #3.1.2 Tracking USER internalUser32
10:16:25.605 [pool-2-thread-1] DEBUG tourGuide.service.RewardsService - Begin Tracker. #3.1.1 Tracking USER internalUser32 latitutde 4.53274 longitude 50.906875
10:16:25.605 [pool-2-thread-1] DEBUG tourGuide.service.RewardsService - Begin Tracker. #3.1.2 Tracking USER internalUser32
10:16:25.605 [pool-2-thread-1] DEBUG tourGuide.service.RewardsService - Begin Tracker. #3.2 Tracking USER internalUser32
10:16:25.605 [pool-2-thread-1] DEBUG tourGuide.service.TourGuideService - Begin Tracker. #4 Tracking USER internalUser32
10:16:25.703 [pool-2-thread-1] DEBUG tourGuide.service.TourGuideService - Begin Tracker. #1 Tracking USER internalUser31
10:16:25.801 [Test worker] DEBUG tourGuide.service.RewardsService - Begin Tracker. #3.1.2 Tracking USER internalUser31
10:16:25.801 [Test worker] DEBUG tourGuide.service.RewardsService - Begin Tracker. #3.2 Tracking USER internalUser31
10:16:25.801 [pool-2-thread-1] DEBUG tourGuide.service.TourGuideService - Begin Tracker. #2 Tracking USER internalUser31 latitutde 60.681015 longitude 164.015039
10:16:25.817 [Test worker] DEBUG tourGuide.service.RewardsService - Begin Tracker. #3.1.0 Tracking USER internalUser49
10:16:25.817 [pool-2-thread-1] DEBUG tourGuide.service.RewardsService - Begin Tracker. #3.1.0 Tracking USER internalUser31
10:16:25.817 [pool-2-thread-1] DEBUG tourGuide.service.RewardsService - Begin Tracker. #3.1.1 Tracking USER internalUser31 latitutde -30.965312565482158 longitude 151.81973723067773
10:16:25.817 [Test worker] DEBUG tourGuide.service.RewardsService - Begin Tracker. #3.1.1 Tracking USER internalUser49 latitutde -30.837059947405713 longitude 41.57345243213385
10:16:25.817 [pool-2-thread-1] DEBUG tourGuide.service.RewardsService - Begin Tracker. #3.1.2 Tracking USER internalUser31
10:16:25.817 [pool-2-thread-1] DEBUG tourGuide.service.RewardsService - Begin Tracker. #3.1.1 Tracking USER internalUser31 latitutde 82.78024141045282 longitude -60.185921459730594
10:16:25.817 [pool-2-thread-1] DEBUG tourGuide.service.RewardsService - Begin Tracker. #3.1.2 Tracking USER internalUser31
10:16:25.817 [pool-2-thread-1] DEBUG tourGuide.service.RewardsService - Begin Tracker. #3.1.1 Tracking USER internalUser31 latitutde 1.0105204419509306 longitude -121.42953005840555
10:16:25.817 [pool-2-thread-1] DEBUG tourGuide.service.RewardsService - Begin Tracker. #3.1.2 Tracking USER internalUser31
10:16:25.817 [pool-2-thread-1] DEBUG tourGuide.service.RewardsService - Begin Tracker. #3.1.1 Tracking USER internalUser31 latitutde 33.817595 longitude -117.922008
10:16:25.817 [pool-2-thread-1] DEBUG tourGuide.service.RewardsService - Begin Tracker. #3.1.2 Tracking USER internalUser31
10:16:25.817 [pool-2-thread-1] DEBUG tourGuide.service.RewardsService - Begin Tracker. #3.1.1 Tracking USER internalUser31 latitutde 60.681015 longitude 164.015039
10:16:25.817 [pool-2-thread-1] DEBUG tourGuide.service.RewardsService - Begin Tracker. #3.1.2 Tracking USER internalUser31
10:16:25.817 [pool-2-thread-1] DEBUG tourGuide.service.RewardsService - Begin Tracker. #3.2 Tracking USER internalUser31
10:16:25.817 [pool-2-thread-1] DEBUG tourGuide.service.TourGuideService - Begin Tracker. #4 Tracking USER internalUser31
10:16:25.817 [Test worker] DEBUG tourGuide.service.RewardsService - Begin Tracker. #3.1.2 Tracking USER internalUser49
10:16:25.817 [Test worker] DEBUG tourGuide.service.RewardsService - Begin Tracker. #3.1.1 Tracking USER internalUser49 latitutde -3.042344077939674 longitude 147.6072462033677
10:16:25.817 [Test worker] DEBUG tourGuide.service.RewardsService - Begin Tracker. #3.1.2 Tracking USER internalUser49
10:16:25.817 [Test worker] DEBUG tourGuide.service.RewardsService - Begin Tracker. #3.1.1 Tracking USER internalUser49 latitutde 51.21339618368077 longitude 42.9591182109493
10:16:25.817 [Test worker] DEBUG tourGuide.service.RewardsService - Begin Tracker. #3.1.2 Tracking USER internalUser49
10:16:25.817 [Test worker] DEBUG tourGuide.service.RewardsService - Begin Tracker. #3.1.1 Tracking USER internalUser49 latitutde 33.817595 longitude -117.922008
10:16:25.862 [pool-2-thread-1] DEBUG tourGuide.service.TourGuideService - Begin Tracker. #1 Tracking USER internalUser49
10:16:26.351 [Test worker] DEBUG tourGuide.service.RewardsService - Begin Tracker. #3.1.2 Tracking USER internalUser49
10:16:26.351 [Test worker] DEBUG tourGuide.service.RewardsService - Begin Tracker. #3.2 Tracking USER internalUser49
10:16:26.351 [pool-2-thread-1] DEBUG tourGuide.service.TourGuideService - Begin Tracker. #2 Tracking USER internalUser49 latitutde 35.45987 longitude 112.846144
10:16:26.370 [pool-2-thread-1] DEBUG tourGuide.service.RewardsService - Begin Tracker. #3.1.0 Tracking USER internalUser49
10:16:26.370 [pool-2-thread-1] DEBUG tourGuide.service.RewardsService - Begin Tracker. #3.1.1 Tracking USER internalUser49 latitutde -30.837059947405713 longitude 41.57345243213385
10:16:26.370 [pool-2-thread-1] DEBUG tourGuide.service.RewardsService - Begin Tracker. #3.1.2 Tracking USER internalUser49
10:16:26.370 [pool-2-thread-1] DEBUG tourGuide.service.RewardsService - Begin Tracker. #3.1.1 Tracking USER internalUser49 latitutde -3.042344077939674 longitude 147.6072462033677
10:16:26.370 [pool-2-thread-1] DEBUG tourGuide.service.RewardsService - Begin Tracker. #3.1.2 Tracking USER internalUser49
10:16:26.370 [Test worker] DEBUG tourGuide.service.RewardsService - Begin Tracker. #3.1.0 Tracking USER internalUser48
10:16:26.370 [pool-2-thread-1] DEBUG tourGuide.service.RewardsService - Begin Tracker. #3.1.1 Tracking USER internalUser49 latitutde 51.21339618368077 longitude 42.9591182109493
10:16:26.370 [Test worker] DEBUG tourGuide.service.RewardsService - Begin Tracker. #3.1.1 Tracking USER internalUser48 latitutde 50.45403533320962 longitude -94.12435202466102
10:16:26.370 [pool-2-thread-1] DEBUG tourGuide.service.RewardsService - Begin Tracker. #3.1.2 Tracking USER internalUser49
10:16:26.370 [pool-2-thread-1] DEBUG tourGuide.service.RewardsService - Begin Tracker. #3.1.1 Tracking USER internalUser49 latitutde 33.817595 longitude -117.922008
10:16:26.370 [pool-2-thread-1] DEBUG tourGuide.service.RewardsService - Begin Tracker. #3.1.2 Tracking USER internalUser49
10:16:26.370 [pool-2-thread-1] DEBUG tourGuide.service.RewardsService - Begin Tracker. #3.1.1 Tracking USER internalUser49 latitutde 35.45987 longitude 112.846144
10:16:26.370 [pool-2-thread-1] DEBUG tourGuide.service.RewardsService - Begin Tracker. #3.1.2 Tracking USER internalUser49
10:16:26.370 [pool-2-thread-1] DEBUG tourGuide.service.RewardsService - Begin Tracker. #3.2 Tracking USER internalUser49
10:16:26.370 [pool-2-thread-1] DEBUG tourGuide.service.TourGuideService - Begin Tracker. #4 Tracking USER internalUser49
10:16:26.370 [Test worker] DEBUG tourGuide.service.RewardsService - Begin Tracker. #3.1.2 Tracking USER internalUser48
10:16:26.370 [Test worker] DEBUG tourGuide.service.RewardsService - Begin Tracker. #3.1.1 Tracking USER internalUser48 latitutde 42.173161853574186 longitude -42.76821601437908
10:16:26.370 [Test worker] DEBUG tourGuide.service.RewardsService - Begin Tracker. #3.1.2 Tracking USER internalUser48
10:16:26.370 [Test worker] DEBUG tourGuide.service.RewardsService - Begin Tracker. #3.1.1 Tracking USER internalUser48 latitutde 23.22004706713186 longitude -115.50446422001433
10:16:26.370 [Test worker] DEBUG tourGuide.service.RewardsService - Begin Tracker. #3.1.2 Tracking USER internalUser48
10:16:26.370 [Test worker] DEBUG tourGuide.service.RewardsService - Begin Tracker. #3.1.1 Tracking USER internalUser48 latitutde 33.817595 longitude -117.922008
10:16:26.418 [pool-2-thread-1] DEBUG tourGuide.service.TourGuideService - Begin Tracker. #1 Tracking USER internalUser48
10:16:26.665 [Test worker] DEBUG tourGuide.service.RewardsService - Begin Tracker. #3.1.2 Tracking USER internalUser48
10:16:26.665 [Test worker] DEBUG tourGuide.service.RewardsService - Begin Tracker. #3.2 Tracking USER internalUser48
10:16:26.665 [pool-2-thread-1] DEBUG tourGuide.service.TourGuideService - Begin Tracker. #2 Tracking USER internalUser48 latitutde -83.108413 longitude -4.22099
10:16:26.681 [pool-2-thread-1] DEBUG tourGuide.service.RewardsService - Begin Tracker. #3.1.0 Tracking USER internalUser48
10:16:26.681 [pool-2-thread-1] DEBUG tourGuide.service.RewardsService - Begin Tracker. #3.1.1 Tracking USER internalUser48 latitutde 50.45403533320962 longitude -94.12435202466102
10:16:26.681 [pool-2-thread-1] DEBUG tourGuide.service.RewardsService - Begin Tracker. #3.1.2 Tracking USER internalUser48
10:16:26.681 [pool-2-thread-1] DEBUG tourGuide.service.RewardsService - Begin Tracker. #3.1.1 Tracking USER internalUser48 latitutde 42.173161853574186 longitude -42.76821601437908
10:16:26.681 [pool-2-thread-1] DEBUG tourGuide.service.RewardsService - Begin Tracker. #3.1.2 Tracking USER internalUser48
10:16:26.681 [pool-2-thread-1] DEBUG tourGuide.service.RewardsService - Begin Tracker. #3.1.1 Tracking USER internalUser48 latitutde 23.22004706713186 longitude -115.50446422001433
10:16:26.681 [pool-2-thread-1] DEBUG tourGuide.service.RewardsService - Begin Tracker. #3.1.2 Tracking USER internalUser48
10:16:26.681 [pool-2-thread-1] DEBUG tourGuide.service.RewardsService - Begin Tracker. #3.1.1 Tracking USER internalUser48 latitutde 33.817595 longitude -117.922008
10:16:26.681 [pool-2-thread-1] DEBUG tourGuide.service.RewardsService - Begin Tracker. #3.1.2 Tracking USER internalUser48
10:16:26.681 [pool-2-thread-1] DEBUG tourGuide.service.RewardsService - Begin Tracker. #3.1.1 Tracking USER internalUser48 latitutde -83.108413 longitude -4.22099
10:16:26.681 [pool-2-thread-1] DEBUG tourGuide.service.RewardsService - Begin Tracker. #3.1.2 Tracking USER internalUser48
10:16:26.681 [pool-2-thread-1] DEBUG tourGuide.service.RewardsService - Begin Tracker. #3.2 Tracking USER internalUser48
10:16:26.681 [pool-2-thread-1] DEBUG tourGuide.service.TourGuideService - Begin Tracker. #4 Tracking USER internalUser48
10:16:26.681 [Test worker] DEBUG tourGuide.service.RewardsService - Begin Tracker. #3.1.0 Tracking USER internalUser45
10:16:26.681 [Test worker] DEBUG tourGuide.service.RewardsService - Begin Tracker. #3.1.1 Tracking USER internalUser45 latitutde 38.04431876136215 longitude 92.09460294562734
10:16:26.681 [Test worker] DEBUG tourGuide.service.RewardsService - Begin Tracker. #3.1.2 Tracking USER internalUser45
10:16:26.681 [Test worker] DEBUG tourGuide.service.RewardsService - Begin Tracker. #3.1.1 Tracking USER internalUser45 latitutde -18.499498045452412 longitude -53.91036006249183
10:16:26.681 [Test worker] DEBUG tourGuide.service.RewardsService - Begin Tracker. #3.1.2 Tracking USER internalUser45
10:16:26.681 [Test worker] DEBUG tourGuide.service.RewardsService - Begin Tracker. #3.1.1 Tracking USER internalUser45 latitutde 79.86697388417463 longitude -26.149987470634585
10:16:26.681 [Test worker] DEBUG tourGuide.service.RewardsService - Begin Tracker. #3.1.2 Tracking USER internalUser45
10:16:26.681 [Test worker] DEBUG tourGuide.service.RewardsService - Begin Tracker. #3.1.1 Tracking USER internalUser45 latitutde 33.817595 longitude -117.922008
10:16:26.725 [pool-2-thread-1] DEBUG tourGuide.service.TourGuideService - Begin Tracker. #1 Tracking USER internalUser45
10:16:27.553 [Test worker] DEBUG tourGuide.service.RewardsService - Begin Tracker. #3.1.2 Tracking USER internalUser45
10:16:27.553 [Test worker] DEBUG tourGuide.service.RewardsService - Begin Tracker. #3.2 Tracking USER internalUser45
10:16:27.553 [pool-2-thread-1] DEBUG tourGuide.service.TourGuideService - Begin Tracker. #2 Tracking USER internalUser45 latitutde -65.046279 longitude 127.175136
10:16:27.569 [pool-2-thread-1] DEBUG tourGuide.service.RewardsService - Begin Tracker. #3.1.0 Tracking USER internalUser45
10:16:27.569 [pool-2-thread-1] DEBUG tourGuide.service.RewardsService - Begin Tracker. #3.1.1 Tracking USER internalUser45 latitutde 38.04431876136215 longitude 92.09460294562734
10:16:27.569 [Test worker] DEBUG tourGuide.service.RewardsService - Begin Tracker. #3.1.0 Tracking USER internalUser44
10:16:27.569 [Test worker] DEBUG tourGuide.service.RewardsService - Begin Tracker. #3.1.1 Tracking USER internalUser44 latitutde -21.57982466672764 longitude 76.24665108422056
10:16:27.569 [pool-2-thread-1] DEBUG tourGuide.service.RewardsService - Begin Tracker. #3.1.2 Tracking USER internalUser45
10:16:27.569 [pool-2-thread-1] DEBUG tourGuide.service.RewardsService - Begin Tracker. #3.1.1 Tracking USER internalUser45 latitutde -18.499498045452412 longitude -53.91036006249183
10:16:27.569 [Test worker] DEBUG tourGuide.service.RewardsService - Begin Tracker. #3.1.2 Tracking USER internalUser44
10:16:27.569 [Test worker] DEBUG tourGuide.service.RewardsService - Begin Tracker. #3.1.1 Tracking USER internalUser44 latitutde 50.07798054851443 longitude 42.2428077163311
10:16:27.569 [pool-2-thread-1] DEBUG tourGuide.service.RewardsService - Begin Tracker. #3.1.2 Tracking USER internalUser45
10:16:27.569 [Test worker] DEBUG tourGuide.service.RewardsService - Begin Tracker. #3.1.2 Tracking USER internalUser44
10:16:27.569 [pool-2-thread-1] DEBUG tourGuide.service.RewardsService - Begin Tracker. #3.1.1 Tracking USER internalUser45 latitutde 79.86697388417463 longitude -26.149987470634585
10:16:27.569 [Test worker] DEBUG tourGuide.service.RewardsService - Begin Tracker. #3.1.1 Tracking USER internalUser44 latitutde 31.61570772616595 longitude 53.8227948220254
10:16:27.569 [Test worker] DEBUG tourGuide.service.RewardsService - Begin Tracker. #3.1.2 Tracking USER internalUser44
10:16:27.569 [Test worker] DEBUG tourGuide.service.RewardsService - Begin Tracker. #3.1.1 Tracking USER internalUser44 latitutde 33.817595 longitude -117.922008
10:16:27.569 [pool-2-thread-1] DEBUG tourGuide.service.RewardsService - Begin Tracker. #3.1.2 Tracking USER internalUser45
10:16:27.569 [pool-2-thread-1] DEBUG tourGuide.service.RewardsService - Begin Tracker. #3.1.1 Tracking USER internalUser45 latitutde 33.817595 longitude -117.922008
10:16:27.569 [pool-2-thread-1] DEBUG tourGuide.service.RewardsService - Begin Tracker. #3.1.2 Tracking USER internalUser45
10:16:27.569 [pool-2-thread-1] DEBUG tourGuide.service.RewardsService - Begin Tracker. #3.1.1 Tracking USER internalUser45 latitutde -65.046279 longitude 127.175136
10:16:27.569 [pool-2-thread-1] DEBUG tourGuide.service.RewardsService - Begin Tracker. #3.1.2 Tracking USER internalUser45
10:16:27.569 [pool-2-thread-1] DEBUG tourGuide.service.RewardsService - Begin Tracker. #3.2 Tracking USER internalUser45
10:16:27.569 [pool-2-thread-1] DEBUG tourGuide.service.TourGuideService - Begin Tracker. #4 Tracking USER internalUser45
10:16:27.622 [pool-2-thread-1] DEBUG tourGuide.service.TourGuideService - Begin Tracker. #1 Tracking USER internalUser44
10:16:28.249 [Test worker] DEBUG tourGuide.service.RewardsService - Begin Tracker. #3.1.2 Tracking USER internalUser44
10:16:28.249 [Test worker] DEBUG tourGuide.service.RewardsService - Begin Tracker. #3.2 Tracking USER internalUser44
10:16:28.249 [pool-2-thread-1] DEBUG tourGuide.service.TourGuideService - Begin Tracker. #2 Tracking USER internalUser44 latitutde -63.472091 longitude 111.934859
10:16:28.265 [pool-2-thread-1] DEBUG tourGuide.service.RewardsService - Begin Tracker. #3.1.0 Tracking USER internalUser44
10:16:28.265 [pool-2-thread-1] DEBUG tourGuide.service.RewardsService - Begin Tracker. #3.1.1 Tracking USER internalUser44 latitutde -21.57982466672764 longitude 76.24665108422056
10:16:28.265 [pool-2-thread-1] DEBUG tourGuide.service.RewardsService - Begin Tracker. #3.1.2 Tracking USER internalUser44
10:16:28.265 [pool-2-thread-1] DEBUG tourGuide.service.RewardsService - Begin Tracker. #3.1.1 Tracking USER internalUser44 latitutde 50.07798054851443 longitude 42.2428077163311
10:16:28.265 [pool-2-thread-1] DEBUG tourGuide.service.RewardsService - Begin Tracker. #3.1.2 Tracking USER internalUser44
10:16:28.265 [pool-2-thread-1] DEBUG tourGuide.service.RewardsService - Begin Tracker. #3.1.1 Tracking USER internalUser44 latitutde 31.61570772616595 longitude 53.8227948220254
10:16:28.265 [pool-2-thread-1] DEBUG tourGuide.service.RewardsService - Begin Tracker. #3.1.2 Tracking USER internalUser44
10:16:28.265 [pool-2-thread-1] DEBUG tourGuide.service.RewardsService - Begin Tracker. #3.1.1 Tracking USER internalUser44 latitutde 33.817595 longitude -117.922008
10:16:28.265 [pool-2-thread-1] DEBUG tourGuide.service.RewardsService - Begin Tracker. #3.1.2 Tracking USER internalUser44
10:16:28.265 [pool-2-thread-1] DEBUG tourGuide.service.RewardsService - Begin Tracker. #3.1.1 Tracking USER internalUser44 latitutde -63.472091 longitude 111.934859
10:16:28.265 [pool-2-thread-1] DEBUG tourGuide.service.RewardsService - Begin Tracker. #3.1.2 Tracking USER internalUser44
10:16:28.265 [pool-2-thread-1] DEBUG tourGuide.service.RewardsService - Begin Tracker. #3.2 Tracking USER internalUser44
10:16:28.265 [pool-2-thread-1] DEBUG tourGuide.service.TourGuideService - Begin Tracker. #4 Tracking USER internalUser44
10:16:28.266 [Test worker] DEBUG tourGuide.service.RewardsService - Begin Tracker. #3.1.0 Tracking USER internalUser47
10:16:28.266 [Test worker] DEBUG tourGuide.service.RewardsService - Begin Tracker. #3.1.1 Tracking USER internalUser47 latitutde -66.58999080129547 longitude -140.64349479973356
10:16:28.266 [Test worker] DEBUG tourGuide.service.RewardsService - Begin Tracker. #3.1.2 Tracking USER internalUser47
10:16:28.266 [Test worker] DEBUG tourGuide.service.RewardsService - Begin Tracker. #3.1.1 Tracking USER internalUser47 latitutde -8.709434901341368 longitude -155.50194436907992
10:16:28.266 [Test worker] DEBUG tourGuide.service.RewardsService - Begin Tracker. #3.1.2 Tracking USER internalUser47
10:16:28.266 [Test worker] DEBUG tourGuide.service.RewardsService - Begin Tracker. #3.1.1 Tracking USER internalUser47 latitutde -6.953079583348753 longitude -68.7149278305661
10:16:28.266 [Test worker] DEBUG tourGuide.service.RewardsService - Begin Tracker. #3.1.2 Tracking USER internalUser47
10:16:28.266 [Test worker] DEBUG tourGuide.service.RewardsService - Begin Tracker. #3.1.1 Tracking USER internalUser47 latitutde 33.817595 longitude -117.922008
10:16:28.336 [pool-2-thread-1] DEBUG tourGuide.service.TourGuideService - Begin Tracker. #1 Tracking USER internalUser47
10:16:28.741 [Test worker] DEBUG tourGuide.service.RewardsService - Begin Tracker. #3.1.2 Tracking USER internalUser47
10:16:28.741 [Test worker] DEBUG tourGuide.service.RewardsService - Begin Tracker. #3.2 Tracking USER internalUser47
10:16:28.741 [pool-2-thread-1] DEBUG tourGuide.service.TourGuideService - Begin Tracker. #2 Tracking USER internalUser47 latitutde -7.733179 longitude -157.35102
10:16:28.756 [pool-2-thread-1] DEBUG tourGuide.service.RewardsService - Begin Tracker. #3.1.0 Tracking USER internalUser47
10:16:28.756 [Test worker] DEBUG tourGuide.service.RewardsService - Begin Tracker. #3.1.0 Tracking USER internalUser46
10:16:28.756 [pool-2-thread-1] DEBUG tourGuide.service.RewardsService - Begin Tracker. #3.1.1 Tracking USER internalUser47 latitutde -66.58999080129547 longitude -140.64349479973356
10:16:28.756 [Test worker] DEBUG tourGuide.service.RewardsService - Begin Tracker. #3.1.1 Tracking USER internalUser46 latitutde 10.851428716381491 longitude -168.64814987476333
10:16:28.756 [pool-2-thread-1] DEBUG tourGuide.service.RewardsService - Begin Tracker. #3.1.2 Tracking USER internalUser47
10:16:28.756 [Test worker] DEBUG tourGuide.service.RewardsService - Begin Tracker. #3.1.2 Tracking USER internalUser46
10:16:28.756 [pool-2-thread-1] DEBUG tourGuide.service.RewardsService - Begin Tracker. #3.1.1 Tracking USER internalUser47 latitutde -8.709434901341368 longitude -155.50194436907992
10:16:28.756 [Test worker] DEBUG tourGuide.service.RewardsService - Begin Tracker. #3.1.1 Tracking USER internalUser46 latitutde -46.75284352119657 longitude 132.96433260247971
10:16:28.756 [pool-2-thread-1] DEBUG tourGuide.service.RewardsService - Begin Tracker. #3.1.2 Tracking USER internalUser47
10:16:28.756 [pool-2-thread-1] DEBUG tourGuide.service.RewardsService - Begin Tracker. #3.1.1 Tracking USER internalUser47 latitutde -6.953079583348753 longitude -68.7149278305661
10:16:28.756 [Test worker] DEBUG tourGuide.service.RewardsService - Begin Tracker. #3.1.2 Tracking USER internalUser46
10:16:28.756 [Test worker] DEBUG tourGuide.service.RewardsService - Begin Tracker. #3.1.1 Tracking USER internalUser46 latitutde 19.390225358343386 longitude -152.30915260454512
10:16:28.756 [pool-2-thread-1] DEBUG tourGuide.service.RewardsService - Begin Tracker. #3.1.2 Tracking USER internalUser47
10:16:28.756 [pool-2-thread-1] DEBUG tourGuide.service.RewardsService - Begin Tracker. #3.1.1 Tracking USER internalUser47 latitutde 33.817595 longitude -117.922008
10:16:28.756 [Test worker] DEBUG tourGuide.service.RewardsService - Begin Tracker. #3.1.2 Tracking USER internalUser46
10:16:28.756 [Test worker] DEBUG tourGuide.service.RewardsService - Begin Tracker. #3.1.1 Tracking USER internalUser46 latitutde 33.817595 longitude -117.922008
10:16:28.756 [pool-2-thread-1] DEBUG tourGuide.service.RewardsService - Begin Tracker. #3.1.2 Tracking USER internalUser47
10:16:28.757 [pool-2-thread-1] DEBUG tourGuide.service.RewardsService - Begin Tracker. #3.1.1 Tracking USER internalUser47 latitutde -7.733179 longitude -157.35102
10:16:28.757 [pool-2-thread-1] DEBUG tourGuide.service.RewardsService - Begin Tracker. #3.1.2 Tracking USER internalUser47
10:16:28.757 [pool-2-thread-1] DEBUG tourGuide.service.RewardsService - Begin Tracker. #3.2 Tracking USER internalUser47
10:16:28.757 [pool-2-thread-1] DEBUG tourGuide.service.TourGuideService - Begin Tracker. #4 Tracking USER internalUser47
10:16:28.806 [pool-2-thread-1] DEBUG tourGuide.service.TourGuideService - Begin Tracker. #1 Tracking USER internalUser46
10:16:29.423 [Test worker] DEBUG tourGuide.service.RewardsService - Begin Tracker. #3.1.2 Tracking USER internalUser46
10:16:29.423 [Test worker] DEBUG tourGuide.service.RewardsService - Begin Tracker. #3.2 Tracking USER internalUser46
10:16:29.423 [pool-2-thread-1] DEBUG tourGuide.service.TourGuideService - Begin Tracker. #2 Tracking USER internalUser46 latitutde 81.100998 longitude -8.186122
10:16:29.454 [pool-2-thread-1] DEBUG tourGuide.service.RewardsService - Begin Tracker. #3.1.0 Tracking USER internalUser46
10:16:29.454 [Test worker] DEBUG tourGuide.service.RewardsService - Begin Tracker. #3.1.0 Tracking USER internalUser41
10:16:29.454 [Test worker] DEBUG tourGuide.service.RewardsService - Begin Tracker. #3.1.1 Tracking USER internalUser41 latitutde -75.05099630658023 longitude 137.14097762962365
10:16:29.454 [Test worker] DEBUG tourGuide.service.RewardsService - Begin Tracker. #3.1.2 Tracking USER internalUser41
10:16:29.454 [Test worker] DEBUG tourGuide.service.RewardsService - Begin Tracker. #3.1.1 Tracking USER internalUser41 latitutde 4.58434166506531 longitude -160.69048988251484
10:16:29.454 [Test worker] DEBUG tourGuide.service.RewardsService - Begin Tracker. #3.1.2 Tracking USER internalUser41
10:16:29.454 [Test worker] DEBUG tourGuide.service.RewardsService - Begin Tracker. #3.1.1 Tracking USER internalUser41 latitutde -12.444656633842627 longitude -116.63012438628775
10:16:29.454 [Test worker] DEBUG tourGuide.service.RewardsService - Begin Tracker. #3.1.2 Tracking USER internalUser41
10:16:29.454 [Test worker] DEBUG tourGuide.service.RewardsService - Begin Tracker. #3.1.1 Tracking USER internalUser41 latitutde 33.817595 longitude -117.922008
10:16:29.455 [pool-2-thread-1] DEBUG tourGuide.service.RewardsService - Begin Tracker. #3.1.1 Tracking USER internalUser46 latitutde 10.851428716381491 longitude -168.64814987476333
10:16:29.455 [pool-2-thread-1] DEBUG tourGuide.service.RewardsService - Begin Tracker. #3.1.2 Tracking USER internalUser46
10:16:29.455 [pool-2-thread-1] DEBUG tourGuide.service.RewardsService - Begin Tracker. #3.1.1 Tracking USER internalUser46 latitutde -46.75284352119657 longitude 132.96433260247971
10:16:29.455 [pool-2-thread-1] DEBUG tourGuide.service.RewardsService - Begin Tracker. #3.1.2 Tracking USER internalUser46
10:16:29.455 [pool-2-thread-1] DEBUG tourGuide.service.RewardsService - Begin Tracker. #3.1.1 Tracking USER internalUser46 latitutde 19.390225358343386 longitude -152.30915260454512
10:16:29.455 [pool-2-thread-1] DEBUG tourGuide.service.RewardsService - Begin Tracker. #3.1.2 Tracking USER internalUser46
10:16:29.455 [pool-2-thread-1] DEBUG tourGuide.service.RewardsService - Begin Tracker. #3.1.1 Tracking USER internalUser46 latitutde 33.817595 longitude -117.922008
10:16:29.456 [pool-2-thread-1] DEBUG tourGuide.service.RewardsService - Begin Tracker. #3.1.2 Tracking USER internalUser46
10:16:29.456 [pool-2-thread-1] DEBUG tourGuide.service.RewardsService - Begin Tracker. #3.1.1 Tracking USER internalUser46 latitutde 81.100998 longitude -8.186122
10:16:29.456 [pool-2-thread-1] DEBUG tourGuide.service.RewardsService - Begin Tracker. #3.1.2 Tracking USER internalUser46
10:16:29.456 [pool-2-thread-1] DEBUG tourGuide.service.RewardsService - Begin Tracker. #3.2 Tracking USER internalUser46
10:16:29.456 [pool-2-thread-1] DEBUG tourGuide.service.TourGuideService - Begin Tracker. #4 Tracking USER internalUser46
10:16:29.551 [pool-2-thread-1] DEBUG tourGuide.service.TourGuideService - Begin Tracker. #1 Tracking USER internalUser41
10:16:30.183 [Test worker] DEBUG tourGuide.service.RewardsService - Begin Tracker. #3.1.2 Tracking USER internalUser41
10:16:30.183 [pool-2-thread-1] DEBUG tourGuide.service.TourGuideService - Begin Tracker. #2 Tracking USER internalUser41 latitutde 25.866301 longitude -77.259395
10:16:30.183 [Test worker] DEBUG tourGuide.service.RewardsService - Begin Tracker. #3.2 Tracking USER internalUser41
10:16:30.199 [pool-2-thread-1] DEBUG tourGuide.service.RewardsService - Begin Tracker. #3.1.0 Tracking USER internalUser41
10:16:30.199 [pool-2-thread-1] DEBUG tourGuide.service.RewardsService - Begin Tracker. #3.1.1 Tracking USER internalUser41 latitutde -75.05099630658023 longitude 137.14097762962365
10:16:30.199 [Test worker] DEBUG tourGuide.service.RewardsService - Begin Tracker. #3.1.0 Tracking USER internalUser40
10:16:30.199 [Test worker] DEBUG tourGuide.service.RewardsService - Begin Tracker. #3.1.1 Tracking USER internalUser40 latitutde -68.08835654395801 longitude 61.96081955365926
10:16:30.199 [pool-2-thread-1] DEBUG tourGuide.service.RewardsService - Begin Tracker. #3.1.2 Tracking USER internalUser41
10:16:30.199 [pool-2-thread-1] DEBUG tourGuide.service.RewardsService - Begin Tracker. #3.1.1 Tracking USER internalUser41 latitutde 4.58434166506531 longitude -160.69048988251484
10:16:30.199 [Test worker] DEBUG tourGuide.service.RewardsService - Begin Tracker. #3.1.2 Tracking USER internalUser40
10:16:30.199 [pool-2-thread-1] DEBUG tourGuide.service.RewardsService - Begin Tracker. #3.1.2 Tracking USER internalUser41
10:16:30.199 [Test worker] DEBUG tourGuide.service.RewardsService - Begin Tracker. #3.1.1 Tracking USER internalUser40 latitutde 58.21410338076004 longitude -150.90685393754327
10:16:30.199 [pool-2-thread-1] DEBUG tourGuide.service.RewardsService - Begin Tracker. #3.1.1 Tracking USER internalUser41 latitutde -12.444656633842627 longitude -116.63012438628775
10:16:30.199 [pool-2-thread-1] DEBUG tourGuide.service.RewardsService - Begin Tracker. #3.1.2 Tracking USER internalUser41
10:16:30.199 [Test worker] DEBUG tourGuide.service.RewardsService - Begin Tracker. #3.1.2 Tracking USER internalUser40
10:16:30.199 [pool-2-thread-1] DEBUG tourGuide.service.RewardsService - Begin Tracker. #3.1.1 Tracking USER internalUser41 latitutde 33.817595 longitude -117.922008
10:16:30.199 [Test worker] DEBUG tourGuide.service.RewardsService - Begin Tracker. #3.1.1 Tracking USER internalUser40 latitutde -23.307892047521953 longitude 99.85931444583997
10:16:30.199 [Test worker] DEBUG tourGuide.service.RewardsService - Begin Tracker. #3.1.2 Tracking USER internalUser40
10:16:30.199 [Test worker] DEBUG tourGuide.service.RewardsService - Begin Tracker. #3.1.1 Tracking USER internalUser40 latitutde 33.817595 longitude -117.922008
10:16:30.199 [pool-2-thread-1] DEBUG tourGuide.service.RewardsService - Begin Tracker. #3.1.2 Tracking USER internalUser41
10:16:30.199 [pool-2-thread-1] DEBUG tourGuide.service.RewardsService - Begin Tracker. #3.1.1 Tracking USER internalUser41 latitutde 25.866301 longitude -77.259395
10:16:30.199 [pool-2-thread-1] DEBUG tourGuide.service.RewardsService - Begin Tracker. #3.1.2 Tracking USER internalUser41
10:16:30.199 [pool-2-thread-1] DEBUG tourGuide.service.RewardsService - Begin Tracker. #3.2 Tracking USER internalUser41
10:16:30.199 [pool-2-thread-1] DEBUG tourGuide.service.TourGuideService - Begin Tracker. #4 Tracking USER internalUser41
10:16:30.288 [pool-2-thread-1] DEBUG tourGuide.service.TourGuideService - Begin Tracker. #1 Tracking USER internalUser40
10:16:30.297 [Test worker] DEBUG tourGuide.service.RewardsService - Begin Tracker. #3.1.2 Tracking USER internalUser40
10:16:30.297 [Test worker] DEBUG tourGuide.service.RewardsService - Begin Tracker. #3.2 Tracking USER internalUser40
10:16:30.297 [pool-2-thread-1] DEBUG tourGuide.service.TourGuideService - Begin Tracker. #2 Tracking USER internalUser40 latitutde 59.490555 longitude 162.549745
10:16:30.313 [pool-2-thread-1] DEBUG tourGuide.service.RewardsService - Begin Tracker. #3.1.0 Tracking USER internalUser40
10:16:30.313 [pool-2-thread-1] DEBUG tourGuide.service.RewardsService - Begin Tracker. #3.1.1 Tracking USER internalUser40 latitutde -68.08835654395801 longitude 61.96081955365926
10:16:30.313 [pool-2-thread-1] DEBUG tourGuide.service.RewardsService - Begin Tracker. #3.1.2 Tracking USER internalUser40
10:16:30.313 [pool-2-thread-1] DEBUG tourGuide.service.RewardsService - Begin Tracker. #3.1.1 Tracking USER internalUser40 latitutde 58.21410338076004 longitude -150.90685393754327
10:16:30.313 [pool-2-thread-1] DEBUG tourGuide.service.RewardsService - Begin Tracker. #3.1.2 Tracking USER internalUser40
10:16:30.313 [pool-2-thread-1] DEBUG tourGuide.service.RewardsService - Begin Tracker. #3.1.1 Tracking USER internalUser40 latitutde -23.307892047521953 longitude 99.85931444583997
10:16:30.313 [pool-2-thread-1] DEBUG tourGuide.service.RewardsService - Begin Tracker. #3.1.2 Tracking USER internalUser40
10:16:30.313 [pool-2-thread-1] DEBUG tourGuide.service.RewardsService - Begin Tracker. #3.1.1 Tracking USER internalUser40 latitutde 33.817595 longitude -117.922008
10:16:30.313 [pool-2-thread-1] DEBUG tourGuide.service.RewardsService - Begin Tracker. #3.1.2 Tracking USER internalUser40
10:16:30.313 [pool-2-thread-1] DEBUG tourGuide.service.RewardsService - Begin Tracker. #3.1.1 Tracking USER internalUser40 latitutde 59.490555 longitude 162.549745
10:16:30.313 [pool-2-thread-1] DEBUG tourGuide.service.RewardsService - Begin Tracker. #3.1.2 Tracking USER internalUser40
10:16:30.313 [pool-2-thread-1] DEBUG tourGuide.service.RewardsService - Begin Tracker. #3.2 Tracking USER internalUser40
10:16:30.313 [pool-2-thread-1] DEBUG tourGuide.service.TourGuideService - Begin Tracker. #4 Tracking USER internalUser40
10:16:30.313 [Test worker] DEBUG tourGuide.service.RewardsService - Begin Tracker. #3.1.0 Tracking USER internalUser43
10:16:30.313 [Test worker] DEBUG tourGuide.service.RewardsService - Begin Tracker. #3.1.1 Tracking USER internalUser43 latitutde 25.730591937660066 longitude -33.481376952841345
10:16:30.313 [Test worker] DEBUG tourGuide.service.RewardsService - Begin Tracker. #3.1.2 Tracking USER internalUser43
10:16:30.313 [Test worker] DEBUG tourGuide.service.RewardsService - Begin Tracker. #3.1.1 Tracking USER internalUser43 latitutde -49.468222816880164 longitude -116.64516242304848
10:16:30.313 [Test worker] DEBUG tourGuide.service.RewardsService - Begin Tracker. #3.1.2 Tracking USER internalUser43
10:16:30.313 [Test worker] DEBUG tourGuide.service.RewardsService - Begin Tracker. #3.1.1 Tracking USER internalUser43 latitutde 45.330860009178764 longitude -15.204681880255436
10:16:30.313 [Test worker] DEBUG tourGuide.service.RewardsService - Begin Tracker. #3.1.2 Tracking USER internalUser43
10:16:30.313 [Test worker] DEBUG tourGuide.service.RewardsService - Begin Tracker. #3.1.1 Tracking USER internalUser43 latitutde 33.817595 longitude -117.922008
10:16:30.316 [Test worker] DEBUG tourGuide.service.RewardsService - Begin Tracker. #3.1.2 Tracking USER internalUser43
10:16:30.316 [Test worker] DEBUG tourGuide.service.RewardsService - Begin Tracker. #3.2 Tracking USER internalUser43
10:16:30.327 [Test worker] DEBUG tourGuide.service.RewardsService - Begin Tracker. #3.1.0 Tracking USER internalUser42
10:16:30.327 [Test worker] DEBUG tourGuide.service.RewardsService - Begin Tracker. #3.1.1 Tracking USER internalUser42 latitutde -2.495916319377102 longitude -144.23702168010308
10:16:30.327 [Test worker] DEBUG tourGuide.service.RewardsService - Begin Tracker. #3.1.2 Tracking USER internalUser42
10:16:30.327 [Test worker] DEBUG tourGuide.service.RewardsService - Begin Tracker. #3.1.1 Tracking USER internalUser42 latitutde 43.52080979489244 longitude -6.25972109811633
10:16:30.327 [Test worker] DEBUG tourGuide.service.RewardsService - Begin Tracker. #3.1.2 Tracking USER internalUser42
10:16:30.327 [Test worker] DEBUG tourGuide.service.RewardsService - Begin Tracker. #3.1.1 Tracking USER internalUser42 latitutde 28.640812760368647 longitude 6.327369675790635
10:16:30.327 [Test worker] DEBUG tourGuide.service.RewardsService - Begin Tracker. #3.1.2 Tracking USER internalUser42
10:16:30.327 [Test worker] DEBUG tourGuide.service.RewardsService - Begin Tracker. #3.1.1 Tracking USER internalUser42 latitutde 33.817595 longitude -117.922008
10:16:30.347 [pool-2-thread-1] DEBUG tourGuide.service.TourGuideService - Begin Tracker. #1 Tracking USER internalUser43
10:16:30.347 [pool-2-thread-1] DEBUG tourGuide.service.TourGuideService - Begin Tracker. #2 Tracking USER internalUser43 latitutde -82.681562 longitude 69.887562
10:16:30.362 [pool-2-thread-1] DEBUG tourGuide.service.RewardsService - Begin Tracker. #3.1.0 Tracking USER internalUser43
10:16:30.362 [pool-2-thread-1] DEBUG tourGuide.service.RewardsService - Begin Tracker. #3.1.1 Tracking USER internalUser43 latitutde 25.730591937660066 longitude -33.481376952841345
10:16:30.362 [pool-2-thread-1] DEBUG tourGuide.service.RewardsService - Begin Tracker. #3.1.2 Tracking USER internalUser43
10:16:30.362 [pool-2-thread-1] DEBUG tourGuide.service.RewardsService - Begin Tracker. #3.1.1 Tracking USER internalUser43 latitutde -49.468222816880164 longitude -116.64516242304848
10:16:30.362 [pool-2-thread-1] DEBUG tourGuide.service.RewardsService - Begin Tracker. #3.1.2 Tracking USER internalUser43
10:16:30.362 [pool-2-thread-1] DEBUG tourGuide.service.RewardsService - Begin Tracker. #3.1.1 Tracking USER internalUser43 latitutde 45.330860009178764 longitude -15.204681880255436
10:16:30.362 [pool-2-thread-1] DEBUG tourGuide.service.RewardsService - Begin Tracker. #3.1.2 Tracking USER internalUser43
10:16:30.362 [pool-2-thread-1] DEBUG tourGuide.service.RewardsService - Begin Tracker. #3.1.1 Tracking USER internalUser43 latitutde 33.817595 longitude -117.922008
10:16:30.362 [pool-2-thread-1] DEBUG tourGuide.service.RewardsService - Begin Tracker. #3.1.2 Tracking USER internalUser43
10:16:30.362 [pool-2-thread-1] DEBUG tourGuide.service.RewardsService - Begin Tracker. #3.1.1 Tracking USER internalUser43 latitutde -82.681562 longitude 69.887562
10:16:30.362 [pool-2-thread-1] DEBUG tourGuide.service.RewardsService - Begin Tracker. #3.1.2 Tracking USER internalUser43
10:16:30.362 [pool-2-thread-1] DEBUG tourGuide.service.RewardsService - Begin Tracker. #3.2 Tracking USER internalUser43
10:16:30.362 [pool-2-thread-1] DEBUG tourGuide.service.TourGuideService - Begin Tracker. #4 Tracking USER internalUser43
10:16:30.417 [pool-2-thread-1] DEBUG tourGuide.service.TourGuideService - Begin Tracker. #1 Tracking USER internalUser42
10:16:30.858 [Test worker] DEBUG tourGuide.service.RewardsService - Begin Tracker. #3.1.2 Tracking USER internalUser42
10:16:30.858 [Test worker] DEBUG tourGuide.service.RewardsService - Begin Tracker. #3.2 Tracking USER internalUser42
10:16:30.858 [pool-2-thread-1] DEBUG tourGuide.service.TourGuideService - Begin Tracker. #2 Tracking USER internalUser42 latitutde 66.632035 longitude 122.108094
10:16:30.873 [Test worker] DEBUG tourGuide.service.RewardsService - Begin Tracker. #3.1.0 Tracking USER internalUser59
10:16:30.873 [pool-2-thread-1] DEBUG tourGuide.service.RewardsService - Begin Tracker. #3.1.0 Tracking USER internalUser42
10:16:30.873 [pool-2-thread-1] DEBUG tourGuide.service.RewardsService - Begin Tracker. #3.1.1 Tracking USER internalUser42 latitutde -2.495916319377102 longitude -144.23702168010308
10:16:30.873 [Test worker] DEBUG tourGuide.service.RewardsService - Begin Tracker. #3.1.1 Tracking USER internalUser59 latitutde -73.68470858639807 longitude 120.70858497608685
10:16:30.873 [pool-2-thread-1] DEBUG tourGuide.service.RewardsService - Begin Tracker. #3.1.2 Tracking USER internalUser42
10:16:30.873 [pool-2-thread-1] DEBUG tourGuide.service.RewardsService - Begin Tracker. #3.1.1 Tracking USER internalUser42 latitutde 43.52080979489244 longitude -6.25972109811633
10:16:30.873 [Test worker] DEBUG tourGuide.service.RewardsService - Begin Tracker. #3.1.2 Tracking USER internalUser59
10:16:30.873 [Test worker] DEBUG tourGuide.service.RewardsService - Begin Tracker. #3.1.1 Tracking USER internalUser59 latitutde -80.41732996579805 longitude -17.756369081017056
10:16:30.873 [pool-2-thread-1] DEBUG tourGuide.service.RewardsService - Begin Tracker. #3.1.2 Tracking USER internalUser42
10:16:30.873 [pool-2-thread-1] DEBUG tourGuide.service.RewardsService - Begin Tracker. #3.1.1 Tracking USER internalUser42 latitutde 28.640812760368647 longitude 6.327369675790635
10:16:30.873 [pool-2-thread-1] DEBUG tourGuide.service.RewardsService - Begin Tracker. #3.1.2 Tracking USER internalUser42
10:16:30.873 [pool-2-thread-1] DEBUG tourGuide.service.RewardsService - Begin Tracker. #3.1.1 Tracking USER internalUser42 latitutde 33.817595 longitude -117.922008
10:16:30.873 [pool-2-thread-1] DEBUG tourGuide.service.RewardsService - Begin Tracker. #3.1.2 Tracking USER internalUser42
10:16:30.873 [pool-2-thread-1] DEBUG tourGuide.service.RewardsService - Begin Tracker. #3.1.1 Tracking USER internalUser42 latitutde 66.632035 longitude 122.108094
10:16:30.873 [pool-2-thread-1] DEBUG tourGuide.service.RewardsService - Begin Tracker. #3.1.2 Tracking USER internalUser42
10:16:30.873 [pool-2-thread-1] DEBUG tourGuide.service.RewardsService - Begin Tracker. #3.2 Tracking USER internalUser42
10:16:30.873 [pool-2-thread-1] DEBUG tourGuide.service.TourGuideService - Begin Tracker. #4 Tracking USER internalUser42
10:16:30.873 [Test worker] DEBUG tourGuide.service.RewardsService - Begin Tracker. #3.1.2 Tracking USER internalUser59
10:16:30.873 [Test worker] DEBUG tourGuide.service.RewardsService - Begin Tracker. #3.1.1 Tracking USER internalUser59 latitutde 9.27861915586827 longitude 132.25393929256893
10:16:30.873 [Test worker] DEBUG tourGuide.service.RewardsService - Begin Tracker. #3.1.2 Tracking USER internalUser59
10:16:30.873 [Test worker] DEBUG tourGuide.service.RewardsService - Begin Tracker. #3.1.1 Tracking USER internalUser59 latitutde 33.817595 longitude -117.922008
10:16:30.890 [Test worker] DEBUG tourGuide.service.RewardsService - Begin Tracker. #3.1.2 Tracking USER internalUser59
10:16:30.890 [Test worker] DEBUG tourGuide.service.RewardsService - Begin Tracker. #3.2 Tracking USER internalUser59
10:16:30.901 [Test worker] DEBUG tourGuide.service.RewardsService - Begin Tracker. #3.1.0 Tracking USER internalUser56
10:16:30.901 [Test worker] DEBUG tourGuide.service.RewardsService - Begin Tracker. #3.1.1 Tracking USER internalUser56 latitutde 36.106600801787906 longitude -48.03937989673156
10:16:30.901 [Test worker] DEBUG tourGuide.service.RewardsService - Begin Tracker. #3.1.2 Tracking USER internalUser56
10:16:30.901 [Test worker] DEBUG tourGuide.service.RewardsService - Begin Tracker. #3.1.1 Tracking USER internalUser56 latitutde 26.49093264005043 longitude 39.088085465612096
10:16:30.901 [Test worker] DEBUG tourGuide.service.RewardsService - Begin Tracker. #3.1.2 Tracking USER internalUser56
10:16:30.901 [Test worker] DEBUG tourGuide.service.RewardsService - Begin Tracker. #3.1.1 Tracking USER internalUser56 latitutde 21.32628858051976 longitude 171.19856222023822
10:16:30.901 [Test worker] DEBUG tourGuide.service.RewardsService - Begin Tracker. #3.1.2 Tracking USER internalUser56
10:16:30.901 [Test worker] DEBUG tourGuide.service.RewardsService - Begin Tracker. #3.1.1 Tracking USER internalUser56 latitutde 33.817595 longitude -117.922008
10:16:30.927 [pool-2-thread-1] DEBUG tourGuide.service.TourGuideService - Begin Tracker. #1 Tracking USER internalUser59
10:16:30.927 [pool-2-thread-1] DEBUG tourGuide.service.TourGuideService - Begin Tracker. #2 Tracking USER internalUser59 latitutde 42.810494 longitude -172.950673
10:16:30.937 [pool-2-thread-1] DEBUG tourGuide.service.RewardsService - Begin Tracker. #3.1.0 Tracking USER internalUser59
10:16:30.937 [pool-2-thread-1] DEBUG tourGuide.service.RewardsService - Begin Tracker. #3.1.1 Tracking USER internalUser59 latitutde -73.68470858639807 longitude 120.70858497608685
10:16:30.937 [pool-2-thread-1] DEBUG tourGuide.service.RewardsService - Begin Tracker. #3.1.2 Tracking USER internalUser59
10:16:30.937 [pool-2-thread-1] DEBUG tourGuide.service.RewardsService - Begin Tracker. #3.1.1 Tracking USER internalUser59 latitutde -80.41732996579805 longitude -17.756369081017056
10:16:30.937 [pool-2-thread-1] DEBUG tourGuide.service.RewardsService - Begin Tracker. #3.1.2 Tracking USER internalUser59
10:16:30.937 [pool-2-thread-1] DEBUG tourGuide.service.RewardsService - Begin Tracker. #3.1.1 Tracking USER internalUser59 latitutde 9.27861915586827 longitude 132.25393929256893
10:16:30.937 [pool-2-thread-1] DEBUG tourGuide.service.RewardsService - Begin Tracker. #3.1.2 Tracking USER internalUser59
10:16:30.937 [pool-2-thread-1] DEBUG tourGuide.service.RewardsService - Begin Tracker. #3.1.1 Tracking USER internalUser59 latitutde 33.817595 longitude -117.922008
10:16:30.937 [pool-2-thread-1] DEBUG tourGuide.service.RewardsService - Begin Tracker. #3.1.2 Tracking USER internalUser59
10:16:30.937 [pool-2-thread-1] DEBUG tourGuide.service.RewardsService - Begin Tracker. #3.1.1 Tracking USER internalUser59 latitutde 42.810494 longitude -172.950673
10:16:30.937 [pool-2-thread-1] DEBUG tourGuide.service.RewardsService - Begin Tracker. #3.1.2 Tracking USER internalUser59
10:16:30.937 [pool-2-thread-1] DEBUG tourGuide.service.RewardsService - Begin Tracker. #3.2 Tracking USER internalUser59
10:16:30.937 [pool-2-thread-1] DEBUG tourGuide.service.TourGuideService - Begin Tracker. #4 Tracking USER internalUser59
10:16:31.037 [pool-2-thread-1] DEBUG tourGuide.service.TourGuideService - Begin Tracker. #1 Tracking USER internalUser56
10:16:31.086 [Test worker] DEBUG tourGuide.service.RewardsService - Begin Tracker. #3.1.2 Tracking USER internalUser56
10:16:31.086 [Test worker] DEBUG tourGuide.service.RewardsService - Begin Tracker. #3.2 Tracking USER internalUser56
10:16:31.086 [pool-2-thread-1] DEBUG tourGuide.service.TourGuideService - Begin Tracker. #2 Tracking USER internalUser56 latitutde -65.790454 longitude 14.104042
10:16:31.101 [pool-2-thread-1] DEBUG tourGuide.service.RewardsService - Begin Tracker. #3.1.0 Tracking USER internalUser56
10:16:31.101 [pool-2-thread-1] DEBUG tourGuide.service.RewardsService - Begin Tracker. #3.1.1 Tracking USER internalUser56 latitutde 36.106600801787906 longitude -48.03937989673156
10:16:31.101 [Test worker] DEBUG tourGuide.service.RewardsService - Begin Tracker. #3.1.0 Tracking USER internalUser55
10:16:31.101 [Test worker] DEBUG tourGuide.service.RewardsService - Begin Tracker. #3.1.1 Tracking USER internalUser55 latitutde -34.821298015408246 longitude -82.71966738600396
10:16:31.101 [pool-2-thread-1] DEBUG tourGuide.service.RewardsService - Begin Tracker. #3.1.2 Tracking USER internalUser56
10:16:31.101 [Test worker] DEBUG tourGuide.service.RewardsService - Begin Tracker. #3.1.2 Tracking USER internalUser55
10:16:31.101 [pool-2-thread-1] DEBUG tourGuide.service.RewardsService - Begin Tracker. #3.1.1 Tracking USER internalUser56 latitutde 26.49093264005043 longitude 39.088085465612096
10:16:31.101 [Test worker] DEBUG tourGuide.service.RewardsService - Begin Tracker. #3.1.1 Tracking USER internalUser55 latitutde -49.42713336479895 longitude -101.37170885020305
10:16:31.101 [pool-2-thread-1] DEBUG tourGuide.service.RewardsService - Begin Tracker. #3.1.2 Tracking USER internalUser56
10:16:31.101 [pool-2-thread-1] DEBUG tourGuide.service.RewardsService - Begin Tracker. #3.1.1 Tracking USER internalUser56 latitutde 21.32628858051976 longitude 171.19856222023822
10:16:31.101 [pool-2-thread-1] DEBUG tourGuide.service.RewardsService - Begin Tracker. #3.1.2 Tracking USER internalUser56
10:16:31.101 [pool-2-thread-1] DEBUG tourGuide.service.RewardsService - Begin Tracker. #3.1.1 Tracking USER internalUser56 latitutde 33.817595 longitude -117.922008
10:16:31.101 [pool-2-thread-1] DEBUG tourGuide.service.RewardsService - Begin Tracker. #3.1.2 Tracking USER internalUser56
10:16:31.101 [pool-2-thread-1] DEBUG tourGuide.service.RewardsService - Begin Tracker. #3.1.1 Tracking USER internalUser56 latitutde -65.790454 longitude 14.104042
10:16:31.101 [pool-2-thread-1] DEBUG tourGuide.service.RewardsService - Begin Tracker. #3.1.2 Tracking USER internalUser56
10:16:31.101 [pool-2-thread-1] DEBUG tourGuide.service.RewardsService - Begin Tracker. #3.2 Tracking USER internalUser56
10:16:31.101 [pool-2-thread-1] DEBUG tourGuide.service.TourGuideService - Begin Tracker. #4 Tracking USER internalUser56
10:16:31.102 [Test worker] DEBUG tourGuide.service.RewardsService - Begin Tracker. #3.1.2 Tracking USER internalUser55
10:16:31.102 [Test worker] DEBUG tourGuide.service.RewardsService - Begin Tracker. #3.1.1 Tracking USER internalUser55 latitutde 49.36992132443967 longitude 176.8620379413075
10:16:31.102 [Test worker] DEBUG tourGuide.service.RewardsService - Begin Tracker. #3.1.2 Tracking USER internalUser55
10:16:31.102 [Test worker] DEBUG tourGuide.service.RewardsService - Begin Tracker. #3.1.1 Tracking USER internalUser55 latitutde 33.817595 longitude -117.922008
10:16:31.170 [pool-2-thread-1] DEBUG tourGuide.service.TourGuideService - Begin Tracker. #1 Tracking USER internalUser55
10:16:31.250 [Test worker] DEBUG tourGuide.service.RewardsService - Begin Tracker. #3.1.2 Tracking USER internalUser55
10:16:31.250 [pool-2-thread-1] DEBUG tourGuide.service.TourGuideService - Begin Tracker. #2 Tracking USER internalUser55 latitutde -63.18481 longitude -136.11789
10:16:31.250 [Test worker] DEBUG tourGuide.service.RewardsService - Begin Tracker. #3.2 Tracking USER internalUser55
10:16:31.266 [pool-2-thread-1] DEBUG tourGuide.service.RewardsService - Begin Tracker. #3.1.0 Tracking USER internalUser55
10:16:31.266 [pool-2-thread-1] DEBUG tourGuide.service.RewardsService - Begin Tracker. #3.1.1 Tracking USER internalUser55 latitutde -34.821298015408246 longitude -82.71966738600396
10:16:31.266 [pool-2-thread-1] DEBUG tourGuide.service.RewardsService - Begin Tracker. #3.1.2 Tracking USER internalUser55
10:16:31.266 [pool-2-thread-1] DEBUG tourGuide.service.RewardsService - Begin Tracker. #3.1.1 Tracking USER internalUser55 latitutde -49.42713336479895 longitude -101.37170885020305
10:16:31.266 [pool-2-thread-1] DEBUG tourGuide.service.RewardsService - Begin Tracker. #3.1.2 Tracking USER internalUser55
10:16:31.266 [pool-2-thread-1] DEBUG tourGuide.service.RewardsService - Begin Tracker. #3.1.1 Tracking USER internalUser55 latitutde 49.36992132443967 longitude 176.8620379413075
10:16:31.266 [pool-2-thread-1] DEBUG tourGuide.service.RewardsService - Begin Tracker. #3.1.2 Tracking USER internalUser55
10:16:31.266 [pool-2-thread-1] DEBUG tourGuide.service.RewardsService - Begin Tracker. #3.1.1 Tracking USER internalUser55 latitutde 33.817595 longitude -117.922008
10:16:31.266 [pool-2-thread-1] DEBUG tourGuide.service.RewardsService - Begin Tracker. #3.1.2 Tracking USER internalUser55
10:16:31.266 [pool-2-thread-1] DEBUG tourGuide.service.RewardsService - Begin Tracker. #3.1.1 Tracking USER internalUser55 latitutde -63.18481 longitude -136.11789
10:16:31.266 [pool-2-thread-1] DEBUG tourGuide.service.RewardsService - Begin Tracker. #3.1.2 Tracking USER internalUser55
10:16:31.266 [pool-2-thread-1] DEBUG tourGuide.service.RewardsService - Begin Tracker. #3.2 Tracking USER internalUser55
10:16:31.266 [pool-2-thread-1] DEBUG tourGuide.service.TourGuideService - Begin Tracker. #4 Tracking USER internalUser55
10:16:31.266 [Test worker] DEBUG tourGuide.service.RewardsService - Begin Tracker. #3.1.0 Tracking USER internalUser58
10:16:31.266 [Test worker] DEBUG tourGuide.service.RewardsService - Begin Tracker. #3.1.1 Tracking USER internalUser58 latitutde -29.571468910616886 longitude -46.73449034182974
10:16:31.266 [Test worker] DEBUG tourGuide.service.RewardsService - Begin Tracker. #3.1.2 Tracking USER internalUser58
10:16:31.266 [Test worker] DEBUG tourGuide.service.RewardsService - Begin Tracker. #3.1.1 Tracking USER internalUser58 latitutde 2.654017614777473 longitude -99.79295923743433
10:16:31.266 [Test worker] DEBUG tourGuide.service.RewardsService - Begin Tracker. #3.1.2 Tracking USER internalUser58
10:16:31.266 [Test worker] DEBUG tourGuide.service.RewardsService - Begin Tracker. #3.1.1 Tracking USER internalUser58 latitutde 78.4093608121124 longitude 65.56931324790199
10:16:31.266 [Test worker] DEBUG tourGuide.service.RewardsService - Begin Tracker. #3.1.2 Tracking USER internalUser58
10:16:31.266 [Test worker] DEBUG tourGuide.service.RewardsService - Begin Tracker. #3.1.1 Tracking USER internalUser58 latitutde 33.817595 longitude -117.922008
10:16:31.313 [pool-2-thread-1] DEBUG tourGuide.service.TourGuideService - Begin Tracker. #1 Tracking USER internalUser58
10:16:31.426 [Test worker] DEBUG tourGuide.service.RewardsService - Begin Tracker. #3.1.2 Tracking USER internalUser58
10:16:31.426 [Test worker] DEBUG tourGuide.service.RewardsService - Begin Tracker. #3.2 Tracking USER internalUser58
10:16:31.426 [pool-2-thread-1] DEBUG tourGuide.service.TourGuideService - Begin Tracker. #2 Tracking USER internalUser58 latitutde -17.249691 longitude 13.852508
10:16:31.453 [pool-2-thread-1] DEBUG tourGuide.service.RewardsService - Begin Tracker. #3.1.0 Tracking USER internalUser58
10:16:31.453 [pool-2-thread-1] DEBUG tourGuide.service.RewardsService - Begin Tracker. #3.1.1 Tracking USER internalUser58 latitutde -29.571468910616886 longitude -46.73449034182974
10:16:31.453 [pool-2-thread-1] DEBUG tourGuide.service.RewardsService - Begin Tracker. #3.1.2 Tracking USER internalUser58
10:16:31.453 [pool-2-thread-1] DEBUG tourGuide.service.RewardsService - Begin Tracker. #3.1.1 Tracking USER internalUser58 latitutde 2.654017614777473 longitude -99.79295923743433
10:16:31.453 [pool-2-thread-1] DEBUG tourGuide.service.RewardsService - Begin Tracker. #3.1.2 Tracking USER internalUser58
10:16:31.453 [pool-2-thread-1] DEBUG tourGuide.service.RewardsService - Begin Tracker. #3.1.1 Tracking USER internalUser58 latitutde 78.4093608121124 longitude 65.56931324790199
10:16:31.453 [pool-2-thread-1] DEBUG tourGuide.service.RewardsService - Begin Tracker. #3.1.2 Tracking USER internalUser58
10:16:31.453 [pool-2-thread-1] DEBUG tourGuide.service.RewardsService - Begin Tracker. #3.1.1 Tracking USER internalUser58 latitutde 33.817595 longitude -117.922008
10:16:31.453 [pool-2-thread-1] DEBUG tourGuide.service.RewardsService - Begin Tracker. #3.1.2 Tracking USER internalUser58
10:16:31.453 [pool-2-thread-1] DEBUG tourGuide.service.RewardsService - Begin Tracker. #3.1.1 Tracking USER internalUser58 latitutde -17.249691 longitude 13.852508
10:16:31.453 [pool-2-thread-1] DEBUG tourGuide.service.RewardsService - Begin Tracker. #3.1.2 Tracking USER internalUser58
10:16:31.453 [pool-2-thread-1] DEBUG tourGuide.service.RewardsService - Begin Tracker. #3.2 Tracking USER internalUser58
10:16:31.453 [pool-2-thread-1] DEBUG tourGuide.service.TourGuideService - Begin Tracker. #4 Tracking USER internalUser58
10:16:31.453 [Test worker] DEBUG tourGuide.service.RewardsService - Begin Tracker. #3.1.0 Tracking USER internalUser57
10:16:31.453 [Test worker] DEBUG tourGuide.service.RewardsService - Begin Tracker. #3.1.1 Tracking USER internalUser57 latitutde 23.56656297578617 longitude 142.8963957539646
10:16:31.453 [Test worker] DEBUG tourGuide.service.RewardsService - Begin Tracker. #3.1.2 Tracking USER internalUser57
10:16:31.453 [Test worker] DEBUG tourGuide.service.RewardsService - Begin Tracker. #3.1.1 Tracking USER internalUser57 latitutde 39.11421743851392 longitude -155.57208799413777
10:16:31.453 [Test worker] DEBUG tourGuide.service.RewardsService - Begin Tracker. #3.1.2 Tracking USER internalUser57
10:16:31.453 [Test worker] DEBUG tourGuide.service.RewardsService - Begin Tracker. #3.1.1 Tracking USER internalUser57 latitutde 8.94488995851097 longitude -32.81593710215469
10:16:31.453 [Test worker] DEBUG tourGuide.service.RewardsService - Begin Tracker. #3.1.2 Tracking USER internalUser57
10:16:31.453 [Test worker] DEBUG tourGuide.service.RewardsService - Begin Tracker. #3.1.1 Tracking USER internalUser57 latitutde 33.817595 longitude -117.922008
10:16:31.514 [pool-2-thread-1] DEBUG tourGuide.service.TourGuideService - Begin Tracker. #1 Tracking USER internalUser57
10:16:31.617 [Test worker] DEBUG tourGuide.service.RewardsService - Begin Tracker. #3.1.2 Tracking USER internalUser57
10:16:31.617 [Test worker] DEBUG tourGuide.service.RewardsService - Begin Tracker. #3.2 Tracking USER internalUser57
10:16:31.617 [pool-2-thread-1] DEBUG tourGuide.service.TourGuideService - Begin Tracker. #2 Tracking USER internalUser57 latitutde 45.195003 longitude 158.778782
10:16:31.654 [Test worker] DEBUG tourGuide.service.RewardsService - Begin Tracker. #3.1.0 Tracking USER internalUser52
10:16:31.654 [pool-2-thread-1] DEBUG tourGuide.service.RewardsService - Begin Tracker. #3.1.0 Tracking USER internalUser57
10:16:31.654 [pool-2-thread-1] DEBUG tourGuide.service.RewardsService - Begin Tracker. #3.1.1 Tracking USER internalUser57 latitutde 23.56656297578617 longitude 142.8963957539646
10:16:31.654 [Test worker] DEBUG tourGuide.service.RewardsService - Begin Tracker. #3.1.1 Tracking USER internalUser52 latitutde -37.79379749509316 longitude -106.86872137215468
10:16:31.654 [pool-2-thread-1] DEBUG tourGuide.service.RewardsService - Begin Tracker. #3.1.2 Tracking USER internalUser57
10:16:31.654 [pool-2-thread-1] DEBUG tourGuide.service.RewardsService - Begin Tracker. #3.1.1 Tracking USER internalUser57 latitutde 39.11421743851392 longitude -155.57208799413777
10:16:31.654 [pool-2-thread-1] DEBUG tourGuide.service.RewardsService - Begin Tracker. #3.1.2 Tracking USER internalUser57
10:16:31.654 [pool-2-thread-1] DEBUG tourGuide.service.RewardsService - Begin Tracker. #3.1.1 Tracking USER internalUser57 latitutde 8.94488995851097 longitude -32.81593710215469
10:16:31.654 [pool-2-thread-1] DEBUG tourGuide.service.RewardsService - Begin Tracker. #3.1.2 Tracking USER internalUser57
10:16:31.654 [pool-2-thread-1] DEBUG tourGuide.service.RewardsService - Begin Tracker. #3.1.1 Tracking USER internalUser57 latitutde 33.817595 longitude -117.922008
10:16:31.654 [pool-2-thread-1] DEBUG tourGuide.service.RewardsService - Begin Tracker. #3.1.2 Tracking USER internalUser57
10:16:31.654 [pool-2-thread-1] DEBUG tourGuide.service.RewardsService - Begin Tracker. #3.1.1 Tracking USER internalUser57 latitutde 45.195003 longitude 158.778782
10:16:31.654 [pool-2-thread-1] DEBUG tourGuide.service.RewardsService - Begin Tracker. #3.1.2 Tracking USER internalUser57
10:16:31.654 [pool-2-thread-1] DEBUG tourGuide.service.RewardsService - Begin Tracker. #3.2 Tracking USER internalUser57
10:16:31.654 [pool-2-thread-1] DEBUG tourGuide.service.TourGuideService - Begin Tracker. #4 Tracking USER internalUser57
10:16:31.654 [Test worker] DEBUG tourGuide.service.RewardsService - Begin Tracker. #3.1.2 Tracking USER internalUser52
10:16:31.654 [Test worker] DEBUG tourGuide.service.RewardsService - Begin Tracker. #3.1.1 Tracking USER internalUser52 latitutde 14.469568596014653 longitude 46.1760832172576
10:16:31.654 [Test worker] DEBUG tourGuide.service.RewardsService - Begin Tracker. #3.1.2 Tracking USER internalUser52
10:16:31.654 [Test worker] DEBUG tourGuide.service.RewardsService - Begin Tracker. #3.1.1 Tracking USER internalUser52 latitutde -24.837595639618016 longitude 31.56253766327768
10:16:31.654 [Test worker] DEBUG tourGuide.service.RewardsService - Begin Tracker. #3.1.2 Tracking USER internalUser52
10:16:31.654 [Test worker] DEBUG tourGuide.service.RewardsService - Begin Tracker. #3.1.1 Tracking USER internalUser52 latitutde 33.817595 longitude -117.922008
10:16:31.700 [pool-2-thread-1] DEBUG tourGuide.service.TourGuideService - Begin Tracker. #1 Tracking USER internalUser52
10:16:32.153 [Test worker] DEBUG tourGuide.service.RewardsService - Begin Tracker. #3.1.2 Tracking USER internalUser52
10:16:32.153 [Test worker] DEBUG tourGuide.service.RewardsService - Begin Tracker. #3.2 Tracking USER internalUser52
10:16:32.153 [pool-2-thread-1] DEBUG tourGuide.service.TourGuideService - Begin Tracker. #2 Tracking USER internalUser52 latitutde 76.010761 longitude -117.324992
10:16:32.168 [pool-2-thread-1] DEBUG tourGuide.service.RewardsService - Begin Tracker. #3.1.0 Tracking USER internalUser52
10:16:32.168 [pool-2-thread-1] DEBUG tourGuide.service.RewardsService - Begin Tracker. #3.1.1 Tracking USER internalUser52 latitutde -37.79379749509316 longitude -106.86872137215468
10:16:32.168 [pool-2-thread-1] DEBUG tourGuide.service.RewardsService - Begin Tracker. #3.1.2 Tracking USER internalUser52
10:16:32.168 [pool-2-thread-1] DEBUG tourGuide.service.RewardsService - Begin Tracker. #3.1.1 Tracking USER internalUser52 latitutde 14.469568596014653 longitude 46.1760832172576
10:16:32.168 [pool-2-thread-1] DEBUG tourGuide.service.RewardsService - Begin Tracker. #3.1.2 Tracking USER internalUser52
10:16:32.168 [pool-2-thread-1] DEBUG tourGuide.service.RewardsService - Begin Tracker. #3.1.1 Tracking USER internalUser52 latitutde -24.837595639618016 longitude 31.56253766327768
10:16:32.168 [pool-2-thread-1] DEBUG tourGuide.service.RewardsService - Begin Tracker. #3.1.2 Tracking USER internalUser52
10:16:32.168 [pool-2-thread-1] DEBUG tourGuide.service.RewardsService - Begin Tracker. #3.1.1 Tracking USER internalUser52 latitutde 33.817595 longitude -117.922008
10:16:32.168 [pool-2-thread-1] DEBUG tourGuide.service.RewardsService - Begin Tracker. #3.1.2 Tracking USER internalUser52
10:16:32.168 [pool-2-thread-1] DEBUG tourGuide.service.RewardsService - Begin Tracker. #3.1.1 Tracking USER internalUser52 latitutde 76.010761 longitude -117.324992
10:16:32.168 [pool-2-thread-1] DEBUG tourGuide.service.RewardsService - Begin Tracker. #3.1.2 Tracking USER internalUser52
10:16:32.168 [pool-2-thread-1] DEBUG tourGuide.service.RewardsService - Begin Tracker. #3.2 Tracking USER internalUser52
10:16:32.168 [pool-2-thread-1] DEBUG tourGuide.service.TourGuideService - Begin Tracker. #4 Tracking USER internalUser52
10:16:32.168 [Test worker] DEBUG tourGuide.service.RewardsService - Begin Tracker. #3.1.0 Tracking USER internalUser51
10:16:32.168 [Test worker] DEBUG tourGuide.service.RewardsService - Begin Tracker. #3.1.1 Tracking USER internalUser51 latitutde 30.364893289373725 longitude 1.3351987709920081
10:16:32.168 [Test worker] DEBUG tourGuide.service.RewardsService - Begin Tracker. #3.1.2 Tracking USER internalUser51
10:16:32.168 [Test worker] DEBUG tourGuide.service.RewardsService - Begin Tracker. #3.1.1 Tracking USER internalUser51 latitutde -38.03300535153386 longitude -88.19577279019109
10:16:32.168 [Test worker] DEBUG tourGuide.service.RewardsService - Begin Tracker. #3.1.2 Tracking USER internalUser51
10:16:32.168 [Test worker] DEBUG tourGuide.service.RewardsService - Begin Tracker. #3.1.1 Tracking USER internalUser51 latitutde -21.176700529264075 longitude 13.396427933011068
10:16:32.168 [Test worker] DEBUG tourGuide.service.RewardsService - Begin Tracker. #3.1.2 Tracking USER internalUser51
10:16:32.168 [Test worker] DEBUG tourGuide.service.RewardsService - Begin Tracker. #3.1.1 Tracking USER internalUser51 latitutde 33.817595 longitude -117.922008
10:16:32.215 [pool-2-thread-1] DEBUG tourGuide.service.TourGuideService - Begin Tracker. #1 Tracking USER internalUser51
10:16:32.564 [Test worker] DEBUG tourGuide.service.RewardsService - Begin Tracker. #3.1.2 Tracking USER internalUser51
10:16:32.564 [Test worker] DEBUG tourGuide.service.RewardsService - Begin Tracker. #3.2 Tracking USER internalUser51
10:16:32.564 [pool-2-thread-1] DEBUG tourGuide.service.TourGuideService - Begin Tracker. #2 Tracking USER internalUser51 latitutde 66.021475 longitude -71.056778
10:16:32.580 [Test worker] DEBUG tourGuide.service.RewardsService - Begin Tracker. #3.1.0 Tracking USER internalUser54
10:16:32.580 [pool-2-thread-1] DEBUG tourGuide.service.RewardsService - Begin Tracker. #3.1.0 Tracking USER internalUser51
10:16:32.580 [Test worker] DEBUG tourGuide.service.RewardsService - Begin Tracker. #3.1.1 Tracking USER internalUser54 latitutde -26.013473431340316 longitude 80.96312715487312
10:16:32.580 [pool-2-thread-1] DEBUG tourGuide.service.RewardsService - Begin Tracker. #3.1.1 Tracking USER internalUser51 latitutde 30.364893289373725 longitude 1.3351987709920081
10:16:32.580 [pool-2-thread-1] DEBUG tourGuide.service.RewardsService - Begin Tracker. #3.1.2 Tracking USER internalUser51
10:16:32.580 [Test worker] DEBUG tourGuide.service.RewardsService - Begin Tracker. #3.1.2 Tracking USER internalUser54
10:16:32.580 [pool-2-thread-1] DEBUG tourGuide.service.RewardsService - Begin Tracker. #3.1.1 Tracking USER internalUser51 latitutde -38.03300535153386 longitude -88.19577279019109
10:16:32.580 [Test worker] DEBUG tourGuide.service.RewardsService - Begin Tracker. #3.1.1 Tracking USER internalUser54 latitutde 32.03568391401076 longitude 78.80095191005097
10:16:32.580 [pool-2-thread-1] DEBUG tourGuide.service.RewardsService - Begin Tracker. #3.1.2 Tracking USER internalUser51
10:16:32.580 [Test worker] DEBUG tourGuide.service.RewardsService - Begin Tracker. #3.1.2 Tracking USER internalUser54
10:16:32.580 [Test worker] DEBUG tourGuide.service.RewardsService - Begin Tracker. #3.1.1 Tracking USER internalUser54 latitutde -67.31971556169376 longitude -97.56392151405197
10:16:32.580 [pool-2-thread-1] DEBUG tourGuide.service.RewardsService - Begin Tracker. #3.1.1 Tracking USER internalUser51 latitutde -21.176700529264075 longitude 13.396427933011068
10:16:32.580 [Test worker] DEBUG tourGuide.service.RewardsService - Begin Tracker. #3.1.2 Tracking USER internalUser54
10:16:32.580 [Test worker] DEBUG tourGuide.service.RewardsService - Begin Tracker. #3.1.1 Tracking USER internalUser54 latitutde 33.817595 longitude -117.922008
10:16:32.580 [pool-2-thread-1] DEBUG tourGuide.service.RewardsService - Begin Tracker. #3.1.2 Tracking USER internalUser51
10:16:32.580 [pool-2-thread-1] DEBUG tourGuide.service.RewardsService - Begin Tracker. #3.1.1 Tracking USER internalUser51 latitutde 33.817595 longitude -117.922008
10:16:32.580 [pool-2-thread-1] DEBUG tourGuide.service.RewardsService - Begin Tracker. #3.1.2 Tracking USER internalUser51
10:16:32.580 [pool-2-thread-1] DEBUG tourGuide.service.RewardsService - Begin Tracker. #3.1.1 Tracking USER internalUser51 latitutde 66.021475 longitude -71.056778
10:16:32.580 [pool-2-thread-1] DEBUG tourGuide.service.RewardsService - Begin Tracker. #3.1.2 Tracking USER internalUser51
10:16:32.580 [pool-2-thread-1] DEBUG tourGuide.service.RewardsService - Begin Tracker. #3.2 Tracking USER internalUser51
10:16:32.580 [pool-2-thread-1] DEBUG tourGuide.service.TourGuideService - Begin Tracker. #4 Tracking USER internalUser51
10:16:32.667 [pool-2-thread-1] DEBUG tourGuide.service.TourGuideService - Begin Tracker. #1 Tracking USER internalUser54
10:16:33.268 [Test worker] DEBUG tourGuide.service.RewardsService - Begin Tracker. #3.1.2 Tracking USER internalUser54
10:16:33.268 [Test worker] DEBUG tourGuide.service.RewardsService - Begin Tracker. #3.2 Tracking USER internalUser54
10:16:33.268 [pool-2-thread-1] DEBUG tourGuide.service.TourGuideService - Begin Tracker. #2 Tracking USER internalUser54 latitutde -58.065887 longitude -85.610043
10:16:33.284 [Test worker] DEBUG tourGuide.service.RewardsService - Begin Tracker. #3.1.0 Tracking USER internalUser53
10:16:33.284 [pool-2-thread-1] DEBUG tourGuide.service.RewardsService - Begin Tracker. #3.1.0 Tracking USER internalUser54
10:16:33.284 [pool-2-thread-1] DEBUG tourGuide.service.RewardsService - Begin Tracker. #3.1.1 Tracking USER internalUser54 latitutde -26.013473431340316 longitude 80.96312715487312
10:16:33.284 [pool-2-thread-1] DEBUG tourGuide.service.RewardsService - Begin Tracker. #3.1.2 Tracking USER internalUser54
10:16:33.284 [pool-2-thread-1] DEBUG tourGuide.service.RewardsService - Begin Tracker. #3.1.1 Tracking USER internalUser54 latitutde 32.03568391401076 longitude 78.80095191005097
10:16:33.284 [pool-2-thread-1] DEBUG tourGuide.service.RewardsService - Begin Tracker. #3.1.2 Tracking USER internalUser54
10:16:33.284 [pool-2-thread-1] DEBUG tourGuide.service.RewardsService - Begin Tracker. #3.1.1 Tracking USER internalUser54 latitutde -67.31971556169376 longitude -97.56392151405197
10:16:33.284 [pool-2-thread-1] DEBUG tourGuide.service.RewardsService - Begin Tracker. #3.1.2 Tracking USER internalUser54
10:16:33.284 [pool-2-thread-1] DEBUG tourGuide.service.RewardsService - Begin Tracker. #3.1.1 Tracking USER internalUser54 latitutde 33.817595 longitude -117.922008
10:16:33.284 [pool-2-thread-1] DEBUG tourGuide.service.RewardsService - Begin Tracker. #3.1.2 Tracking USER internalUser54
10:16:33.284 [pool-2-thread-1] DEBUG tourGuide.service.RewardsService - Begin Tracker. #3.1.1 Tracking USER internalUser54 latitutde -58.065887 longitude -85.610043
10:16:33.284 [pool-2-thread-1] DEBUG tourGuide.service.RewardsService - Begin Tracker. #3.1.2 Tracking USER internalUser54
10:16:33.284 [pool-2-thread-1] DEBUG tourGuide.service.RewardsService - Begin Tracker. #3.2 Tracking USER internalUser54
10:16:33.284 [pool-2-thread-1] DEBUG tourGuide.service.TourGuideService - Begin Tracker. #4 Tracking USER internalUser54
10:16:33.284 [Test worker] DEBUG tourGuide.service.RewardsService - Begin Tracker. #3.1.1 Tracking USER internalUser53 latitutde -14.549526540426555 longitude 27.997131361132944
10:16:33.284 [Test worker] DEBUG tourGuide.service.RewardsService - Begin Tracker. #3.1.2 Tracking USER internalUser53
10:16:33.284 [Test worker] DEBUG tourGuide.service.RewardsService - Begin Tracker. #3.1.1 Tracking USER internalUser53 latitutde -8.856319131639054 longitude -69.97940132008098
10:16:33.284 [Test worker] DEBUG tourGuide.service.RewardsService - Begin Tracker. #3.1.2 Tracking USER internalUser53
10:16:33.284 [Test worker] DEBUG tourGuide.service.RewardsService - Begin Tracker. #3.1.1 Tracking USER internalUser53 latitutde -30.682969432716057 longitude -155.7868688302236
10:16:33.284 [Test worker] DEBUG tourGuide.service.RewardsService - Begin Tracker. #3.1.2 Tracking USER internalUser53
10:16:33.284 [Test worker] DEBUG tourGuide.service.RewardsService - Begin Tracker. #3.1.1 Tracking USER internalUser53 latitutde 33.817595 longitude -117.922008
10:16:33.330 [pool-2-thread-1] DEBUG tourGuide.service.TourGuideService - Begin Tracker. #1 Tracking USER internalUser53
10:16:33.784 [Test worker] DEBUG tourGuide.service.RewardsService - Begin Tracker. #3.1.2 Tracking USER internalUser53
10:16:33.784 [Test worker] DEBUG tourGuide.service.RewardsService - Begin Tracker. #3.2 Tracking USER internalUser53
10:16:33.784 [pool-2-thread-1] DEBUG tourGuide.service.TourGuideService - Begin Tracker. #2 Tracking USER internalUser53 latitutde 69.491698 longitude -63.906676
10:16:33.800 [pool-2-thread-1] DEBUG tourGuide.service.RewardsService - Begin Tracker. #3.1.0 Tracking USER internalUser53
10:16:33.800 [pool-2-thread-1] DEBUG tourGuide.service.RewardsService - Begin Tracker. #3.1.1 Tracking USER internalUser53 latitutde -14.549526540426555 longitude 27.997131361132944
10:16:33.800 [pool-2-thread-1] DEBUG tourGuide.service.RewardsService - Begin Tracker. #3.1.2 Tracking USER internalUser53
10:16:33.800 [pool-2-thread-1] DEBUG tourGuide.service.RewardsService - Begin Tracker. #3.1.1 Tracking USER internalUser53 latitutde -8.856319131639054 longitude -69.97940132008098
10:16:33.800 [pool-2-thread-1] DEBUG tourGuide.service.RewardsService - Begin Tracker. #3.1.2 Tracking USER internalUser53
10:16:33.800 [pool-2-thread-1] DEBUG tourGuide.service.RewardsService - Begin Tracker. #3.1.1 Tracking USER internalUser53 latitutde -30.682969432716057 longitude -155.7868688302236
10:16:33.800 [pool-2-thread-1] DEBUG tourGuide.service.RewardsService - Begin Tracker. #3.1.2 Tracking USER internalUser53
10:16:33.800 [pool-2-thread-1] DEBUG tourGuide.service.RewardsService - Begin Tracker. #3.1.1 Tracking USER internalUser53 latitutde 33.817595 longitude -117.922008
10:16:33.800 [pool-2-thread-1] DEBUG tourGuide.service.RewardsService - Begin Tracker. #3.1.2 Tracking USER internalUser53
10:16:33.800 [pool-2-thread-1] DEBUG tourGuide.service.RewardsService - Begin Tracker. #3.1.1 Tracking USER internalUser53 latitutde 69.491698 longitude -63.906676
10:16:33.800 [pool-2-thread-1] DEBUG tourGuide.service.RewardsService - Begin Tracker. #3.1.2 Tracking USER internalUser53
10:16:33.800 [pool-2-thread-1] DEBUG tourGuide.service.RewardsService - Begin Tracker. #3.2 Tracking USER internalUser53
10:16:33.800 [pool-2-thread-1] DEBUG tourGuide.service.TourGuideService - Begin Tracker. #4 Tracking USER internalUser53
10:16:33.800 [Test worker] DEBUG tourGuide.service.RewardsService - Begin Tracker. #3.1.0 Tracking USER internalUser50
10:16:33.801 [Test worker] DEBUG tourGuide.service.RewardsService - Begin Tracker. #3.1.1 Tracking USER internalUser50 latitutde 81.76589204538197 longitude -43.15648905295808
10:16:33.801 [Test worker] DEBUG tourGuide.service.RewardsService - Begin Tracker. #3.1.2 Tracking USER internalUser50
10:16:33.801 [Test worker] DEBUG tourGuide.service.RewardsService - Begin Tracker. #3.1.1 Tracking USER internalUser50 latitutde 0.46514032092962054 longitude -165.90778461406003
10:16:33.801 [Test worker] DEBUG tourGuide.service.RewardsService - Begin Tracker. #3.1.2 Tracking USER internalUser50
10:16:33.801 [Test worker] DEBUG tourGuide.service.RewardsService - Begin Tracker. #3.1.1 Tracking USER internalUser50 latitutde -63.244724652167214 longitude 93.00458722802756
10:16:33.801 [Test worker] DEBUG tourGuide.service.RewardsService - Begin Tracker. #3.1.2 Tracking USER internalUser50
10:16:33.801 [Test worker] DEBUG tourGuide.service.RewardsService - Begin Tracker. #3.1.1 Tracking USER internalUser50 latitutde 33.817595 longitude -117.922008
10:16:33.846 [pool-2-thread-1] DEBUG tourGuide.service.TourGuideService - Begin Tracker. #1 Tracking USER internalUser50
10:16:34.583 [Test worker] DEBUG tourGuide.service.RewardsService - Begin Tracker. #3.1.2 Tracking USER internalUser50
10:16:34.583 [Test worker] DEBUG tourGuide.service.RewardsService - Begin Tracker. #3.2 Tracking USER internalUser50
10:16:34.583 [pool-2-thread-1] DEBUG tourGuide.service.TourGuideService - Begin Tracker. #2 Tracking USER internalUser50 latitutde -76.351475 longitude -97.564391
10:16:34.598 [pool-2-thread-1] DEBUG tourGuide.service.RewardsService - Begin Tracker. #3.1.0 Tracking USER internalUser50
10:16:34.598 [pool-2-thread-1] DEBUG tourGuide.service.RewardsService - Begin Tracker. #3.1.1 Tracking USER internalUser50 latitutde 81.76589204538197 longitude -43.15648905295808
10:16:34.598 [pool-2-thread-1] DEBUG tourGuide.service.RewardsService - Begin Tracker. #3.1.2 Tracking USER internalUser50
10:16:34.598 [pool-2-thread-1] DEBUG tourGuide.service.RewardsService - Begin Tracker. #3.1.1 Tracking USER internalUser50 latitutde 0.46514032092962054 longitude -165.90778461406003
10:16:34.598 [pool-2-thread-1] DEBUG tourGuide.service.RewardsService - Begin Tracker. #3.1.2 Tracking USER internalUser50
10:16:34.598 [pool-2-thread-1] DEBUG tourGuide.service.RewardsService - Begin Tracker. #3.1.1 Tracking USER internalUser50 latitutde -63.244724652167214 longitude 93.00458722802756
10:16:34.598 [pool-2-thread-1] DEBUG tourGuide.service.RewardsService - Begin Tracker. #3.1.2 Tracking USER internalUser50
10:16:34.598 [pool-2-thread-1] DEBUG tourGuide.service.RewardsService - Begin Tracker. #3.1.1 Tracking USER internalUser50 latitutde 33.817595 longitude -117.922008
10:16:34.598 [pool-2-thread-1] DEBUG tourGuide.service.RewardsService - Begin Tracker. #3.1.2 Tracking USER internalUser50
10:16:34.598 [pool-2-thread-1] DEBUG tourGuide.service.RewardsService - Begin Tracker. #3.1.1 Tracking USER internalUser50 latitutde -76.351475 longitude -97.564391
10:16:34.598 [pool-2-thread-1] DEBUG tourGuide.service.RewardsService - Begin Tracker. #3.1.2 Tracking USER internalUser50
10:16:34.598 [pool-2-thread-1] DEBUG tourGuide.service.RewardsService - Begin Tracker. #3.2 Tracking USER internalUser50
10:16:34.598 [pool-2-thread-1] DEBUG tourGuide.service.TourGuideService - Begin Tracker. #4 Tracking USER internalUser50
10:16:34.599 [Test worker] DEBUG tourGuide.service.RewardsService - Begin Tracker. #3.1.0 Tracking USER internalUser67
10:16:34.599 [Test worker] DEBUG tourGuide.service.RewardsService - Begin Tracker. #3.1.1 Tracking USER internalUser67 latitutde 51.82479677175604 longitude 10.562876684199836
10:16:34.599 [Test worker] DEBUG tourGuide.service.RewardsService - Begin Tracker. #3.1.2 Tracking USER internalUser67
10:16:34.599 [Test worker] DEBUG tourGuide.service.RewardsService - Begin Tracker. #3.1.1 Tracking USER internalUser67 latitutde 45.00329650680064 longitude -39.11362046373216
10:16:34.599 [Test worker] DEBUG tourGuide.service.RewardsService - Begin Tracker. #3.1.2 Tracking USER internalUser67
10:16:34.599 [Test worker] DEBUG tourGuide.service.RewardsService - Begin Tracker. #3.1.1 Tracking USER internalUser67 latitutde -18.211297946373634 longitude 142.46402300151766
10:16:34.599 [Test worker] DEBUG tourGuide.service.RewardsService - Begin Tracker. #3.1.2 Tracking USER internalUser67
10:16:34.599 [Test worker] DEBUG tourGuide.service.RewardsService - Begin Tracker. #3.1.1 Tracking USER internalUser67 latitutde 33.817595 longitude -117.922008
10:16:34.643 [Test worker] DEBUG tourGuide.service.RewardsService - Begin Tracker. #3.1.2 Tracking USER internalUser67
10:16:34.643 [Test worker] DEBUG tourGuide.service.RewardsService - Begin Tracker. #3.2 Tracking USER internalUser67
10:16:34.653 [Test worker] DEBUG tourGuide.service.RewardsService - Begin Tracker. #3.1.0 Tracking USER internalUser66
10:16:34.653 [Test worker] DEBUG tourGuide.service.RewardsService - Begin Tracker. #3.1.1 Tracking USER internalUser66 latitutde -53.775659921950236 longitude 104.11255432519522
10:16:34.653 [Test worker] DEBUG tourGuide.service.RewardsService - Begin Tracker. #3.1.2 Tracking USER internalUser66
10:16:34.653 [Test worker] DEBUG tourGuide.service.RewardsService - Begin Tracker. #3.1.1 Tracking USER internalUser66 latitutde -10.208282247760394 longitude -32.0325662771705
10:16:34.653 [Test worker] DEBUG tourGuide.service.RewardsService - Begin Tracker. #3.1.2 Tracking USER internalUser66
10:16:34.653 [Test worker] DEBUG tourGuide.service.RewardsService - Begin Tracker. #3.1.1 Tracking USER internalUser66 latitutde -42.24923054033168 longitude 165.3286753243804
10:16:34.653 [Test worker] DEBUG tourGuide.service.RewardsService - Begin Tracker. #3.1.2 Tracking USER internalUser66
10:16:34.653 [Test worker] DEBUG tourGuide.service.RewardsService - Begin Tracker. #3.1.1 Tracking USER internalUser66 latitutde 33.817595 longitude -117.922008
10:16:34.696 [pool-2-thread-1] DEBUG tourGuide.service.TourGuideService - Begin Tracker. #1 Tracking USER internalUser67
10:16:34.696 [pool-2-thread-1] DEBUG tourGuide.service.TourGuideService - Begin Tracker. #2 Tracking USER internalUser67 latitutde -54.953264 longitude -156.113033
10:16:34.706 [pool-2-thread-1] DEBUG tourGuide.service.RewardsService - Begin Tracker. #3.1.0 Tracking USER internalUser67
10:16:34.706 [pool-2-thread-1] DEBUG tourGuide.service.RewardsService - Begin Tracker. #3.1.1 Tracking USER internalUser67 latitutde 51.82479677175604 longitude 10.562876684199836
10:16:34.706 [pool-2-thread-1] DEBUG tourGuide.service.RewardsService - Begin Tracker. #3.1.2 Tracking USER internalUser67
10:16:34.706 [pool-2-thread-1] DEBUG tourGuide.service.RewardsService - Begin Tracker. #3.1.1 Tracking USER internalUser67 latitutde 45.00329650680064 longitude -39.11362046373216
10:16:34.706 [pool-2-thread-1] DEBUG tourGuide.service.RewardsService - Begin Tracker. #3.1.2 Tracking USER internalUser67
10:16:34.706 [pool-2-thread-1] DEBUG tourGuide.service.RewardsService - Begin Tracker. #3.1.1 Tracking USER internalUser67 latitutde -18.211297946373634 longitude 142.46402300151766
10:16:34.706 [pool-2-thread-1] DEBUG tourGuide.service.RewardsService - Begin Tracker. #3.1.2 Tracking USER internalUser67
10:16:34.706 [pool-2-thread-1] DEBUG tourGuide.service.RewardsService - Begin Tracker. #3.1.1 Tracking USER internalUser67 latitutde 33.817595 longitude -117.922008
10:16:34.706 [pool-2-thread-1] DEBUG tourGuide.service.RewardsService - Begin Tracker. #3.1.2 Tracking USER internalUser67
10:16:34.706 [pool-2-thread-1] DEBUG tourGuide.service.RewardsService - Begin Tracker. #3.1.1 Tracking USER internalUser67 latitutde -54.953264 longitude -156.113033
10:16:34.706 [pool-2-thread-1] DEBUG tourGuide.service.RewardsService - Begin Tracker. #3.1.2 Tracking USER internalUser67
10:16:34.706 [pool-2-thread-1] DEBUG tourGuide.service.RewardsService - Begin Tracker. #3.2 Tracking USER internalUser67
10:16:34.706 [pool-2-thread-1] DEBUG tourGuide.service.TourGuideService - Begin Tracker. #4 Tracking USER internalUser67
10:16:34.747 [pool-2-thread-1] DEBUG tourGuide.service.TourGuideService - Begin Tracker. #1 Tracking USER internalUser66
10:16:34.917 [Test worker] DEBUG tourGuide.service.RewardsService - Begin Tracker. #3.1.2 Tracking USER internalUser66
10:16:34.917 [Test worker] DEBUG tourGuide.service.RewardsService - Begin Tracker. #3.2 Tracking USER internalUser66
10:16:34.917 [pool-2-thread-1] DEBUG tourGuide.service.TourGuideService - Begin Tracker. #2 Tracking USER internalUser66 latitutde 21.669477 longitude -43.269511
10:16:34.932 [pool-2-thread-1] DEBUG tourGuide.service.RewardsService - Begin Tracker. #3.1.0 Tracking USER internalUser66
10:16:34.932 [pool-2-thread-1] DEBUG tourGuide.service.RewardsService - Begin Tracker. #3.1.1 Tracking USER internalUser66 latitutde -53.775659921950236 longitude 104.11255432519522
10:16:34.932 [Test worker] DEBUG tourGuide.service.RewardsService - Begin Tracker. #3.1.0 Tracking USER internalUser69
10:16:34.932 [Test worker] DEBUG tourGuide.service.RewardsService - Begin Tracker. #3.1.1 Tracking USER internalUser69 latitutde -11.125455531593644 longitude 173.37347389532476
10:16:34.932 [pool-2-thread-1] DEBUG tourGuide.service.RewardsService - Begin Tracker. #3.1.2 Tracking USER internalUser66
10:16:34.932 [Test worker] DEBUG tourGuide.service.RewardsService - Begin Tracker. #3.1.2 Tracking USER internalUser69
10:16:34.932 [pool-2-thread-1] DEBUG tourGuide.service.RewardsService - Begin Tracker. #3.1.1 Tracking USER internalUser66 latitutde -10.208282247760394 longitude -32.0325662771705
10:16:34.932 [Test worker] DEBUG tourGuide.service.RewardsService - Begin Tracker. #3.1.1 Tracking USER internalUser69 latitutde -4.802825275757058 longitude -114.01576757720613
10:16:34.932 [pool-2-thread-1] DEBUG tourGuide.service.RewardsService - Begin Tracker. #3.1.2 Tracking USER internalUser66
10:16:34.932 [pool-2-thread-1] DEBUG tourGuide.service.RewardsService - Begin Tracker. #3.1.1 Tracking USER internalUser66 latitutde -42.24923054033168 longitude 165.3286753243804
10:16:34.932 [Test worker] DEBUG tourGuide.service.RewardsService - Begin Tracker. #3.1.2 Tracking USER internalUser69
10:16:34.932 [Test worker] DEBUG tourGuide.service.RewardsService - Begin Tracker. #3.1.1 Tracking USER internalUser69 latitutde -70.53331634605902 longitude 148.734827431003
10:16:34.932 [Test worker] DEBUG tourGuide.service.RewardsService - Begin Tracker. #3.1.2 Tracking USER internalUser69
10:16:34.932 [Test worker] DEBUG tourGuide.service.RewardsService - Begin Tracker. #3.1.1 Tracking USER internalUser69 latitutde 33.817595 longitude -117.922008
10:16:34.932 [pool-2-thread-1] DEBUG tourGuide.service.RewardsService - Begin Tracker. #3.1.2 Tracking USER internalUser66
10:16:34.932 [pool-2-thread-1] DEBUG tourGuide.service.RewardsService - Begin Tracker. #3.1.1 Tracking USER internalUser66 latitutde 33.817595 longitude -117.922008
10:16:34.933 [pool-2-thread-1] DEBUG tourGuide.service.RewardsService - Begin Tracker. #3.1.2 Tracking USER internalUser66
10:16:34.933 [pool-2-thread-1] DEBUG tourGuide.service.RewardsService - Begin Tracker. #3.1.1 Tracking USER internalUser66 latitutde 21.669477 longitude -43.269511
10:16:34.933 [pool-2-thread-1] DEBUG tourGuide.service.RewardsService - Begin Tracker. #3.1.2 Tracking USER internalUser66
10:16:34.933 [pool-2-thread-1] DEBUG tourGuide.service.RewardsService - Begin Tracker. #3.2 Tracking USER internalUser66
10:16:34.933 [pool-2-thread-1] DEBUG tourGuide.service.TourGuideService - Begin Tracker. #4 Tracking USER internalUser66
10:16:35.009 [pool-2-thread-1] DEBUG tourGuide.service.TourGuideService - Begin Tracker. #1 Tracking USER internalUser69
10:16:35.382 [Test worker] DEBUG tourGuide.service.RewardsService - Begin Tracker. #3.1.2 Tracking USER internalUser69
10:16:35.382 [Test worker] DEBUG tourGuide.service.RewardsService - Begin Tracker. #3.2 Tracking USER internalUser69
10:16:35.382 [pool-2-thread-1] DEBUG tourGuide.service.TourGuideService - Begin Tracker. #2 Tracking USER internalUser69 latitutde -28.328731 longitude -65.569862
10:16:35.398 [Test worker] DEBUG tourGuide.service.RewardsService - Begin Tracker. #3.1.0 Tracking USER internalUser68
10:16:35.398 [pool-2-thread-1] DEBUG tourGuide.service.RewardsService - Begin Tracker. #3.1.0 Tracking USER internalUser69
10:16:35.398 [Test worker] DEBUG tourGuide.service.RewardsService - Begin Tracker. #3.1.1 Tracking USER internalUser68 latitutde 4.384131253693994 longitude 85.69236478267504
10:16:35.398 [pool-2-thread-1] DEBUG tourGuide.service.RewardsService - Begin Tracker. #3.1.1 Tracking USER internalUser69 latitutde -11.125455531593644 longitude 173.37347389532476
10:16:35.398 [pool-2-thread-1] DEBUG tourGuide.service.RewardsService - Begin Tracker. #3.1.2 Tracking USER internalUser69
10:16:35.398 [pool-2-thread-1] DEBUG tourGuide.service.RewardsService - Begin Tracker. #3.1.1 Tracking USER internalUser69 latitutde -4.802825275757058 longitude -114.01576757720613
10:16:35.398 [pool-2-thread-1] DEBUG tourGuide.service.RewardsService - Begin Tracker. #3.1.2 Tracking USER internalUser69
10:16:35.398 [pool-2-thread-1] DEBUG tourGuide.service.RewardsService - Begin Tracker. #3.1.1 Tracking USER internalUser69 latitutde -70.53331634605902 longitude 148.734827431003
10:16:35.398 [pool-2-thread-1] DEBUG tourGuide.service.RewardsService - Begin Tracker. #3.1.2 Tracking USER internalUser69
10:16:35.398 [pool-2-thread-1] DEBUG tourGuide.service.RewardsService - Begin Tracker. #3.1.1 Tracking USER internalUser69 latitutde 33.817595 longitude -117.922008
10:16:35.398 [pool-2-thread-1] DEBUG tourGuide.service.RewardsService - Begin Tracker. #3.1.2 Tracking USER internalUser69
10:16:35.398 [pool-2-thread-1] DEBUG tourGuide.service.RewardsService - Begin Tracker. #3.1.1 Tracking USER internalUser69 latitutde -28.328731 longitude -65.569862
10:16:35.398 [pool-2-thread-1] DEBUG tourGuide.service.RewardsService - Begin Tracker. #3.1.2 Tracking USER internalUser69
10:16:35.398 [pool-2-thread-1] DEBUG tourGuide.service.RewardsService - Begin Tracker. #3.2 Tracking USER internalUser69
10:16:35.398 [pool-2-thread-1] DEBUG tourGuide.service.TourGuideService - Begin Tracker. #4 Tracking USER internalUser69
10:16:35.398 [Test worker] DEBUG tourGuide.service.RewardsService - Begin Tracker. #3.1.2 Tracking USER internalUser68
10:16:35.398 [Test worker] DEBUG tourGuide.service.RewardsService - Begin Tracker. #3.1.1 Tracking USER internalUser68 latitutde -58.68083189292533 longitude -112.45410450899739
10:16:35.398 [Test worker] DEBUG tourGuide.service.RewardsService - Begin Tracker. #3.1.2 Tracking USER internalUser68
10:16:35.398 [Test worker] DEBUG tourGuide.service.RewardsService - Begin Tracker. #3.1.1 Tracking USER internalUser68 latitutde -25.31931251379296 longitude 103.43121165178354
10:16:35.398 [Test worker] DEBUG tourGuide.service.RewardsService - Begin Tracker. #3.1.2 Tracking USER internalUser68
10:16:35.398 [Test worker] DEBUG tourGuide.service.RewardsService - Begin Tracker. #3.1.1 Tracking USER internalUser68 latitutde 33.817595 longitude -117.922008
10:16:35.475 [pool-2-thread-1] DEBUG tourGuide.service.TourGuideService - Begin Tracker. #1 Tracking USER internalUser68
10:16:35.926 [Test worker] DEBUG tourGuide.service.RewardsService - Begin Tracker. #3.1.2 Tracking USER internalUser68
10:16:35.926 [Test worker] DEBUG tourGuide.service.RewardsService - Begin Tracker. #3.2 Tracking USER internalUser68
10:16:35.926 [pool-2-thread-1] DEBUG tourGuide.service.TourGuideService - Begin Tracker. #2 Tracking USER internalUser68 latitutde -68.178056 longitude -16.025414
10:16:35.942 [Test worker] DEBUG tourGuide.service.RewardsService - Begin Tracker. #3.1.0 Tracking USER internalUser63
10:16:35.942 [pool-2-thread-1] DEBUG tourGuide.service.RewardsService - Begin Tracker. #3.1.0 Tracking USER internalUser68
10:16:35.942 [pool-2-thread-1] DEBUG tourGuide.service.RewardsService - Begin Tracker. #3.1.1 Tracking USER internalUser68 latitutde 4.384131253693994 longitude 85.69236478267504
10:16:35.942 [Test worker] DEBUG tourGuide.service.RewardsService - Begin Tracker. #3.1.1 Tracking USER internalUser63 latitutde -72.07581482582265 longitude -28.4090666735635
10:16:35.942 [Test worker] DEBUG tourGuide.service.RewardsService - Begin Tracker. #3.1.2 Tracking USER internalUser63
10:16:35.942 [pool-2-thread-1] DEBUG tourGuide.service.RewardsService - Begin Tracker. #3.1.2 Tracking USER internalUser68
10:16:35.942 [pool-2-thread-1] DEBUG tourGuide.service.RewardsService - Begin Tracker. #3.1.1 Tracking USER internalUser68 latitutde -58.68083189292533 longitude -112.45410450899739
10:16:35.942 [pool-2-thread-1] DEBUG tourGuide.service.RewardsService - Begin Tracker. #3.1.2 Tracking USER internalUser68
10:16:35.942 [pool-2-thread-1] DEBUG tourGuide.service.RewardsService - Begin Tracker. #3.1.1 Tracking USER internalUser68 latitutde -25.31931251379296 longitude 103.43121165178354
10:16:35.942 [Test worker] DEBUG tourGuide.service.RewardsService - Begin Tracker. #3.1.1 Tracking USER internalUser63 latitutde -32.69798304995613 longitude 19.748943517930456
10:16:35.942 [pool-2-thread-1] DEBUG tourGuide.service.RewardsService - Begin Tracker. #3.1.2 Tracking USER internalUser68
10:16:35.942 [pool-2-thread-1] DEBUG tourGuide.service.RewardsService - Begin Tracker. #3.1.1 Tracking USER internalUser68 latitutde 33.817595 longitude -117.922008
10:16:35.942 [Test worker] DEBUG tourGuide.service.RewardsService - Begin Tracker. #3.1.2 Tracking USER internalUser63
10:16:35.942 [pool-2-thread-1] DEBUG tourGuide.service.RewardsService - Begin Tracker. #3.1.2 Tracking USER internalUser68
10:16:35.942 [pool-2-thread-1] DEBUG tourGuide.service.RewardsService - Begin Tracker. #3.1.1 Tracking USER internalUser68 latitutde -68.178056 longitude -16.025414
10:16:35.942 [Test worker] DEBUG tourGuide.service.RewardsService - Begin Tracker. #3.1.1 Tracking USER internalUser63 latitutde 8.65142875938298 longitude 51.454350146816296
10:16:35.942 [pool-2-thread-1] DEBUG tourGuide.service.RewardsService - Begin Tracker. #3.1.2 Tracking USER internalUser68
10:16:35.942 [pool-2-thread-1] DEBUG tourGuide.service.RewardsService - Begin Tracker. #3.2 Tracking USER internalUser68
10:16:35.942 [pool-2-thread-1] DEBUG tourGuide.service.TourGuideService - Begin Tracker. #4 Tracking USER internalUser68
10:16:35.942 [Test worker] DEBUG tourGuide.service.RewardsService - Begin Tracker. #3.1.2 Tracking USER internalUser63
10:16:35.943 [Test worker] DEBUG tourGuide.service.RewardsService - Begin Tracker. #3.1.1 Tracking USER internalUser63 latitutde 33.817595 longitude -117.922008
10:16:36.005 [pool-2-thread-1] DEBUG tourGuide.service.TourGuideService - Begin Tracker. #1 Tracking USER internalUser63
10:16:36.400 [Test worker] DEBUG tourGuide.service.RewardsService - Begin Tracker. #3.1.2 Tracking USER internalUser63
10:16:36.400 [Test worker] DEBUG tourGuide.service.RewardsService - Begin Tracker. #3.2 Tracking USER internalUser63
10:16:36.400 [pool-2-thread-1] DEBUG tourGuide.service.TourGuideService - Begin Tracker. #2 Tracking USER internalUser63 latitutde 56.79716 longitude 150.70604
10:16:36.415 [pool-2-thread-1] DEBUG tourGuide.service.RewardsService - Begin Tracker. #3.1.0 Tracking USER internalUser63
10:16:36.415 [pool-2-thread-1] DEBUG tourGuide.service.RewardsService - Begin Tracker. #3.1.1 Tracking USER internalUser63 latitutde -72.07581482582265 longitude -28.4090666735635
10:16:36.415 [Test worker] DEBUG tourGuide.service.RewardsService - Begin Tracker. #3.1.0 Tracking USER internalUser62
10:16:36.415 [Test worker] DEBUG tourGuide.service.RewardsService - Begin Tracker. #3.1.1 Tracking USER internalUser62 latitutde -8.123739424610505 longitude 83.23610185043032
10:16:36.415 [pool-2-thread-1] DEBUG tourGuide.service.RewardsService - Begin Tracker. #3.1.2 Tracking USER internalUser63
10:16:36.415 [pool-2-thread-1] DEBUG tourGuide.service.RewardsService - Begin Tracker. #3.1.1 Tracking USER internalUser63 latitutde -32.69798304995613 longitude 19.748943517930456
10:16:36.415 [Test worker] DEBUG tourGuide.service.RewardsService - Begin Tracker. #3.1.2 Tracking USER internalUser62
10:16:36.415 [pool-2-thread-1] DEBUG tourGuide.service.RewardsService - Begin Tracker. #3.1.2 Tracking USER internalUser63
10:16:36.415 [Test worker] DEBUG tourGuide.service.RewardsService - Begin Tracker. #3.1.1 Tracking USER internalUser62 latitutde -1.4060609138140876 longitude -170.99397253907262
10:16:36.415 [pool-2-thread-1] DEBUG tourGuide.service.RewardsService - Begin Tracker. #3.1.1 Tracking USER internalUser63 latitutde 8.65142875938298 longitude 51.454350146816296
10:16:36.415 [pool-2-thread-1] DEBUG tourGuide.service.RewardsService - Begin Tracker. #3.1.2 Tracking USER internalUser63
10:16:36.415 [pool-2-thread-1] DEBUG tourGuide.service.RewardsService - Begin Tracker. #3.1.1 Tracking USER internalUser63 latitutde 33.817595 longitude -117.922008
10:16:36.415 [pool-2-thread-1] DEBUG tourGuide.service.RewardsService - Begin Tracker. #3.1.2 Tracking USER internalUser63
10:16:36.415 [pool-2-thread-1] DEBUG tourGuide.service.RewardsService - Begin Tracker. #3.1.1 Tracking USER internalUser63 latitutde 56.79716 longitude 150.70604
10:16:36.415 [Test worker] DEBUG tourGuide.service.RewardsService - Begin Tracker. #3.1.2 Tracking USER internalUser62
10:16:36.415 [pool-2-thread-1] DEBUG tourGuide.service.RewardsService - Begin Tracker. #3.1.2 Tracking USER internalUser63
10:16:36.415 [pool-2-thread-1] DEBUG tourGuide.service.RewardsService - Begin Tracker. #3.2 Tracking USER internalUser63
10:16:36.415 [pool-2-thread-1] DEBUG tourGuide.service.TourGuideService - Begin Tracker. #4 Tracking USER internalUser63
10:16:36.415 [Test worker] DEBUG tourGuide.service.RewardsService - Begin Tracker. #3.1.1 Tracking USER internalUser62 latitutde -77.68211503218797 longitude -132.73391573353953
10:16:36.416 [Test worker] DEBUG tourGuide.service.RewardsService - Begin Tracker. #3.1.2 Tracking USER internalUser62
10:16:36.416 [Test worker] DEBUG tourGuide.service.RewardsService - Begin Tracker. #3.1.1 Tracking USER internalUser62 latitutde 33.817595 longitude -117.922008
10:16:36.472 [pool-2-thread-1] DEBUG tourGuide.service.TourGuideService - Begin Tracker. #1 Tracking USER internalUser62
10:16:37.385 [Test worker] DEBUG tourGuide.service.RewardsService - Begin Tracker. #3.1.2 Tracking USER internalUser62
10:16:37.385 [Test worker] DEBUG tourGuide.service.RewardsService - Begin Tracker. #3.2 Tracking USER internalUser62
10:16:37.385 [pool-2-thread-1] DEBUG tourGuide.service.TourGuideService - Begin Tracker. #2 Tracking USER internalUser62 latitutde -32.643334 longitude -110.710927
10:16:37.401 [pool-2-thread-1] DEBUG tourGuide.service.RewardsService - Begin Tracker. #3.1.0 Tracking USER internalUser62
10:16:37.401 [Test worker] DEBUG tourGuide.service.RewardsService - Begin Tracker. #3.1.0 Tracking USER internalUser65
10:16:37.401 [pool-2-thread-1] DEBUG tourGuide.service.RewardsService - Begin Tracker. #3.1.1 Tracking USER internalUser62 latitutde -8.123739424610505 longitude 83.23610185043032
10:16:37.401 [Test worker] DEBUG tourGuide.service.RewardsService - Begin Tracker. #3.1.1 Tracking USER internalUser65 latitutde -45.86686779278816 longitude -163.87741784495773
10:16:37.401 [Test worker] DEBUG tourGuide.service.RewardsService - Begin Tracker. #3.1.2 Tracking USER internalUser65
10:16:37.401 [Test worker] DEBUG tourGuide.service.RewardsService - Begin Tracker. #3.1.1 Tracking USER internalUser65 latitutde -56.27348590191151 longitude 102.40016873826306
10:16:37.401 [pool-2-thread-1] DEBUG tourGuide.service.RewardsService - Begin Tracker. #3.1.2 Tracking USER internalUser62
10:16:37.401 [pool-2-thread-1] DEBUG tourGuide.service.RewardsService - Begin Tracker. #3.1.1 Tracking USER internalUser62 latitutde -1.4060609138140876 longitude -170.99397253907262
10:16:37.401 [pool-2-thread-1] DEBUG tourGuide.service.RewardsService - Begin Tracker. #3.1.2 Tracking USER internalUser62
10:16:37.401 [Test worker] DEBUG tourGuide.service.RewardsService - Begin Tracker. #3.1.2 Tracking USER internalUser65
10:16:37.401 [pool-2-thread-1] DEBUG tourGuide.service.RewardsService - Begin Tracker. #3.1.1 Tracking USER internalUser62 latitutde -77.68211503218797 longitude -132.73391573353953
10:16:37.401 [Test worker] DEBUG tourGuide.service.RewardsService - Begin Tracker. #3.1.1 Tracking USER internalUser65 latitutde 70.60787177703929 longitude 67.55240546851581
10:16:37.401 [pool-2-thread-1] DEBUG tourGuide.service.RewardsService - Begin Tracker. #3.1.2 Tracking USER internalUser62
10:16:37.401 [pool-2-thread-1] DEBUG tourGuide.service.RewardsService - Begin Tracker. #3.1.1 Tracking USER internalUser62 latitutde 33.817595 longitude -117.922008
10:16:37.401 [pool-2-thread-1] DEBUG tourGuide.service.RewardsService - Begin Tracker. #3.1.2 Tracking USER internalUser62
10:16:37.401 [pool-2-thread-1] DEBUG tourGuide.service.RewardsService - Begin Tracker. #3.1.1 Tracking USER internalUser62 latitutde -32.643334 longitude -110.710927
10:16:37.401 [pool-2-thread-1] DEBUG tourGuide.service.RewardsService - Begin Tracker. #3.1.2 Tracking USER internalUser62
10:16:37.401 [pool-2-thread-1] DEBUG tourGuide.service.RewardsService - Begin Tracker. #3.2 Tracking USER internalUser62
10:16:37.401 [pool-2-thread-1] DEBUG tourGuide.service.TourGuideService - Begin Tracker. #4 Tracking USER internalUser62
10:16:37.401 [Test worker] DEBUG tourGuide.service.RewardsService - Begin Tracker. #3.1.2 Tracking USER internalUser65
10:16:37.401 [Test worker] DEBUG tourGuide.service.RewardsService - Begin Tracker. #3.1.1 Tracking USER internalUser65 latitutde 33.817595 longitude -117.922008
10:16:37.476 [pool-2-thread-1] DEBUG tourGuide.service.TourGuideService - Begin Tracker. #1 Tracking USER internalUser65
10:16:37.838 [Test worker] DEBUG tourGuide.service.RewardsService - Begin Tracker. #3.1.2 Tracking USER internalUser65
10:16:37.838 [Test worker] DEBUG tourGuide.service.RewardsService - Begin Tracker. #3.2 Tracking USER internalUser65
10:16:37.838 [pool-2-thread-1] DEBUG tourGuide.service.TourGuideService - Begin Tracker. #2 Tracking USER internalUser65 latitutde 83.604959 longitude 29.864581
10:16:37.854 [pool-2-thread-1] DEBUG tourGuide.service.RewardsService - Begin Tracker. #3.1.0 Tracking USER internalUser65
10:16:37.854 [pool-2-thread-1] DEBUG tourGuide.service.RewardsService - Begin Tracker. #3.1.1 Tracking USER internalUser65 latitutde -45.86686779278816 longitude -163.87741784495773
10:16:37.854 [pool-2-thread-1] DEBUG tourGuide.service.RewardsService - Begin Tracker. #3.1.2 Tracking USER internalUser65
10:16:37.854 [Test worker] DEBUG tourGuide.service.RewardsService - Begin Tracker. #3.1.0 Tracking USER internalUser64
10:16:37.854 [pool-2-thread-1] DEBUG tourGuide.service.RewardsService - Begin Tracker. #3.1.1 Tracking USER internalUser65 latitutde -56.27348590191151 longitude 102.40016873826306
10:16:37.854 [Test worker] DEBUG tourGuide.service.RewardsService - Begin Tracker. #3.1.1 Tracking USER internalUser64 latitutde -61.29857042816435 longitude -70.11005059424787
10:16:37.854 [pool-2-thread-1] DEBUG tourGuide.service.RewardsService - Begin Tracker. #3.1.2 Tracking USER internalUser65
10:16:37.854 [pool-2-thread-1] DEBUG tourGuide.service.RewardsService - Begin Tracker. #3.1.1 Tracking USER internalUser65 latitutde 70.60787177703929 longitude 67.55240546851581
10:16:37.854 [pool-2-thread-1] DEBUG tourGuide.service.RewardsService - Begin Tracker. #3.1.2 Tracking USER internalUser65
10:16:37.854 [pool-2-thread-1] DEBUG tourGuide.service.RewardsService - Begin Tracker. #3.1.1 Tracking USER internalUser65 latitutde 33.817595 longitude -117.922008
10:16:37.854 [pool-2-thread-1] DEBUG tourGuide.service.RewardsService - Begin Tracker. #3.1.2 Tracking USER internalUser65
10:16:37.854 [pool-2-thread-1] DEBUG tourGuide.service.RewardsService - Begin Tracker. #3.1.1 Tracking USER internalUser65 latitutde 83.604959 longitude 29.864581
10:16:37.854 [Test worker] DEBUG tourGuide.service.RewardsService - Begin Tracker. #3.1.2 Tracking USER internalUser64
10:16:37.854 [Test worker] DEBUG tourGuide.service.RewardsService - Begin Tracker. #3.1.1 Tracking USER internalUser64 latitutde 44.648472057800774 longitude 13.583103606207317
10:16:37.854 [pool-2-thread-1] DEBUG tourGuide.service.RewardsService - Begin Tracker. #3.1.2 Tracking USER internalUser65
10:16:37.854 [pool-2-thread-1] DEBUG tourGuide.service.RewardsService - Begin Tracker. #3.2 Tracking USER internalUser65
10:16:37.854 [pool-2-thread-1] DEBUG tourGuide.service.TourGuideService - Begin Tracker. #4 Tracking USER internalUser65
10:16:37.854 [Test worker] DEBUG tourGuide.service.RewardsService - Begin Tracker. #3.1.2 Tracking USER internalUser64
10:16:37.854 [Test worker] DEBUG tourGuide.service.RewardsService - Begin Tracker. #3.1.1 Tracking USER internalUser64 latitutde -11.075467037969446 longitude 2.850431546760973
10:16:37.854 [Test worker] DEBUG tourGuide.service.RewardsService - Begin Tracker. #3.1.2 Tracking USER internalUser64
10:16:37.854 [Test worker] DEBUG tourGuide.service.RewardsService - Begin Tracker. #3.1.1 Tracking USER internalUser64 latitutde 33.817595 longitude -117.922008
10:16:37.916 [pool-2-thread-1] DEBUG tourGuide.service.TourGuideService - Begin Tracker. #1 Tracking USER internalUser64
10:16:37.990 [Test worker] DEBUG tourGuide.service.RewardsService - Begin Tracker. #3.1.2 Tracking USER internalUser64
10:16:37.990 [Test worker] DEBUG tourGuide.service.RewardsService - Begin Tracker. #3.2 Tracking USER internalUser64
10:16:37.990 [pool-2-thread-1] DEBUG tourGuide.service.TourGuideService - Begin Tracker. #2 Tracking USER internalUser64 latitutde 82.613689 longitude 144.43282
10:16:38.012 [pool-2-thread-1] DEBUG tourGuide.service.RewardsService - Begin Tracker. #3.1.0 Tracking USER internalUser64
10:16:38.012 [pool-2-thread-1] DEBUG tourGuide.service.RewardsService - Begin Tracker. #3.1.1 Tracking USER internalUser64 latitutde -61.29857042816435 longitude -70.11005059424787
10:16:38.012 [Test worker] DEBUG tourGuide.service.RewardsService - Begin Tracker. #3.1.0 Tracking USER internalUser61
10:16:38.012 [pool-2-thread-1] DEBUG tourGuide.service.RewardsService - Begin Tracker. #3.1.2 Tracking USER internalUser64
10:16:38.012 [Test worker] DEBUG tourGuide.service.RewardsService - Begin Tracker. #3.1.1 Tracking USER internalUser61 latitutde 60.547374959384626 longitude 39.943645986310486
10:16:38.012 [Test worker] DEBUG tourGuide.service.RewardsService - Begin Tracker. #3.1.2 Tracking USER internalUser61
10:16:38.012 [Test worker] DEBUG tourGuide.service.RewardsService - Begin Tracker. #3.1.1 Tracking USER internalUser61 latitutde -1.5304816813317643 longitude -42.22755686520955
10:16:38.012 [pool-2-thread-1] DEBUG tourGuide.service.RewardsService - Begin Tracker. #3.1.1 Tracking USER internalUser64 latitutde 44.648472057800774 longitude 13.583103606207317
10:16:38.012 [pool-2-thread-1] DEBUG tourGuide.service.RewardsService - Begin Tracker. #3.1.2 Tracking USER internalUser64
10:16:38.012 [pool-2-thread-1] DEBUG tourGuide.service.RewardsService - Begin Tracker. #3.1.1 Tracking USER internalUser64 latitutde -11.075467037969446 longitude 2.850431546760973
10:16:38.012 [pool-2-thread-1] DEBUG tourGuide.service.RewardsService - Begin Tracker. #3.1.2 Tracking USER internalUser64
10:16:38.012 [pool-2-thread-1] DEBUG tourGuide.service.RewardsService - Begin Tracker. #3.1.1 Tracking USER internalUser64 latitutde 33.817595 longitude -117.922008
10:16:38.012 [pool-2-thread-1] DEBUG tourGuide.service.RewardsService - Begin Tracker. #3.1.2 Tracking USER internalUser64
10:16:38.012 [pool-2-thread-1] DEBUG tourGuide.service.RewardsService - Begin Tracker. #3.1.1 Tracking USER internalUser64 latitutde 82.613689 longitude 144.43282
10:16:38.012 [pool-2-thread-1] DEBUG tourGuide.service.RewardsService - Begin Tracker. #3.1.2 Tracking USER internalUser64
10:16:38.012 [pool-2-thread-1] DEBUG tourGuide.service.RewardsService - Begin Tracker. #3.2 Tracking USER internalUser64
10:16:38.012 [pool-2-thread-1] DEBUG tourGuide.service.TourGuideService - Begin Tracker. #4 Tracking USER internalUser64
10:16:38.012 [Test worker] DEBUG tourGuide.service.RewardsService - Begin Tracker. #3.1.2 Tracking USER internalUser61
10:16:38.013 [Test worker] DEBUG tourGuide.service.RewardsService - Begin Tracker. #3.1.1 Tracking USER internalUser61 latitutde 48.709316889727944 longitude 29.058216174592417
10:16:38.013 [Test worker] DEBUG tourGuide.service.RewardsService - Begin Tracker. #3.1.2 Tracking USER internalUser61
10:16:38.013 [Test worker] DEBUG tourGuide.service.RewardsService - Begin Tracker. #3.1.1 Tracking USER internalUser61 latitutde 33.817595 longitude -117.922008
10:16:38.080 [pool-2-thread-1] DEBUG tourGuide.service.TourGuideService - Begin Tracker. #1 Tracking USER internalUser61
10:16:38.935 [Test worker] DEBUG tourGuide.service.RewardsService - Begin Tracker. #3.1.2 Tracking USER internalUser61
10:16:38.935 [Test worker] DEBUG tourGuide.service.RewardsService - Begin Tracker. #3.2 Tracking USER internalUser61
10:16:38.935 [pool-2-thread-1] DEBUG tourGuide.service.TourGuideService - Begin Tracker. #2 Tracking USER internalUser61 latitutde -64.762331 longitude 100.884571
10:16:38.951 [pool-2-thread-1] DEBUG tourGuide.service.RewardsService - Begin Tracker. #3.1.0 Tracking USER internalUser61
10:16:38.951 [pool-2-thread-1] DEBUG tourGuide.service.RewardsService - Begin Tracker. #3.1.1 Tracking USER internalUser61 latitutde 60.547374959384626 longitude 39.943645986310486
10:16:38.951 [pool-2-thread-1] DEBUG tourGuide.service.RewardsService - Begin Tracker. #3.1.2 Tracking USER internalUser61
10:16:38.951 [pool-2-thread-1] DEBUG tourGuide.service.RewardsService - Begin Tracker. #3.1.1 Tracking USER internalUser61 latitutde -1.5304816813317643 longitude -42.22755686520955
10:16:38.951 [pool-2-thread-1] DEBUG tourGuide.service.RewardsService - Begin Tracker. #3.1.2 Tracking USER internalUser61
10:16:38.951 [pool-2-thread-1] DEBUG tourGuide.service.RewardsService - Begin Tracker. #3.1.1 Tracking USER internalUser61 latitutde 48.709316889727944 longitude 29.058216174592417
10:16:38.951 [pool-2-thread-1] DEBUG tourGuide.service.RewardsService - Begin Tracker. #3.1.2 Tracking USER internalUser61
10:16:38.951 [pool-2-thread-1] DEBUG tourGuide.service.RewardsService - Begin Tracker. #3.1.1 Tracking USER internalUser61 latitutde 33.817595 longitude -117.922008
10:16:38.951 [pool-2-thread-1] DEBUG tourGuide.service.RewardsService - Begin Tracker. #3.1.2 Tracking USER internalUser61
10:16:38.951 [Test worker] DEBUG tourGuide.service.RewardsService - Begin Tracker. #3.1.0 Tracking USER internalUser60
10:16:38.951 [pool-2-thread-1] DEBUG tourGuide.service.RewardsService - Begin Tracker. #3.1.1 Tracking USER internalUser61 latitutde -64.762331 longitude 100.884571
10:16:38.951 [pool-2-thread-1] DEBUG tourGuide.service.RewardsService - Begin Tracker. #3.1.2 Tracking USER internalUser61
10:16:38.951 [pool-2-thread-1] DEBUG tourGuide.service.RewardsService - Begin Tracker. #3.2 Tracking USER internalUser61
10:16:38.951 [pool-2-thread-1] DEBUG tourGuide.service.TourGuideService - Begin Tracker. #4 Tracking USER internalUser61
10:16:38.951 [Test worker] DEBUG tourGuide.service.RewardsService - Begin Tracker. #3.1.1 Tracking USER internalUser60 latitutde -46.08700211887444 longitude 152.86449059911757
10:16:38.951 [Test worker] DEBUG tourGuide.service.RewardsService - Begin Tracker. #3.1.2 Tracking USER internalUser60
10:16:38.951 [Test worker] DEBUG tourGuide.service.RewardsService - Begin Tracker. #3.1.1 Tracking USER internalUser60 latitutde 26.308826717007207 longitude -56.056968655434076
10:16:38.951 [Test worker] DEBUG tourGuide.service.RewardsService - Begin Tracker. #3.1.2 Tracking USER internalUser60
10:16:38.951 [Test worker] DEBUG tourGuide.service.RewardsService - Begin Tracker. #3.1.1 Tracking USER internalUser60 latitutde 2.5157976066333276 longitude 41.60889020184064
10:16:38.951 [Test worker] DEBUG tourGuide.service.RewardsService - Begin Tracker. #3.1.2 Tracking USER internalUser60
10:16:38.951 [Test worker] DEBUG tourGuide.service.RewardsService - Begin Tracker. #3.1.1 Tracking USER internalUser60 latitutde 33.817595 longitude -117.922008
10:16:39.003 [pool-2-thread-1] DEBUG tourGuide.service.TourGuideService - Begin Tracker. #1 Tracking USER internalUser60
10:16:39.923 [Test worker] DEBUG tourGuide.service.RewardsService - Begin Tracker. #3.1.2 Tracking USER internalUser60
10:16:39.923 [Test worker] DEBUG tourGuide.service.RewardsService - Begin Tracker. #3.2 Tracking USER internalUser60
10:16:39.923 [pool-2-thread-1] DEBUG tourGuide.service.TourGuideService - Begin Tracker. #2 Tracking USER internalUser60 latitutde -77.208307 longitude 143.447427
10:16:39.923 [Test worker] DEBUG tourGuide.tracker.Tracker - Tracker stopping (0)
10:16:39.923 [pool-2-thread-1] DEBUG tourGuide.service.RewardsService - Begin Tracker. #3.1.0 Tracking USER internalUser60
10:16:39.923 [pool-2-thread-1] DEBUG tourGuide.service.RewardsService - Begin Tracker. #3.1.1 Tracking USER internalUser60 latitutde -46.08700211887444 longitude 152.86449059911757
10:16:39.923 [pool-2-thread-1] DEBUG tourGuide.service.RewardsService - Begin Tracker. #3.1.2 Tracking USER internalUser60
10:16:39.923 [pool-2-thread-1] DEBUG tourGuide.service.RewardsService - Begin Tracker. #3.1.1 Tracking USER internalUser60 latitutde 26.308826717007207 longitude -56.056968655434076
10:16:39.923 [pool-2-thread-1] DEBUG tourGuide.service.RewardsService - Begin Tracker. #3.1.2 Tracking USER internalUser60
10:16:39.923 [pool-2-thread-1] DEBUG tourGuide.service.RewardsService - Begin Tracker. #3.1.1 Tracking USER internalUser60 latitutde 2.5157976066333276 longitude 41.60889020184064
10:16:39.923 [pool-2-thread-1] DEBUG tourGuide.service.RewardsService - Begin Tracker. #3.1.2 Tracking USER internalUser60
10:16:39.923 [pool-2-thread-1] DEBUG tourGuide.service.RewardsService - Begin Tracker. #3.1.1 Tracking USER internalUser60 latitutde 33.817595 longitude -117.922008
10:16:39.923 [pool-2-thread-1] DEBUG tourGuide.service.RewardsService - Begin Tracker. #3.1.2 Tracking USER internalUser60
10:16:39.923 [pool-2-thread-1] DEBUG tourGuide.service.RewardsService - Begin Tracker. #3.1.1 Tracking USER internalUser60 latitutde -77.208307 longitude 143.447427
10:16:39.923 [pool-2-thread-1] DEBUG tourGuide.service.RewardsService - Begin Tracker. #3.1.2 Tracking USER internalUser60
10:16:39.923 [pool-2-thread-1] DEBUG tourGuide.service.RewardsService - Begin Tracker. #3.2 Tracking USER internalUser60
10:16:39.923 [pool-2-thread-1] DEBUG tourGuide.service.TourGuideService - Begin Tracker. #4 Tracking USER internalUser60
10:16:39.923 [pool-2-thread-1] DEBUG tourGuide.tracker.Tracker - Tracker Time Elapsed: 50 seconds.
10:16:39.923 [pool-2-thread-1] DEBUG tourGuide.tracker.Tracker - Tracker sleeping
highVolumeGetRewards: Time Elapsed: 50 seconds.
]]></system-out>
  <system-err><![CDATA[juil. 13, 2022 10:15:41 AM org.javamoney.moneta.DefaultMonetaryContextFactory createMonetaryContextNonNullConfig
INFOS: Using custom MathContext: precision=256, roundingMode=HALF_EVEN
]]></system-err>
</testsuite>
