<?xml version="1.0" encoding="UTF-8"?>
<testsuite name="tourGuide.TestTourGuideService" tests="6" skipped="0" failures="0" errors="0" timestamp="2022-07-13T08:16:54" hostname="DESKTOP-LLPVODE" time="0.463">
  <properties/>
  <testcase name="getUserLocation" classname="tourGuide.TestTourGuideService" time="0.139"/>
  <testcase name="addUser" classname="tourGuide.TestTourGuideService" time="0.006"/>
  <testcase name="getTripDeals" classname="tourGuide.TestTourGuideService" time="0.09"/>
  <testcase name="getAllUsers" classname="tourGuide.TestTourGuideService" time="0.003"/>
  <testcase name="trackUser" classname="tourGuide.TestTourGuideService" time="0.111"/>
  <testcase name="getNearbyAttractions" classname="tourGuide.TestTourGuideService" time="0.108"/>
  <system-out><![CDATA[10:16:54.763 [Test worker] INFO tourGuide.service.TourGuideService - TestMode enabled
10:16:54.763 [Test worker] DEBUG tourGuide.service.TourGuideService - Initializing users
10:16:54.763 [Test worker] DEBUG tourGuide.service.TourGuideService - Created 0 internal test users.
10:16:54.763 [Test worker] DEBUG tourGuide.service.TourGuideService - Finished initializing users
10:16:54.880 [Test worker] DEBUG tourGuide.service.TourGuideService - Begin Tracker. #1 Tracking USER jon
10:16:54.880 [Test worker] DEBUG tourGuide.service.TourGuideService - Begin Tracker. #2 Tracking USER jon latitutde -7.945896 longitude -157.299817
10:16:54.880 [pool-5-thread-1] DEBUG tourGuide.tracker.Tracker - Begin Tracker. Tracking 0 users.
10:16:54.880 [pool-5-thread-1] DEBUG tourGuide.tracker.Tracker - Tracker Time Elapsed: 0 seconds.
10:16:54.880 [pool-5-thread-1] DEBUG tourGuide.tracker.Tracker - Tracker sleeping
10:16:54.896 [Test worker] DEBUG tourGuide.service.RewardsService - Begin Tracker. #3.1.0 Tracking USER jon
10:16:54.896 [Test worker] DEBUG tourGuide.service.RewardsService - Begin Tracker. #3.1.1 Tracking USER jon latitutde -7.945896 longitude -157.299817
10:16:54.896 [Test worker] DEBUG tourGuide.service.RewardsService - Begin Tracker. #3.1.2 Tracking USER jon
10:16:54.896 [Test worker] DEBUG tourGuide.service.RewardsService - Begin Tracker. #3.2 Tracking USER jon
10:16:54.896 [Test worker] DEBUG tourGuide.service.TourGuideService - Begin Tracker. #4 Tracking USER jon
10:16:54.896 [Test worker] DEBUG tourGuide.tracker.Tracker - Tracker stopping (0)
10:16:54.896 [pool-5-thread-1] DEBUG tourGuide.tracker.Tracker - Tracker stopping (2)
10:16:54.896 [Test worker] INFO tourGuide.service.TourGuideService - TestMode enabled
10:16:54.896 [Test worker] DEBUG tourGuide.service.TourGuideService - Initializing users
10:16:54.896 [Test worker] DEBUG tourGuide.service.TourGuideService - Created 0 internal test users.
10:16:54.896 [Test worker] DEBUG tourGuide.service.TourGuideService - Finished initializing users
10:16:54.896 [Test worker] DEBUG tourGuide.tracker.Tracker - Tracker stopping (0)
10:16:54.911 [Test worker] INFO tourGuide.service.TourGuideService - TestMode enabled
10:16:54.911 [Test worker] DEBUG tourGuide.service.TourGuideService - Initializing users
10:16:54.911 [Test worker] DEBUG tourGuide.service.TourGuideService - Created 0 internal test users.
10:16:54.911 [Test worker] DEBUG tourGuide.service.TourGuideService - Finished initializing users
10:16:54.924 [pool-6-thread-1] DEBUG tourGuide.tracker.Tracker - Tracker stopping (1)
10:16:54.967 [pool-7-thread-1] DEBUG tourGuide.tracker.Tracker - Begin Tracker. Tracking 0 users.
10:16:54.967 [pool-7-thread-1] DEBUG tourGuide.tracker.Tracker - Tracker Time Elapsed: 0 seconds.
10:16:54.967 [pool-7-thread-1] DEBUG tourGuide.tracker.Tracker - Tracker sleeping
10:16:54.999 [Test worker] DEBUG tourGuide.tracker.Tracker - Tracker stopping (0)
10:16:54.999 [pool-7-thread-1] DEBUG tourGuide.tracker.Tracker - Tracker stopping (2)
10:16:54.999 [Test worker] INFO tourGuide.service.TourGuideService - TestMode enabled
10:16:54.999 [Test worker] DEBUG tourGuide.service.TourGuideService - Initializing users
10:16:54.999 [Test worker] DEBUG tourGuide.service.TourGuideService - Created 0 internal test users.
10:16:54.999 [Test worker] DEBUG tourGuide.service.TourGuideService - Finished initializing users
10:16:54.999 [Test worker] DEBUG tourGuide.tracker.Tracker - Tracker stopping (0)
10:16:54.999 [Test worker] INFO tourGuide.service.TourGuideService - TestMode enabled
10:16:54.999 [Test worker] DEBUG tourGuide.service.TourGuideService - Initializing users
10:16:54.999 [Test worker] DEBUG tourGuide.service.TourGuideService - Created 0 internal test users.
10:16:54.999 [Test worker] DEBUG tourGuide.service.TourGuideService - Finished initializing users
10:16:55.009 [pool-8-thread-1] DEBUG tourGuide.tracker.Tracker - Tracker stopping (1)
10:16:55.009 [pool-9-thread-1] DEBUG tourGuide.tracker.Tracker - Begin Tracker. Tracking 0 users.
10:16:55.009 [pool-9-thread-1] DEBUG tourGuide.tracker.Tracker - Tracker Time Elapsed: 0 seconds.
10:16:55.009 [pool-9-thread-1] DEBUG tourGuide.tracker.Tracker - Tracker sleeping
10:16:55.101 [Test worker] DEBUG tourGuide.service.TourGuideService - Begin Tracker. #1 Tracking USER jon
10:16:55.101 [Test worker] DEBUG tourGuide.service.TourGuideService - Begin Tracker. #2 Tracking USER jon latitutde -49.82659 longitude -78.945541
10:16:55.117 [Test worker] DEBUG tourGuide.service.RewardsService - Begin Tracker. #3.1.0 Tracking USER jon
10:16:55.117 [Test worker] DEBUG tourGuide.service.RewardsService - Begin Tracker. #3.1.1 Tracking USER jon latitutde -49.82659 longitude -78.945541
10:16:55.117 [Test worker] DEBUG tourGuide.service.RewardsService - Begin Tracker. #3.1.2 Tracking USER jon
10:16:55.117 [Test worker] DEBUG tourGuide.service.RewardsService - Begin Tracker. #3.2 Tracking USER jon
10:16:55.117 [Test worker] DEBUG tourGuide.service.TourGuideService - Begin Tracker. #4 Tracking USER jon
10:16:55.117 [Test worker] DEBUG tourGuide.tracker.Tracker - Tracker stopping (0)
10:16:55.117 [pool-9-thread-1] DEBUG tourGuide.tracker.Tracker - Tracker stopping (2)
10:16:55.117 [Test worker] INFO tourGuide.service.TourGuideService - TestMode enabled
10:16:55.117 [Test worker] DEBUG tourGuide.service.TourGuideService - Initializing users
10:16:55.117 [Test worker] DEBUG tourGuide.service.TourGuideService - Created 0 internal test users.
10:16:55.117 [Test worker] DEBUG tourGuide.service.TourGuideService - Finished initializing users
10:16:55.122 [pool-10-thread-1] DEBUG tourGuide.tracker.Tracker - Begin Tracker. Tracking 0 users.
10:16:55.122 [pool-10-thread-1] DEBUG tourGuide.tracker.Tracker - Tracker Time Elapsed: 0 seconds.
10:16:55.122 [pool-10-thread-1] DEBUG tourGuide.tracker.Tracker - Tracker sleeping
10:16:55.209 [Test worker] DEBUG tourGuide.service.TourGuideService - Begin Tracker. #1 Tracking USER jon
10:16:55.209 [Test worker] DEBUG tourGuide.service.TourGuideService - Begin Tracker. #2 Tracking USER jon latitutde 13.634986 longitude -166.079544
10:16:55.224 [Test worker] DEBUG tourGuide.service.RewardsService - Begin Tracker. #3.1.0 Tracking USER jon
10:16:55.224 [Test worker] DEBUG tourGuide.service.RewardsService - Begin Tracker. #3.1.1 Tracking USER jon latitutde 13.634986 longitude -166.079544
10:16:55.224 [Test worker] DEBUG tourGuide.service.RewardsService - Begin Tracker. #3.1.2 Tracking USER jon
10:16:55.224 [Test worker] DEBUG tourGuide.service.RewardsService - Begin Tracker. #3.2 Tracking USER jon
10:16:55.224 [Test worker] DEBUG tourGuide.service.TourGuideService - Begin Tracker. #4 Tracking USER jon
10:16:55.224 [Test worker] DEBUG tourGuide.tracker.Tracker - Tracker stopping (0)
10:16:55.224 [pool-10-thread-1] DEBUG tourGuide.tracker.Tracker - Tracker stopping (2)
]]></system-out>
  <system-err><![CDATA[]]></system-err>
</testsuite>
